[ 2018-06-01T09:46:00+08:00 ] [ sql ] [ DB ] CONNECT:[ UseTime:0.013000s ] mysql:dbname=db_mc;host=127.0.0.1;port=3306;charset=utf8
[ sql ] [ SQL ] SHOW COLUMNS FROM `mc_agency` [ RunTime:0.014000s ]
[ sql ] [ SQL ] SELECT * FROM `mc_agency` WHERE  `username` = 'user_1'  AND `password` = 'e10adc3949ba59abbe56e057f20f883e' LIMIT 1 [ RunTime:0.000000s ]

---------------------------------------------------------------
[ 2018-06-01T09:49:50+08:00 ] [ sql ] [ DB ] CONNECT:[ UseTime:0.010000s ] mysql:dbname=db_mc;host=127.0.0.1;port=3306;charset=utf8
[ sql ] [ SQL ] SHOW COLUMNS FROM `mc_agency` [ RunTime:0.002000s ]
[ sql ] [ SQL ] SELECT * FROM `mc_agency` WHERE  `username` = 'user_1'  AND `password` = 'e10adc3949ba59abbe56e057f20f883e' LIMIT 1 [ RunTime:0.000000s ]

---------------------------------------------------------------
[ 2018-06-01T14:01:31+08:00 ] [ sql ] [ DB ] CONNECT:[ UseTime:0.002000s ] mysql:dbname=db_mc;host=127.0.0.1;port=3306;charset=utf8
[ sql ] [ SQL ] SHOW COLUMNS FROM `mc_agency` [ RunTime:0.003000s ]
[ sql ] [ SQL ] SELECT * FROM `mc_agency` WHERE  `username` = 'user_1'  AND `password` = 'e10adc3949ba59abbe56e057f20f883e' LIMIT 1 [ RunTime:0.000000s ]

---------------------------------------------------------------
[ 2018-06-01T14:01:33+08:00 ] [ sql ] [ DB ] CONNECT:[ UseTime:0.003000s ] mysql:dbname=db_mc;host=127.0.0.1;port=3306;charset=utf8
[ sql ] [ SQL ] SHOW COLUMNS FROM `mc_silder` [ RunTime:0.002000s ]
[ sql ] [ SQL ] SELECT * FROM `mc_silder` WHERE  `date_end` >= 1527832893 [ RunTime:0.003000s ]

---------------------------------------------------------------
[ 2018-06-01T14:52:41+08:00 ] [ sql ] [ DB ] CONNECT:[ UseTime:0.002000s ] mysql:dbname=db_mc;host=127.0.0.1;port=3306;charset=utf8
[ error ] [42S02]SQLSTATE[42S02]: Base table or view not found: 1146 Table 'db_mc.mc_m_product' doesn't exist

---------------------------------------------------------------
[ 2018-06-01T14:53:30+08:00 ] [ sql ] [ DB ] CONNECT:[ UseTime:0.002000s ] mysql:dbname=db_mc;host=127.0.0.1;port=3306;charset=utf8
[ sql ] [ SQL ] SHOW COLUMNS FROM `mc_product` [ RunTime:0.003000s ]
[ sql ] [ SQL ] SELECT `id`,`name` FROM `mc_product` [ RunTime:0.000000s ]

---------------------------------------------------------------
[ 2018-06-01T14:53:46+08:00 ] [ sql ] [ DB ] CONNECT:[ UseTime:0.001000s ] mysql:dbname=db_mc;host=127.0.0.1;port=3306;charset=utf8
[ sql ] [ SQL ] SHOW COLUMNS FROM `mc_silder` [ RunTime:0.001000s ]
[ sql ] [ SQL ] SELECT * FROM `mc_silder` WHERE  `date_end` >= 1527836026 [ RunTime:0.000000s ]

---------------------------------------------------------------
[ 2018-06-01T14:56:01+08:00 ] [ sql ] [ DB ] CONNECT:[ UseTime:0.002000s ] mysql:dbname=db_mc;host=127.0.0.1;port=3306;charset=utf8
[ sql ] [ SQL ] SHOW COLUMNS FROM `mc_silder` [ RunTime:0.002000s ]
[ sql ] [ SQL ] SELECT * FROM `mc_silder` WHERE  `date_end` >= 1527836161 [ RunTime:0.000000s ]

---------------------------------------------------------------
[ 2018-06-01T14:56:11+08:00 ] [ sql ] [ DB ] CONNECT:[ UseTime:0.010000s ] mysql:dbname=db_mc;host=127.0.0.1;port=3306;charset=utf8
[ sql ] [ SQL ] SHOW COLUMNS FROM `mc_agency` [ RunTime:0.001000s ]
[ sql ] [ SQL ] SELECT * FROM `mc_agency` WHERE  `username` = 'user_1'  AND `password` = 'e10adc3949ba59abbe56e057f20f883e' LIMIT 1 [ RunTime:0.000000s ]

---------------------------------------------------------------
[ 2018-06-01T14:56:13+08:00 ] [ sql ] [ DB ] CONNECT:[ UseTime:0.001000s ] mysql:dbname=db_mc;host=127.0.0.1;port=3306;charset=utf8
[ sql ] [ SQL ] SHOW COLUMNS FROM `mc_silder` [ RunTime:0.001000s ]
[ sql ] [ SQL ] SELECT * FROM `mc_silder` WHERE  `date_end` >= 1527836173 [ RunTime:0.000000s ]

---------------------------------------------------------------
[ 2018-06-01T15:28:54+08:00 ] [ sql ] [ DB ] CONNECT:[ UseTime:0.001000s ] mysql:dbname=db_mc;host=127.0.0.1;port=3306;charset=utf8
[ sql ] [ SQL ] SHOW COLUMNS FROM `mc_silder` [ RunTime:0.002000s ]
[ sql ] [ SQL ] SELECT * FROM `mc_silder` WHERE  `date_end` >= 1527838134 [ RunTime:0.001000s ]

---------------------------------------------------------------
[ 2018-06-01T15:28:55+08:00 ] [ sql ] [ DB ] CONNECT:[ UseTime:0.010000s ] mysql:dbname=db_mc;host=127.0.0.1;port=3306;charset=utf8
[ sql ] [ SQL ] SHOW COLUMNS FROM `mc_silder` [ RunTime:0.001000s ]
[ sql ] [ SQL ] SELECT * FROM `mc_silder` WHERE  `date_end` >= 1527838135 [ RunTime:0.001000s ]

---------------------------------------------------------------
[ 2018-06-01T15:28:55+08:00 ] [ sql ] [ DB ] CONNECT:[ UseTime:0.002000s ] mysql:dbname=db_mc;host=127.0.0.1;port=3306;charset=utf8
[ sql ] [ SQL ] SHOW COLUMNS FROM `mc_silder` [ RunTime:0.001000s ]
[ sql ] [ SQL ] SELECT * FROM `mc_silder` WHERE  `date_end` >= 1527838135 [ RunTime:0.001000s ]

---------------------------------------------------------------
[ 2018-06-01T15:28:55+08:00 ] [ sql ] [ DB ] CONNECT:[ UseTime:0.010000s ] mysql:dbname=db_mc;host=127.0.0.1;port=3306;charset=utf8
[ sql ] [ SQL ] SHOW COLUMNS FROM `mc_silder` [ RunTime:0.002000s ]
[ sql ] [ SQL ] SELECT * FROM `mc_silder` WHERE  `date_end` >= 1527838135 [ RunTime:0.001000s ]

---------------------------------------------------------------
[ 2018-06-01T15:28:56+08:00 ] [ sql ] [ DB ] CONNECT:[ UseTime:0.001000s ] mysql:dbname=db_mc;host=127.0.0.1;port=3306;charset=utf8
[ sql ] [ SQL ] SHOW COLUMNS FROM `mc_silder` [ RunTime:0.001000s ]
[ sql ] [ SQL ] SELECT * FROM `mc_silder` WHERE  `date_end` >= 1527838136 [ RunTime:0.000000s ]

---------------------------------------------------------------
[ 2018-06-01T15:28:56+08:00 ] [ sql ] [ DB ] CONNECT:[ UseTime:0.002000s ] mysql:dbname=db_mc;host=127.0.0.1;port=3306;charset=utf8
[ sql ] [ SQL ] SHOW COLUMNS FROM `mc_silder` [ RunTime:0.001000s ]
[ sql ] [ SQL ] SELECT * FROM `mc_silder` WHERE  `date_end` >= 1527838136 [ RunTime:0.001000s ]

---------------------------------------------------------------
[ 2018-06-01T15:28:56+08:00 ] [ sql ] [ DB ] CONNECT:[ UseTime:0.001000s ] mysql:dbname=db_mc;host=127.0.0.1;port=3306;charset=utf8
[ sql ] [ SQL ] SHOW COLUMNS FROM `mc_silder` [ RunTime:0.001000s ]
[ sql ] [ SQL ] SELECT * FROM `mc_silder` WHERE  `date_end` >= 1527838136 [ RunTime:0.001000s ]

---------------------------------------------------------------
[ 2018-06-01T15:28:56+08:00 ] [ sql ] [ DB ] CONNECT:[ UseTime:0.001000s ] mysql:dbname=db_mc;host=127.0.0.1;port=3306;charset=utf8
[ sql ] [ SQL ] SHOW COLUMNS FROM `mc_silder` [ RunTime:0.001000s ]
[ sql ] [ SQL ] SELECT * FROM `mc_silder` WHERE  `date_end` >= 1527838136 [ RunTime:0.000000s ]

---------------------------------------------------------------
[ 2018-06-01T15:28:56+08:00 ] [ sql ] [ DB ] CONNECT:[ UseTime:0.001000s ] mysql:dbname=db_mc;host=127.0.0.1;port=3306;charset=utf8
[ sql ] [ SQL ] SHOW COLUMNS FROM `mc_silder` [ RunTime:0.001000s ]
[ sql ] [ SQL ] SELECT * FROM `mc_silder` WHERE  `date_end` >= 1527838136 [ RunTime:0.001000s ]

---------------------------------------------------------------
[ 2018-06-01T15:28:57+08:00 ] [ sql ] [ DB ] CONNECT:[ UseTime:0.004000s ] mysql:dbname=db_mc;host=127.0.0.1;port=3306;charset=utf8
[ sql ] [ SQL ] SHOW COLUMNS FROM `mc_silder` [ RunTime:0.002000s ]
[ sql ] [ SQL ] SELECT * FROM `mc_silder` WHERE  `date_end` >= 1527838137 [ RunTime:0.001000s ]

---------------------------------------------------------------
[ 2018-06-01T15:28:57+08:00 ] [ sql ] [ DB ] CONNECT:[ UseTime:0.001000s ] mysql:dbname=db_mc;host=127.0.0.1;port=3306;charset=utf8
[ sql ] [ SQL ] SHOW COLUMNS FROM `mc_silder` [ RunTime:0.001000s ]
[ sql ] [ SQL ] SELECT * FROM `mc_silder` WHERE  `date_end` >= 1527838137 [ RunTime:0.001000s ]

---------------------------------------------------------------
[ 2018-06-01T15:30:37+08:00 ] [ sql ] [ DB ] CONNECT:[ UseTime:0.010000s ] mysql:dbname=db_mc;host=127.0.0.1;port=3306;charset=utf8
[ sql ] [ SQL ] SHOW COLUMNS FROM `mc_silder` [ RunTime:0.001000s ]
[ sql ] [ SQL ] SELECT * FROM `mc_silder` WHERE  `date_end` >= 1527838237 [ RunTime:0.000000s ]

---------------------------------------------------------------
[ 2018-06-01T15:30:39+08:00 ] [ sql ] [ DB ] CONNECT:[ UseTime:0.010000s ] mysql:dbname=db_mc;host=127.0.0.1;port=3306;charset=utf8
[ sql ] [ SQL ] SHOW COLUMNS FROM `mc_silder` [ RunTime:0.001000s ]
[ sql ] [ SQL ] SELECT * FROM `mc_silder` WHERE  `date_end` >= 1527838239 [ RunTime:0.000000s ]

---------------------------------------------------------------
[ 2018-06-01T15:30:39+08:00 ] [ sql ] [ DB ] CONNECT:[ UseTime:0.001000s ] mysql:dbname=db_mc;host=127.0.0.1;port=3306;charset=utf8
[ sql ] [ SQL ] SHOW COLUMNS FROM `mc_silder` [ RunTime:0.001000s ]
[ sql ] [ SQL ] SELECT * FROM `mc_silder` WHERE  `date_end` >= 1527838239 [ RunTime:0.000000s ]

---------------------------------------------------------------
[ 2018-06-01T15:30:40+08:00 ] [ sql ] [ DB ] CONNECT:[ UseTime:0.010000s ] mysql:dbname=db_mc;host=127.0.0.1;port=3306;charset=utf8
[ sql ] [ SQL ] SHOW COLUMNS FROM `mc_silder` [ RunTime:0.001000s ]
[ sql ] [ SQL ] SELECT * FROM `mc_silder` WHERE  `date_end` >= 1527838240 [ RunTime:0.001000s ]

---------------------------------------------------------------
[ 2018-06-01T15:31:00+08:00 ] [ sql ] [ DB ] CONNECT:[ UseTime:0.001000s ] mysql:dbname=db_mc;host=127.0.0.1;port=3306;charset=utf8
[ sql ] [ SQL ] SHOW COLUMNS FROM `mc_silder` [ RunTime:0.000000s ]
[ sql ] [ SQL ] SELECT * FROM `mc_silder` WHERE  `date_end` >= 1527838260 [ RunTime:0.001000s ]

---------------------------------------------------------------
[ 2018-06-01T15:31:01+08:00 ] [ sql ] [ DB ] CONNECT:[ UseTime:0.011000s ] mysql:dbname=db_mc;host=127.0.0.1;port=3306;charset=utf8
[ sql ] [ SQL ] SHOW COLUMNS FROM `mc_product` [ RunTime:0.001000s ]
[ sql ] [ SQL ] SELECT * FROM `mc_product` WHERE  `state` = 1  AND `amount` > 0 ORDER BY date DESC LIMIT 0,15 [ RunTime:0.004000s ]
[ sql ] [ SQL ] SELECT COUNT(*) AS tp_count FROM `mc_product` WHERE  `state` = 1  AND `amount` > 0 LIMIT 1 [ RunTime:0.003000s ]
[ error ] [1]Call to undefined method app\index\controller\Shop::assgn()

---------------------------------------------------------------
[ 2018-06-01T15:31:11+08:00 ] [ sql ] [ DB ] CONNECT:[ UseTime:0.001000s ] mysql:dbname=db_mc;host=127.0.0.1;port=3306;charset=utf8
[ sql ] [ SQL ] SHOW COLUMNS FROM `mc_product` [ RunTime:0.001000s ]
[ sql ] [ SQL ] SELECT * FROM `mc_product` WHERE  `state` = 1  AND `amount` > 0 ORDER BY date DESC LIMIT 0,15 [ RunTime:0.001000s ]
[ sql ] [ SQL ] SELECT COUNT(*) AS tp_count FROM `mc_product` WHERE  `state` = 1  AND `amount` > 0 LIMIT 1 [ RunTime:0.000000s ]

---------------------------------------------------------------
[ 2018-06-01T15:31:14+08:00 ] [ sql ] [ DB ] CONNECT:[ UseTime:0.001000s ] mysql:dbname=db_mc;host=127.0.0.1;port=3306;charset=utf8
[ sql ] [ SQL ] SHOW COLUMNS FROM `mc_silder` [ RunTime:0.001000s ]
[ sql ] [ SQL ] SELECT * FROM `mc_silder` WHERE  `date_end` >= 1527838274 [ RunTime:0.000000s ]

---------------------------------------------------------------
[ 2018-06-01T15:44:30+08:00 ] [ sql ] [ DB ] CONNECT:[ UseTime:0.001000s ] mysql:dbname=db_mc;host=127.0.0.1;port=3306;charset=utf8
[ sql ] [ SQL ] SHOW COLUMNS FROM `mc_product` [ RunTime:0.001000s ]
[ sql ] [ SQL ] SELECT * FROM `mc_product` WHERE  `state` = 1  AND `amount` > 0 ORDER BY date DESC LIMIT 0,15 [ RunTime:0.001000s ]
[ sql ] [ SQL ] SELECT COUNT(*) AS tp_count FROM `mc_product` WHERE  `state` = 1  AND `amount` > 0 LIMIT 1 [ RunTime:0.000000s ]

---------------------------------------------------------------
[ 2018-06-01T15:44:31+08:00 ] [ sql ] [ DB ] CONNECT:[ UseTime:0.001000s ] mysql:dbname=db_mc;host=127.0.0.1;port=3306;charset=utf8
[ sql ] [ SQL ] SHOW COLUMNS FROM `mc_product` [ RunTime:0.003000s ]
[ sql ] [ SQL ] SELECT * FROM `mc_product` WHERE  `state` = 1  AND `amount` > 0 ORDER BY date DESC LIMIT 0,15 [ RunTime:0.000000s ]
[ sql ] [ SQL ] SELECT COUNT(*) AS tp_count FROM `mc_product` WHERE  `state` = 1  AND `amount` > 0 LIMIT 1 [ RunTime:0.000000s ]

---------------------------------------------------------------
[ 2018-06-01T15:44:32+08:00 ] [ sql ] [ DB ] CONNECT:[ UseTime:0.010000s ] mysql:dbname=db_mc;host=127.0.0.1;port=3306;charset=utf8
[ sql ] [ SQL ] SHOW COLUMNS FROM `mc_product` [ RunTime:0.001000s ]
[ sql ] [ SQL ] SELECT * FROM `mc_product` WHERE  `state` = 1  AND `amount` > 0 ORDER BY date DESC LIMIT 0,15 [ RunTime:0.000000s ]
[ sql ] [ SQL ] SELECT COUNT(*) AS tp_count FROM `mc_product` WHERE  `state` = 1  AND `amount` > 0 LIMIT 1 [ RunTime:0.000000s ]

---------------------------------------------------------------
[ 2018-06-01T15:44:32+08:00 ] [ sql ] [ DB ] CONNECT:[ UseTime:0.002000s ] mysql:dbname=db_mc;host=127.0.0.1;port=3306;charset=utf8
[ sql ] [ SQL ] SHOW COLUMNS FROM `mc_product` [ RunTime:0.003000s ]
[ sql ] [ SQL ] SELECT * FROM `mc_product` WHERE  `state` = 1  AND `amount` > 0 ORDER BY date DESC LIMIT 0,15 [ RunTime:0.001000s ]
[ sql ] [ SQL ] SELECT COUNT(*) AS tp_count FROM `mc_product` WHERE  `state` = 1  AND `amount` > 0 LIMIT 1 [ RunTime:0.001000s ]

---------------------------------------------------------------
[ 2018-06-01T15:44:59+08:00 ] [ sql ] [ DB ] CONNECT:[ UseTime:0.001000s ] mysql:dbname=db_mc;host=127.0.0.1;port=3306;charset=utf8
[ sql ] [ SQL ] SHOW COLUMNS FROM `mc_product` [ RunTime:0.000000s ]
[ sql ] [ SQL ] SELECT * FROM `mc_product` WHERE  `state` = 1  AND `amount` > 0 ORDER BY date DESC LIMIT 0,15 [ RunTime:0.000000s ]
[ sql ] [ SQL ] SELECT COUNT(*) AS tp_count FROM `mc_product` WHERE  `state` = 1  AND `amount` > 0 LIMIT 1 [ RunTime:0.000000s ]

---------------------------------------------------------------
[ 2018-06-01T15:45:35+08:00 ] [ sql ] [ DB ] CONNECT:[ UseTime:0.002000s ] mysql:dbname=db_mc;host=127.0.0.1;port=3306;charset=utf8
[ sql ] [ SQL ] SHOW COLUMNS FROM `mc_product` [ RunTime:0.001000s ]
[ sql ] [ SQL ] SELECT * FROM `mc_product` WHERE  `state` = 1  AND `amount` > 0 ORDER BY date DESC LIMIT 0,15 [ RunTime:0.000000s ]
[ sql ] [ SQL ] SELECT COUNT(*) AS tp_count FROM `mc_product` WHERE  `state` = 1  AND `amount` > 0 LIMIT 1 [ RunTime:0.000000s ]

---------------------------------------------------------------
[ 2018-06-01T15:46:38+08:00 ] [ sql ] [ DB ] CONNECT:[ UseTime:0.001000s ] mysql:dbname=db_mc;host=127.0.0.1;port=3306;charset=utf8
[ sql ] [ SQL ] SHOW COLUMNS FROM `mc_product` [ RunTime:0.001000s ]
[ sql ] [ SQL ] SELECT * FROM `mc_product` WHERE  `state` = 1  AND `amount` > 0 ORDER BY date DESC LIMIT 0,15 [ RunTime:0.001000s ]
[ sql ] [ SQL ] SELECT COUNT(*) AS tp_count FROM `mc_product` WHERE  `state` = 1  AND `amount` > 0 LIMIT 1 [ RunTime:0.000000s ]

---------------------------------------------------------------
[ 2018-06-01T15:46:39+08:00 ] [ sql ] [ DB ] CONNECT:[ UseTime:0.010000s ] mysql:dbname=db_mc;host=127.0.0.1;port=3306;charset=utf8
[ sql ] [ SQL ] SHOW COLUMNS FROM `mc_product` [ RunTime:0.001000s ]
[ sql ] [ SQL ] SELECT * FROM `mc_product` WHERE  `state` = 1  AND `amount` > 0 ORDER BY date DESC LIMIT 0,15 [ RunTime:0.000000s ]
[ sql ] [ SQL ] SELECT COUNT(*) AS tp_count FROM `mc_product` WHERE  `state` = 1  AND `amount` > 0 LIMIT 1 [ RunTime:0.001000s ]

---------------------------------------------------------------
[ 2018-06-01T15:46:48+08:00 ] [ sql ] [ DB ] CONNECT:[ UseTime:0.002000s ] mysql:dbname=db_mc;host=127.0.0.1;port=3306;charset=utf8
[ sql ] [ SQL ] SHOW COLUMNS FROM `mc_product` [ RunTime:0.001000s ]
[ sql ] [ SQL ] SELECT * FROM `mc_product` WHERE  `state` = 1  AND `amount` > 0 ORDER BY date DESC LIMIT 0,15 [ RunTime:0.002000s ]
[ sql ] [ SQL ] SELECT COUNT(*) AS tp_count FROM `mc_product` WHERE  `state` = 1  AND `amount` > 0 LIMIT 1 [ RunTime:0.001000s ]

---------------------------------------------------------------
[ 2018-06-01T15:47:23+08:00 ] [ sql ] [ DB ] CONNECT:[ UseTime:0.001000s ] mysql:dbname=db_mc;host=127.0.0.1;port=3306;charset=utf8
[ sql ] [ SQL ] SHOW COLUMNS FROM `mc_product` [ RunTime:0.001000s ]
[ sql ] [ SQL ] SELECT * FROM `mc_product` WHERE  `state` = 1  AND `amount` > 0 ORDER BY date DESC LIMIT 0,15 [ RunTime:0.001000s ]
[ sql ] [ SQL ] SELECT COUNT(*) AS tp_count FROM `mc_product` WHERE  `state` = 1  AND `amount` > 0 LIMIT 1 [ RunTime:0.000000s ]

---------------------------------------------------------------
[ 2018-06-01T15:47:34+08:00 ] [ sql ] [ DB ] CONNECT:[ UseTime:0.010000s ] mysql:dbname=db_mc;host=127.0.0.1;port=3306;charset=utf8
[ sql ] [ SQL ] SHOW COLUMNS FROM `mc_product` [ RunTime:0.001000s ]
[ sql ] [ SQL ] SELECT * FROM `mc_product` WHERE  `state` = 1  AND `amount` > 0 ORDER BY date DESC LIMIT 0,15 [ RunTime:0.001000s ]
[ sql ] [ SQL ] SELECT COUNT(*) AS tp_count FROM `mc_product` WHERE  `state` = 1  AND `amount` > 0 LIMIT 1 [ RunTime:0.000000s ]

---------------------------------------------------------------
[ 2018-06-01T15:52:44+08:00 ] [ sql ] [ DB ] CONNECT:[ UseTime:0.011000s ] mysql:dbname=db_mc;host=127.0.0.1;port=3306;charset=utf8
[ sql ] [ SQL ] SHOW COLUMNS FROM `mc_product` [ RunTime:0.001000s ]
[ sql ] [ SQL ] SELECT * FROM `mc_product` WHERE  `state` = 1  AND `amount` > 0 ORDER BY date DESC LIMIT 0,15 [ RunTime:0.001000s ]
[ sql ] [ SQL ] SELECT COUNT(*) AS tp_count FROM `mc_product` WHERE  `state` = 1  AND `amount` > 0 LIMIT 1 [ RunTime:0.001000s ]

---------------------------------------------------------------
[ 2018-06-01T15:53:13+08:00 ] [ sql ] [ DB ] CONNECT:[ UseTime:0.002000s ] mysql:dbname=db_mc;host=127.0.0.1;port=3306;charset=utf8
[ sql ] [ SQL ] SHOW COLUMNS FROM `mc_product` [ RunTime:0.001000s ]
[ sql ] [ SQL ] SELECT * FROM `mc_product` WHERE  `state` = 1  AND `amount` > 0 ORDER BY date DESC LIMIT 0,15 [ RunTime:0.002000s ]
[ sql ] [ SQL ] SELECT COUNT(*) AS tp_count FROM `mc_product` WHERE  `state` = 1  AND `amount` > 0 LIMIT 1 [ RunTime:0.002000s ]

---------------------------------------------------------------
[ 2018-06-01T15:53:20+08:00 ] [ sql ] [ DB ] CONNECT:[ UseTime:0.010000s ] mysql:dbname=db_mc;host=127.0.0.1;port=3306;charset=utf8
[ sql ] [ SQL ] SHOW COLUMNS FROM `mc_product` [ RunTime:0.000000s ]
[ sql ] [ SQL ] SELECT * FROM `mc_product` WHERE  `state` = 1  AND `amount` > 0 ORDER BY date DESC LIMIT 0,15 [ RunTime:0.000000s ]
[ sql ] [ SQL ] SELECT COUNT(*) AS tp_count FROM `mc_product` WHERE  `state` = 1  AND `amount` > 0 LIMIT 1 [ RunTime:0.001000s ]

---------------------------------------------------------------
[ 2018-06-01T15:53:43+08:00 ] [ sql ] [ DB ] CONNECT:[ UseTime:0.010000s ] mysql:dbname=db_mc;host=127.0.0.1;port=3306;charset=utf8
[ sql ] [ SQL ] SHOW COLUMNS FROM `mc_product` [ RunTime:0.000000s ]
[ sql ] [ SQL ] SELECT * FROM `mc_product` WHERE  `state` = 1  AND `amount` > 0 ORDER BY date DESC LIMIT 0,15 [ RunTime:0.000000s ]
[ sql ] [ SQL ] SELECT COUNT(*) AS tp_count FROM `mc_product` WHERE  `state` = 1  AND `amount` > 0 LIMIT 1 [ RunTime:0.001000s ]

---------------------------------------------------------------
[ 2018-06-01T15:55:36+08:00 ] [ sql ] [ DB ] CONNECT:[ UseTime:0.010000s ] mysql:dbname=db_mc;host=127.0.0.1;port=3306;charset=utf8
[ sql ] [ SQL ] SHOW COLUMNS FROM `mc_product` [ RunTime:0.001000s ]
[ sql ] [ SQL ] SELECT * FROM `mc_product` WHERE  `state` = 1  AND `amount` > 0 ORDER BY date DESC LIMIT 0,15 [ RunTime:0.001000s ]
[ sql ] [ SQL ] SELECT COUNT(*) AS tp_count FROM `mc_product` WHERE  `state` = 1  AND `amount` > 0 LIMIT 1 [ RunTime:0.000000s ]

---------------------------------------------------------------
[ 2018-06-01T15:55:48+08:00 ] [ sql ] [ DB ] CONNECT:[ UseTime:0.001000s ] mysql:dbname=db_mc;host=127.0.0.1;port=3306;charset=utf8
[ sql ] [ SQL ] SHOW COLUMNS FROM `mc_product` [ RunTime:0.001000s ]
[ sql ] [ SQL ] SELECT * FROM `mc_product` WHERE  `state` = 1  AND `amount` > 0 ORDER BY date DESC LIMIT 0,15 [ RunTime:0.000000s ]
[ sql ] [ SQL ] SELECT COUNT(*) AS tp_count FROM `mc_product` WHERE  `state` = 1  AND `amount` > 0 LIMIT 1 [ RunTime:0.000000s ]

---------------------------------------------------------------
[ 2018-06-01T15:55:56+08:00 ] [ sql ] [ DB ] CONNECT:[ UseTime:0.002000s ] mysql:dbname=db_mc;host=127.0.0.1;port=3306;charset=utf8
[ sql ] [ SQL ] SHOW COLUMNS FROM `mc_product` [ RunTime:0.001000s ]
[ sql ] [ SQL ] SELECT * FROM `mc_product` WHERE  `state` = 1  AND `amount` > 0 ORDER BY date DESC LIMIT 0,15 [ RunTime:0.000000s ]
[ sql ] [ SQL ] SELECT COUNT(*) AS tp_count FROM `mc_product` WHERE  `state` = 1  AND `amount` > 0 LIMIT 1 [ RunTime:0.000000s ]

---------------------------------------------------------------
[ 2018-06-01T15:56:22+08:00 ] [ sql ] [ DB ] CONNECT:[ UseTime:0.010000s ] mysql:dbname=db_mc;host=127.0.0.1;port=3306;charset=utf8
[ sql ] [ SQL ] SHOW COLUMNS FROM `mc_product` [ RunTime:0.001000s ]
[ sql ] [ SQL ] SELECT * FROM `mc_product` WHERE  `state` = 1  AND `amount` > 0 ORDER BY date DESC LIMIT 0,15 [ RunTime:0.001000s ]
[ sql ] [ SQL ] SELECT COUNT(*) AS tp_count FROM `mc_product` WHERE  `state` = 1  AND `amount` > 0 LIMIT 1 [ RunTime:0.000000s ]

---------------------------------------------------------------
[ 2018-06-01T15:56:22+08:00 ] [ sql ] [ DB ] CONNECT:[ UseTime:0.002000s ] mysql:dbname=db_mc;host=127.0.0.1;port=3306;charset=utf8
[ sql ] [ SQL ] SHOW COLUMNS FROM `mc_product` [ RunTime:0.001000s ]
[ sql ] [ SQL ] SELECT * FROM `mc_product` WHERE  `state` = 1  AND `amount` > 0 ORDER BY date DESC LIMIT 0,15 [ RunTime:0.001000s ]
[ sql ] [ SQL ] SELECT COUNT(*) AS tp_count FROM `mc_product` WHERE  `state` = 1  AND `amount` > 0 LIMIT 1 [ RunTime:0.001000s ]

---------------------------------------------------------------
[ 2018-06-01T15:56:39+08:00 ] [ sql ] [ DB ] CONNECT:[ UseTime:0.001000s ] mysql:dbname=db_mc;host=127.0.0.1;port=3306;charset=utf8
[ sql ] [ SQL ] SHOW COLUMNS FROM `mc_product` [ RunTime:0.001000s ]
[ sql ] [ SQL ] SELECT * FROM `mc_product` WHERE  `state` = 1  AND `amount` > 0 ORDER BY date DESC LIMIT 0,15 [ RunTime:0.001000s ]
[ sql ] [ SQL ] SELECT COUNT(*) AS tp_count FROM `mc_product` WHERE  `state` = 1  AND `amount` > 0 LIMIT 1 [ RunTime:0.000000s ]

---------------------------------------------------------------
[ 2018-06-01T15:56:58+08:00 ] [ sql ] [ DB ] CONNECT:[ UseTime:0.010000s ] mysql:dbname=db_mc;host=127.0.0.1;port=3306;charset=utf8
[ sql ] [ SQL ] SHOW COLUMNS FROM `mc_product` [ RunTime:0.000000s ]
[ sql ] [ SQL ] SELECT * FROM `mc_product` WHERE  `state` = 1  AND `amount` > 0 ORDER BY date DESC LIMIT 0,15 [ RunTime:0.000000s ]
[ sql ] [ SQL ] SELECT COUNT(*) AS tp_count FROM `mc_product` WHERE  `state` = 1  AND `amount` > 0 LIMIT 1 [ RunTime:0.000000s ]

---------------------------------------------------------------
[ 2018-06-01T15:57:54+08:00 ] [ sql ] [ DB ] CONNECT:[ UseTime:0.002000s ] mysql:dbname=db_mc;host=127.0.0.1;port=3306;charset=utf8
[ sql ] [ SQL ] SHOW COLUMNS FROM `mc_product` [ RunTime:0.002000s ]
[ sql ] [ SQL ] SELECT * FROM `mc_product` WHERE  `state` = 1  AND `amount` > 0 ORDER BY date DESC LIMIT 0,15 [ RunTime:0.000000s ]
[ sql ] [ SQL ] SELECT COUNT(*) AS tp_count FROM `mc_product` WHERE  `state` = 1  AND `amount` > 0 LIMIT 1 [ RunTime:0.001000s ]

---------------------------------------------------------------
[ 2018-06-01T15:59:22+08:00 ] [ sql ] [ DB ] CONNECT:[ UseTime:0.011000s ] mysql:dbname=db_mc;host=127.0.0.1;port=3306;charset=utf8
[ sql ] [ SQL ] SHOW COLUMNS FROM `mc_product` [ RunTime:0.000000s ]
[ sql ] [ SQL ] SELECT * FROM `mc_product` WHERE  `state` = 1  AND `amount` > 0 ORDER BY date DESC LIMIT 0,15 [ RunTime:0.000000s ]
[ sql ] [ SQL ] SELECT COUNT(*) AS tp_count FROM `mc_product` WHERE  `state` = 1  AND `amount` > 0 LIMIT 1 [ RunTime:0.001000s ]

---------------------------------------------------------------
[ 2018-06-01T16:05:23+08:00 ] [ sql ] [ DB ] CONNECT:[ UseTime:0.002000s ] mysql:dbname=db_mc;host=127.0.0.1;port=3306;charset=utf8
[ sql ] [ SQL ] SHOW COLUMNS FROM `mc_product` [ RunTime:0.001000s ]
[ sql ] [ SQL ] SELECT * FROM `mc_product` WHERE  `state` = 1  AND `amount` > 0 ORDER BY date DESC LIMIT 0,15 [ RunTime:0.001000s ]
[ sql ] [ SQL ] SELECT COUNT(*) AS tp_count FROM `mc_product` WHERE  `state` = 1  AND `amount` > 0 LIMIT 1 [ RunTime:0.000000s ]

---------------------------------------------------------------
[ 2018-06-01T16:06:52+08:00 ] [ sql ] [ DB ] CONNECT:[ UseTime:0.010000s ] mysql:dbname=db_mc;host=127.0.0.1;port=3306;charset=utf8
[ sql ] [ SQL ] SHOW COLUMNS FROM `mc_product` [ RunTime:0.001000s ]
[ sql ] [ SQL ] SELECT * FROM `mc_product` WHERE  `state` = 1  AND `amount` > 0 ORDER BY date DESC LIMIT 0,15 [ RunTime:0.000000s ]
[ sql ] [ SQL ] SELECT COUNT(*) AS tp_count FROM `mc_product` WHERE  `state` = 1  AND `amount` > 0 LIMIT 1 [ RunTime:0.001000s ]

---------------------------------------------------------------
[ 2018-06-01T16:09:57+08:00 ] [ sql ] [ DB ] CONNECT:[ UseTime:0.001000s ] mysql:dbname=db_mc;host=127.0.0.1;port=3306;charset=utf8
[ sql ] [ SQL ] SHOW COLUMNS FROM `mc_product` [ RunTime:0.000000s ]
[ sql ] [ SQL ] SELECT * FROM `mc_product` WHERE  `state` = 1  AND `amount` > 0 ORDER BY date DESC LIMIT 0,15 [ RunTime:0.000000s ]
[ sql ] [ SQL ] SELECT COUNT(*) AS tp_count FROM `mc_product` WHERE  `state` = 1  AND `amount` > 0 LIMIT 1 [ RunTime:0.001000s ]

---------------------------------------------------------------
[ 2018-06-01T16:15:03+08:00 ] [ sql ] [ DB ] CONNECT:[ UseTime:0.010000s ] mysql:dbname=db_mc;host=127.0.0.1;port=3306;charset=utf8
[ sql ] [ SQL ] SHOW COLUMNS FROM `mc_product` [ RunTime:0.000000s ]
[ sql ] [ SQL ] SELECT * FROM `mc_product` WHERE  `state` = 1  AND `amount` > 0 ORDER BY date DESC LIMIT 0,15 [ RunTime:0.000000s ]
[ sql ] [ SQL ] SELECT COUNT(*) AS tp_count FROM `mc_product` WHERE  `state` = 1  AND `amount` > 0 LIMIT 1 [ RunTime:0.001000s ]

---------------------------------------------------------------
[ 2018-06-01T16:29:17+08:00 ] [ sql ] [ DB ] CONNECT:[ UseTime:0.010000s ] mysql:dbname=db_mc;host=127.0.0.1;port=3306;charset=utf8
[ sql ] [ SQL ] SHOW COLUMNS FROM `mc_product` [ RunTime:0.000000s ]
[ sql ] [ SQL ] SELECT * FROM `mc_product` WHERE  `state` = 1  AND `amount` > 0 ORDER BY date DESC LIMIT 0,15 [ RunTime:0.000000s ]
[ sql ] [ SQL ] SELECT COUNT(*) AS tp_count FROM `mc_product` WHERE  `state` = 1  AND `amount` > 0 LIMIT 1 [ RunTime:0.001000s ]

---------------------------------------------------------------
[ 2018-06-01T16:29:27+08:00 ] [ sql ] [ DB ] CONNECT:[ UseTime:0.002000s ] mysql:dbname=db_mc;host=127.0.0.1;port=3306;charset=utf8
[ sql ] [ SQL ] SHOW COLUMNS FROM `mc_product` [ RunTime:0.001000s ]
[ sql ] [ SQL ] SELECT * FROM `mc_product` WHERE  `state` = 1  AND `amount` > 0 ORDER BY date DESC LIMIT 0,15 [ RunTime:0.001000s ]
[ sql ] [ SQL ] SELECT COUNT(*) AS tp_count FROM `mc_product` WHERE  `state` = 1  AND `amount` > 0 LIMIT 1 [ RunTime:0.000000s ]

---------------------------------------------------------------
[ 2018-06-01T16:30:35+08:00 ] [ sql ] [ DB ] CONNECT:[ UseTime:0.010000s ] mysql:dbname=db_mc;host=127.0.0.1;port=3306;charset=utf8
[ sql ] [ SQL ] SHOW COLUMNS FROM `mc_product` [ RunTime:0.001000s ]
[ sql ] [ SQL ] SELECT * FROM `mc_product` WHERE  `state` = 1  AND `amount` > 0 ORDER BY date DESC LIMIT 0,15 [ RunTime:0.001000s ]
[ sql ] [ SQL ] SELECT COUNT(*) AS tp_count FROM `mc_product` WHERE  `state` = 1  AND `amount` > 0 LIMIT 1 [ RunTime:0.000000s ]

---------------------------------------------------------------
[ 2018-06-01T16:31:12+08:00 ] [ sql ] [ DB ] CONNECT:[ UseTime:0.002000s ] mysql:dbname=db_mc;host=127.0.0.1;port=3306;charset=utf8
[ sql ] [ SQL ] SHOW COLUMNS FROM `mc_product` [ RunTime:0.001000s ]
[ sql ] [ SQL ] SELECT * FROM `mc_product` WHERE  `state` = 1  AND `amount` > 0 ORDER BY date DESC LIMIT 0,15 [ RunTime:0.001000s ]
[ sql ] [ SQL ] SELECT COUNT(*) AS tp_count FROM `mc_product` WHERE  `state` = 1  AND `amount` > 0 LIMIT 1 [ RunTime:0.000000s ]

---------------------------------------------------------------
[ 2018-06-01T16:35:41+08:00 ] [ sql ] [ DB ] CONNECT:[ UseTime:0.010000s ] mysql:dbname=db_mc;host=127.0.0.1;port=3306;charset=utf8
[ sql ] [ SQL ] SHOW COLUMNS FROM `mc_product` [ RunTime:0.000000s ]
[ sql ] [ SQL ] SELECT * FROM `mc_product` WHERE  `state` = 1  AND `amount` > 0 ORDER BY date DESC LIMIT 0,15 [ RunTime:0.000000s ]
[ sql ] [ SQL ] SELECT COUNT(*) AS tp_count FROM `mc_product` WHERE  `state` = 1  AND `amount` > 0 LIMIT 1 [ RunTime:0.001000s ]

---------------------------------------------------------------
[ 2018-06-01T16:42:33+08:00 ] [ sql ] [ DB ] CONNECT:[ UseTime:0.010000s ] mysql:dbname=db_mc;host=127.0.0.1;port=3306;charset=utf8
[ sql ] [ SQL ] SHOW COLUMNS FROM `mc_product` [ RunTime:0.000000s ]
[ sql ] [ SQL ] SELECT * FROM `mc_product` WHERE  `state` = 1  AND `amount` > 0 ORDER BY date DESC LIMIT 0,15 [ RunTime:0.000000s ]
[ sql ] [ SQL ] SELECT COUNT(*) AS tp_count FROM `mc_product` WHERE  `state` = 1  AND `amount` > 0 LIMIT 1 [ RunTime:0.001000s ]

---------------------------------------------------------------
[ 2018-06-01T16:42:46+08:00 ] [ sql ] [ DB ] CONNECT:[ UseTime:0.011000s ] mysql:dbname=db_mc;host=127.0.0.1;port=3306;charset=utf8
[ sql ] [ SQL ] SHOW COLUMNS FROM `mc_product` [ RunTime:0.001000s ]
[ sql ] [ SQL ] SELECT * FROM `mc_product` WHERE  `state` = 1  AND `amount` > 0 ORDER BY date DESC LIMIT 0,15 [ RunTime:0.000000s ]
[ sql ] [ SQL ] SELECT COUNT(*) AS tp_count FROM `mc_product` WHERE  `state` = 1  AND `amount` > 0 LIMIT 1 [ RunTime:0.000000s ]

---------------------------------------------------------------
[ 2018-06-01T16:43:02+08:00 ] [ sql ] [ DB ] CONNECT:[ UseTime:0.002000s ] mysql:dbname=db_mc;host=127.0.0.1;port=3306;charset=utf8
[ sql ] [ SQL ] SHOW COLUMNS FROM `mc_product` [ RunTime:0.001000s ]
[ sql ] [ SQL ] SELECT * FROM `mc_product` WHERE  `state` = 1  AND `amount` > 0 ORDER BY date DESC LIMIT 0,15 [ RunTime:0.001000s ]
[ sql ] [ SQL ] SELECT COUNT(*) AS tp_count FROM `mc_product` WHERE  `state` = 1  AND `amount` > 0 LIMIT 1 [ RunTime:0.001000s ]

---------------------------------------------------------------
[ 2018-06-01T16:43:04+08:00 ] [ sql ] [ DB ] CONNECT:[ UseTime:0.010000s ] mysql:dbname=db_mc;host=127.0.0.1;port=3306;charset=utf8
[ sql ] [ SQL ] SHOW COLUMNS FROM `mc_product` [ RunTime:0.000000s ]
[ sql ] [ SQL ] SELECT * FROM `mc_product` WHERE  `state` = 1  AND `amount` > 0 ORDER BY date DESC LIMIT 0,15 [ RunTime:0.000000s ]

---------------------------------------------------------------
[ 2018-06-01T16:43:48+08:00 ] [ sql ] [ DB ] CONNECT:[ UseTime:0.001000s ] mysql:dbname=db_mc;host=127.0.0.1;port=3306;charset=utf8
[ sql ] [ SQL ] SHOW COLUMNS FROM `mc_product` [ RunTime:0.001000s ]
[ sql ] [ SQL ] SELECT * FROM `mc_product` WHERE  `state` = 1  AND `amount` > 0 ORDER BY date DESC LIMIT 0,15 [ RunTime:0.000000s ]
[ sql ] [ SQL ] SELECT COUNT(*) AS tp_count FROM `mc_product` WHERE  `state` = 1  AND `amount` > 0 LIMIT 1 [ RunTime:0.000000s ]

---------------------------------------------------------------
[ 2018-06-01T16:43:50+08:00 ] [ sql ] [ DB ] CONNECT:[ UseTime:0.011000s ] mysql:dbname=db_mc;host=127.0.0.1;port=3306;charset=utf8
[ sql ] [ SQL ] SHOW COLUMNS FROM `mc_product` [ RunTime:0.000000s ]
[ sql ] [ SQL ] SELECT * FROM `mc_product` WHERE  `state` = 1  AND `amount` > 0 ORDER BY date DESC LIMIT 0,15 [ RunTime:0.000000s ]

---------------------------------------------------------------
[ 2018-06-01T16:44:01+08:00 ] [ sql ] [ DB ] CONNECT:[ UseTime:0.002000s ] mysql:dbname=db_mc;host=127.0.0.1;port=3306;charset=utf8
[ sql ] [ SQL ] SHOW COLUMNS FROM `mc_product` [ RunTime:0.001000s ]
[ sql ] [ SQL ] SELECT * FROM `mc_product` WHERE  `state` = 1  AND `amount` > 0 ORDER BY date DESC LIMIT 0,15 [ RunTime:0.001000s ]
[ sql ] [ SQL ] SELECT COUNT(*) AS tp_count FROM `mc_product` WHERE  `state` = 1  AND `amount` > 0 LIMIT 1 [ RunTime:0.000000s ]

---------------------------------------------------------------
[ 2018-06-01T16:44:03+08:00 ] [ sql ] [ DB ] CONNECT:[ UseTime:0.010000s ] mysql:dbname=db_mc;host=127.0.0.1;port=3306;charset=utf8
[ sql ] [ SQL ] SHOW COLUMNS FROM `mc_product` [ RunTime:0.000000s ]
[ sql ] [ SQL ] SELECT * FROM `mc_product` WHERE  `state` = 1  AND `amount` > 0 ORDER BY date DESC LIMIT 0,15 [ RunTime:0.000000s ]

---------------------------------------------------------------
[ 2018-06-01T16:44:44+08:00 ] [ sql ] [ DB ] CONNECT:[ UseTime:0.001000s ] mysql:dbname=db_mc;host=127.0.0.1;port=3306;charset=utf8
[ sql ] [ SQL ] SHOW COLUMNS FROM `mc_product` [ RunTime:0.001000s ]
[ sql ] [ SQL ] SELECT * FROM `mc_product` WHERE  `state` = 1  AND `amount` > 0 ORDER BY date DESC LIMIT 0,15 [ RunTime:0.001000s ]
[ sql ] [ SQL ] SELECT COUNT(*) AS tp_count FROM `mc_product` WHERE  `state` = 1  AND `amount` > 0 LIMIT 1 [ RunTime:0.001000s ]

---------------------------------------------------------------
[ 2018-06-01T16:44:46+08:00 ] [ sql ] [ DB ] CONNECT:[ UseTime:0.010000s ] mysql:dbname=db_mc;host=127.0.0.1;port=3306;charset=utf8
[ sql ] [ SQL ] SHOW COLUMNS FROM `mc_product` [ RunTime:0.000000s ]
[ sql ] [ SQL ] SELECT * FROM `mc_product` WHERE  `state` = 1  AND `amount` > 0 ORDER BY date DESC LIMIT 0,15 [ RunTime:0.000000s ]

---------------------------------------------------------------
[ 2018-06-01T16:46:51+08:00 ] [ sql ] [ DB ] CONNECT:[ UseTime:0.010000s ] mysql:dbname=db_mc;host=127.0.0.1;port=3306;charset=utf8
[ sql ] [ SQL ] SHOW COLUMNS FROM `mc_product` [ RunTime:0.000000s ]
[ sql ] [ SQL ] SELECT * FROM `mc_product` WHERE  `state` = 1  AND `amount` > 0 ORDER BY date DESC LIMIT 0,15 [ RunTime:0.000000s ]
[ sql ] [ SQL ] SELECT COUNT(*) AS tp_count FROM `mc_product` WHERE  `state` = 1  AND `amount` > 0 LIMIT 1 [ RunTime:0.001000s ]

---------------------------------------------------------------
[ 2018-06-01T16:46:54+08:00 ] [ sql ] [ DB ] CONNECT:[ UseTime:0.010000s ] mysql:dbname=db_mc;host=127.0.0.1;port=3306;charset=utf8
[ sql ] [ SQL ] SHOW COLUMNS FROM `mc_product` [ RunTime:0.000000s ]
[ sql ] [ SQL ] SELECT * FROM `mc_product` WHERE  `state` = 1  AND `amount` > 0 ORDER BY date DESC LIMIT 0,15 [ RunTime:0.000000s ]

---------------------------------------------------------------
[ 2018-06-01T16:50:19+08:00 ] [ sql ] [ DB ] CONNECT:[ UseTime:0.010000s ] mysql:dbname=db_mc;host=127.0.0.1;port=3306;charset=utf8
[ sql ] [ SQL ] SHOW COLUMNS FROM `mc_product` [ RunTime:0.001000s ]
[ sql ] [ SQL ] SELECT * FROM `mc_product` WHERE  `state` = 1  AND `amount` > 0 ORDER BY date DESC LIMIT 0,15 [ RunTime:0.000000s ]
[ sql ] [ SQL ] SELECT COUNT(*) AS tp_count FROM `mc_product` WHERE  `state` = 1  AND `amount` > 0 LIMIT 1 [ RunTime:0.000000s ]

---------------------------------------------------------------
[ 2018-06-01T16:50:22+08:00 ] [ sql ] [ DB ] CONNECT:[ UseTime:0.002000s ] mysql:dbname=db_mc;host=127.0.0.1;port=3306;charset=utf8
[ sql ] [ SQL ] SHOW COLUMNS FROM `mc_product` [ RunTime:0.001000s ]
[ sql ] [ SQL ] SELECT * FROM `mc_product` WHERE  `state` = 1  AND `amount` > 0 ORDER BY date DESC LIMIT 0,15 [ RunTime:0.001000s ]

---------------------------------------------------------------
[ 2018-06-01T16:50:39+08:00 ] [ sql ] [ DB ] CONNECT:[ UseTime:0.001000s ] mysql:dbname=db_mc;host=127.0.0.1;port=3306;charset=utf8
[ sql ] [ SQL ] SHOW COLUMNS FROM `mc_product` [ RunTime:0.000000s ]
[ sql ] [ SQL ] SELECT * FROM `mc_product` WHERE  `state` = 1  AND `amount` > 0 ORDER BY date DESC LIMIT 0,15 [ RunTime:0.000000s ]
[ sql ] [ SQL ] SELECT COUNT(*) AS tp_count FROM `mc_product` WHERE  `state` = 1  AND `amount` > 0 LIMIT 1 [ RunTime:0.001000s ]

---------------------------------------------------------------
[ 2018-06-01T16:50:43+08:00 ] [ sql ] [ DB ] CONNECT:[ UseTime:0.011000s ] mysql:dbname=db_mc;host=127.0.0.1;port=3306;charset=utf8
[ sql ] [ SQL ] SHOW COLUMNS FROM `mc_product` [ RunTime:0.001000s ]
[ sql ] [ SQL ] SELECT * FROM `mc_product` WHERE  `state` = 1  AND `amount` > 0 ORDER BY date DESC LIMIT 0,15 [ RunTime:0.000000s ]

---------------------------------------------------------------
[ 2018-06-01T16:53:17+08:00 ] [ sql ] [ DB ] CONNECT:[ UseTime:0.010000s ] mysql:dbname=db_mc;host=127.0.0.1;port=3306;charset=utf8
[ sql ] [ SQL ] SHOW COLUMNS FROM `mc_product` [ RunTime:0.000000s ]
[ sql ] [ SQL ] SELECT * FROM `mc_product` WHERE  `state` = 1  AND `amount` > 0 ORDER BY date DESC LIMIT 0,15 [ RunTime:0.000000s ]
[ sql ] [ SQL ] SELECT COUNT(*) AS tp_count FROM `mc_product` WHERE  `state` = 1  AND `amount` > 0 LIMIT 1 [ RunTime:0.001000s ]

---------------------------------------------------------------
[ 2018-06-01T16:53:21+08:00 ] [ sql ] [ DB ] CONNECT:[ UseTime:0.010000s ] mysql:dbname=db_mc;host=127.0.0.1;port=3306;charset=utf8
[ sql ] [ SQL ] SHOW COLUMNS FROM `mc_product` [ RunTime:0.002000s ]
[ sql ] [ SQL ] SELECT * FROM `mc_product` WHERE  `state` = 1  AND `amount` > 0 ORDER BY date DESC LIMIT 0,15 [ RunTime:0.001000s ]

---------------------------------------------------------------
[ 2018-06-01T16:59:30+08:00 ] [ sql ] [ DB ] CONNECT:[ UseTime:0.011000s ] mysql:dbname=db_mc;host=127.0.0.1;port=3306;charset=utf8
[ sql ] [ SQL ] SHOW COLUMNS FROM `mc_product` [ RunTime:0.001000s ]
[ sql ] [ SQL ] SELECT * FROM `mc_product` WHERE  `state` = 1  AND `amount` > 0 ORDER BY date DESC LIMIT 0,15 [ RunTime:0.001000s ]
[ sql ] [ SQL ] SELECT COUNT(*) AS tp_count FROM `mc_product` WHERE  `state` = 1  AND `amount` > 0 LIMIT 1 [ RunTime:0.001000s ]

---------------------------------------------------------------
[ 2018-06-01T16:59:33+08:00 ] [ sql ] [ DB ] CONNECT:[ UseTime:0.002000s ] mysql:dbname=db_mc;host=127.0.0.1;port=3306;charset=utf8
[ sql ] [ SQL ] SHOW COLUMNS FROM `mc_product` [ RunTime:0.001000s ]
[ sql ] [ SQL ] SELECT * FROM `mc_product` WHERE  `state` = 1  AND `amount` > 0 ORDER BY date DESC LIMIT 0,15 [ RunTime:0.001000s ]

---------------------------------------------------------------
[ 2018-06-01T17:13:24+08:00 ] [ sql ] [ DB ] CONNECT:[ UseTime:0.002000s ] mysql:dbname=db_mc;host=127.0.0.1;port=3306;charset=utf8
[ sql ] [ SQL ] SHOW COLUMNS FROM `mc_product` [ RunTime:0.002000s ]
[ sql ] [ SQL ] SELECT * FROM `mc_product` WHERE  `state` = 1  AND `amount` > 0 ORDER BY date DESC LIMIT 0,15 [ RunTime:0.002000s ]
[ sql ] [ SQL ] SELECT COUNT(*) AS tp_count FROM `mc_product` WHERE  `state` = 1  AND `amount` > 0 LIMIT 1 [ RunTime:0.000000s ]

---------------------------------------------------------------
[ 2018-06-01T17:13:28+08:00 ] [ sql ] [ DB ] CONNECT:[ UseTime:0.010000s ] mysql:dbname=db_mc;host=127.0.0.1;port=3306;charset=utf8
[ sql ] [ SQL ] SHOW COLUMNS FROM `mc_product` [ RunTime:0.000000s ]
[ sql ] [ SQL ] SELECT * FROM `mc_product` WHERE  `state` = 1  AND `amount` > 0 ORDER BY date DESC LIMIT 0,15 [ RunTime:0.000000s ]

---------------------------------------------------------------
[ 2018-06-01T17:13:34+08:00 ] [ sql ] [ DB ] CONNECT:[ UseTime:0.011000s ] mysql:dbname=db_mc;host=127.0.0.1;port=3306;charset=utf8
[ sql ] [ SQL ] SHOW COLUMNS FROM `mc_product` [ RunTime:0.001000s ]
[ sql ] [ SQL ] SELECT * FROM `mc_product` WHERE  `state` = 1  AND `amount` > 0 ORDER BY date DESC LIMIT 0,15 [ RunTime:0.001000s ]
[ sql ] [ SQL ] SELECT COUNT(*) AS tp_count FROM `mc_product` WHERE  `state` = 1  AND `amount` > 0 LIMIT 1 [ RunTime:0.001000s ]

---------------------------------------------------------------
[ 2018-06-01T17:13:41+08:00 ] [ sql ] [ DB ] CONNECT:[ UseTime:0.010000s ] mysql:dbname=db_mc;host=127.0.0.1;port=3306;charset=utf8
[ sql ] [ SQL ] SHOW COLUMNS FROM `mc_product` [ RunTime:0.001000s ]
[ sql ] [ SQL ] SELECT * FROM `mc_product` WHERE  `state` = 1  AND `amount` > 0 ORDER BY date DESC LIMIT 0,15 [ RunTime:0.000000s ]

---------------------------------------------------------------
[ 2018-06-01T17:14:30+08:00 ] [ sql ] [ DB ] CONNECT:[ UseTime:0.002000s ] mysql:dbname=db_mc;host=127.0.0.1;port=3306;charset=utf8
[ sql ] [ SQL ] SHOW COLUMNS FROM `mc_product` [ RunTime:0.001000s ]
[ sql ] [ SQL ] SELECT * FROM `mc_product` WHERE  `state` = 1  AND `amount` > 0 ORDER BY date DESC LIMIT 0,15 [ RunTime:0.001000s ]
[ sql ] [ SQL ] SELECT COUNT(*) AS tp_count FROM `mc_product` WHERE  `state` = 1  AND `amount` > 0 LIMIT 1 [ RunTime:0.001000s ]

---------------------------------------------------------------
[ 2018-06-01T17:14:33+08:00 ] [ sql ] [ DB ] CONNECT:[ UseTime:0.002000s ] mysql:dbname=db_mc;host=127.0.0.1;port=3306;charset=utf8
[ sql ] [ SQL ] SHOW COLUMNS FROM `mc_product` [ RunTime:0.001000s ]
[ sql ] [ SQL ] SELECT * FROM `mc_product` WHERE  `state` = 1  AND `amount` > 0 ORDER BY date DESC LIMIT 0,15 [ RunTime:0.000000s ]

---------------------------------------------------------------
[ 2018-06-01T17:14:47+08:00 ] [ sql ] [ DB ] CONNECT:[ UseTime:0.010000s ] mysql:dbname=db_mc;host=127.0.0.1;port=3306;charset=utf8
[ sql ] [ SQL ] SHOW COLUMNS FROM `mc_product` [ RunTime:0.000000s ]
[ sql ] [ SQL ] SELECT * FROM `mc_product` WHERE  `state` = 1  AND `amount` > 0 ORDER BY date DESC LIMIT 0,15 [ RunTime:0.000000s ]
[ sql ] [ SQL ] SELECT COUNT(*) AS tp_count FROM `mc_product` WHERE  `state` = 1  AND `amount` > 0 LIMIT 1 [ RunTime:0.001000s ]

---------------------------------------------------------------
[ 2018-06-01T17:14:50+08:00 ] [ sql ] [ DB ] CONNECT:[ UseTime:0.010000s ] mysql:dbname=db_mc;host=127.0.0.1;port=3306;charset=utf8
[ sql ] [ SQL ] SHOW COLUMNS FROM `mc_product` [ RunTime:0.001000s ]
[ sql ] [ SQL ] SELECT * FROM `mc_product` WHERE  `state` = 1  AND `amount` > 0 ORDER BY date DESC LIMIT 0,15 [ RunTime:0.001000s ]

---------------------------------------------------------------
[ 2018-06-01T17:15:15+08:00 ] [ sql ] [ DB ] CONNECT:[ UseTime:0.011000s ] mysql:dbname=db_mc;host=127.0.0.1;port=3306;charset=utf8
[ sql ] [ SQL ] SHOW COLUMNS FROM `mc_product` [ RunTime:0.001000s ]
[ sql ] [ SQL ] SELECT * FROM `mc_product` WHERE  `state` = 1  AND `amount` > 0 ORDER BY date DESC LIMIT 0,15 [ RunTime:0.000000s ]
[ sql ] [ SQL ] SELECT COUNT(*) AS tp_count FROM `mc_product` WHERE  `state` = 1  AND `amount` > 0 LIMIT 1 [ RunTime:0.000000s ]

---------------------------------------------------------------
[ 2018-06-01T17:15:18+08:00 ] [ sql ] [ DB ] CONNECT:[ UseTime:0.011000s ] mysql:dbname=db_mc;host=127.0.0.1;port=3306;charset=utf8
[ sql ] [ SQL ] SHOW COLUMNS FROM `mc_product` [ RunTime:0.000000s ]
[ sql ] [ SQL ] SELECT * FROM `mc_product` WHERE  `state` = 1  AND `amount` > 0 ORDER BY date DESC LIMIT 0,15 [ RunTime:0.001000s ]

---------------------------------------------------------------
[ 2018-06-01T17:16:16+08:00 ] [ sql ] [ DB ] CONNECT:[ UseTime:0.011000s ] mysql:dbname=db_mc;host=127.0.0.1;port=3306;charset=utf8
[ sql ] [ SQL ] SHOW COLUMNS FROM `mc_product` [ RunTime:0.000000s ]
[ sql ] [ SQL ] SELECT * FROM `mc_product` WHERE  `state` = 1  AND `amount` > 0 ORDER BY date DESC LIMIT 0,15 [ RunTime:0.000000s ]
[ sql ] [ SQL ] SELECT COUNT(*) AS tp_count FROM `mc_product` WHERE  `state` = 1  AND `amount` > 0 LIMIT 1 [ RunTime:0.000000s ]

---------------------------------------------------------------
[ 2018-06-01T17:16:20+08:00 ] [ sql ] [ DB ] CONNECT:[ UseTime:0.010000s ] mysql:dbname=db_mc;host=127.0.0.1;port=3306;charset=utf8
[ sql ] [ SQL ] SHOW COLUMNS FROM `mc_product` [ RunTime:0.001000s ]
[ sql ] [ SQL ] SELECT * FROM `mc_product` WHERE  `state` = 1  AND `amount` > 0 ORDER BY date DESC LIMIT 0,15 [ RunTime:0.001000s ]

---------------------------------------------------------------
[ 2018-06-01T17:16:25+08:00 ] [ sql ] [ DB ] CONNECT:[ UseTime:0.011000s ] mysql:dbname=db_mc;host=127.0.0.1;port=3306;charset=utf8
[ sql ] [ SQL ] SHOW COLUMNS FROM `mc_product` [ RunTime:0.001000s ]
[ sql ] [ SQL ] SELECT * FROM `mc_product` WHERE  `state` = 1  AND `amount` > 0 ORDER BY date DESC LIMIT 0,15 [ RunTime:0.001000s ]

---------------------------------------------------------------
[ 2018-06-01T17:16:29+08:00 ] [ sql ] [ DB ] CONNECT:[ UseTime:0.002000s ] mysql:dbname=db_mc;host=127.0.0.1;port=3306;charset=utf8
[ sql ] [ SQL ] SHOW COLUMNS FROM `mc_product` [ RunTime:0.001000s ]
[ sql ] [ SQL ] SELECT * FROM `mc_product` WHERE  `state` = 1  AND `amount` > 0 ORDER BY date DESC LIMIT 0,15 [ RunTime:0.001000s ]

---------------------------------------------------------------
[ 2018-06-01T17:16:33+08:00 ] [ sql ] [ DB ] CONNECT:[ UseTime:0.010000s ] mysql:dbname=db_mc;host=127.0.0.1;port=3306;charset=utf8
[ sql ] [ SQL ] SHOW COLUMNS FROM `mc_product` [ RunTime:0.001000s ]
[ sql ] [ SQL ] SELECT * FROM `mc_product` WHERE  `state` = 1  AND `amount` > 0 ORDER BY date DESC LIMIT 0,15 [ RunTime:0.001000s ]

---------------------------------------------------------------
[ 2018-06-01T17:16:36+08:00 ] [ sql ] [ DB ] CONNECT:[ UseTime:0.001000s ] mysql:dbname=db_mc;host=127.0.0.1;port=3306;charset=utf8
[ sql ] [ SQL ] SHOW COLUMNS FROM `mc_product` [ RunTime:0.000000s ]
[ sql ] [ SQL ] SELECT * FROM `mc_product` WHERE  `state` = 1  AND `amount` > 0 ORDER BY date DESC LIMIT 0,15 [ RunTime:0.000000s ]

---------------------------------------------------------------
[ 2018-06-01T17:16:41+08:00 ] [ sql ] [ DB ] CONNECT:[ UseTime:0.011000s ] mysql:dbname=db_mc;host=127.0.0.1;port=3306;charset=utf8
[ sql ] [ SQL ] SHOW COLUMNS FROM `mc_product` [ RunTime:0.000000s ]
[ sql ] [ SQL ] SELECT * FROM `mc_product` WHERE  `state` = 1  AND `amount` > 0 ORDER BY date DESC LIMIT 0,15 [ RunTime:0.000000s ]

---------------------------------------------------------------
[ 2018-06-01T17:16:44+08:00 ] [ sql ] [ DB ] CONNECT:[ UseTime:0.010000s ] mysql:dbname=db_mc;host=127.0.0.1;port=3306;charset=utf8
[ sql ] [ SQL ] SHOW COLUMNS FROM `mc_product` [ RunTime:0.001000s ]
[ sql ] [ SQL ] SELECT * FROM `mc_product` WHERE  `state` = 1  AND `amount` > 0 ORDER BY date DESC LIMIT 0,15 [ RunTime:0.001000s ]

---------------------------------------------------------------
[ 2018-06-01T17:17:18+08:00 ] [ sql ] [ DB ] CONNECT:[ UseTime:0.010000s ] mysql:dbname=db_mc;host=127.0.0.1;port=3306;charset=utf8
[ sql ] [ SQL ] SHOW COLUMNS FROM `mc_product` [ RunTime:0.001000s ]
[ sql ] [ SQL ] SELECT * FROM `mc_product` WHERE  `state` = 1  AND `amount` > 0 ORDER BY date DESC LIMIT 0,15 [ RunTime:0.000000s ]
[ sql ] [ SQL ] SELECT COUNT(*) AS tp_count FROM `mc_product` WHERE  `state` = 1  AND `amount` > 0 LIMIT 1 [ RunTime:0.001000s ]

---------------------------------------------------------------
[ 2018-06-01T17:17:19+08:00 ] [ sql ] [ DB ] CONNECT:[ UseTime:0.010000s ] mysql:dbname=db_mc;host=127.0.0.1;port=3306;charset=utf8
[ sql ] [ SQL ] SHOW COLUMNS FROM `mc_product` [ RunTime:0.000000s ]
[ sql ] [ SQL ] SELECT * FROM `mc_product` WHERE  `state` = 1  AND `amount` > 0 ORDER BY date DESC LIMIT 0,15 [ RunTime:0.000000s ]

---------------------------------------------------------------
[ 2018-06-01T17:17:21+08:00 ] [ sql ] [ DB ] CONNECT:[ UseTime:0.002000s ] mysql:dbname=db_mc;host=127.0.0.1;port=3306;charset=utf8
[ sql ] [ SQL ] SHOW COLUMNS FROM `mc_product` [ RunTime:0.001000s ]
[ sql ] [ SQL ] SELECT * FROM `mc_product` WHERE  `state` = 1  AND `amount` > 0 ORDER BY date DESC LIMIT 0,15 [ RunTime:0.000000s ]

---------------------------------------------------------------
[ 2018-06-01T17:17:23+08:00 ] [ sql ] [ DB ] CONNECT:[ UseTime:0.002000s ] mysql:dbname=db_mc;host=127.0.0.1;port=3306;charset=utf8
[ sql ] [ SQL ] SHOW COLUMNS FROM `mc_product` [ RunTime:0.001000s ]
[ sql ] [ SQL ] SELECT * FROM `mc_product` WHERE  `state` = 1  AND `amount` > 0 ORDER BY date DESC LIMIT 0,15 [ RunTime:0.000000s ]

---------------------------------------------------------------
[ 2018-06-01T17:17:25+08:00 ] [ sql ] [ DB ] CONNECT:[ UseTime:0.010000s ] mysql:dbname=db_mc;host=127.0.0.1;port=3306;charset=utf8
[ sql ] [ SQL ] SHOW COLUMNS FROM `mc_product` [ RunTime:0.001000s ]
[ sql ] [ SQL ] SELECT * FROM `mc_product` WHERE  `state` = 1  AND `amount` > 0 ORDER BY date DESC LIMIT 0,15 [ RunTime:0.001000s ]

---------------------------------------------------------------
[ 2018-06-01T17:17:27+08:00 ] [ sql ] [ DB ] CONNECT:[ UseTime:0.011000s ] mysql:dbname=db_mc;host=127.0.0.1;port=3306;charset=utf8
[ sql ] [ SQL ] SHOW COLUMNS FROM `mc_product` [ RunTime:0.001000s ]
[ sql ] [ SQL ] SELECT * FROM `mc_product` WHERE  `state` = 1  AND `amount` > 0 ORDER BY date DESC LIMIT 0,15 [ RunTime:0.001000s ]

---------------------------------------------------------------
[ 2018-06-01T17:17:52+08:00 ] [ sql ] [ DB ] CONNECT:[ UseTime:0.011000s ] mysql:dbname=db_mc;host=127.0.0.1;port=3306;charset=utf8
[ sql ] [ SQL ] SHOW COLUMNS FROM `mc_product` [ RunTime:0.000000s ]
[ sql ] [ SQL ] SELECT * FROM `mc_product` WHERE  `state` = 1  AND `amount` > 0 ORDER BY date DESC LIMIT 0,15 [ RunTime:0.000000s ]
[ sql ] [ SQL ] SELECT COUNT(*) AS tp_count FROM `mc_product` WHERE  `state` = 1  AND `amount` > 0 LIMIT 1 [ RunTime:0.001000s ]

---------------------------------------------------------------
[ 2018-06-01T17:20:12+08:00 ] [ sql ] [ DB ] CONNECT:[ UseTime:0.003000s ] mysql:dbname=db_mc;host=127.0.0.1;port=3306;charset=utf8
[ sql ] [ SQL ] SHOW COLUMNS FROM `mc_product` [ RunTime:0.001000s ]
[ sql ] [ SQL ] SELECT * FROM `mc_product` WHERE  `state` = 1  AND `amount` > 0 ORDER BY date DESC LIMIT 0,15 [ RunTime:0.001000s ]
[ sql ] [ SQL ] SELECT COUNT(*) AS tp_count FROM `mc_product` WHERE  `state` = 1  AND `amount` > 0 LIMIT 1 [ RunTime:0.000000s ]

---------------------------------------------------------------
[ 2018-06-01T17:20:39+08:00 ] [ sql ] [ DB ] CONNECT:[ UseTime:0.012000s ] mysql:dbname=db_mc;host=127.0.0.1;port=3306;charset=utf8
[ sql ] [ SQL ] SHOW COLUMNS FROM `mc_product` [ RunTime:0.001000s ]
[ sql ] [ SQL ] SELECT * FROM `mc_product` WHERE  `state` = 1  AND `amount` > 0 ORDER BY date DESC LIMIT 0,15 [ RunTime:0.000000s ]
[ sql ] [ SQL ] SELECT COUNT(*) AS tp_count FROM `mc_product` WHERE  `state` = 1  AND `amount` > 0 LIMIT 1 [ RunTime:0.000000s ]

---------------------------------------------------------------
[ 2018-06-01T17:29:41+08:00 ] [ sql ] [ DB ] CONNECT:[ UseTime:0.011000s ] mysql:dbname=db_mc;host=127.0.0.1;port=3306;charset=utf8
[ sql ] [ SQL ] SHOW COLUMNS FROM `mc_product` [ RunTime:0.001000s ]
[ sql ] [ SQL ] SELECT * FROM `mc_product` WHERE  `state` = 1  AND `amount` > 0 ORDER BY date DESC LIMIT 0,15 [ RunTime:0.001000s ]
[ sql ] [ SQL ] SELECT COUNT(*) AS tp_count FROM `mc_product` WHERE  `state` = 1  AND `amount` > 0 LIMIT 1 [ RunTime:0.001000s ]

---------------------------------------------------------------
