[ 2018-06-07T09:24:57+08:00 ] [ sql ] [ DB ] CONNECT:[ UseTime:0.012000s ] mysql:dbname=db_mc;host=127.0.0.1;port=3306;charset=utf8
[ sql ] [ SQL ] SHOW COLUMNS FROM `mc_agency` [ RunTime:0.012000s ]
[ sql ] [ SQL ] SELECT * FROM `mc_agency` WHERE  `username` = 'user_1'  AND `password` = 'e10adc3949ba59abbe56e057f20f883e' LIMIT 1 [ RunTime:0.001000s ]

---------------------------------------------------------------
[ 2018-06-07T09:24:59+08:00 ] [ sql ] [ DB ] CONNECT:[ UseTime:0.011000s ] mysql:dbname=db_mc;host=127.0.0.1;port=3306;charset=utf8
[ sql ] [ SQL ] SHOW COLUMNS FROM `mc_silder` [ RunTime:0.003000s ]
[ sql ] [ SQL ] SELECT * FROM `mc_silder` WHERE  `date_end` >= 1528334699 [ RunTime:0.000000s ]

---------------------------------------------------------------
[ 2018-06-07T09:27:35+08:00 ] [ sql ] [ DB ] CONNECT:[ UseTime:0.004000s ] mysql:dbname=db_mc;host=127.0.0.1;port=3306;charset=utf8
[ sql ] [ SQL ] SHOW COLUMNS FROM `mc_member_moneylog` [ RunTime:0.003000s ]
[ sql ] [ SQL ] SELECT COUNT(*) AS tp_count FROM `mc_member_moneylog` WHERE  `member_id` = 1 LIMIT 1 [ RunTime:0.001000s ]
[ sql ] [ SQL ] SELECT * FROM `mc_member_moneylog` WHERE  `member_id` = 1 ORDER BY date DESC LIMIT 0,15 [ RunTime:0.001000s ]

---------------------------------------------------------------
[ 2018-06-07T09:30:27+08:00 ] [ sql ] [ DB ] CONNECT:[ UseTime:0.010000s ] mysql:dbname=db_mc;host=127.0.0.1;port=3306;charset=utf8
[ sql ] [ SQL ] SHOW COLUMNS FROM `mc_member_moneylog` [ RunTime:0.001000s ]
[ sql ] [ SQL ] SELECT COUNT(*) AS tp_count FROM `mc_member_moneylog` WHERE  `member_id` = 1 LIMIT 1 [ RunTime:0.001000s ]
[ sql ] [ SQL ] SELECT * FROM `mc_member_moneylog` WHERE  `member_id` = 1 ORDER BY date DESC LIMIT 0,15 [ RunTime:0.001000s ]

---------------------------------------------------------------
[ 2018-06-07T09:31:30+08:00 ] [ sql ] [ DB ] CONNECT:[ UseTime:0.010000s ] mysql:dbname=db_mc;host=127.0.0.1;port=3306;charset=utf8
[ sql ] [ SQL ] SHOW COLUMNS FROM `mc_member_moneylog` [ RunTime:0.003000s ]
[ sql ] [ SQL ] SELECT COUNT(*) AS tp_count FROM `mc_member_moneylog` WHERE  `member_id` = 1 LIMIT 1 [ RunTime:0.001000s ]
[ sql ] [ SQL ] SELECT * FROM `mc_member_moneylog` WHERE  `member_id` = 1 ORDER BY date DESC LIMIT 0,15 [ RunTime:0.000000s ]

---------------------------------------------------------------
[ 2018-06-07T10:01:58+08:00 ] [ sql ] [ DB ] CONNECT:[ UseTime:0.002000s ] mysql:dbname=db_mc;host=127.0.0.1;port=3306;charset=utf8
[ sql ] [ SQL ] SHOW COLUMNS FROM `mc_member_moneylog` [ RunTime:0.001000s ]
[ sql ] [ SQL ] SELECT COUNT(*) AS tp_count FROM `mc_member_moneylog` WHERE  `member_id` = 1 LIMIT 1 [ RunTime:0.000000s ]
[ sql ] [ SQL ] SELECT * FROM `mc_member_moneylog` WHERE  `member_id` = 1 ORDER BY date DESC LIMIT 0,15 [ RunTime:0.001000s ]

---------------------------------------------------------------
[ 2018-06-07T10:01:59+08:00 ] [ sql ] [ DB ] CONNECT:[ UseTime:0.001000s ] mysql:dbname=db_mc;host=127.0.0.1;port=3306;charset=utf8
[ sql ] [ SQL ] SHOW COLUMNS FROM `mc_silder` [ RunTime:0.001000s ]
[ sql ] [ SQL ] SELECT * FROM `mc_silder` WHERE  `date_end` >= 1528336919 [ RunTime:0.001000s ]

---------------------------------------------------------------
[ 2018-06-07T10:02:00+08:00 ] [ sql ] [ DB ] CONNECT:[ UseTime:0.011000s ] mysql:dbname=db_mc;host=127.0.0.1;port=3306;charset=utf8
[ sql ] [ SQL ] SHOW COLUMNS FROM `mc_member_moneylog` [ RunTime:0.002000s ]
[ sql ] [ SQL ] SELECT COUNT(*) AS tp_count FROM `mc_member_moneylog` WHERE  `member_id` = 1 LIMIT 1 [ RunTime:0.000000s ]
[ sql ] [ SQL ] SELECT * FROM `mc_member_moneylog` WHERE  `member_id` = 1 ORDER BY date DESC LIMIT 0,15 [ RunTime:0.001000s ]

---------------------------------------------------------------
[ 2018-06-07T10:02:01+08:00 ] [ sql ] [ DB ] CONNECT:[ UseTime:0.010000s ] mysql:dbname=db_mc;host=127.0.0.1;port=3306;charset=utf8
[ sql ] [ SQL ] SHOW COLUMNS FROM `mc_silder` [ RunTime:0.001000s ]
[ sql ] [ SQL ] SELECT * FROM `mc_silder` WHERE  `date_end` >= 1528336921 [ RunTime:0.001000s ]

---------------------------------------------------------------
[ 2018-06-07T10:02:06+08:00 ] [ sql ] [ DB ] CONNECT:[ UseTime:0.011000s ] mysql:dbname=db_mc;host=127.0.0.1;port=3306;charset=utf8
[ sql ] [ SQL ] SHOW COLUMNS FROM `mc_product` [ RunTime:0.002000s ]
[ sql ] [ SQL ] SELECT * FROM `mc_product` WHERE  `state` = 1  AND `amount` > 0 ORDER BY date DESC LIMIT 0,15 [ RunTime:0.000000s ]
[ sql ] [ SQL ] SELECT COUNT(*) AS tp_count FROM `mc_product` WHERE  `state` = 1  AND `amount` > 0 LIMIT 1 [ RunTime:0.000000s ]
[ sql ] [ SQL ] SHOW COLUMNS FROM `mc_agency_info` [ RunTime:0.003000s ]
[ sql ] [ SQL ] SELECT * FROM `mc_agency_info` WHERE  `member` = 1 LIMIT 1 [ RunTime:0.001000s ]

---------------------------------------------------------------
[ 2018-06-07T10:03:13+08:00 ] [ sql ] [ DB ] CONNECT:[ UseTime:0.011000s ] mysql:dbname=db_mc;host=127.0.0.1;port=3306;charset=utf8
[ sql ] [ SQL ] SHOW COLUMNS FROM `mc_product` [ RunTime:0.001000s ]
[ sql ] [ SQL ] SELECT * FROM `mc_product` WHERE  `state` = 1  AND `amount` > 0 ORDER BY date DESC LIMIT 0,15 [ RunTime:0.001000s ]
[ sql ] [ SQL ] SELECT COUNT(*) AS tp_count FROM `mc_product` WHERE  `state` = 1  AND `amount` > 0 LIMIT 1 [ RunTime:0.000000s ]
[ sql ] [ SQL ] SHOW COLUMNS FROM `mc_agency_info` [ RunTime:0.001000s ]
[ sql ] [ SQL ] SELECT * FROM `mc_agency_info` WHERE  `member` = 1 LIMIT 1 [ RunTime:0.000000s ]

---------------------------------------------------------------
[ 2018-06-07T10:03:29+08:00 ] [ sql ] [ DB ] CONNECT:[ UseTime:0.010000s ] mysql:dbname=db_mc;host=127.0.0.1;port=3306;charset=utf8
[ sql ] [ SQL ] SHOW COLUMNS FROM `mc_product` [ RunTime:0.002000s ]
[ sql ] [ SQL ] SELECT * FROM `mc_product` WHERE  `state` = 1  AND `amount` > 0 ORDER BY date DESC LIMIT 0,15 [ RunTime:0.001000s ]
[ sql ] [ SQL ] SELECT COUNT(*) AS tp_count FROM `mc_product` WHERE  `state` = 1  AND `amount` > 0 LIMIT 1 [ RunTime:0.000000s ]
[ sql ] [ SQL ] SHOW COLUMNS FROM `mc_agency_info` [ RunTime:0.001000s ]
[ sql ] [ SQL ] SELECT * FROM `mc_agency_info` WHERE  `member` = 1 LIMIT 1 [ RunTime:0.001000s ]

---------------------------------------------------------------
[ 2018-06-07T10:03:35+08:00 ] [ sql ] [ DB ] CONNECT:[ UseTime:0.001000s ] mysql:dbname=db_mc;host=127.0.0.1;port=3306;charset=utf8
[ sql ] [ SQL ] SHOW COLUMNS FROM `mc_product` [ RunTime:0.001000s ]
[ sql ] [ SQL ] SELECT * FROM `mc_product` WHERE  `id` = 2 LIMIT 1 [ RunTime:0.001000s ]

---------------------------------------------------------------
[ 2018-06-07T10:03:37+08:00 ] [ sql ] [ DB ] CONNECT:[ UseTime:0.010000s ] mysql:dbname=db_mc;host=127.0.0.1;port=3306;charset=utf8
[ sql ] [ SQL ] SHOW COLUMNS FROM `mc_product` [ RunTime:0.001000s ]
[ sql ] [ SQL ] SELECT * FROM `mc_product` WHERE  `state` = 1  AND `amount` > 0 ORDER BY date DESC LIMIT 0,15 [ RunTime:0.001000s ]
[ sql ] [ SQL ] SELECT COUNT(*) AS tp_count FROM `mc_product` WHERE  `state` = 1  AND `amount` > 0 LIMIT 1 [ RunTime:0.000000s ]
[ sql ] [ SQL ] SHOW COLUMNS FROM `mc_agency_info` [ RunTime:0.001000s ]
[ sql ] [ SQL ] SELECT * FROM `mc_agency_info` WHERE  `member` = 1 LIMIT 1 [ RunTime:0.000000s ]

---------------------------------------------------------------
[ 2018-06-07T14:39:27+08:00 ] [ sql ] [ DB ] CONNECT:[ UseTime:0.002000s ] mysql:dbname=db_mc;host=127.0.0.1;port=3306;charset=utf8
[ sql ] [ SQL ] SHOW COLUMNS FROM `mc_product` [ RunTime:0.003000s ]
[ sql ] [ SQL ] SELECT * FROM `mc_product` WHERE  `state` = 1  AND `amount` > 0 ORDER BY date DESC LIMIT 0,15 [ RunTime:0.001000s ]
[ sql ] [ SQL ] SELECT COUNT(*) AS tp_count FROM `mc_product` WHERE  `state` = 1  AND `amount` > 0 LIMIT 1 [ RunTime:0.000000s ]
[ sql ] [ SQL ] SHOW COLUMNS FROM `mc_agency_info` [ RunTime:0.002000s ]
[ sql ] [ SQL ] SELECT * FROM `mc_agency_info` WHERE  `member` = 1 LIMIT 1 [ RunTime:0.000000s ]

---------------------------------------------------------------
[ 2018-06-07T14:39:28+08:00 ] [ sql ] [ DB ] CONNECT:[ UseTime:0.010000s ] mysql:dbname=db_mc;host=127.0.0.1;port=3306;charset=utf8
[ sql ] [ SQL ] SHOW COLUMNS FROM `mc_product` [ RunTime:0.001000s ]
[ sql ] [ SQL ] SELECT * FROM `mc_product` WHERE  `id` = 2 LIMIT 1 [ RunTime:0.001000s ]

---------------------------------------------------------------
[ 2018-06-07T14:40:28+08:00 ] [ sql ] [ DB ] CONNECT:[ UseTime:0.001000s ] mysql:dbname=db_mc;host=127.0.0.1;port=3306;charset=utf8
[ sql ] [ SQL ] SHOW COLUMNS FROM `mc_product` [ RunTime:0.001000s ]
[ sql ] [ SQL ] SELECT * FROM `mc_product` WHERE  `id` = 2 LIMIT 1 [ RunTime:0.000000s ]

---------------------------------------------------------------
[ 2018-06-07T14:48:30+08:00 ] [ sql ] [ DB ] CONNECT:[ UseTime:0.010000s ] mysql:dbname=db_mc;host=127.0.0.1;port=3306;charset=utf8
[ sql ] [ SQL ] SHOW COLUMNS FROM `mc_product` [ RunTime:0.001000s ]
[ sql ] [ SQL ] SELECT * FROM `mc_product` WHERE  `id` = 2 LIMIT 1 [ RunTime:0.001000s ]
[ error ] [2]array_key_exists(): The first argument should be either a string or an integer

---------------------------------------------------------------
[ 2018-06-07T14:48:58+08:00 ] [ sql ] [ DB ] CONNECT:[ UseTime:0.010000s ] mysql:dbname=db_mc;host=127.0.0.1;port=3306;charset=utf8
[ sql ] [ SQL ] SHOW COLUMNS FROM `mc_product` [ RunTime:0.002000s ]
[ sql ] [ SQL ] SELECT * FROM `mc_product` WHERE  `id` = 2 LIMIT 1 [ RunTime:0.000000s ]

---------------------------------------------------------------
[ 2018-06-07T14:49:16+08:00 ] [ sql ] [ DB ] CONNECT:[ UseTime:0.011000s ] mysql:dbname=db_mc;host=127.0.0.1;port=3306;charset=utf8
[ sql ] [ SQL ] SHOW COLUMNS FROM `mc_product` [ RunTime:0.001000s ]
[ sql ] [ SQL ] SELECT * FROM `mc_product` WHERE  `id` = 2 LIMIT 1 [ RunTime:0.001000s ]

---------------------------------------------------------------
[ 2018-06-07T14:49:18+08:00 ] [ sql ] [ DB ] CONNECT:[ UseTime:0.002000s ] mysql:dbname=db_mc;host=127.0.0.1;port=3306;charset=utf8
[ sql ] [ SQL ] SHOW COLUMNS FROM `mc_product` [ RunTime:0.001000s ]
[ sql ] [ SQL ] SELECT * FROM `mc_product` WHERE  `id` = 2 LIMIT 1 [ RunTime:0.001000s ]

---------------------------------------------------------------
[ 2018-06-07T14:49:42+08:00 ] [ sql ] [ DB ] CONNECT:[ UseTime:0.010000s ] mysql:dbname=db_mc;host=127.0.0.1;port=3306;charset=utf8
[ sql ] [ SQL ] SHOW COLUMNS FROM `mc_product` [ RunTime:0.001000s ]
[ sql ] [ SQL ] SELECT * FROM `mc_product` WHERE  `id` = 2 LIMIT 1 [ RunTime:0.001000s ]

---------------------------------------------------------------
[ 2018-06-07T15:08:34+08:00 ] [ sql ] [ DB ] CONNECT:[ UseTime:0.010000s ] mysql:dbname=db_mc;host=127.0.0.1;port=3306;charset=utf8
[ sql ] [ SQL ] SHOW COLUMNS FROM `mc_product` [ RunTime:0.001000s ]
[ sql ] [ SQL ] SELECT * FROM `mc_product` WHERE  `id` = 2 LIMIT 1 [ RunTime:0.001000s ]

---------------------------------------------------------------
[ 2018-06-07T15:10:53+08:00 ] [ sql ] [ DB ] CONNECT:[ UseTime:0.010000s ] mysql:dbname=db_mc;host=127.0.0.1;port=3306;charset=utf8
[ sql ] [ SQL ] SHOW COLUMNS FROM `mc_product` [ RunTime:0.001000s ]
[ sql ] [ SQL ] SELECT * FROM `mc_product` WHERE  `id` = 2 LIMIT 1 [ RunTime:0.001000s ]

---------------------------------------------------------------
[ 2018-06-07T15:11:08+08:00 ] [ sql ] [ DB ] CONNECT:[ UseTime:0.001000s ] mysql:dbname=db_mc;host=127.0.0.1;port=3306;charset=utf8
[ sql ] [ SQL ] SHOW COLUMNS FROM `mc_product` [ RunTime:0.001000s ]
[ sql ] [ SQL ] SELECT * FROM `mc_product` WHERE  `id` = 2 LIMIT 1 [ RunTime:0.001000s ]

---------------------------------------------------------------
[ 2018-06-07T15:11:09+08:00 ] [ sql ] [ DB ] CONNECT:[ UseTime:0.010000s ] mysql:dbname=db_mc;host=127.0.0.1;port=3306;charset=utf8
[ sql ] [ SQL ] SHOW COLUMNS FROM `mc_product` [ RunTime:0.000000s ]
[ sql ] [ SQL ] SELECT * FROM `mc_product` WHERE  `id` = 2 LIMIT 1 [ RunTime:0.000000s ]

---------------------------------------------------------------
[ 2018-06-07T15:11:10+08:00 ] [ sql ] [ DB ] CONNECT:[ UseTime:0.003000s ] mysql:dbname=db_mc;host=127.0.0.1;port=3306;charset=utf8
[ sql ] [ SQL ] SHOW COLUMNS FROM `mc_product` [ RunTime:0.001000s ]
[ sql ] [ SQL ] SELECT * FROM `mc_product` WHERE  `id` = 2 LIMIT 1 [ RunTime:0.000000s ]

---------------------------------------------------------------
[ 2018-06-07T15:11:10+08:00 ] [ sql ] [ DB ] CONNECT:[ UseTime:0.010000s ] mysql:dbname=db_mc;host=127.0.0.1;port=3306;charset=utf8
[ sql ] [ SQL ] SHOW COLUMNS FROM `mc_product` [ RunTime:0.001000s ]
[ sql ] [ SQL ] SELECT * FROM `mc_product` WHERE  `id` = 2 LIMIT 1 [ RunTime:0.001000s ]

---------------------------------------------------------------
[ 2018-06-07T15:11:10+08:00 ] [ sql ] [ DB ] CONNECT:[ UseTime:0.001000s ] mysql:dbname=db_mc;host=127.0.0.1;port=3306;charset=utf8
[ sql ] [ SQL ] SHOW COLUMNS FROM `mc_product` [ RunTime:0.001000s ]
[ sql ] [ SQL ] SELECT * FROM `mc_product` WHERE  `id` = 2 LIMIT 1 [ RunTime:0.000000s ]

---------------------------------------------------------------
[ 2018-06-07T15:11:27+08:00 ] [ sql ] [ DB ] CONNECT:[ UseTime:0.002000s ] mysql:dbname=db_mc;host=127.0.0.1;port=3306;charset=utf8
[ sql ] [ SQL ] SHOW COLUMNS FROM `mc_product` [ RunTime:0.000000s ]
[ sql ] [ SQL ] SELECT * FROM `mc_product` WHERE  `id` = 2 LIMIT 1 [ RunTime:0.000000s ]

---------------------------------------------------------------
[ 2018-06-07T15:11:55+08:00 ] [ sql ] [ DB ] CONNECT:[ UseTime:0.001000s ] mysql:dbname=db_mc;host=127.0.0.1;port=3306;charset=utf8
[ sql ] [ SQL ] SHOW COLUMNS FROM `mc_product` [ RunTime:0.000000s ]
[ sql ] [ SQL ] SELECT * FROM `mc_product` WHERE  `id` = 2 LIMIT 1 [ RunTime:0.000000s ]

---------------------------------------------------------------
[ 2018-06-07T15:12:13+08:00 ] [ sql ] [ DB ] CONNECT:[ UseTime:0.010000s ] mysql:dbname=db_mc;host=127.0.0.1;port=3306;charset=utf8
[ sql ] [ SQL ] SHOW COLUMNS FROM `mc_product` [ RunTime:0.001000s ]
[ sql ] [ SQL ] SELECT * FROM `mc_product` WHERE  `id` = 2 LIMIT 1 [ RunTime:0.000000s ]

---------------------------------------------------------------
[ 2018-06-07T15:12:14+08:00 ] [ sql ] [ DB ] CONNECT:[ UseTime:0.010000s ] mysql:dbname=db_mc;host=127.0.0.1;port=3306;charset=utf8
[ sql ] [ SQL ] SHOW COLUMNS FROM `mc_product` [ RunTime:0.000000s ]
[ sql ] [ SQL ] SELECT * FROM `mc_product` WHERE  `id` = 2 LIMIT 1 [ RunTime:0.000000s ]

---------------------------------------------------------------
[ 2018-06-07T15:12:45+08:00 ] [ sql ] [ DB ] CONNECT:[ UseTime:0.001000s ] mysql:dbname=db_mc;host=127.0.0.1;port=3306;charset=utf8
[ sql ] [ SQL ] SHOW COLUMNS FROM `mc_product` [ RunTime:0.001000s ]
[ sql ] [ SQL ] SELECT * FROM `mc_product` WHERE  `state` = 1  AND `amount` > 0 ORDER BY date DESC LIMIT 0,15 [ RunTime:0.000000s ]
[ sql ] [ SQL ] SELECT COUNT(*) AS tp_count FROM `mc_product` WHERE  `state` = 1  AND `amount` > 0 LIMIT 1 [ RunTime:0.000000s ]
[ sql ] [ SQL ] SHOW COLUMNS FROM `mc_agency_info` [ RunTime:0.001000s ]
[ sql ] [ SQL ] SELECT * FROM `mc_agency_info` WHERE  `member` = 1 LIMIT 1 [ RunTime:0.000000s ]

---------------------------------------------------------------
[ 2018-06-07T15:12:52+08:00 ] [ sql ] [ DB ] CONNECT:[ UseTime:0.001000s ] mysql:dbname=db_mc;host=127.0.0.1;port=3306;charset=utf8
[ sql ] [ SQL ] SHOW COLUMNS FROM `mc_silder` [ RunTime:0.001000s ]
[ sql ] [ SQL ] SELECT * FROM `mc_silder` WHERE  `date_end` >= 1528355572 [ RunTime:0.001000s ]

---------------------------------------------------------------
[ 2018-06-07T15:12:54+08:00 ] [ sql ] [ DB ] CONNECT:[ UseTime:0.003000s ] mysql:dbname=db_mc;host=127.0.0.1;port=3306;charset=utf8
[ sql ] [ SQL ] SHOW COLUMNS FROM `mc_ad` [ RunTime:0.003000s ]
[ sql ] [ SQL ] SELECT COUNT(*) AS tp_count FROM `mc_ad` WHERE  `mid` = 1 ORDER BY date DESC LIMIT 1 [ RunTime:0.001000s ]
[ sql ] [ SQL ] SELECT * FROM `mc_ad` WHERE  `mid` = 1 ORDER BY date DESC LIMIT 0,15 [ RunTime:0.000000s ]

---------------------------------------------------------------
[ 2018-06-07T15:14:57+08:00 ] [ sql ] [ DB ] CONNECT:[ UseTime:0.011000s ] mysql:dbname=db_mc;host=127.0.0.1;port=3306;charset=utf8
[ sql ] [ SQL ] SHOW COLUMNS FROM `mc_silder` [ RunTime:0.002000s ]
[ sql ] [ SQL ] SELECT * FROM `mc_silder` WHERE  `date_end` >= 1528355697 [ RunTime:0.000000s ]

---------------------------------------------------------------
[ 2018-06-07T15:14:58+08:00 ] [ sql ] [ DB ] CONNECT:[ UseTime:0.011000s ] mysql:dbname=db_mc;host=127.0.0.1;port=3306;charset=utf8
[ sql ] [ SQL ] SHOW COLUMNS FROM `mc_product` [ RunTime:0.001000s ]
[ sql ] [ SQL ] SELECT * FROM `mc_product` WHERE  `state` = 1  AND `amount` > 0 ORDER BY date DESC LIMIT 0,15 [ RunTime:0.001000s ]
[ sql ] [ SQL ] SELECT COUNT(*) AS tp_count FROM `mc_product` WHERE  `state` = 1  AND `amount` > 0 LIMIT 1 [ RunTime:0.000000s ]
[ sql ] [ SQL ] SHOW COLUMNS FROM `mc_agency_info` [ RunTime:0.001000s ]
[ sql ] [ SQL ] SELECT * FROM `mc_agency_info` WHERE  `member` = 1 LIMIT 1 [ RunTime:0.000000s ]

---------------------------------------------------------------
[ 2018-06-07T15:15:11+08:00 ] [ sql ] [ DB ] CONNECT:[ UseTime:0.010000s ] mysql:dbname=db_mc;host=127.0.0.1;port=3306;charset=utf8
[ sql ] [ SQL ] SHOW COLUMNS FROM `mc_product` [ RunTime:0.001000s ]
[ sql ] [ SQL ] SELECT * FROM `mc_product` WHERE  `state` = 1  AND `amount` > 0 ORDER BY date DESC LIMIT 0,15 [ RunTime:0.000000s ]
[ sql ] [ SQL ] SELECT COUNT(*) AS tp_count FROM `mc_product` WHERE  `state` = 1  AND `amount` > 0 LIMIT 1 [ RunTime:0.000000s ]
[ sql ] [ SQL ] SHOW COLUMNS FROM `mc_agency_info` [ RunTime:0.001000s ]
[ sql ] [ SQL ] SELECT * FROM `mc_agency_info` WHERE  `member` = 1 LIMIT 1 [ RunTime:0.000000s ]

---------------------------------------------------------------
[ 2018-06-07T15:15:42+08:00 ] [ sql ] [ DB ] CONNECT:[ UseTime:0.001000s ] mysql:dbname=db_mc;host=127.0.0.1;port=3306;charset=utf8
[ sql ] [ SQL ] SHOW COLUMNS FROM `mc_product` [ RunTime:0.001000s ]
[ sql ] [ SQL ] SELECT * FROM `mc_product` WHERE  `state` = 1  AND `amount` > 0 ORDER BY date DESC LIMIT 0,15 [ RunTime:0.000000s ]
[ sql ] [ SQL ] SELECT COUNT(*) AS tp_count FROM `mc_product` WHERE  `state` = 1  AND `amount` > 0 LIMIT 1 [ RunTime:0.000000s ]
[ sql ] [ SQL ] SHOW COLUMNS FROM `mc_agency_info` [ RunTime:0.001000s ]
[ sql ] [ SQL ] SELECT * FROM `mc_agency_info` WHERE  `member` = 1 LIMIT 1 [ RunTime:0.001000s ]

---------------------------------------------------------------
[ 2018-06-07T15:15:43+08:00 ] [ sql ] [ DB ] CONNECT:[ UseTime:0.010000s ] mysql:dbname=db_mc;host=127.0.0.1;port=3306;charset=utf8
[ sql ] [ SQL ] SHOW COLUMNS FROM `mc_product` [ RunTime:0.000000s ]
[ sql ] [ SQL ] SELECT * FROM `mc_product` WHERE  `id` = 2 LIMIT 1 [ RunTime:0.000000s ]

---------------------------------------------------------------
[ 2018-06-07T15:18:00+08:00 ] [ sql ] [ DB ] CONNECT:[ UseTime:0.011000s ] mysql:dbname=db_mc;host=127.0.0.1;port=3306;charset=utf8
[ sql ] [ SQL ] SHOW COLUMNS FROM `mc_product` [ RunTime:0.001000s ]
[ sql ] [ SQL ] SELECT * FROM `mc_product` WHERE  `id` = 2 LIMIT 1 [ RunTime:0.000000s ]

---------------------------------------------------------------
[ 2018-06-07T15:18:14+08:00 ] [ sql ] [ DB ] CONNECT:[ UseTime:0.001000s ] mysql:dbname=db_mc;host=127.0.0.1;port=3306;charset=utf8
[ sql ] [ SQL ] SHOW COLUMNS FROM `mc_product` [ RunTime:0.001000s ]
[ sql ] [ SQL ] SELECT * FROM `mc_product` WHERE  `id` = 2 LIMIT 1 [ RunTime:0.000000s ]

---------------------------------------------------------------
[ 2018-06-07T15:18:25+08:00 ] [ sql ] [ DB ] CONNECT:[ UseTime:0.001000s ] mysql:dbname=db_mc;host=127.0.0.1;port=3306;charset=utf8
[ sql ] [ SQL ] SHOW COLUMNS FROM `mc_product` [ RunTime:0.000000s ]
[ sql ] [ SQL ] SELECT * FROM `mc_product` WHERE  `id` = 2 LIMIT 1 [ RunTime:0.000000s ]

---------------------------------------------------------------
[ 2018-06-07T15:20:12+08:00 ] [ sql ] [ DB ] CONNECT:[ UseTime:0.011000s ] mysql:dbname=db_mc;host=127.0.0.1;port=3306;charset=utf8
[ sql ] [ SQL ] SHOW COLUMNS FROM `mc_product` [ RunTime:0.000000s ]
[ sql ] [ SQL ] SELECT * FROM `mc_product` WHERE  `id` = 2 LIMIT 1 [ RunTime:0.000000s ]

---------------------------------------------------------------
[ 2018-06-07T15:20:30+08:00 ] [ sql ] [ DB ] CONNECT:[ UseTime:0.001000s ] mysql:dbname=db_mc;host=127.0.0.1;port=3306;charset=utf8
[ sql ] [ SQL ] SHOW COLUMNS FROM `mc_product` [ RunTime:0.000000s ]
[ sql ] [ SQL ] SELECT * FROM `mc_product` WHERE  `id` = 2 LIMIT 1 [ RunTime:0.000000s ]

---------------------------------------------------------------
[ 2018-06-07T15:20:40+08:00 ] [ sql ] [ DB ] CONNECT:[ UseTime:0.002000s ] mysql:dbname=db_mc;host=127.0.0.1;port=3306;charset=utf8
[ sql ] [ SQL ] SHOW COLUMNS FROM `mc_product` [ RunTime:0.000000s ]
[ sql ] [ SQL ] SELECT * FROM `mc_product` WHERE  `id` = 2 LIMIT 1 [ RunTime:0.000000s ]

---------------------------------------------------------------
[ 2018-06-07T15:20:44+08:00 ] [ sql ] [ DB ] CONNECT:[ UseTime:0.002000s ] mysql:dbname=db_mc;host=127.0.0.1;port=3306;charset=utf8
[ sql ] [ SQL ] SHOW COLUMNS FROM `mc_product` [ RunTime:0.001000s ]
[ sql ] [ SQL ] SELECT * FROM `mc_product` WHERE  `id` = 2 LIMIT 1 [ RunTime:0.001000s ]

---------------------------------------------------------------
[ 2018-06-07T15:20:50+08:00 ] [ sql ] [ DB ] CONNECT:[ UseTime:0.010000s ] mysql:dbname=db_mc;host=127.0.0.1;port=3306;charset=utf8
[ sql ] [ SQL ] SHOW COLUMNS FROM `mc_product` [ RunTime:0.000000s ]
[ sql ] [ SQL ] SELECT * FROM `mc_product` WHERE  `id` = 2 LIMIT 1 [ RunTime:0.000000s ]

---------------------------------------------------------------
[ 2018-06-07T15:21:45+08:00 ] [ sql ] [ DB ] CONNECT:[ UseTime:0.001000s ] mysql:dbname=db_mc;host=127.0.0.1;port=3306;charset=utf8
[ sql ] [ SQL ] SHOW COLUMNS FROM `mc_product` [ RunTime:0.001000s ]
[ sql ] [ SQL ] SELECT * FROM `mc_product` WHERE  `id` = 2 LIMIT 1 [ RunTime:0.001000s ]

---------------------------------------------------------------
[ 2018-06-07T15:22:11+08:00 ] [ sql ] [ DB ] CONNECT:[ UseTime:0.011000s ] mysql:dbname=db_mc;host=127.0.0.1;port=3306;charset=utf8
[ sql ] [ SQL ] SHOW COLUMNS FROM `mc_product` [ RunTime:0.001000s ]
[ sql ] [ SQL ] SELECT * FROM `mc_product` WHERE  `id` = 2 LIMIT 1 [ RunTime:0.000000s ]

---------------------------------------------------------------
[ 2018-06-07T15:22:13+08:00 ] [ sql ] [ DB ] CONNECT:[ UseTime:0.010000s ] mysql:dbname=db_mc;host=127.0.0.1;port=3306;charset=utf8
[ sql ] [ SQL ] SHOW COLUMNS FROM `mc_product` [ RunTime:0.000000s ]
[ sql ] [ SQL ] SELECT * FROM `mc_product` WHERE  `id` = 2 LIMIT 1 [ RunTime:0.000000s ]

---------------------------------------------------------------
[ 2018-06-07T15:22:36+08:00 ] [ sql ] [ DB ] CONNECT:[ UseTime:0.010000s ] mysql:dbname=db_mc;host=127.0.0.1;port=3306;charset=utf8
[ sql ] [ SQL ] SHOW COLUMNS FROM `mc_product` [ RunTime:0.001000s ]
[ sql ] [ SQL ] SELECT * FROM `mc_product` WHERE  `id` = 2 LIMIT 1 [ RunTime:0.001000s ]

---------------------------------------------------------------
[ 2018-06-07T15:23:31+08:00 ] [ sql ] [ DB ] CONNECT:[ UseTime:0.011000s ] mysql:dbname=db_mc;host=127.0.0.1;port=3306;charset=utf8
[ sql ] [ SQL ] SHOW COLUMNS FROM `mc_product` [ RunTime:0.001000s ]
[ sql ] [ SQL ] SELECT * FROM `mc_product` WHERE  `id` = 2 LIMIT 1 [ RunTime:0.000000s ]

---------------------------------------------------------------
[ 2018-06-07T15:23:54+08:00 ] [ sql ] [ DB ] CONNECT:[ UseTime:0.001000s ] mysql:dbname=db_mc;host=127.0.0.1;port=3306;charset=utf8
[ sql ] [ SQL ] SHOW COLUMNS FROM `mc_product` [ RunTime:0.000000s ]
[ sql ] [ SQL ] SELECT * FROM `mc_product` WHERE  `id` = 2 LIMIT 1 [ RunTime:0.001000s ]

---------------------------------------------------------------
[ 2018-06-07T15:24:29+08:00 ] [ sql ] [ DB ] CONNECT:[ UseTime:0.002000s ] mysql:dbname=db_mc;host=127.0.0.1;port=3306;charset=utf8
[ sql ] [ SQL ] SHOW COLUMNS FROM `mc_product` [ RunTime:0.001000s ]
[ sql ] [ SQL ] SELECT * FROM `mc_product` WHERE  `id` = 2 LIMIT 1 [ RunTime:0.001000s ]

---------------------------------------------------------------
[ 2018-06-07T15:25:10+08:00 ] [ sql ] [ DB ] CONNECT:[ UseTime:0.001000s ] mysql:dbname=db_mc;host=127.0.0.1;port=3306;charset=utf8
[ sql ] [ SQL ] SHOW COLUMNS FROM `mc_product` [ RunTime:0.001000s ]
[ sql ] [ SQL ] SELECT * FROM `mc_product` WHERE  `id` = 2 LIMIT 1 [ RunTime:0.000000s ]

---------------------------------------------------------------
[ 2018-06-07T15:26:18+08:00 ] [ sql ] [ DB ] CONNECT:[ UseTime:0.010000s ] mysql:dbname=db_mc;host=127.0.0.1;port=3306;charset=utf8
[ sql ] [ SQL ] SHOW COLUMNS FROM `mc_product` [ RunTime:0.000000s ]
[ sql ] [ SQL ] SELECT * FROM `mc_product` WHERE  `id` = 2 LIMIT 1 [ RunTime:0.000000s ]

---------------------------------------------------------------
[ 2018-06-07T15:26:32+08:00 ] [ sql ] [ DB ] CONNECT:[ UseTime:0.002000s ] mysql:dbname=db_mc;host=127.0.0.1;port=3306;charset=utf8
[ sql ] [ SQL ] SHOW COLUMNS FROM `mc_product` [ RunTime:0.002000s ]
[ sql ] [ SQL ] SELECT * FROM `mc_product` WHERE  `id` = 2 LIMIT 1 [ RunTime:0.000000s ]

---------------------------------------------------------------
[ 2018-06-07T15:26:52+08:00 ] [ sql ] [ DB ] CONNECT:[ UseTime:0.011000s ] mysql:dbname=db_mc;host=127.0.0.1;port=3306;charset=utf8
[ sql ] [ SQL ] SHOW COLUMNS FROM `mc_product` [ RunTime:0.000000s ]
[ sql ] [ SQL ] SELECT * FROM `mc_product` WHERE  `id` = 2 LIMIT 1 [ RunTime:0.000000s ]

---------------------------------------------------------------
[ 2018-06-07T15:27:08+08:00 ] [ sql ] [ DB ] CONNECT:[ UseTime:0.010000s ] mysql:dbname=db_mc;host=127.0.0.1;port=3306;charset=utf8
[ sql ] [ SQL ] SHOW COLUMNS FROM `mc_product` [ RunTime:0.000000s ]
[ sql ] [ SQL ] SELECT * FROM `mc_product` WHERE  `id` = 2 LIMIT 1 [ RunTime:0.000000s ]

---------------------------------------------------------------
[ 2018-06-07T15:27:33+08:00 ] [ sql ] [ DB ] CONNECT:[ UseTime:0.002000s ] mysql:dbname=db_mc;host=127.0.0.1;port=3306;charset=utf8
[ sql ] [ SQL ] SHOW COLUMNS FROM `mc_product` [ RunTime:0.000000s ]
[ sql ] [ SQL ] SELECT * FROM `mc_product` WHERE  `id` = 2 LIMIT 1 [ RunTime:0.000000s ]

---------------------------------------------------------------
[ 2018-06-07T15:27:34+08:00 ] [ sql ] [ DB ] CONNECT:[ UseTime:0.010000s ] mysql:dbname=db_mc;host=127.0.0.1;port=3306;charset=utf8
[ sql ] [ SQL ] SHOW COLUMNS FROM `mc_product` [ RunTime:0.001000s ]
[ sql ] [ SQL ] SELECT * FROM `mc_product` WHERE  `id` = 2 LIMIT 1 [ RunTime:0.001000s ]

---------------------------------------------------------------
[ 2018-06-07T15:27:53+08:00 ] [ sql ] [ DB ] CONNECT:[ UseTime:0.010000s ] mysql:dbname=db_mc;host=127.0.0.1;port=3306;charset=utf8
[ sql ] [ SQL ] SHOW COLUMNS FROM `mc_product` [ RunTime:0.001000s ]
[ sql ] [ SQL ] SELECT * FROM `mc_product` WHERE  `id` = 2 LIMIT 1 [ RunTime:0.000000s ]

---------------------------------------------------------------
[ 2018-06-07T15:28:41+08:00 ] [ sql ] [ DB ] CONNECT:[ UseTime:0.010000s ] mysql:dbname=db_mc;host=127.0.0.1;port=3306;charset=utf8
[ sql ] [ SQL ] SHOW COLUMNS FROM `mc_product` [ RunTime:0.001000s ]
[ sql ] [ SQL ] SELECT * FROM `mc_product` WHERE  `id` = 2 LIMIT 1 [ RunTime:0.001000s ]

---------------------------------------------------------------
[ 2018-06-07T15:29:27+08:00 ] [ sql ] [ DB ] CONNECT:[ UseTime:0.002000s ] mysql:dbname=db_mc;host=127.0.0.1;port=3306;charset=utf8
[ sql ] [ SQL ] SHOW COLUMNS FROM `mc_product` [ RunTime:0.001000s ]
[ sql ] [ SQL ] SELECT * FROM `mc_product` WHERE  `id` = 2 LIMIT 1 [ RunTime:0.001000s ]

---------------------------------------------------------------
[ 2018-06-07T15:29:33+08:00 ] [ sql ] [ DB ] CONNECT:[ UseTime:0.001000s ] mysql:dbname=db_mc;host=127.0.0.1;port=3306;charset=utf8
[ sql ] [ SQL ] SHOW COLUMNS FROM `mc_product` [ RunTime:0.001000s ]
[ sql ] [ SQL ] SELECT * FROM `mc_product` WHERE  `id` = 2 LIMIT 1 [ RunTime:0.001000s ]

---------------------------------------------------------------
[ 2018-06-07T15:30:23+08:00 ] [ sql ] [ DB ] CONNECT:[ UseTime:0.010000s ] mysql:dbname=db_mc;host=127.0.0.1;port=3306;charset=utf8
[ sql ] [ SQL ] SHOW COLUMNS FROM `mc_product` [ RunTime:0.000000s ]
[ sql ] [ SQL ] SELECT * FROM `mc_product` WHERE  `id` = 2 LIMIT 1 [ RunTime:0.001000s ]

---------------------------------------------------------------
[ 2018-06-07T15:30:32+08:00 ] [ sql ] [ DB ] CONNECT:[ UseTime:0.010000s ] mysql:dbname=db_mc;host=127.0.0.1;port=3306;charset=utf8
[ sql ] [ SQL ] SHOW COLUMNS FROM `mc_product` [ RunTime:0.000000s ]
[ sql ] [ SQL ] SELECT * FROM `mc_product` WHERE  `id` = 2 LIMIT 1 [ RunTime:0.000000s ]

---------------------------------------------------------------
[ 2018-06-07T15:31:10+08:00 ] [ sql ] [ DB ] CONNECT:[ UseTime:0.010000s ] mysql:dbname=db_mc;host=127.0.0.1;port=3306;charset=utf8
[ sql ] [ SQL ] SHOW COLUMNS FROM `mc_product` [ RunTime:0.000000s ]
[ sql ] [ SQL ] SELECT * FROM `mc_product` WHERE  `id` = 2 LIMIT 1 [ RunTime:0.000000s ]

---------------------------------------------------------------
[ 2018-06-07T15:31:41+08:00 ] [ sql ] [ DB ] CONNECT:[ UseTime:0.002000s ] mysql:dbname=db_mc;host=127.0.0.1;port=3306;charset=utf8
[ sql ] [ SQL ] SHOW COLUMNS FROM `mc_product` [ RunTime:0.001000s ]
[ sql ] [ SQL ] SELECT * FROM `mc_product` WHERE  `id` = 2 LIMIT 1 [ RunTime:0.001000s ]

---------------------------------------------------------------
[ 2018-06-07T15:31:55+08:00 ] [ sql ] [ DB ] CONNECT:[ UseTime:0.010000s ] mysql:dbname=db_mc;host=127.0.0.1;port=3306;charset=utf8
[ sql ] [ SQL ] SHOW COLUMNS FROM `mc_product` [ RunTime:0.000000s ]
[ sql ] [ SQL ] SELECT * FROM `mc_product` WHERE  `id` = 2 LIMIT 1 [ RunTime:0.000000s ]

---------------------------------------------------------------
[ 2018-06-07T15:32:22+08:00 ] [ sql ] [ DB ] CONNECT:[ UseTime:0.010000s ] mysql:dbname=db_mc;host=127.0.0.1;port=3306;charset=utf8
[ sql ] [ SQL ] SHOW COLUMNS FROM `mc_product` [ RunTime:0.000000s ]
[ sql ] [ SQL ] SELECT * FROM `mc_product` WHERE  `id` = 2 LIMIT 1 [ RunTime:0.000000s ]

---------------------------------------------------------------
[ 2018-06-07T15:32:32+08:00 ] [ sql ] [ DB ] CONNECT:[ UseTime:0.002000s ] mysql:dbname=db_mc;host=127.0.0.1;port=3306;charset=utf8
[ sql ] [ SQL ] SHOW COLUMNS FROM `mc_product` [ RunTime:0.002000s ]
[ sql ] [ SQL ] SELECT * FROM `mc_product` WHERE  `id` = 2 LIMIT 1 [ RunTime:0.001000s ]

---------------------------------------------------------------
[ 2018-06-07T15:32:42+08:00 ] [ sql ] [ DB ] CONNECT:[ UseTime:0.010000s ] mysql:dbname=db_mc;host=127.0.0.1;port=3306;charset=utf8
[ sql ] [ SQL ] SHOW COLUMNS FROM `mc_product` [ RunTime:0.000000s ]
[ sql ] [ SQL ] SELECT * FROM `mc_product` WHERE  `id` = 2 LIMIT 1 [ RunTime:0.000000s ]

---------------------------------------------------------------
[ 2018-06-07T15:32:52+08:00 ] [ sql ] [ DB ] CONNECT:[ UseTime:0.010000s ] mysql:dbname=db_mc;host=127.0.0.1;port=3306;charset=utf8
[ sql ] [ SQL ] SHOW COLUMNS FROM `mc_product` [ RunTime:0.000000s ]
[ sql ] [ SQL ] SELECT * FROM `mc_product` WHERE  `id` = 2 LIMIT 1 [ RunTime:0.000000s ]

---------------------------------------------------------------
[ 2018-06-07T15:33:13+08:00 ] [ sql ] [ DB ] CONNECT:[ UseTime:0.010000s ] mysql:dbname=db_mc;host=127.0.0.1;port=3306;charset=utf8
[ sql ] [ SQL ] SHOW COLUMNS FROM `mc_product` [ RunTime:0.001000s ]
[ sql ] [ SQL ] SELECT * FROM `mc_product` WHERE  `id` = 2 LIMIT 1 [ RunTime:0.001000s ]

---------------------------------------------------------------
[ 2018-06-07T15:33:48+08:00 ] [ sql ] [ DB ] CONNECT:[ UseTime:0.010000s ] mysql:dbname=db_mc;host=127.0.0.1;port=3306;charset=utf8
[ sql ] [ SQL ] SHOW COLUMNS FROM `mc_product` [ RunTime:0.000000s ]
[ sql ] [ SQL ] SELECT * FROM `mc_product` WHERE  `id` = 2 LIMIT 1 [ RunTime:0.001000s ]

---------------------------------------------------------------
[ 2018-06-07T15:33:58+08:00 ] [ sql ] [ DB ] CONNECT:[ UseTime:0.010000s ] mysql:dbname=db_mc;host=127.0.0.1;port=3306;charset=utf8
[ sql ] [ SQL ] SHOW COLUMNS FROM `mc_product` [ RunTime:0.000000s ]
[ sql ] [ SQL ] SELECT * FROM `mc_product` WHERE  `id` = 2 LIMIT 1 [ RunTime:0.000000s ]

---------------------------------------------------------------
[ 2018-06-07T15:34:44+08:00 ] [ sql ] [ DB ] CONNECT:[ UseTime:0.010000s ] mysql:dbname=db_mc;host=127.0.0.1;port=3306;charset=utf8
[ sql ] [ SQL ] SHOW COLUMNS FROM `mc_product` [ RunTime:0.001000s ]
[ sql ] [ SQL ] SELECT * FROM `mc_product` WHERE  `id` = 2 LIMIT 1 [ RunTime:0.001000s ]

---------------------------------------------------------------
[ 2018-06-07T15:36:10+08:00 ] [ sql ] [ DB ] CONNECT:[ UseTime:0.010000s ] mysql:dbname=db_mc;host=127.0.0.1;port=3306;charset=utf8
[ sql ] [ SQL ] SHOW COLUMNS FROM `mc_product` [ RunTime:0.000000s ]
[ sql ] [ SQL ] SELECT * FROM `mc_product` WHERE  `id` = 2 LIMIT 1 [ RunTime:0.000000s ]

---------------------------------------------------------------
[ 2018-06-07T15:36:38+08:00 ] [ sql ] [ DB ] CONNECT:[ UseTime:0.011000s ] mysql:dbname=db_mc;host=127.0.0.1;port=3306;charset=utf8
[ sql ] [ SQL ] SHOW COLUMNS FROM `mc_product` [ RunTime:0.000000s ]
[ sql ] [ SQL ] SELECT * FROM `mc_product` WHERE  `id` = 2 LIMIT 1 [ RunTime:0.000000s ]

---------------------------------------------------------------
[ 2018-06-07T15:37:32+08:00 ] [ sql ] [ DB ] CONNECT:[ UseTime:0.002000s ] mysql:dbname=db_mc;host=127.0.0.1;port=3306;charset=utf8
[ sql ] [ SQL ] SHOW COLUMNS FROM `mc_product` [ RunTime:0.002000s ]
[ sql ] [ SQL ] SELECT * FROM `mc_product` WHERE  `id` = 2 LIMIT 1 [ RunTime:0.001000s ]

---------------------------------------------------------------
[ 2018-06-07T15:37:46+08:00 ] [ sql ] [ DB ] CONNECT:[ UseTime:0.012000s ] mysql:dbname=db_mc;host=127.0.0.1;port=3306;charset=utf8
[ sql ] [ SQL ] SHOW COLUMNS FROM `mc_product` [ RunTime:0.000000s ]
[ sql ] [ SQL ] SELECT * FROM `mc_product` WHERE  `id` = 2 LIMIT 1 [ RunTime:0.000000s ]

---------------------------------------------------------------
[ 2018-06-07T15:38:00+08:00 ] [ sql ] [ DB ] CONNECT:[ UseTime:0.011000s ] mysql:dbname=db_mc;host=127.0.0.1;port=3306;charset=utf8
[ sql ] [ SQL ] SHOW COLUMNS FROM `mc_product` [ RunTime:0.000000s ]
[ sql ] [ SQL ] SELECT * FROM `mc_product` WHERE  `id` = 2 LIMIT 1 [ RunTime:0.000000s ]

---------------------------------------------------------------
[ 2018-06-07T15:38:09+08:00 ] [ sql ] [ DB ] CONNECT:[ UseTime:0.010000s ] mysql:dbname=db_mc;host=127.0.0.1;port=3306;charset=utf8
[ sql ] [ SQL ] SHOW COLUMNS FROM `mc_product` [ RunTime:0.000000s ]
[ sql ] [ SQL ] SELECT * FROM `mc_product` WHERE  `id` = 2 LIMIT 1 [ RunTime:0.000000s ]

---------------------------------------------------------------
[ 2018-06-07T15:39:24+08:00 ] [ sql ] [ DB ] CONNECT:[ UseTime:0.010000s ] mysql:dbname=db_mc;host=127.0.0.1;port=3306;charset=utf8
[ sql ] [ SQL ] SHOW COLUMNS FROM `mc_product` [ RunTime:0.000000s ]
[ sql ] [ SQL ] SELECT * FROM `mc_product` WHERE  `id` = 2 LIMIT 1 [ RunTime:0.000000s ]

---------------------------------------------------------------
[ 2018-06-07T15:39:26+08:00 ] [ sql ] [ DB ] CONNECT:[ UseTime:0.003000s ] mysql:dbname=db_mc;host=127.0.0.1;port=3306;charset=utf8
[ sql ] [ SQL ] SHOW COLUMNS FROM `mc_product` [ RunTime:0.001000s ]
[ sql ] [ SQL ] SELECT * FROM `mc_product` WHERE  `id` = 2 LIMIT 1 [ RunTime:0.001000s ]

---------------------------------------------------------------
[ 2018-06-07T15:39:26+08:00 ] [ sql ] [ DB ] CONNECT:[ UseTime:0.010000s ] mysql:dbname=db_mc;host=127.0.0.1;port=3306;charset=utf8
[ sql ] [ SQL ] SHOW COLUMNS FROM `mc_product` [ RunTime:0.001000s ]
[ sql ] [ SQL ] SELECT * FROM `mc_product` WHERE  `id` = 2 LIMIT 1 [ RunTime:0.001000s ]

---------------------------------------------------------------
[ 2018-06-07T15:39:27+08:00 ] [ sql ] [ DB ] CONNECT:[ UseTime:0.001000s ] mysql:dbname=db_mc;host=127.0.0.1;port=3306;charset=utf8
[ sql ] [ SQL ] SHOW COLUMNS FROM `mc_product` [ RunTime:0.001000s ]
[ sql ] [ SQL ] SELECT * FROM `mc_product` WHERE  `id` = 2 LIMIT 1 [ RunTime:0.000000s ]

---------------------------------------------------------------
[ 2018-06-07T15:39:27+08:00 ] [ sql ] [ DB ] CONNECT:[ UseTime:0.002000s ] mysql:dbname=db_mc;host=127.0.0.1;port=3306;charset=utf8
[ sql ] [ SQL ] SHOW COLUMNS FROM `mc_product` [ RunTime:0.001000s ]
[ sql ] [ SQL ] SELECT * FROM `mc_product` WHERE  `id` = 2 LIMIT 1 [ RunTime:0.001000s ]

---------------------------------------------------------------
[ 2018-06-07T15:39:27+08:00 ] [ sql ] [ DB ] CONNECT:[ UseTime:0.010000s ] mysql:dbname=db_mc;host=127.0.0.1;port=3306;charset=utf8
[ sql ] [ SQL ] SHOW COLUMNS FROM `mc_product` [ RunTime:0.001000s ]
[ sql ] [ SQL ] SELECT * FROM `mc_product` WHERE  `id` = 2 LIMIT 1 [ RunTime:0.001000s ]

---------------------------------------------------------------
[ 2018-06-07T15:39:52+08:00 ] [ sql ] [ DB ] CONNECT:[ UseTime:0.010000s ] mysql:dbname=db_mc;host=127.0.0.1;port=3306;charset=utf8
[ sql ] [ SQL ] SHOW COLUMNS FROM `mc_product` [ RunTime:0.001000s ]
[ sql ] [ SQL ] SELECT * FROM `mc_product` WHERE  `id` = 2 LIMIT 1 [ RunTime:0.001000s ]

---------------------------------------------------------------
[ 2018-06-07T15:40:01+08:00 ] [ sql ] [ DB ] CONNECT:[ UseTime:0.002000s ] mysql:dbname=db_mc;host=127.0.0.1;port=3306;charset=utf8
[ sql ] [ SQL ] SHOW COLUMNS FROM `mc_product` [ RunTime:0.000000s ]
[ sql ] [ SQL ] SELECT * FROM `mc_product` WHERE  `id` = 2 LIMIT 1 [ RunTime:0.000000s ]

---------------------------------------------------------------
[ 2018-06-07T15:40:08+08:00 ] [ sql ] [ DB ] CONNECT:[ UseTime:0.011000s ] mysql:dbname=db_mc;host=127.0.0.1;port=3306;charset=utf8
[ sql ] [ SQL ] SHOW COLUMNS FROM `mc_product` [ RunTime:0.001000s ]
[ sql ] [ SQL ] SELECT * FROM `mc_product` WHERE  `id` = 2 LIMIT 1 [ RunTime:0.000000s ]

---------------------------------------------------------------
[ 2018-06-07T16:15:55+08:00 ] [ sql ] [ DB ] CONNECT:[ UseTime:0.011000s ] mysql:dbname=db_mc;host=127.0.0.1;port=3306;charset=utf8
[ sql ] [ SQL ] SHOW COLUMNS FROM `mc_product` [ RunTime:0.000000s ]
[ sql ] [ SQL ] SELECT * FROM `mc_product` WHERE  `id` = 2 LIMIT 1 [ RunTime:0.001000s ]
[ sql ] [ SQL ] SHOW COLUMNS FROM `mc_agency_info` [ RunTime:0.001000s ]
[ sql ] [ SQL ] SELECT * FROM `mc_agency_info` WHERE  `member` = 1 LIMIT 1 [ RunTime:0.000000s ]
[ error ] [8]未定义数组索引: value

---------------------------------------------------------------
[ 2018-06-07T16:16:04+08:00 ] [ sql ] [ DB ] CONNECT:[ UseTime:0.011000s ] mysql:dbname=db_mc;host=127.0.0.1;port=3306;charset=utf8
[ sql ] [ SQL ] SHOW COLUMNS FROM `mc_product` [ RunTime:0.001000s ]
[ sql ] [ SQL ] SELECT * FROM `mc_product` WHERE  `id` = 2 LIMIT 1 [ RunTime:0.001000s ]
[ sql ] [ SQL ] SHOW COLUMNS FROM `mc_agency_info` [ RunTime:0.001000s ]
[ sql ] [ SQL ] SELECT * FROM `mc_agency_info` WHERE  `member` = 1 LIMIT 1 [ RunTime:0.000000s ]
[ error ] [8]未定义变量: id

---------------------------------------------------------------
[ 2018-06-07T16:16:05+08:00 ] [ sql ] [ DB ] CONNECT:[ UseTime:0.010000s ] mysql:dbname=db_mc;host=127.0.0.1;port=3306;charset=utf8
[ sql ] [ SQL ] SHOW COLUMNS FROM `mc_product` [ RunTime:0.001000s ]
[ sql ] [ SQL ] SELECT * FROM `mc_product` WHERE  `id` = 2 LIMIT 1 [ RunTime:0.000000s ]
[ sql ] [ SQL ] SHOW COLUMNS FROM `mc_agency_info` [ RunTime:0.000000s ]
[ sql ] [ SQL ] SELECT * FROM `mc_agency_info` WHERE  `member` = 1 LIMIT 1 [ RunTime:0.001000s ]
[ error ] [8]未定义变量: id

---------------------------------------------------------------
[ 2018-06-07T16:16:15+08:00 ] [ sql ] [ DB ] CONNECT:[ UseTime:0.010000s ] mysql:dbname=db_mc;host=127.0.0.1;port=3306;charset=utf8
[ sql ] [ SQL ] SHOW COLUMNS FROM `mc_product` [ RunTime:0.000000s ]
[ sql ] [ SQL ] SELECT * FROM `mc_product` WHERE  `id` = 2 LIMIT 1 [ RunTime:0.000000s ]
[ sql ] [ SQL ] SHOW COLUMNS FROM `mc_agency_info` [ RunTime:0.001000s ]
[ sql ] [ SQL ] SELECT * FROM `mc_agency_info` WHERE  `member` = 1 LIMIT 1 [ RunTime:0.000000s ]

---------------------------------------------------------------
[ 2018-06-07T16:16:36+08:00 ] [ sql ] [ DB ] CONNECT:[ UseTime:0.011000s ] mysql:dbname=db_mc;host=127.0.0.1;port=3306;charset=utf8
[ sql ] [ SQL ] SHOW COLUMNS FROM `mc_product` [ RunTime:0.001000s ]
[ sql ] [ SQL ] SELECT * FROM `mc_product` WHERE  `id` = 2 LIMIT 1 [ RunTime:0.000000s ]
[ sql ] [ SQL ] SHOW COLUMNS FROM `mc_agency_info` [ RunTime:0.001000s ]
[ sql ] [ SQL ] SELECT * FROM `mc_agency_info` WHERE  `member` = 1 LIMIT 1 [ RunTime:0.000000s ]

---------------------------------------------------------------
[ 2018-06-07T16:16:37+08:00 ] [ sql ] [ DB ] CONNECT:[ UseTime:0.010000s ] mysql:dbname=db_mc;host=127.0.0.1;port=3306;charset=utf8
[ sql ] [ SQL ] SHOW COLUMNS FROM `mc_product` [ RunTime:0.001000s ]
[ sql ] [ SQL ] SELECT * FROM `mc_product` WHERE  `id` = 2 LIMIT 1 [ RunTime:0.001000s ]
[ sql ] [ SQL ] SHOW COLUMNS FROM `mc_agency_info` [ RunTime:0.001000s ]
[ sql ] [ SQL ] SELECT * FROM `mc_agency_info` WHERE  `member` = 1 LIMIT 1 [ RunTime:0.001000s ]

---------------------------------------------------------------
[ 2018-06-07T16:16:37+08:00 ] [ sql ] [ DB ] CONNECT:[ UseTime:0.010000s ] mysql:dbname=db_mc;host=127.0.0.1;port=3306;charset=utf8
[ sql ] [ SQL ] SHOW COLUMNS FROM `mc_product` [ RunTime:0.001000s ]
[ sql ] [ SQL ] SELECT * FROM `mc_product` WHERE  `id` = 2 LIMIT 1 [ RunTime:0.000000s ]
[ sql ] [ SQL ] SHOW COLUMNS FROM `mc_agency_info` [ RunTime:0.001000s ]
[ sql ] [ SQL ] SELECT * FROM `mc_agency_info` WHERE  `member` = 1 LIMIT 1 [ RunTime:0.000000s ]

---------------------------------------------------------------
[ 2018-06-07T16:16:37+08:00 ] [ sql ] [ DB ] CONNECT:[ UseTime:0.011000s ] mysql:dbname=db_mc;host=127.0.0.1;port=3306;charset=utf8
[ sql ] [ SQL ] SHOW COLUMNS FROM `mc_product` [ RunTime:0.000000s ]
[ sql ] [ SQL ] SELECT * FROM `mc_product` WHERE  `id` = 2 LIMIT 1 [ RunTime:0.000000s ]
[ sql ] [ SQL ] SHOW COLUMNS FROM `mc_agency_info` [ RunTime:0.001000s ]
[ sql ] [ SQL ] SELECT * FROM `mc_agency_info` WHERE  `member` = 1 LIMIT 1 [ RunTime:0.000000s ]

---------------------------------------------------------------
[ 2018-06-07T16:17:00+08:00 ] [ sql ] [ DB ] CONNECT:[ UseTime:0.010000s ] mysql:dbname=db_mc;host=127.0.0.1;port=3306;charset=utf8
[ sql ] [ SQL ] SHOW COLUMNS FROM `mc_product` [ RunTime:0.001000s ]
[ sql ] [ SQL ] SELECT * FROM `mc_product` WHERE  `id` = 2 LIMIT 1 [ RunTime:0.001000s ]
[ sql ] [ SQL ] SHOW COLUMNS FROM `mc_agency_info` [ RunTime:0.001000s ]
[ sql ] [ SQL ] SELECT * FROM `mc_agency_info` WHERE  `member` = 1 LIMIT 1 [ RunTime:0.000000s ]

---------------------------------------------------------------
[ 2018-06-07T16:50:37+08:00 ] [ sql ] [ DB ] CONNECT:[ UseTime:0.001000s ] mysql:dbname=db_mc;host=127.0.0.1;port=3306;charset=utf8
[ sql ] [ SQL ] SHOW COLUMNS FROM `mc_product` [ RunTime:0.001000s ]
[ sql ] [ SQL ] SELECT * FROM `mc_product` WHERE  `id` = 2 LIMIT 1 [ RunTime:0.000000s ]
[ sql ] [ SQL ] SHOW COLUMNS FROM `mc_agency_info` [ RunTime:0.001000s ]
[ sql ] [ SQL ] SELECT * FROM `mc_agency_info` WHERE  `member` = 1 LIMIT 1 [ RunTime:0.000000s ]

---------------------------------------------------------------
[ 2018-06-07T16:50:38+08:00 ] [ sql ] [ DB ] CONNECT:[ UseTime:0.010000s ] mysql:dbname=db_mc;host=127.0.0.1;port=3306;charset=utf8
[ sql ] [ SQL ] SHOW COLUMNS FROM `mc_product` [ RunTime:0.001000s ]
[ sql ] [ SQL ] SELECT * FROM `mc_product` WHERE  `id` = 2 LIMIT 1 [ RunTime:0.001000s ]
[ sql ] [ SQL ] SHOW COLUMNS FROM `mc_agency_info` [ RunTime:0.000000s ]
[ sql ] [ SQL ] SELECT * FROM `mc_agency_info` WHERE  `member` = 1 LIMIT 1 [ RunTime:0.000000s ]

---------------------------------------------------------------
[ 2018-06-07T16:50:39+08:00 ] [ sql ] [ DB ] CONNECT:[ UseTime:0.010000s ] mysql:dbname=db_mc;host=127.0.0.1;port=3306;charset=utf8
[ sql ] [ SQL ] SHOW COLUMNS FROM `mc_product` [ RunTime:0.000000s ]
[ sql ] [ SQL ] SELECT * FROM `mc_product` WHERE  `id` = 2 LIMIT 1 [ RunTime:0.000000s ]
[ sql ] [ SQL ] SHOW COLUMNS FROM `mc_agency_info` [ RunTime:0.001000s ]
[ sql ] [ SQL ] SELECT * FROM `mc_agency_info` WHERE  `member` = 1 LIMIT 1 [ RunTime:0.000000s ]

---------------------------------------------------------------
[ 2018-06-07T16:50:39+08:00 ] [ sql ] [ DB ] CONNECT:[ UseTime:0.001000s ] mysql:dbname=db_mc;host=127.0.0.1;port=3306;charset=utf8
[ sql ] [ SQL ] SHOW COLUMNS FROM `mc_product` [ RunTime:0.000000s ]
[ sql ] [ SQL ] SELECT * FROM `mc_product` WHERE  `id` = 2 LIMIT 1 [ RunTime:0.000000s ]
[ sql ] [ SQL ] SHOW COLUMNS FROM `mc_agency_info` [ RunTime:0.001000s ]
[ sql ] [ SQL ] SELECT * FROM `mc_agency_info` WHERE  `member` = 1 LIMIT 1 [ RunTime:0.000000s ]

---------------------------------------------------------------
[ 2018-06-07T16:54:19+08:00 ] [ sql ] [ DB ] CONNECT:[ UseTime:0.012000s ] mysql:dbname=db_mc;host=127.0.0.1;port=3306;charset=utf8
[ sql ] [ SQL ] SHOW COLUMNS FROM `mc_product` [ RunTime:0.000000s ]
[ sql ] [ SQL ] SELECT * FROM `mc_product` WHERE  `id` = 2 LIMIT 1 [ RunTime:0.000000s ]
[ sql ] [ SQL ] SHOW COLUMNS FROM `mc_agency_info` [ RunTime:0.001000s ]
[ sql ] [ SQL ] SELECT * FROM `mc_agency_info` WHERE  `member` = 1 LIMIT 1 [ RunTime:0.001000s ]

---------------------------------------------------------------
[ 2018-06-07T16:54:33+08:00 ] [ sql ] [ DB ] CONNECT:[ UseTime:0.010000s ] mysql:dbname=db_mc;host=127.0.0.1;port=3306;charset=utf8
[ sql ] [ SQL ] SHOW COLUMNS FROM `mc_product` [ RunTime:0.002000s ]
[ sql ] [ SQL ] SELECT * FROM `mc_product` WHERE  `id` = 2 LIMIT 1 [ RunTime:0.001000s ]
[ sql ] [ SQL ] SHOW COLUMNS FROM `mc_agency_info` [ RunTime:0.001000s ]
[ sql ] [ SQL ] SELECT * FROM `mc_agency_info` WHERE  `member` = 1 LIMIT 1 [ RunTime:0.000000s ]

---------------------------------------------------------------
[ 2018-06-07T16:54:51+08:00 ] [ sql ] [ DB ] CONNECT:[ UseTime:0.010000s ] mysql:dbname=db_mc;host=127.0.0.1;port=3306;charset=utf8
[ sql ] [ SQL ] SHOW COLUMNS FROM `mc_product` [ RunTime:0.000000s ]
[ sql ] [ SQL ] SELECT * FROM `mc_product` WHERE  `id` = 2 LIMIT 1 [ RunTime:0.000000s ]
[ sql ] [ SQL ] SHOW COLUMNS FROM `mc_agency_info` [ RunTime:0.001000s ]
[ sql ] [ SQL ] SELECT * FROM `mc_agency_info` WHERE  `member` = 1 LIMIT 1 [ RunTime:0.000000s ]

---------------------------------------------------------------
[ 2018-06-07T17:19:54+08:00 ] [ error ] [1]Class 'app\model\Model' not found

---------------------------------------------------------------
[ 2018-06-07T17:21:02+08:00 ] [ error ] [1]Class 'app\model\Model' not found

---------------------------------------------------------------
[ 2018-06-07T17:22:55+08:00 ] [ error ] [1]Class 'app\model\Model' not found

---------------------------------------------------------------
[ 2018-06-07T17:22:56+08:00 ] [ error ] [1]Class 'app\model\Model' not found

---------------------------------------------------------------
[ 2018-06-07T17:22:56+08:00 ] [ error ] [1]Class 'app\model\Model' not found

---------------------------------------------------------------
[ 2018-06-07T17:22:56+08:00 ] [ error ] [1]Class 'app\model\Model' not found

---------------------------------------------------------------
[ 2018-06-07T17:22:56+08:00 ] [ error ] [1]Class 'app\model\Model' not found

---------------------------------------------------------------
[ 2018-06-07T17:24:59+08:00 ] [ error ] [1]Class 'app\model\Model' not found

---------------------------------------------------------------
[ 2018-06-07T17:24:59+08:00 ] [ error ] [1]Class 'app\model\Model' not found

---------------------------------------------------------------
[ 2018-06-07T17:25:00+08:00 ] [ error ] [1]Class 'app\model\Model' not found

---------------------------------------------------------------
[ 2018-06-07T17:25:04+08:00 ] [ sql ] [ DB ] CONNECT:[ UseTime:0.002000s ] mysql:dbname=db_mc;host=127.0.0.1;port=3306;charset=utf8
[ sql ] [ SQL ] SHOW COLUMNS FROM `mc_product` [ RunTime:0.001000s ]
[ sql ] [ SQL ] SELECT * FROM `mc_product` WHERE  `id` = 2 LIMIT 1 [ RunTime:0.000000s ]
[ sql ] [ SQL ] SHOW COLUMNS FROM `mc_agency_info` [ RunTime:0.001000s ]
[ sql ] [ SQL ] SELECT * FROM `mc_agency_info` WHERE  `member` = 1 LIMIT 1 [ RunTime:0.000000s ]

---------------------------------------------------------------
[ 2018-06-07T17:25:09+08:00 ] [ sql ] [ DB ] CONNECT:[ UseTime:0.002000s ] mysql:dbname=db_mc;host=127.0.0.1;port=3306;charset=utf8
[ sql ] [ SQL ] SHOW COLUMNS FROM `mc_product` [ RunTime:0.001000s ]
[ sql ] [ SQL ] SELECT * FROM `mc_product` WHERE  `id` = 2 LIMIT 1 [ RunTime:0.000000s ]
[ sql ] [ SQL ] SHOW COLUMNS FROM `mc_agency_info` [ RunTime:0.000000s ]
[ sql ] [ SQL ] SELECT * FROM `mc_agency_info` WHERE  `member` = 1 LIMIT 1 [ RunTime:0.000000s ]

---------------------------------------------------------------
[ 2018-06-07T17:25:33+08:00 ] [ sql ] [ DB ] CONNECT:[ UseTime:0.003000s ] mysql:dbname=db_mc;host=127.0.0.1;port=3306;charset=utf8
[ sql ] [ SQL ] SHOW COLUMNS FROM `mc_product` [ RunTime:0.000000s ]
[ sql ] [ SQL ] SELECT * FROM `mc_product` WHERE  `id` = 2 LIMIT 1 [ RunTime:0.000000s ]
[ sql ] [ SQL ] SHOW COLUMNS FROM `mc_agency_info` [ RunTime:0.001000s ]
[ sql ] [ SQL ] SELECT * FROM `mc_agency_info` WHERE  `member` = 1 LIMIT 1 [ RunTime:0.000000s ]

---------------------------------------------------------------
[ 2018-06-07T17:25:35+08:00 ] [ sql ] [ DB ] CONNECT:[ UseTime:0.010000s ] mysql:dbname=db_mc;host=127.0.0.1;port=3306;charset=utf8
[ sql ] [ SQL ] SHOW COLUMNS FROM `mc_product` [ RunTime:0.000000s ]
[ sql ] [ SQL ] SELECT * FROM `mc_product` WHERE  `id` = 2 LIMIT 1 [ RunTime:0.000000s ]
[ sql ] [ SQL ] SHOW COLUMNS FROM `mc_agency_info` [ RunTime:0.001000s ]
[ sql ] [ SQL ] SELECT * FROM `mc_agency_info` WHERE  `member` = 1 LIMIT 1 [ RunTime:0.000000s ]
[ sql ] [ SQL ] SHOW COLUMNS FROM `mc_member_product` [ RunTime:0.002000s ]
[ sql ] [ SQL ] INSERT INTO `mc_member_product` (`member` , `product` , `date`) VALUES (1 , 2 , 1528363535) [ RunTime:0.001000s ]
[ sql ] [ SQL ] SHOW COLUMNS FROM `mc_sources_info` [ RunTime:0.001000s ]
[ sql ] [ SQL ] INSERT INTO `mc_sources_info` (`mid` , `type` , `amount` , `summary` , `date` , `user`) VALUES (1 , '2' , 500 , '兑换产品:产品1' , 1528363535 , 0) [ RunTime:0.000000s ]

---------------------------------------------------------------
[ 2018-06-07T17:25:38+08:00 ] [ sql ] [ DB ] CONNECT:[ UseTime:0.011000s ] mysql:dbname=db_mc;host=127.0.0.1;port=3306;charset=utf8
[ sql ] [ SQL ] SHOW COLUMNS FROM `mc_product` [ RunTime:0.002000s ]
[ sql ] [ SQL ] SELECT * FROM `mc_product` WHERE  `id` = 2 LIMIT 1 [ RunTime:0.001000s ]
[ sql ] [ SQL ] SHOW COLUMNS FROM `mc_agency_info` [ RunTime:0.001000s ]
[ sql ] [ SQL ] SELECT * FROM `mc_agency_info` WHERE  `member` = 1 LIMIT 1 [ RunTime:0.000000s ]
[ sql ] [ SQL ] SHOW COLUMNS FROM `mc_member_product` [ RunTime:0.001000s ]
[ sql ] [ SQL ] INSERT INTO `mc_member_product` (`member` , `product` , `date`) VALUES (1 , 2 , 1528363538) [ RunTime:0.002000s ]
[ sql ] [ SQL ] SHOW COLUMNS FROM `mc_sources_info` [ RunTime:0.012000s ]
[ sql ] [ SQL ] INSERT INTO `mc_sources_info` (`mid` , `type` , `amount` , `summary` , `date` , `user`) VALUES (1 , '2' , 500 , '兑换产品:产品1' , 1528363538 , 0) [ RunTime:0.001000s ]

---------------------------------------------------------------
[ 2018-06-07T17:26:24+08:00 ] [ sql ] [ DB ] CONNECT:[ UseTime:0.002000s ] mysql:dbname=db_mc;host=127.0.0.1;port=3306;charset=utf8
[ sql ] [ SQL ] SHOW COLUMNS FROM `mc_product` [ RunTime:0.001000s ]
[ sql ] [ SQL ] SELECT * FROM `mc_product` WHERE  `id` = 2 LIMIT 1 [ RunTime:0.001000s ]
[ sql ] [ SQL ] SHOW COLUMNS FROM `mc_agency_info` [ RunTime:0.001000s ]
[ sql ] [ SQL ] SELECT * FROM `mc_agency_info` WHERE  `member` = 1 LIMIT 1 [ RunTime:0.001000s ]
[ sql ] [ SQL ] SHOW COLUMNS FROM `mc_member_product` [ RunTime:0.002000s ]
[ sql ] [ SQL ] INSERT INTO `mc_member_product` (`member` , `product` , `date`) VALUES (1 , 2 , 1528363584) [ RunTime:0.002000s ]
[ sql ] [ SQL ] SHOW COLUMNS FROM `mc_sources_info` [ RunTime:0.001000s ]
[ sql ] [ SQL ] INSERT INTO `mc_sources_info` (`mid` , `type` , `amount` , `summary` , `date` , `user`) VALUES (1 , '2' , 500 , '兑换产品:产品1' , 1528363584 , 0) [ RunTime:0.000000s ]
[ sql ] [ SQL ] UPDATE `mc_agency_info`  SET `score`=789  WHERE  `member` = 1 [ RunTime:0.001000s ]

---------------------------------------------------------------
[ 2018-06-07T17:26:45+08:00 ] [ sql ] [ DB ] CONNECT:[ UseTime:0.011000s ] mysql:dbname=db_mc;host=127.0.0.1;port=3306;charset=utf8
[ sql ] [ SQL ] SHOW COLUMNS FROM `mc_product` [ RunTime:0.004000s ]
[ sql ] [ SQL ] SELECT * FROM `mc_product` WHERE  `id` = 2 LIMIT 1 [ RunTime:0.001000s ]
[ sql ] [ SQL ] SHOW COLUMNS FROM `mc_agency_info` [ RunTime:0.002000s ]
[ sql ] [ SQL ] SELECT * FROM `mc_agency_info` WHERE  `member` = 1 LIMIT 1 [ RunTime:0.001000s ]

---------------------------------------------------------------
[ 2018-06-07T17:26:47+08:00 ] [ sql ] [ DB ] CONNECT:[ UseTime:0.002000s ] mysql:dbname=db_mc;host=127.0.0.1;port=3306;charset=utf8
[ sql ] [ SQL ] SHOW COLUMNS FROM `mc_product` [ RunTime:0.001000s ]
[ sql ] [ SQL ] SELECT * FROM `mc_product` WHERE  `id` = 2 LIMIT 1 [ RunTime:0.001000s ]
[ sql ] [ SQL ] SHOW COLUMNS FROM `mc_agency_info` [ RunTime:0.001000s ]
[ sql ] [ SQL ] SELECT * FROM `mc_agency_info` WHERE  `member` = 1 LIMIT 1 [ RunTime:0.000000s ]
[ sql ] [ SQL ] SHOW COLUMNS FROM `mc_member_product` [ RunTime:0.002000s ]
[ sql ] [ SQL ] INSERT INTO `mc_member_product` (`member` , `product` , `date`) VALUES (1 , 2 , 1528363607) [ RunTime:0.001000s ]
[ sql ] [ SQL ] SHOW COLUMNS FROM `mc_sources_info` [ RunTime:0.010000s ]
[ sql ] [ SQL ] INSERT INTO `mc_sources_info` (`mid` , `type` , `amount` , `summary` , `date` , `user`) VALUES (1 , '2' , 500 , '兑换产品:产品1' , 1528363607 , 0) [ RunTime:0.000000s ]
[ sql ] [ SQL ] UPDATE `mc_agency_info`  SET `score`=789  WHERE  `member` = 1 [ RunTime:0.001000s ]

---------------------------------------------------------------
[ 2018-06-07T17:26:49+08:00 ] [ sql ] [ DB ] CONNECT:[ UseTime:0.012000s ] mysql:dbname=db_mc;host=127.0.0.1;port=3306;charset=utf8
[ sql ] [ SQL ] SHOW COLUMNS FROM `mc_product` [ RunTime:0.001000s ]
[ sql ] [ SQL ] SELECT * FROM `mc_product` WHERE  `state` = 1  AND `amount` > 0 ORDER BY date DESC LIMIT 0,15 [ RunTime:0.001000s ]
[ sql ] [ SQL ] SELECT COUNT(*) AS tp_count FROM `mc_product` WHERE  `state` = 1  AND `amount` > 0 LIMIT 1 [ RunTime:0.000000s ]
[ sql ] [ SQL ] SHOW COLUMNS FROM `mc_agency_info` [ RunTime:0.001000s ]
[ sql ] [ SQL ] SELECT * FROM `mc_agency_info` WHERE  `member` = 1 LIMIT 1 [ RunTime:0.000000s ]

---------------------------------------------------------------
[ 2018-06-07T17:26:51+08:00 ] [ sql ] [ DB ] CONNECT:[ UseTime:0.011000s ] mysql:dbname=db_mc;host=127.0.0.1;port=3306;charset=utf8
[ sql ] [ SQL ] SHOW COLUMNS FROM `mc_product` [ RunTime:0.000000s ]
[ sql ] [ SQL ] SELECT * FROM `mc_product` WHERE  `state` = 1  AND `amount` > 0 ORDER BY date DESC LIMIT 0,15 [ RunTime:0.000000s ]
[ sql ] [ SQL ] SELECT COUNT(*) AS tp_count FROM `mc_product` WHERE  `state` = 1  AND `amount` > 0 LIMIT 1 [ RunTime:0.001000s ]
[ sql ] [ SQL ] SHOW COLUMNS FROM `mc_agency_info` [ RunTime:0.003000s ]
[ sql ] [ SQL ] SELECT * FROM `mc_agency_info` WHERE  `member` = 1 LIMIT 1 [ RunTime:0.001000s ]

---------------------------------------------------------------
[ 2018-06-07T17:27:46+08:00 ] [ sql ] [ DB ] CONNECT:[ UseTime:0.003000s ] mysql:dbname=db_mc;host=127.0.0.1;port=3306;charset=utf8
[ sql ] [ SQL ] SHOW COLUMNS FROM `mc_product` [ RunTime:0.001000s ]
[ sql ] [ SQL ] SELECT * FROM `mc_product` WHERE  `state` = 1  AND `amount` > 0 ORDER BY date DESC LIMIT 0,15 [ RunTime:0.001000s ]
[ sql ] [ SQL ] SELECT COUNT(*) AS tp_count FROM `mc_product` WHERE  `state` = 1  AND `amount` > 0 LIMIT 1 [ RunTime:0.001000s ]
[ sql ] [ SQL ] SHOW COLUMNS FROM `mc_agency_info` [ RunTime:0.001000s ]
[ sql ] [ SQL ] SELECT * FROM `mc_agency_info` WHERE  `member` = 1 LIMIT 1 [ RunTime:0.001000s ]

---------------------------------------------------------------
[ 2018-06-07T17:27:47+08:00 ] [ sql ] [ DB ] CONNECT:[ UseTime:0.011000s ] mysql:dbname=db_mc;host=127.0.0.1;port=3306;charset=utf8
[ sql ] [ SQL ] SHOW COLUMNS FROM `mc_product` [ RunTime:0.001000s ]
[ sql ] [ SQL ] SELECT * FROM `mc_product` WHERE  `id` = 2 LIMIT 1 [ RunTime:0.000000s ]
[ sql ] [ SQL ] SHOW COLUMNS FROM `mc_agency_info` [ RunTime:0.001000s ]
[ sql ] [ SQL ] SELECT * FROM `mc_agency_info` WHERE  `member` = 1 LIMIT 1 [ RunTime:0.000000s ]

---------------------------------------------------------------
[ 2018-06-07T17:27:49+08:00 ] [ sql ] [ DB ] CONNECT:[ UseTime:0.001000s ] mysql:dbname=db_mc;host=127.0.0.1;port=3306;charset=utf8
[ sql ] [ SQL ] SHOW COLUMNS FROM `mc_product` [ RunTime:0.001000s ]
[ sql ] [ SQL ] SELECT * FROM `mc_product` WHERE  `id` = 2 LIMIT 1 [ RunTime:0.000000s ]
[ sql ] [ SQL ] SHOW COLUMNS FROM `mc_agency_info` [ RunTime:0.000000s ]
[ sql ] [ SQL ] SELECT * FROM `mc_agency_info` WHERE  `member` = 1 LIMIT 1 [ RunTime:0.001000s ]
[ sql ] [ SQL ] SHOW COLUMNS FROM `mc_member_product` [ RunTime:0.002000s ]
[ sql ] [ SQL ] INSERT INTO `mc_member_product` (`member` , `product` , `date`) VALUES (1 , 2 , 1528363669) [ RunTime:0.002000s ]
[ sql ] [ SQL ] SHOW COLUMNS FROM `mc_sources_info` [ RunTime:0.002000s ]
[ sql ] [ SQL ] INSERT INTO `mc_sources_info` (`mid` , `type` , `amount` , `summary` , `date` , `user`) VALUES (1 , '2' , 500 , '兑换产品:产品1' , 1528363669 , 0) [ RunTime:0.000000s ]
[ sql ] [ SQL ] UPDATE `mc_agency_info`  SET `score`=789  WHERE  `member` = 1 [ RunTime:0.001000s ]

---------------------------------------------------------------
[ 2018-06-07T17:27:51+08:00 ] [ sql ] [ DB ] CONNECT:[ UseTime:0.001000s ] mysql:dbname=db_mc;host=127.0.0.1;port=3306;charset=utf8
[ sql ] [ SQL ] SHOW COLUMNS FROM `mc_product` [ RunTime:0.000000s ]
[ sql ] [ SQL ] SELECT * FROM `mc_product` WHERE  `state` = 1  AND `amount` > 0 ORDER BY date DESC LIMIT 0,15 [ RunTime:0.000000s ]
[ sql ] [ SQL ] SELECT COUNT(*) AS tp_count FROM `mc_product` WHERE  `state` = 1  AND `amount` > 0 LIMIT 1 [ RunTime:0.001000s ]
[ sql ] [ SQL ] SHOW COLUMNS FROM `mc_agency_info` [ RunTime:0.000000s ]
[ sql ] [ SQL ] SELECT * FROM `mc_agency_info` WHERE  `member` = 1 LIMIT 1 [ RunTime:0.001000s ]

---------------------------------------------------------------
[ 2018-06-07T17:29:04+08:00 ] [ sql ] [ DB ] CONNECT:[ UseTime:0.011000s ] mysql:dbname=db_mc;host=127.0.0.1;port=3306;charset=utf8
[ sql ] [ SQL ] SHOW COLUMNS FROM `mc_product` [ RunTime:0.001000s ]
[ sql ] [ SQL ] SELECT * FROM `mc_product` WHERE  `state` = 1  AND `amount` > 0 ORDER BY date DESC LIMIT 0,15 [ RunTime:0.001000s ]
[ sql ] [ SQL ] SELECT COUNT(*) AS tp_count FROM `mc_product` WHERE  `state` = 1  AND `amount` > 0 LIMIT 1 [ RunTime:0.001000s ]
[ sql ] [ SQL ] SHOW COLUMNS FROM `mc_agency_info` [ RunTime:0.001000s ]
[ sql ] [ SQL ] SELECT * FROM `mc_agency_info` WHERE  `member` = 1 LIMIT 1 [ RunTime:0.000000s ]

---------------------------------------------------------------
[ 2018-06-07T17:37:45+08:00 ] [ sql ] [ DB ] CONNECT:[ UseTime:0.010000s ] mysql:dbname=db_mc;host=127.0.0.1;port=3306;charset=utf8
[ sql ] [ SQL ] SHOW COLUMNS FROM `mc_product` [ RunTime:0.000000s ]
[ sql ] [ SQL ] SELECT * FROM `mc_product` WHERE  `state` = 1  AND `amount` > 0 ORDER BY date DESC LIMIT 0,15 [ RunTime:0.000000s ]
[ sql ] [ SQL ] SELECT COUNT(*) AS tp_count FROM `mc_product` WHERE  `state` = 1  AND `amount` > 0 LIMIT 1 [ RunTime:0.000000s ]
[ sql ] [ SQL ] SHOW COLUMNS FROM `mc_agency_info` [ RunTime:0.001000s ]
[ sql ] [ SQL ] SELECT * FROM `mc_agency_info` WHERE  `member` = 1 LIMIT 1 [ RunTime:0.001000s ]

---------------------------------------------------------------
[ 2018-06-07T17:38:42+08:00 ] [ sql ] [ DB ] CONNECT:[ UseTime:0.010000s ] mysql:dbname=db_mc;host=127.0.0.1;port=3306;charset=utf8
[ sql ] [ SQL ] SHOW COLUMNS FROM `mc_product` [ RunTime:0.000000s ]
[ sql ] [ SQL ] SELECT * FROM `mc_product` WHERE  `state` = 1  AND `amount` > 0 ORDER BY date DESC LIMIT 0,15 [ RunTime:0.000000s ]
[ sql ] [ SQL ] SELECT COUNT(*) AS tp_count FROM `mc_product` WHERE  `state` = 1  AND `amount` > 0 LIMIT 1 [ RunTime:0.001000s ]
[ sql ] [ SQL ] SHOW COLUMNS FROM `mc_agency_info` [ RunTime:0.002000s ]
[ sql ] [ SQL ] SELECT * FROM `mc_agency_info` WHERE  `member` = 1 LIMIT 1 [ RunTime:0.001000s ]

---------------------------------------------------------------
[ 2018-06-07T17:39:45+08:00 ] [ sql ] [ DB ] CONNECT:[ UseTime:0.011000s ] mysql:dbname=db_mc;host=127.0.0.1;port=3306;charset=utf8
[ sql ] [ SQL ] SHOW COLUMNS FROM `mc_product` [ RunTime:0.001000s ]
[ sql ] [ SQL ] SELECT * FROM `mc_product` WHERE  `state` = 1  AND `amount` > 0 ORDER BY date DESC LIMIT 0,15 [ RunTime:0.000000s ]
[ sql ] [ SQL ] SELECT COUNT(*) AS tp_count FROM `mc_product` WHERE  `state` = 1  AND `amount` > 0 LIMIT 1 [ RunTime:0.000000s ]
[ sql ] [ SQL ] SHOW COLUMNS FROM `mc_agency_info` [ RunTime:0.001000s ]
[ sql ] [ SQL ] SELECT * FROM `mc_agency_info` WHERE  `member` = 1 LIMIT 1 [ RunTime:0.001000s ]

---------------------------------------------------------------
[ 2018-06-07T17:43:00+08:00 ] [ sql ] [ DB ] CONNECT:[ UseTime:0.010000s ] mysql:dbname=db_mc;host=127.0.0.1;port=3306;charset=utf8
[ sql ] [ SQL ] SHOW COLUMNS FROM `mc_product` [ RunTime:0.001000s ]
[ sql ] [ SQL ] SELECT * FROM `mc_product` WHERE  `state` = 1  AND `amount` > 0 ORDER BY date DESC LIMIT 0,15 [ RunTime:0.001000s ]
[ sql ] [ SQL ] SELECT COUNT(*) AS tp_count FROM `mc_product` WHERE  `state` = 1  AND `amount` > 0 LIMIT 1 [ RunTime:0.000000s ]
[ sql ] [ SQL ] SHOW COLUMNS FROM `mc_agency_info` [ RunTime:0.001000s ]
[ sql ] [ SQL ] SELECT * FROM `mc_agency_info` WHERE  `member` = 1 LIMIT 1 [ RunTime:0.001000s ]

---------------------------------------------------------------
[ 2018-06-07T17:43:04+08:00 ] [ sql ] [ DB ] CONNECT:[ UseTime:0.001000s ] mysql:dbname=db_mc;host=127.0.0.1;port=3306;charset=utf8
[ sql ] [ SQL ] SHOW COLUMNS FROM `mc_product` [ RunTime:0.000000s ]
[ sql ] [ SQL ] SELECT * FROM `mc_product` WHERE  `id` = 2 LIMIT 1 [ RunTime:0.000000s ]
[ sql ] [ SQL ] SHOW COLUMNS FROM `mc_agency_info` [ RunTime:0.001000s ]
[ sql ] [ SQL ] SELECT * FROM `mc_agency_info` WHERE  `member` = 1 LIMIT 1 [ RunTime:0.000000s ]
[ sql ] [ SQL ] SHOW COLUMNS FROM `mc_member_product` [ RunTime:0.000000s ]
[ sql ] [ SQL ] INSERT INTO `mc_member_product` (`member` , `product` , `date`) VALUES (1 , 2 , 1528364584) [ RunTime:0.002000s ]
[ sql ] [ SQL ] SHOW COLUMNS FROM `mc_sources_info` [ RunTime:0.005000s ]
[ sql ] [ SQL ] INSERT INTO `mc_sources_info` (`mid` , `type` , `amount` , `summary` , `date` , `user`) VALUES (1 , '2' , 500 , '兑换产品:产品1' , 1528364584 , 0) [ RunTime:0.000000s ]
[ sql ] [ SQL ] UPDATE `mc_agency_info`  SET `score`=289  WHERE  `member` = 1 [ RunTime:0.001000s ]

---------------------------------------------------------------
[ 2018-06-07T17:43:06+08:00 ] [ sql ] [ DB ] CONNECT:[ UseTime:0.012000s ] mysql:dbname=db_mc;host=127.0.0.1;port=3306;charset=utf8
[ sql ] [ SQL ] SHOW COLUMNS FROM `mc_product` [ RunTime:0.001000s ]
[ sql ] [ SQL ] SELECT * FROM `mc_product` WHERE  `state` = 1  AND `amount` > 0 ORDER BY date DESC LIMIT 0,15 [ RunTime:0.001000s ]
[ sql ] [ SQL ] SELECT COUNT(*) AS tp_count FROM `mc_product` WHERE  `state` = 1  AND `amount` > 0 LIMIT 1 [ RunTime:0.000000s ]
[ sql ] [ SQL ] SHOW COLUMNS FROM `mc_agency_info` [ RunTime:0.001000s ]
[ sql ] [ SQL ] SELECT * FROM `mc_agency_info` WHERE  `member` = 1 LIMIT 1 [ RunTime:0.001000s ]

---------------------------------------------------------------
[ 2018-06-07T17:44:06+08:00 ] [ sql ] [ DB ] CONNECT:[ UseTime:0.001000s ] mysql:dbname=db_mc;host=127.0.0.1;port=3306;charset=utf8
[ sql ] [ SQL ] SHOW COLUMNS FROM `mc_product` [ RunTime:0.001000s ]
[ sql ] [ SQL ] SELECT * FROM `mc_product` WHERE  `state` = 1  AND `amount` > 0 ORDER BY date DESC LIMIT 0,15 [ RunTime:0.000000s ]
[ sql ] [ SQL ] SELECT COUNT(*) AS tp_count FROM `mc_product` WHERE  `state` = 1  AND `amount` > 0 LIMIT 1 [ RunTime:0.000000s ]
[ sql ] [ SQL ] SHOW COLUMNS FROM `mc_agency_info` [ RunTime:0.001000s ]
[ sql ] [ SQL ] SELECT * FROM `mc_agency_info` WHERE  `member` = 1 LIMIT 1 [ RunTime:0.000000s ]

---------------------------------------------------------------
[ 2018-06-07T17:45:43+08:00 ] [ sql ] [ DB ] CONNECT:[ UseTime:0.010000s ] mysql:dbname=db_mc;host=127.0.0.1;port=3306;charset=utf8
[ sql ] [ SQL ] SHOW COLUMNS FROM `mc_product` [ RunTime:0.000000s ]
[ sql ] [ SQL ] SELECT * FROM `mc_product` WHERE  `state` = 1  AND `amount` > 0 ORDER BY date DESC LIMIT 0,15 [ RunTime:0.000000s ]
[ sql ] [ SQL ] SELECT COUNT(*) AS tp_count FROM `mc_product` WHERE  `state` = 1  AND `amount` > 0 LIMIT 1 [ RunTime:0.001000s ]
[ sql ] [ SQL ] SHOW COLUMNS FROM `mc_agency_info` [ RunTime:0.001000s ]
[ sql ] [ SQL ] SELECT * FROM `mc_agency_info` WHERE  `member` = 1 LIMIT 1 [ RunTime:0.000000s ]

---------------------------------------------------------------
[ 2018-06-07T17:45:49+08:00 ] [ sql ] [ DB ] CONNECT:[ UseTime:0.011000s ] mysql:dbname=db_mc;host=127.0.0.1;port=3306;charset=utf8
[ sql ] [ SQL ] SHOW COLUMNS FROM `mc_product` [ RunTime:0.003000s ]
[ sql ] [ SQL ] SELECT * FROM `mc_product` WHERE  `state` = 1  AND `amount` > 0 ORDER BY date DESC LIMIT 0,15 [ RunTime:0.001000s ]
[ sql ] [ SQL ] SELECT COUNT(*) AS tp_count FROM `mc_product` WHERE  `state` = 1  AND `amount` > 0 LIMIT 1 [ RunTime:0.001000s ]
[ sql ] [ SQL ] SHOW COLUMNS FROM `mc_agency_info` [ RunTime:0.001000s ]
[ sql ] [ SQL ] SELECT * FROM `mc_agency_info` WHERE  `member` = 1 LIMIT 1 [ RunTime:0.000000s ]

---------------------------------------------------------------
[ 2018-06-07T17:47:03+08:00 ] [ sql ] [ DB ] CONNECT:[ UseTime:0.010000s ] mysql:dbname=db_mc;host=127.0.0.1;port=3306;charset=utf8
[ sql ] [ SQL ] SHOW COLUMNS FROM `mc_product` [ RunTime:0.001000s ]
[ sql ] [ SQL ] SELECT * FROM `mc_product` LIMIT 1 [ RunTime:0.000000s ]
[ sql ] [ SQL ] SHOW COLUMNS FROM `mc_agency_info` [ RunTime:0.000000s ]
[ sql ] [ SQL ] SELECT * FROM `mc_agency_info` WHERE  `member` = 1 LIMIT 1 [ RunTime:0.001000s ]
[ sql ] [ SQL ] SHOW COLUMNS FROM `mc_member_product` [ RunTime:0.001000s ]

---------------------------------------------------------------
