[ 2018-06-12T09:20:47+08:00 ] [ sql ] [ DB ] CONNECT:[ UseTime:0.006000s ] mysql:dbname=db_mc;host=127.0.0.1;port=3306;charset=utf8
[ sql ] [ SQL ] SHOW COLUMNS FROM `mc_admin` [ RunTime:0.007000s ]
[ sql ] [ SQL ] SELECT * FROM `mc_admin` WHERE  `username` = 'admins' LIMIT 1 [ RunTime:0.001000s ]
[ sql ] [ SQL ] SHOW COLUMNS FROM `mc_auth_group` [ RunTime:0.001000s ]
[ sql ] [ SQL ] SELECT * FROM `mc_auth_group` WHERE  `id` = 1 LIMIT 1 [ RunTime:0.000000s ]
[ sql ] [ SQL ] SHOW COLUMNS FROM `mc_auth_rule` [ RunTime:0.005000s ]
[ sql ] [ SQL ] SELECT `name` FROM `mc_auth_rule` [ RunTime:0.006000s ]
[ sql ] [ SQL ] UPDATE `mc_admin`  SET `loginnum`=294,`last_login_ip`='127.0.0.1',`last_login_time`=1528766447  WHERE  `id` = 1 [ RunTime:0.001000s ]
[ sql ] [ SQL ] SHOW COLUMNS FROM `mc_log` [ RunTime:0.001000s ]
[ sql ] [ SQL ] INSERT INTO `mc_log` (`admin_id` , `admin_name` , `description` , `status` , `ip` , `add_time`) VALUES (1 , 'admins' , '用户【admins】登录成功' , 1 , '127.0.0.1' , 1528766447) [ RunTime:0.001000s ]

---------------------------------------------------------------
[ 2018-06-12T09:20:49+08:00 ] [ sql ] [ DB ] CONNECT:[ UseTime:0.002000s ] mysql:dbname=db_mc;host=127.0.0.1;port=3306;charset=utf8
[ sql ] [ SQL ] SHOW COLUMNS FROM `mc_auth_rule` [ RunTime:0.001000s ]
[ sql ] [ SQL ] SELECT * FROM `mc_auth_rule` WHERE  (  status = 1 ) ORDER BY `sort` [ RunTime:0.001000s ]

---------------------------------------------------------------
[ 2018-06-12T09:20:49+08:00 ] [ sql ] [ DB ] CONNECT:[ UseTime:0.001000s ] mysql:dbname=db_mc;host=127.0.0.1;port=3306;charset=utf8
[ sql ] [ SQL ] SHOW COLUMNS FROM `mc_auth_rule` [ RunTime:0.001000s ]
[ sql ] [ SQL ] SELECT * FROM `mc_auth_rule` WHERE  (  status = 1 ) ORDER BY `sort` [ RunTime:0.000000s ]
[ sql ] [ SQL ] SHOW COLUMNS FROM `mc_log` [ RunTime:0.002000s ]
[ sql ] [ SQL ] SELECT * FROM `mc_log` ORDER BY log_id desc LIMIT 10 [ RunTime:0.001000s ]

---------------------------------------------------------------
[ 2018-06-12T10:33:19+08:00 ] [ sql ] [ DB ] CONNECT:[ UseTime:0.011000s ] mysql:dbname=db_mc;host=127.0.0.1;port=3306;charset=utf8
[ sql ] [ SQL ] SHOW COLUMNS FROM `mc_auth_rule` [ RunTime:0.001000s ]
[ sql ] [ SQL ] SELECT * FROM `mc_auth_rule` WHERE  (  status = 1 ) ORDER BY `sort` [ RunTime:0.001000s ]
[ sql ] [ SQL ] SHOW COLUMNS FROM `mc_product` [ RunTime:0.002000s ]
[ sql ] [ SQL ] SELECT `id`,`name` FROM `mc_product` [ RunTime:0.001000s ]

---------------------------------------------------------------
[ 2018-06-12T14:35:39+08:00 ] [ sql ] [ DB ] CONNECT:[ UseTime:0.002000s ] mysql:dbname=db_mc;host=127.0.0.1;port=3306;charset=utf8
[ sql ] [ SQL ] SHOW COLUMNS FROM `mc_auth_rule` [ RunTime:0.001000s ]
[ sql ] [ SQL ] SELECT * FROM `mc_auth_rule` WHERE  (  status = 1 ) ORDER BY `sort` [ RunTime:0.001000s ]
[ sql ] [ SQL ] SHOW COLUMNS FROM `mc_member_product` [ RunTime:0.001000s ]
[ sql ] [ SQL ] SELECT COUNT(*) AS tp_count FROM `mc_member_product` LIMIT 1 [ RunTime:0.007000s ]
[ error ] [8]未定义变量: datas

---------------------------------------------------------------
[ 2018-06-12T15:15:32+08:00 ] [ sql ] [ DB ] CONNECT:[ UseTime:0.004000s ] mysql:dbname=db_mc;host=127.0.0.1;port=3306;charset=utf8
[ sql ] [ SQL ] SHOW COLUMNS FROM `mc_auth_rule` [ RunTime:0.001000s ]
[ sql ] [ SQL ] SELECT * FROM `mc_auth_rule` WHERE  (  status = 1 ) ORDER BY `sort` [ RunTime:0.000000s ]
[ sql ] [ SQL ] SHOW COLUMNS FROM `mc_member_product` [ RunTime:0.001000s ]
[ sql ] [ SQL ] SELECT COUNT(*) AS tp_count FROM `mc_member_product` LIMIT 1 [ RunTime:0.000000s ]

---------------------------------------------------------------
[ 2018-06-12T15:16:07+08:00 ] [ sql ] [ DB ] CONNECT:[ UseTime:0.010000s ] mysql:dbname=db_mc;host=127.0.0.1;port=3306;charset=utf8
[ sql ] [ SQL ] SHOW COLUMNS FROM `mc_auth_rule` [ RunTime:0.001000s ]
[ sql ] [ SQL ] SELECT * FROM `mc_auth_rule` WHERE  (  status = 1 ) ORDER BY `sort` [ RunTime:0.000000s ]
[ sql ] [ SQL ] SHOW COLUMNS FROM `mc_member_product` [ RunTime:0.001000s ]
[ sql ] [ SQL ] SELECT COUNT(*) AS tp_count FROM `mc_member_product` LIMIT 1 [ RunTime:0.000000s ]

---------------------------------------------------------------
[ 2018-06-12T15:16:26+08:00 ] [ sql ] [ DB ] CONNECT:[ UseTime:0.002000s ] mysql:dbname=db_mc;host=127.0.0.1;port=3306;charset=utf8
[ sql ] [ SQL ] SHOW COLUMNS FROM `mc_auth_rule` [ RunTime:0.001000s ]
[ sql ] [ SQL ] SELECT * FROM `mc_auth_rule` WHERE  (  status = 1 ) ORDER BY `sort` [ RunTime:0.001000s ]
[ sql ] [ SQL ] SHOW COLUMNS FROM `mc_member_product` [ RunTime:0.001000s ]
[ sql ] [ SQL ] SELECT COUNT(*) AS tp_count FROM `mc_member_product` LIMIT 1 [ RunTime:0.000000s ]

---------------------------------------------------------------
[ 2018-06-12T15:16:26+08:00 ] [ sql ] [ DB ] CONNECT:[ UseTime:0.011000s ] mysql:dbname=db_mc;host=127.0.0.1;port=3306;charset=utf8
[ sql ] [ SQL ] SHOW COLUMNS FROM `mc_auth_rule` [ RunTime:0.001000s ]
[ sql ] [ SQL ] SELECT * FROM `mc_auth_rule` WHERE  (  status = 1 ) ORDER BY `sort` [ RunTime:0.001000s ]
[ sql ] [ SQL ] SHOW COLUMNS FROM `mc_member_product` [ RunTime:0.002000s ]
[ sql ] [ SQL ] SELECT COUNT(*) AS tp_count FROM `mc_member_product` LIMIT 1 [ RunTime:0.000000s ]
[ sql ] [ SQL ] SHOW COLUMNS FROM `mc_product` [ RunTime:0.002000s ]
[ sql ] [ SQL ] SELECT `id`,`name` FROM `mc_product` [ RunTime:0.000000s ]
[ sql ] [ SQL ] SHOW COLUMNS FROM `mc_agency` [ RunTime:0.004000s ]
[ sql ] [ SQL ] SELECT `id`,`name` FROM `mc_agency` [ RunTime:0.001000s ]
[ error ] [2]Missing argument 1 for think\db\Query::order(), called in E:\workplace\mc\application\admin\controller\Conversion.php on line 32 and defined

---------------------------------------------------------------
[ 2018-06-12T15:18:01+08:00 ] [ sql ] [ DB ] CONNECT:[ UseTime:0.010000s ] mysql:dbname=db_mc;host=127.0.0.1;port=3306;charset=utf8
[ sql ] [ SQL ] SHOW COLUMNS FROM `mc_auth_rule` [ RunTime:0.002000s ]
[ sql ] [ SQL ] SELECT * FROM `mc_auth_rule` WHERE  (  status = 1 ) ORDER BY `sort` [ RunTime:0.001000s ]
[ sql ] [ SQL ] SHOW COLUMNS FROM `mc_member_product` [ RunTime:0.001000s ]
[ sql ] [ SQL ] SELECT COUNT(*) AS tp_count FROM `mc_member_product` LIMIT 1 [ RunTime:0.000000s ]

---------------------------------------------------------------
[ 2018-06-12T15:18:01+08:00 ] [ sql ] [ DB ] CONNECT:[ UseTime:0.002000s ] mysql:dbname=db_mc;host=127.0.0.1;port=3306;charset=utf8
[ sql ] [ SQL ] SHOW COLUMNS FROM `mc_auth_rule` [ RunTime:0.001000s ]
[ sql ] [ SQL ] SELECT * FROM `mc_auth_rule` WHERE  (  status = 1 ) ORDER BY `sort` [ RunTime:0.002000s ]
[ sql ] [ SQL ] SHOW COLUMNS FROM `mc_member_product` [ RunTime:0.001000s ]
[ sql ] [ SQL ] SELECT COUNT(*) AS tp_count FROM `mc_member_product` LIMIT 1 [ RunTime:0.001000s ]
[ sql ] [ SQL ] SHOW COLUMNS FROM `mc_product` [ RunTime:0.002000s ]
[ sql ] [ SQL ] SELECT `id`,`name` FROM `mc_product` [ RunTime:0.000000s ]
[ sql ] [ SQL ] SHOW COLUMNS FROM `mc_agency` [ RunTime:0.002000s ]
[ sql ] [ SQL ] SELECT `id`,`name` FROM `mc_agency` [ RunTime:0.000000s ]
[ sql ] [ SQL ] SELECT * FROM `mc_member_product` ORDER BY field(state,0,1),date desc LIMIT 0,15 [ RunTime:0.007000s ]

---------------------------------------------------------------
[ 2018-06-12T15:18:51+08:00 ] [ sql ] [ DB ] CONNECT:[ UseTime:0.010000s ] mysql:dbname=db_mc;host=127.0.0.1;port=3306;charset=utf8
[ sql ] [ SQL ] SHOW COLUMNS FROM `mc_auth_rule` [ RunTime:0.001000s ]
[ sql ] [ SQL ] SELECT * FROM `mc_auth_rule` WHERE  (  status = 1 ) ORDER BY `sort` [ RunTime:0.001000s ]
[ sql ] [ SQL ] SHOW COLUMNS FROM `mc_member_product` [ RunTime:0.002000s ]
[ sql ] [ SQL ] SELECT COUNT(*) AS tp_count FROM `mc_member_product` LIMIT 1 [ RunTime:0.000000s ]

---------------------------------------------------------------
[ 2018-06-12T15:18:52+08:00 ] [ sql ] [ DB ] CONNECT:[ UseTime:0.011000s ] mysql:dbname=db_mc;host=127.0.0.1;port=3306;charset=utf8
[ sql ] [ SQL ] SHOW COLUMNS FROM `mc_auth_rule` [ RunTime:0.002000s ]
[ sql ] [ SQL ] SELECT * FROM `mc_auth_rule` WHERE  (  status = 1 ) ORDER BY `sort` [ RunTime:0.002000s ]
[ sql ] [ SQL ] SHOW COLUMNS FROM `mc_member_product` [ RunTime:0.002000s ]
[ sql ] [ SQL ] SELECT COUNT(*) AS tp_count FROM `mc_member_product` LIMIT 1 [ RunTime:0.000000s ]
[ sql ] [ SQL ] SHOW COLUMNS FROM `mc_product` [ RunTime:0.002000s ]
[ sql ] [ SQL ] SELECT `id`,`name` FROM `mc_product` [ RunTime:0.001000s ]
[ sql ] [ SQL ] SHOW COLUMNS FROM `mc_agency` [ RunTime:0.002000s ]
[ sql ] [ SQL ] SELECT `id`,`name` FROM `mc_agency` [ RunTime:0.001000s ]
[ sql ] [ SQL ] SELECT * FROM `mc_member_product` ORDER BY field(state,0,1),date desc LIMIT 0,15 [ RunTime:0.000000s ]

---------------------------------------------------------------
[ 2018-06-12T15:19:22+08:00 ] [ sql ] [ DB ] CONNECT:[ UseTime:0.010000s ] mysql:dbname=db_mc;host=127.0.0.1;port=3306;charset=utf8
[ sql ] [ SQL ] SHOW COLUMNS FROM `mc_auth_rule` [ RunTime:0.001000s ]
[ sql ] [ SQL ] SELECT * FROM `mc_auth_rule` WHERE  (  status = 1 ) ORDER BY `sort` [ RunTime:0.001000s ]
[ sql ] [ SQL ] SHOW COLUMNS FROM `mc_member_product` [ RunTime:0.001000s ]
[ sql ] [ SQL ] SELECT COUNT(*) AS tp_count FROM `mc_member_product` LIMIT 1 [ RunTime:0.000000s ]
[ sql ] [ SQL ] SHOW COLUMNS FROM `mc_product` [ RunTime:0.001000s ]
[ sql ] [ SQL ] SELECT `id`,`name` FROM `mc_product` [ RunTime:0.000000s ]
[ sql ] [ SQL ] SHOW COLUMNS FROM `mc_agency` [ RunTime:0.002000s ]
[ sql ] [ SQL ] SELECT `id`,`name` FROM `mc_agency` [ RunTime:0.001000s ]
[ sql ] [ SQL ] SELECT * FROM `mc_member_product` ORDER BY field(state,0,1),date desc LIMIT 0,15 [ RunTime:0.000000s ]

---------------------------------------------------------------
[ 2018-06-12T15:19:22+08:00 ] [ sql ] [ DB ] CONNECT:[ UseTime:0.001000s ] mysql:dbname=db_mc;host=127.0.0.1;port=3306;charset=utf8
[ sql ] [ SQL ] SHOW COLUMNS FROM `mc_auth_rule` [ RunTime:0.001000s ]
[ sql ] [ SQL ] SELECT * FROM `mc_auth_rule` WHERE  (  status = 1 ) ORDER BY `sort` [ RunTime:0.000000s ]
[ sql ] [ SQL ] SHOW COLUMNS FROM `mc_member_product` [ RunTime:0.002000s ]
[ sql ] [ SQL ] SELECT COUNT(*) AS tp_count FROM `mc_member_product` LIMIT 1 [ RunTime:0.000000s ]
[ sql ] [ SQL ] SHOW COLUMNS FROM `mc_product` [ RunTime:0.001000s ]
[ sql ] [ SQL ] SELECT `id`,`name` FROM `mc_product` [ RunTime:0.001000s ]
[ sql ] [ SQL ] SHOW COLUMNS FROM `mc_agency` [ RunTime:0.003000s ]
[ sql ] [ SQL ] SELECT `id`,`name` FROM `mc_agency` [ RunTime:0.000000s ]
[ sql ] [ SQL ] SELECT * FROM `mc_member_product` ORDER BY field(state,0,1),date desc LIMIT 0,15 [ RunTime:0.000000s ]

---------------------------------------------------------------
[ 2018-06-12T15:19:35+08:00 ] [ sql ] [ DB ] CONNECT:[ UseTime:0.011000s ] mysql:dbname=db_mc;host=127.0.0.1;port=3306;charset=utf8
[ sql ] [ SQL ] SHOW COLUMNS FROM `mc_auth_rule` [ RunTime:0.001000s ]
[ sql ] [ SQL ] SELECT * FROM `mc_auth_rule` WHERE  (  status = 1 ) ORDER BY `sort` [ RunTime:0.001000s ]
[ sql ] [ SQL ] SHOW COLUMNS FROM `mc_member_product` [ RunTime:0.002000s ]
[ sql ] [ SQL ] SELECT COUNT(*) AS tp_count FROM `mc_member_product` LIMIT 1 [ RunTime:0.000000s ]

---------------------------------------------------------------
[ 2018-06-12T15:19:35+08:00 ] [ sql ] [ DB ] CONNECT:[ UseTime:0.002000s ] mysql:dbname=db_mc;host=127.0.0.1;port=3306;charset=utf8
[ sql ] [ SQL ] SHOW COLUMNS FROM `mc_auth_rule` [ RunTime:0.002000s ]
[ sql ] [ SQL ] SELECT * FROM `mc_auth_rule` WHERE  (  status = 1 ) ORDER BY `sort` [ RunTime:0.001000s ]
[ sql ] [ SQL ] SHOW COLUMNS FROM `mc_member_product` [ RunTime:0.002000s ]
[ sql ] [ SQL ] SELECT COUNT(*) AS tp_count FROM `mc_member_product` LIMIT 1 [ RunTime:0.000000s ]
[ sql ] [ SQL ] SHOW COLUMNS FROM `mc_product` [ RunTime:0.002000s ]
[ sql ] [ SQL ] SELECT `id`,`name` FROM `mc_product` [ RunTime:0.001000s ]
[ sql ] [ SQL ] SHOW COLUMNS FROM `mc_agency` [ RunTime:0.002000s ]
[ sql ] [ SQL ] SELECT `id`,`name` FROM `mc_agency` [ RunTime:0.000000s ]
[ sql ] [ SQL ] SELECT * FROM `mc_member_product` ORDER BY field(state,0,1),date desc LIMIT 0,15 [ RunTime:0.001000s ]

---------------------------------------------------------------
[ 2018-06-12T15:20:16+08:00 ] [ sql ] [ DB ] CONNECT:[ UseTime:0.011000s ] mysql:dbname=db_mc;host=127.0.0.1;port=3306;charset=utf8
[ sql ] [ SQL ] SHOW COLUMNS FROM `mc_auth_rule` [ RunTime:0.001000s ]
[ sql ] [ SQL ] SELECT * FROM `mc_auth_rule` WHERE  (  status = 1 ) ORDER BY `sort` [ RunTime:0.001000s ]
[ sql ] [ SQL ] SHOW COLUMNS FROM `mc_member_product` [ RunTime:0.002000s ]
[ sql ] [ SQL ] SELECT COUNT(*) AS tp_count FROM `mc_member_product` LIMIT 1 [ RunTime:0.001000s ]

---------------------------------------------------------------
[ 2018-06-12T15:20:16+08:00 ] [ sql ] [ DB ] CONNECT:[ UseTime:0.002000s ] mysql:dbname=db_mc;host=127.0.0.1;port=3306;charset=utf8
[ sql ] [ SQL ] SHOW COLUMNS FROM `mc_auth_rule` [ RunTime:0.001000s ]
[ sql ] [ SQL ] SELECT * FROM `mc_auth_rule` WHERE  (  status = 1 ) ORDER BY `sort` [ RunTime:0.000000s ]
[ sql ] [ SQL ] SHOW COLUMNS FROM `mc_member_product` [ RunTime:0.001000s ]
[ sql ] [ SQL ] SELECT COUNT(*) AS tp_count FROM `mc_member_product` LIMIT 1 [ RunTime:0.001000s ]
[ sql ] [ SQL ] SHOW COLUMNS FROM `mc_product` [ RunTime:0.001000s ]
[ sql ] [ SQL ] SELECT `id`,`name` FROM `mc_product` [ RunTime:0.001000s ]
[ sql ] [ SQL ] SHOW COLUMNS FROM `mc_agency` [ RunTime:0.000000s ]
[ sql ] [ SQL ] SELECT `id`,`name` FROM `mc_agency` [ RunTime:0.000000s ]
[ sql ] [ SQL ] SELECT * FROM `mc_member_product` ORDER BY field(state,0,1),date desc LIMIT 0,15 [ RunTime:0.000000s ]

---------------------------------------------------------------
[ 2018-06-12T15:20:21+08:00 ] [ sql ] [ DB ] CONNECT:[ UseTime:0.010000s ] mysql:dbname=db_mc;host=127.0.0.1;port=3306;charset=utf8
[ sql ] [ SQL ] SHOW COLUMNS FROM `mc_auth_rule` [ RunTime:0.001000s ]
[ sql ] [ SQL ] SELECT * FROM `mc_auth_rule` WHERE  (  status = 1 ) ORDER BY `sort` [ RunTime:0.000000s ]
[ sql ] [ SQL ] SHOW COLUMNS FROM `mc_member_product` [ RunTime:0.001000s ]
[ sql ] [ SQL ] SELECT COUNT(*) AS tp_count FROM `mc_member_product` LIMIT 1 [ RunTime:0.000000s ]

---------------------------------------------------------------
[ 2018-06-12T15:20:21+08:00 ] [ sql ] [ DB ] CONNECT:[ UseTime:0.010000s ] mysql:dbname=db_mc;host=127.0.0.1;port=3306;charset=utf8
[ sql ] [ SQL ] SHOW COLUMNS FROM `mc_auth_rule` [ RunTime:0.000000s ]
[ sql ] [ SQL ] SELECT * FROM `mc_auth_rule` WHERE  (  status = 1 ) ORDER BY `sort` [ RunTime:0.001000s ]
[ sql ] [ SQL ] SHOW COLUMNS FROM `mc_member_product` [ RunTime:0.001000s ]
[ sql ] [ SQL ] SELECT COUNT(*) AS tp_count FROM `mc_member_product` LIMIT 1 [ RunTime:0.001000s ]
[ sql ] [ SQL ] SHOW COLUMNS FROM `mc_product` [ RunTime:0.004000s ]
[ sql ] [ SQL ] SELECT `id`,`name` FROM `mc_product` [ RunTime:0.001000s ]
[ sql ] [ SQL ] SHOW COLUMNS FROM `mc_agency` [ RunTime:0.001000s ]
[ sql ] [ SQL ] SELECT `id`,`name` FROM `mc_agency` [ RunTime:0.001000s ]
[ sql ] [ SQL ] SELECT * FROM `mc_member_product` ORDER BY field(state,0,1),date desc LIMIT 0,15 [ RunTime:0.001000s ]

---------------------------------------------------------------
[ 2018-06-12T15:20:29+08:00 ] [ sql ] [ DB ] CONNECT:[ UseTime:0.010000s ] mysql:dbname=db_mc;host=127.0.0.1;port=3306;charset=utf8
[ sql ] [ SQL ] SHOW COLUMNS FROM `mc_auth_rule` [ RunTime:0.002000s ]
[ sql ] [ SQL ] SELECT * FROM `mc_auth_rule` WHERE  (  status = 1 ) ORDER BY `sort` [ RunTime:0.000000s ]
[ sql ] [ SQL ] SHOW COLUMNS FROM `mc_member_product` [ RunTime:0.001000s ]
[ sql ] [ SQL ] SELECT COUNT(*) AS tp_count FROM `mc_member_product` LIMIT 1 [ RunTime:0.000000s ]

---------------------------------------------------------------
[ 2018-06-12T15:20:29+08:00 ] [ sql ] [ DB ] CONNECT:[ UseTime:0.002000s ] mysql:dbname=db_mc;host=127.0.0.1;port=3306;charset=utf8
[ sql ] [ SQL ] SHOW COLUMNS FROM `mc_auth_rule` [ RunTime:0.001000s ]
[ sql ] [ SQL ] SELECT * FROM `mc_auth_rule` WHERE  (  status = 1 ) ORDER BY `sort` [ RunTime:0.001000s ]
[ sql ] [ SQL ] SHOW COLUMNS FROM `mc_member_product` [ RunTime:0.001000s ]
[ sql ] [ SQL ] SELECT COUNT(*) AS tp_count FROM `mc_member_product` LIMIT 1 [ RunTime:0.000000s ]
[ sql ] [ SQL ] SHOW COLUMNS FROM `mc_product` [ RunTime:0.002000s ]
[ sql ] [ SQL ] SELECT `id`,`name` FROM `mc_product` [ RunTime:0.000000s ]
[ sql ] [ SQL ] SHOW COLUMNS FROM `mc_agency` [ RunTime:0.003000s ]
[ sql ] [ SQL ] SELECT `id`,`name` FROM `mc_agency` [ RunTime:0.001000s ]
[ sql ] [ SQL ] SELECT * FROM `mc_member_product` ORDER BY field(state,0,1),date desc LIMIT 0,15 [ RunTime:0.000000s ]

---------------------------------------------------------------
[ 2018-06-12T15:20:34+08:00 ] [ sql ] [ DB ] CONNECT:[ UseTime:0.010000s ] mysql:dbname=db_mc;host=127.0.0.1;port=3306;charset=utf8
[ sql ] [ SQL ] SHOW COLUMNS FROM `mc_auth_rule` [ RunTime:0.000000s ]
[ sql ] [ SQL ] SELECT * FROM `mc_auth_rule` WHERE  (  status = 1 ) ORDER BY `sort` [ RunTime:0.000000s ]
[ sql ] [ SQL ] SHOW COLUMNS FROM `mc_member_product` [ RunTime:0.001000s ]
[ sql ] [ SQL ] SELECT COUNT(*) AS tp_count FROM `mc_member_product` LIMIT 1 [ RunTime:0.000000s ]

---------------------------------------------------------------
[ 2018-06-12T15:20:34+08:00 ] [ sql ] [ DB ] CONNECT:[ UseTime:0.002000s ] mysql:dbname=db_mc;host=127.0.0.1;port=3306;charset=utf8
[ sql ] [ SQL ] SHOW COLUMNS FROM `mc_auth_rule` [ RunTime:0.001000s ]
[ sql ] [ SQL ] SELECT * FROM `mc_auth_rule` WHERE  (  status = 1 ) ORDER BY `sort` [ RunTime:0.003000s ]
[ sql ] [ SQL ] SHOW COLUMNS FROM `mc_member_product` [ RunTime:0.002000s ]
[ sql ] [ SQL ] SELECT COUNT(*) AS tp_count FROM `mc_member_product` LIMIT 1 [ RunTime:0.001000s ]
[ sql ] [ SQL ] SHOW COLUMNS FROM `mc_product` [ RunTime:0.001000s ]
[ sql ] [ SQL ] SELECT `id`,`name` FROM `mc_product` [ RunTime:0.000000s ]
[ sql ] [ SQL ] SHOW COLUMNS FROM `mc_agency` [ RunTime:0.001000s ]
[ sql ] [ SQL ] SELECT `id`,`name` FROM `mc_agency` [ RunTime:0.001000s ]
[ sql ] [ SQL ] SELECT * FROM `mc_member_product` ORDER BY field(state,0,1),date desc LIMIT 0,15 [ RunTime:0.000000s ]

---------------------------------------------------------------
[ 2018-06-12T15:20:42+08:00 ] [ sql ] [ DB ] CONNECT:[ UseTime:0.002000s ] mysql:dbname=db_mc;host=127.0.0.1;port=3306;charset=utf8
[ sql ] [ SQL ] SHOW COLUMNS FROM `mc_auth_rule` [ RunTime:0.001000s ]
[ sql ] [ SQL ] SELECT * FROM `mc_auth_rule` WHERE  (  status = 1 ) ORDER BY `sort` [ RunTime:0.001000s ]
[ sql ] [ SQL ] SHOW COLUMNS FROM `mc_member_product` [ RunTime:0.001000s ]
[ sql ] [ SQL ] SELECT COUNT(*) AS tp_count FROM `mc_member_product` LIMIT 1 [ RunTime:0.000000s ]

---------------------------------------------------------------
[ 2018-06-12T15:20:43+08:00 ] [ sql ] [ DB ] CONNECT:[ UseTime:0.011000s ] mysql:dbname=db_mc;host=127.0.0.1;port=3306;charset=utf8
[ sql ] [ SQL ] SHOW COLUMNS FROM `mc_auth_rule` [ RunTime:0.001000s ]
[ sql ] [ SQL ] SELECT * FROM `mc_auth_rule` WHERE  (  status = 1 ) ORDER BY `sort` [ RunTime:0.000000s ]
[ sql ] [ SQL ] SHOW COLUMNS FROM `mc_member_product` [ RunTime:0.001000s ]
[ sql ] [ SQL ] SELECT COUNT(*) AS tp_count FROM `mc_member_product` LIMIT 1 [ RunTime:0.000000s ]
[ sql ] [ SQL ] SHOW COLUMNS FROM `mc_product` [ RunTime:0.001000s ]
[ sql ] [ SQL ] SELECT `id`,`name` FROM `mc_product` [ RunTime:0.000000s ]
[ sql ] [ SQL ] SHOW COLUMNS FROM `mc_agency` [ RunTime:0.001000s ]
[ sql ] [ SQL ] SELECT `id`,`name` FROM `mc_agency` [ RunTime:0.001000s ]
[ sql ] [ SQL ] SELECT * FROM `mc_member_product` ORDER BY field(state,0,1),date desc LIMIT 0,15 [ RunTime:0.000000s ]

---------------------------------------------------------------
[ 2018-06-12T15:20:51+08:00 ] [ sql ] [ DB ] CONNECT:[ UseTime:0.010000s ] mysql:dbname=db_mc;host=127.0.0.1;port=3306;charset=utf8
[ sql ] [ SQL ] SHOW COLUMNS FROM `mc_auth_rule` [ RunTime:0.000000s ]
[ sql ] [ SQL ] SELECT * FROM `mc_auth_rule` WHERE  (  status = 1 ) ORDER BY `sort` [ RunTime:0.000000s ]
[ sql ] [ SQL ] SHOW COLUMNS FROM `mc_member_product` [ RunTime:0.000000s ]
[ sql ] [ SQL ] SELECT COUNT(*) AS tp_count FROM `mc_member_product` LIMIT 1 [ RunTime:0.001000s ]

---------------------------------------------------------------
[ 2018-06-12T15:20:51+08:00 ] [ sql ] [ DB ] CONNECT:[ UseTime:0.002000s ] mysql:dbname=db_mc;host=127.0.0.1;port=3306;charset=utf8
[ sql ] [ SQL ] SHOW COLUMNS FROM `mc_auth_rule` [ RunTime:0.001000s ]
[ sql ] [ SQL ] SELECT * FROM `mc_auth_rule` WHERE  (  status = 1 ) ORDER BY `sort` [ RunTime:0.001000s ]
[ sql ] [ SQL ] SHOW COLUMNS FROM `mc_member_product` [ RunTime:0.001000s ]
[ sql ] [ SQL ] SELECT COUNT(*) AS tp_count FROM `mc_member_product` LIMIT 1 [ RunTime:0.001000s ]
[ sql ] [ SQL ] SHOW COLUMNS FROM `mc_product` [ RunTime:0.001000s ]
[ sql ] [ SQL ] SELECT `id`,`name` FROM `mc_product` [ RunTime:0.000000s ]
[ sql ] [ SQL ] SHOW COLUMNS FROM `mc_agency` [ RunTime:0.000000s ]
[ sql ] [ SQL ] SELECT `id`,`name` FROM `mc_agency` [ RunTime:0.001000s ]
[ sql ] [ SQL ] SELECT * FROM `mc_member_product` ORDER BY field(state,0,1),date desc LIMIT 0,15 [ RunTime:0.001000s ]

---------------------------------------------------------------
[ 2018-06-12T15:20:58+08:00 ] [ sql ] [ DB ] CONNECT:[ UseTime:0.012000s ] mysql:dbname=db_mc;host=127.0.0.1;port=3306;charset=utf8
[ sql ] [ SQL ] SHOW COLUMNS FROM `mc_auth_rule` [ RunTime:0.001000s ]
[ sql ] [ SQL ] SELECT * FROM `mc_auth_rule` WHERE  (  status = 1 ) ORDER BY `sort` [ RunTime:0.001000s ]
[ sql ] [ SQL ] SHOW COLUMNS FROM `mc_member_product` [ RunTime:0.001000s ]
[ sql ] [ SQL ] SELECT COUNT(*) AS tp_count FROM `mc_member_product` LIMIT 1 [ RunTime:0.001000s ]

---------------------------------------------------------------
[ 2018-06-12T15:20:58+08:00 ] [ sql ] [ DB ] CONNECT:[ UseTime:0.001000s ] mysql:dbname=db_mc;host=127.0.0.1;port=3306;charset=utf8
[ sql ] [ SQL ] SHOW COLUMNS FROM `mc_auth_rule` [ RunTime:0.004000s ]
[ sql ] [ SQL ] SELECT * FROM `mc_auth_rule` WHERE  (  status = 1 ) ORDER BY `sort` [ RunTime:0.001000s ]
[ sql ] [ SQL ] SHOW COLUMNS FROM `mc_member_product` [ RunTime:0.002000s ]
[ sql ] [ SQL ] SELECT COUNT(*) AS tp_count FROM `mc_member_product` LIMIT 1 [ RunTime:0.000000s ]
[ sql ] [ SQL ] SHOW COLUMNS FROM `mc_product` [ RunTime:0.001000s ]
[ sql ] [ SQL ] SELECT `id`,`name` FROM `mc_product` [ RunTime:0.001000s ]
[ sql ] [ SQL ] SHOW COLUMNS FROM `mc_agency` [ RunTime:0.002000s ]
[ sql ] [ SQL ] SELECT `id`,`name` FROM `mc_agency` [ RunTime:0.001000s ]
[ sql ] [ SQL ] SELECT * FROM `mc_member_product` ORDER BY field(state,0,1),date desc LIMIT 0,15 [ RunTime:0.001000s ]

---------------------------------------------------------------
[ 2018-06-12T15:25:35+08:00 ] [ sql ] [ DB ] CONNECT:[ UseTime:0.011000s ] mysql:dbname=db_mc;host=127.0.0.1;port=3306;charset=utf8
[ sql ] [ SQL ] SHOW COLUMNS FROM `mc_auth_rule` [ RunTime:0.000000s ]
[ sql ] [ SQL ] SELECT * FROM `mc_auth_rule` WHERE  (  status = 1 ) ORDER BY `sort` [ RunTime:0.001000s ]
[ sql ] [ SQL ] SHOW COLUMNS FROM `mc_member_product` [ RunTime:0.000000s ]
[ sql ] [ SQL ] SELECT COUNT(*) AS tp_count FROM `mc_member_product` LIMIT 1 [ RunTime:0.001000s ]

---------------------------------------------------------------
[ 2018-06-12T15:25:35+08:00 ] [ sql ] [ DB ] CONNECT:[ UseTime:0.001000s ] mysql:dbname=db_mc;host=127.0.0.1;port=3306;charset=utf8
[ sql ] [ SQL ] SHOW COLUMNS FROM `mc_auth_rule` [ RunTime:0.001000s ]
[ sql ] [ SQL ] SELECT * FROM `mc_auth_rule` WHERE  (  status = 1 ) ORDER BY `sort` [ RunTime:0.000000s ]
[ sql ] [ SQL ] SHOW COLUMNS FROM `mc_member_product` [ RunTime:0.001000s ]
[ sql ] [ SQL ] SELECT COUNT(*) AS tp_count FROM `mc_member_product` LIMIT 1 [ RunTime:0.001000s ]
[ sql ] [ SQL ] SHOW COLUMNS FROM `mc_product` [ RunTime:0.004000s ]
[ sql ] [ SQL ] SELECT `id`,`name` FROM `mc_product` [ RunTime:0.000000s ]
[ sql ] [ SQL ] SHOW COLUMNS FROM `mc_agency` [ RunTime:0.001000s ]
[ sql ] [ SQL ] SELECT `id`,`name` FROM `mc_agency` [ RunTime:0.001000s ]
[ sql ] [ SQL ] SELECT * FROM `mc_member_product` ORDER BY field(state,0,1),date desc LIMIT 0,15 [ RunTime:0.000000s ]

---------------------------------------------------------------
[ 2018-06-12T15:26:19+08:00 ] [ sql ] [ DB ] CONNECT:[ UseTime:0.001000s ] mysql:dbname=db_mc;host=127.0.0.1;port=3306;charset=utf8
[ sql ] [ SQL ] SHOW COLUMNS FROM `mc_auth_rule` [ RunTime:0.001000s ]
[ sql ] [ SQL ] SELECT * FROM `mc_auth_rule` WHERE  (  status = 1 ) ORDER BY `sort` [ RunTime:0.001000s ]
[ sql ] [ SQL ] SHOW COLUMNS FROM `mc_member_product` [ RunTime:0.001000s ]
[ sql ] [ SQL ] SELECT COUNT(*) AS tp_count FROM `mc_member_product` LIMIT 1 [ RunTime:0.000000s ]

---------------------------------------------------------------
[ 2018-06-12T15:26:19+08:00 ] [ sql ] [ DB ] CONNECT:[ UseTime:0.003000s ] mysql:dbname=db_mc;host=127.0.0.1;port=3306;charset=utf8
[ sql ] [ SQL ] SHOW COLUMNS FROM `mc_auth_rule` [ RunTime:0.001000s ]
[ sql ] [ SQL ] SELECT * FROM `mc_auth_rule` WHERE  (  status = 1 ) ORDER BY `sort` [ RunTime:0.000000s ]
[ sql ] [ SQL ] SHOW COLUMNS FROM `mc_member_product` [ RunTime:0.001000s ]
[ sql ] [ SQL ] SELECT COUNT(*) AS tp_count FROM `mc_member_product` LIMIT 1 [ RunTime:0.001000s ]
[ sql ] [ SQL ] SHOW COLUMNS FROM `mc_product` [ RunTime:0.001000s ]
[ sql ] [ SQL ] SELECT `id`,`name` FROM `mc_product` [ RunTime:0.001000s ]
[ sql ] [ SQL ] SHOW COLUMNS FROM `mc_agency` [ RunTime:0.001000s ]
[ sql ] [ SQL ] SELECT `id`,`name` FROM `mc_agency` [ RunTime:0.000000s ]
[ sql ] [ SQL ] SELECT * FROM `mc_member_product` ORDER BY field(state,0,1),date desc LIMIT 0,15 [ RunTime:0.000000s ]

---------------------------------------------------------------
[ 2018-06-12T15:30:04+08:00 ] [ sql ] [ DB ] CONNECT:[ UseTime:0.002000s ] mysql:dbname=db_mc;host=127.0.0.1;port=3306;charset=utf8
[ sql ] [ SQL ] SHOW COLUMNS FROM `mc_auth_rule` [ RunTime:0.001000s ]
[ sql ] [ SQL ] SELECT * FROM `mc_auth_rule` WHERE  (  status = 1 ) ORDER BY `sort` [ RunTime:0.001000s ]
[ sql ] [ SQL ] SHOW COLUMNS FROM `mc_member_product` [ RunTime:0.001000s ]
[ sql ] [ SQL ] SELECT COUNT(*) AS tp_count FROM `mc_member_product` LIMIT 1 [ RunTime:0.001000s ]

---------------------------------------------------------------
[ 2018-06-12T15:30:04+08:00 ] [ sql ] [ DB ] CONNECT:[ UseTime:0.002000s ] mysql:dbname=db_mc;host=127.0.0.1;port=3306;charset=utf8
[ sql ] [ SQL ] SHOW COLUMNS FROM `mc_auth_rule` [ RunTime:0.001000s ]
[ sql ] [ SQL ] SELECT * FROM `mc_auth_rule` WHERE  (  status = 1 ) ORDER BY `sort` [ RunTime:0.001000s ]
[ sql ] [ SQL ] SHOW COLUMNS FROM `mc_member_product` [ RunTime:0.001000s ]
[ sql ] [ SQL ] SELECT COUNT(*) AS tp_count FROM `mc_member_product` LIMIT 1 [ RunTime:0.000000s ]
[ sql ] [ SQL ] SHOW COLUMNS FROM `mc_product` [ RunTime:0.004000s ]
[ sql ] [ SQL ] SELECT `id`,`name` FROM `mc_product` [ RunTime:0.001000s ]
[ sql ] [ SQL ] SHOW COLUMNS FROM `mc_agency` [ RunTime:0.002000s ]
[ sql ] [ SQL ] SELECT `id`,`name` FROM `mc_agency` [ RunTime:0.000000s ]
[ sql ] [ SQL ] SELECT * FROM `mc_member_product` ORDER BY field(state,0,1),date desc LIMIT 0,15 [ RunTime:0.001000s ]

---------------------------------------------------------------
[ 2018-06-12T15:30:06+08:00 ] [ sql ] [ DB ] CONNECT:[ UseTime:0.010000s ] mysql:dbname=db_mc;host=127.0.0.1;port=3306;charset=utf8
[ sql ] [ SQL ] SHOW COLUMNS FROM `mc_auth_rule` [ RunTime:0.001000s ]
[ sql ] [ SQL ] SELECT * FROM `mc_auth_rule` WHERE  (  status = 1 ) ORDER BY `sort` [ RunTime:0.001000s ]

---------------------------------------------------------------
[ 2018-06-12T15:39:54+08:00 ] [ sql ] [ DB ] CONNECT:[ UseTime:0.011000s ] mysql:dbname=db_mc;host=127.0.0.1;port=3306;charset=utf8
[ sql ] [ SQL ] SHOW COLUMNS FROM `mc_auth_rule` [ RunTime:0.001000s ]
[ sql ] [ SQL ] SELECT * FROM `mc_auth_rule` WHERE  (  status = 1 ) ORDER BY `sort` [ RunTime:0.001000s ]
[ sql ] [ SQL ] SHOW COLUMNS FROM `mc_member_product` [ RunTime:0.001000s ]
[ sql ] [ SQL ] SELECT COUNT(*) AS tp_count FROM `mc_member_product` LIMIT 1 [ RunTime:0.001000s ]

---------------------------------------------------------------
[ 2018-06-12T15:39:55+08:00 ] [ sql ] [ DB ] CONNECT:[ UseTime:0.001000s ] mysql:dbname=db_mc;host=127.0.0.1;port=3306;charset=utf8
[ sql ] [ SQL ] SHOW COLUMNS FROM `mc_auth_rule` [ RunTime:0.000000s ]
[ sql ] [ SQL ] SELECT * FROM `mc_auth_rule` WHERE  (  status = 1 ) ORDER BY `sort` [ RunTime:0.002000s ]
[ sql ] [ SQL ] SHOW COLUMNS FROM `mc_member_product` [ RunTime:0.002000s ]
[ sql ] [ SQL ] SELECT COUNT(*) AS tp_count FROM `mc_member_product` LIMIT 1 [ RunTime:0.000000s ]
[ sql ] [ SQL ] SHOW COLUMNS FROM `mc_product` [ RunTime:0.001000s ]
[ sql ] [ SQL ] SELECT `id`,`name` FROM `mc_product` [ RunTime:0.000000s ]
[ sql ] [ SQL ] SHOW COLUMNS FROM `mc_agency` [ RunTime:0.002000s ]
[ sql ] [ SQL ] SELECT `id`,`name` FROM `mc_agency` [ RunTime:0.001000s ]
[ sql ] [ SQL ] SELECT * FROM `mc_member_product` ORDER BY field(state,0,1),date desc LIMIT 0,15 [ RunTime:0.001000s ]

---------------------------------------------------------------
[ 2018-06-12T15:39:56+08:00 ] [ sql ] [ DB ] CONNECT:[ UseTime:0.010000s ] mysql:dbname=db_mc;host=127.0.0.1;port=3306;charset=utf8
[ sql ] [ SQL ] SHOW COLUMNS FROM `mc_auth_rule` [ RunTime:0.002000s ]
[ sql ] [ SQL ] SELECT * FROM `mc_auth_rule` WHERE  (  status = 1 ) ORDER BY `sort` [ RunTime:0.001000s ]

---------------------------------------------------------------
[ 2018-06-12T15:40:26+08:00 ] [ sql ] [ DB ] CONNECT:[ UseTime:0.010000s ] mysql:dbname=db_mc;host=127.0.0.1;port=3306;charset=utf8
[ sql ] [ SQL ] SHOW COLUMNS FROM `mc_auth_rule` [ RunTime:0.000000s ]
[ sql ] [ SQL ] SELECT * FROM `mc_auth_rule` WHERE  (  status = 1 ) ORDER BY `sort` [ RunTime:0.000000s ]
[ sql ] [ SQL ] SHOW COLUMNS FROM `mc_member_product` [ RunTime:0.001000s ]
[ sql ] [ SQL ] SELECT COUNT(*) AS tp_count FROM `mc_member_product` LIMIT 1 [ RunTime:0.000000s ]

---------------------------------------------------------------
[ 2018-06-12T15:40:26+08:00 ] [ sql ] [ DB ] CONNECT:[ UseTime:0.003000s ] mysql:dbname=db_mc;host=127.0.0.1;port=3306;charset=utf8
[ sql ] [ SQL ] SHOW COLUMNS FROM `mc_auth_rule` [ RunTime:0.001000s ]
[ sql ] [ SQL ] SELECT * FROM `mc_auth_rule` WHERE  (  status = 1 ) ORDER BY `sort` [ RunTime:0.001000s ]
[ sql ] [ SQL ] SHOW COLUMNS FROM `mc_member_product` [ RunTime:0.001000s ]
[ sql ] [ SQL ] SELECT COUNT(*) AS tp_count FROM `mc_member_product` LIMIT 1 [ RunTime:0.001000s ]
[ sql ] [ SQL ] SHOW COLUMNS FROM `mc_product` [ RunTime:0.001000s ]
[ sql ] [ SQL ] SELECT `id`,`name` FROM `mc_product` [ RunTime:0.001000s ]
[ sql ] [ SQL ] SHOW COLUMNS FROM `mc_agency` [ RunTime:0.003000s ]
[ sql ] [ SQL ] SELECT `id`,`name` FROM `mc_agency` [ RunTime:0.002000s ]
[ sql ] [ SQL ] SELECT * FROM `mc_member_product` ORDER BY field(state,0,1),date desc LIMIT 0,15 [ RunTime:0.001000s ]

---------------------------------------------------------------
[ 2018-06-12T15:40:28+08:00 ] [ sql ] [ DB ] CONNECT:[ UseTime:0.010000s ] mysql:dbname=db_mc;host=127.0.0.1;port=3306;charset=utf8
[ sql ] [ SQL ] SHOW COLUMNS FROM `mc_auth_rule` [ RunTime:0.000000s ]
[ sql ] [ SQL ] SELECT * FROM `mc_auth_rule` WHERE  (  status = 1 ) ORDER BY `sort` [ RunTime:0.001000s ]
[ sql ] [ SQL ] SHOW COLUMNS FROM `mc_member_product` [ RunTime:0.001000s ]
[ sql ] [ SQL ] UPDATE `mc_member_product`  SET `state`=1,`date`=1528789228  WHERE  `id` = 9 [ RunTime:0.007000s ]

---------------------------------------------------------------
[ 2018-06-12T15:40:30+08:00 ] [ sql ] [ DB ] CONNECT:[ UseTime:0.012000s ] mysql:dbname=db_mc;host=127.0.0.1;port=3306;charset=utf8
[ sql ] [ SQL ] SHOW COLUMNS FROM `mc_auth_rule` [ RunTime:0.001000s ]
[ sql ] [ SQL ] SELECT * FROM `mc_auth_rule` WHERE  (  status = 1 ) ORDER BY `sort` [ RunTime:0.001000s ]
[ sql ] [ SQL ] SHOW COLUMNS FROM `mc_member_product` [ RunTime:0.001000s ]
[ sql ] [ SQL ] SELECT COUNT(*) AS tp_count FROM `mc_member_product` LIMIT 1 [ RunTime:0.000000s ]

---------------------------------------------------------------
[ 2018-06-12T15:40:30+08:00 ] [ sql ] [ DB ] CONNECT:[ UseTime:0.001000s ] mysql:dbname=db_mc;host=127.0.0.1;port=3306;charset=utf8
[ sql ] [ SQL ] SHOW COLUMNS FROM `mc_auth_rule` [ RunTime:0.002000s ]
[ sql ] [ SQL ] SELECT * FROM `mc_auth_rule` WHERE  (  status = 1 ) ORDER BY `sort` [ RunTime:0.001000s ]
[ sql ] [ SQL ] SHOW COLUMNS FROM `mc_member_product` [ RunTime:0.001000s ]
[ sql ] [ SQL ] SELECT COUNT(*) AS tp_count FROM `mc_member_product` LIMIT 1 [ RunTime:0.001000s ]
[ sql ] [ SQL ] SHOW COLUMNS FROM `mc_product` [ RunTime:0.001000s ]
[ sql ] [ SQL ] SELECT `id`,`name` FROM `mc_product` [ RunTime:0.000000s ]
[ sql ] [ SQL ] SHOW COLUMNS FROM `mc_agency` [ RunTime:0.001000s ]
[ sql ] [ SQL ] SELECT `id`,`name` FROM `mc_agency` [ RunTime:0.001000s ]
[ sql ] [ SQL ] SELECT * FROM `mc_member_product` ORDER BY field(state,0,1),date desc LIMIT 0,15 [ RunTime:0.000000s ]

---------------------------------------------------------------
[ 2018-06-12T15:44:47+08:00 ] [ sql ] [ DB ] CONNECT:[ UseTime:0.010000s ] mysql:dbname=db_mc;host=127.0.0.1;port=3306;charset=utf8
[ sql ] [ SQL ] SHOW COLUMNS FROM `mc_agency` [ RunTime:0.001000s ]
[ sql ] [ SQL ] SELECT * FROM `mc_agency` WHERE  `username` = 'user_1'  AND `password` = 'e10adc3949ba59abbe56e057f20f883e' LIMIT 1 [ RunTime:0.000000s ]

---------------------------------------------------------------
[ 2018-06-12T15:44:49+08:00 ] [ sql ] [ DB ] CONNECT:[ UseTime:0.010000s ] mysql:dbname=db_mc;host=127.0.0.1;port=3306;charset=utf8
[ sql ] [ SQL ] SHOW COLUMNS FROM `mc_silder` [ RunTime:0.001000s ]
[ sql ] [ SQL ] SELECT * FROM `mc_silder` WHERE  `date_end` >= 1528789489 [ RunTime:0.002000s ]

---------------------------------------------------------------
[ 2018-06-12T15:45:04+08:00 ] [ sql ] [ DB ] CONNECT:[ UseTime:0.002000s ] mysql:dbname=db_mc;host=127.0.0.1;port=3306;charset=utf8
[ sql ] [ SQL ] SHOW COLUMNS FROM `mc_silder` [ RunTime:0.002000s ]
[ sql ] [ SQL ] SELECT * FROM `mc_silder` WHERE  `date_end` >= 1528789504 [ RunTime:0.001000s ]

---------------------------------------------------------------
[ 2018-06-12T15:45:19+08:00 ] [ sql ] [ DB ] CONNECT:[ UseTime:0.010000s ] mysql:dbname=db_mc;host=127.0.0.1;port=3306;charset=utf8
[ sql ] [ SQL ] SHOW COLUMNS FROM `mc_silder` [ RunTime:0.002000s ]
[ sql ] [ SQL ] SELECT * FROM `mc_silder` [ RunTime:0.000000s ]

---------------------------------------------------------------
[ 2018-06-12T15:46:00+08:00 ] [ sql ] [ DB ] CONNECT:[ UseTime:0.001000s ] mysql:dbname=db_mc;host=127.0.0.1;port=3306;charset=utf8
[ sql ] [ SQL ] SHOW COLUMNS FROM `mc_silder` [ RunTime:0.001000s ]
[ sql ] [ SQL ] SELECT * FROM `mc_silder` [ RunTime:0.000000s ]

---------------------------------------------------------------
[ 2018-06-12T15:46:17+08:00 ] [ sql ] [ DB ] CONNECT:[ UseTime:0.001000s ] mysql:dbname=db_mc;host=127.0.0.1;port=3306;charset=utf8
[ sql ] [ SQL ] SHOW COLUMNS FROM `mc_silder` [ RunTime:0.002000s ]
[ sql ] [ SQL ] SELECT * FROM `mc_silder` [ RunTime:0.001000s ]

---------------------------------------------------------------
[ 2018-06-12T15:46:55+08:00 ] [ sql ] [ DB ] CONNECT:[ UseTime:0.001000s ] mysql:dbname=db_mc;host=127.0.0.1;port=3306;charset=utf8
[ sql ] [ SQL ] SHOW COLUMNS FROM `mc_silder` [ RunTime:0.001000s ]
[ sql ] [ SQL ] SELECT * FROM `mc_silder` [ RunTime:0.001000s ]

---------------------------------------------------------------
[ 2018-06-12T15:47:03+08:00 ] [ sql ] [ DB ] CONNECT:[ UseTime:0.010000s ] mysql:dbname=db_mc;host=127.0.0.1;port=3306;charset=utf8
[ sql ] [ SQL ] SHOW COLUMNS FROM `mc_silder` [ RunTime:0.002000s ]
[ sql ] [ SQL ] SELECT * FROM `mc_silder` [ RunTime:0.000000s ]

---------------------------------------------------------------
[ 2018-06-12T15:47:20+08:00 ] [ sql ] [ DB ] CONNECT:[ UseTime:0.010000s ] mysql:dbname=db_mc;host=127.0.0.1;port=3306;charset=utf8
[ sql ] [ SQL ] SHOW COLUMNS FROM `mc_silder` [ RunTime:0.001000s ]
[ sql ] [ SQL ] SELECT * FROM `mc_silder` [ RunTime:0.001000s ]

---------------------------------------------------------------
[ 2018-06-12T15:47:26+08:00 ] [ sql ] [ DB ] CONNECT:[ UseTime:0.010000s ] mysql:dbname=db_mc;host=127.0.0.1;port=3306;charset=utf8
[ sql ] [ SQL ] SHOW COLUMNS FROM `mc_silder` [ RunTime:0.002000s ]
[ sql ] [ SQL ] SELECT * FROM `mc_silder` [ RunTime:0.000000s ]

---------------------------------------------------------------
[ 2018-06-12T15:47:30+08:00 ] [ sql ] [ DB ] CONNECT:[ UseTime:0.010000s ] mysql:dbname=db_mc;host=127.0.0.1;port=3306;charset=utf8
[ sql ] [ SQL ] SHOW COLUMNS FROM `mc_silder` [ RunTime:0.001000s ]
[ sql ] [ SQL ] SELECT * FROM `mc_silder` [ RunTime:0.000000s ]

---------------------------------------------------------------
[ 2018-06-12T15:47:35+08:00 ] [ sql ] [ DB ] CONNECT:[ UseTime:0.010000s ] mysql:dbname=db_mc;host=127.0.0.1;port=3306;charset=utf8
[ sql ] [ SQL ] SHOW COLUMNS FROM `mc_silder` [ RunTime:0.001000s ]
[ sql ] [ SQL ] SELECT * FROM `mc_silder` [ RunTime:0.001000s ]

---------------------------------------------------------------
[ 2018-06-12T15:47:40+08:00 ] [ sql ] [ DB ] CONNECT:[ UseTime:0.002000s ] mysql:dbname=db_mc;host=127.0.0.1;port=3306;charset=utf8
[ sql ] [ SQL ] SHOW COLUMNS FROM `mc_silder` [ RunTime:0.001000s ]
[ sql ] [ SQL ] SELECT * FROM `mc_silder` [ RunTime:0.001000s ]

---------------------------------------------------------------
[ 2018-06-12T15:47:45+08:00 ] [ sql ] [ DB ] CONNECT:[ UseTime:0.011000s ] mysql:dbname=db_mc;host=127.0.0.1;port=3306;charset=utf8
[ sql ] [ SQL ] SHOW COLUMNS FROM `mc_silder` [ RunTime:0.002000s ]
[ sql ] [ SQL ] SELECT * FROM `mc_silder` [ RunTime:0.000000s ]

---------------------------------------------------------------
[ 2018-06-12T15:47:50+08:00 ] [ sql ] [ DB ] CONNECT:[ UseTime:0.001000s ] mysql:dbname=db_mc;host=127.0.0.1;port=3306;charset=utf8
[ sql ] [ SQL ] SHOW COLUMNS FROM `mc_silder` [ RunTime:0.002000s ]
[ sql ] [ SQL ] SELECT * FROM `mc_silder` [ RunTime:0.001000s ]

---------------------------------------------------------------
[ 2018-06-12T15:48:36+08:00 ] [ sql ] [ DB ] CONNECT:[ UseTime:0.012000s ] mysql:dbname=db_mc;host=127.0.0.1;port=3306;charset=utf8
[ sql ] [ SQL ] SHOW COLUMNS FROM `mc_auth_rule` [ RunTime:0.001000s ]
[ sql ] [ SQL ] SELECT * FROM `mc_auth_rule` WHERE  (  status = 1 ) ORDER BY `sort` [ RunTime:0.001000s ]
[ sql ] [ SQL ] SHOW COLUMNS FROM `mc_silder` [ RunTime:0.002000s ]
[ sql ] [ SQL ] SELECT * FROM `mc_silder` ORDER BY date DESC [ RunTime:0.000000s ]

---------------------------------------------------------------
[ 2018-06-12T15:48:38+08:00 ] [ sql ] [ DB ] CONNECT:[ UseTime:0.010000s ] mysql:dbname=db_mc;host=127.0.0.1;port=3306;charset=utf8
[ sql ] [ SQL ] SHOW COLUMNS FROM `mc_auth_rule` [ RunTime:0.001000s ]
[ sql ] [ SQL ] SELECT * FROM `mc_auth_rule` WHERE  (  status = 1 ) ORDER BY `sort` [ RunTime:0.000000s ]
[ sql ] [ SQL ] SHOW COLUMNS FROM `mc_silder` [ RunTime:0.002000s ]
[ sql ] [ SQL ] DELETE FROM `mc_silder`    WHERE  `id` = 4 [ RunTime:0.006000s ]

---------------------------------------------------------------
[ 2018-06-12T15:48:38+08:00 ] [ sql ] [ DB ] CONNECT:[ UseTime:0.002000s ] mysql:dbname=db_mc;host=127.0.0.1;port=3306;charset=utf8
[ sql ] [ SQL ] SHOW COLUMNS FROM `mc_auth_rule` [ RunTime:0.001000s ]
[ sql ] [ SQL ] SELECT * FROM `mc_auth_rule` WHERE  (  status = 1 ) ORDER BY `sort` [ RunTime:0.001000s ]
[ sql ] [ SQL ] SHOW COLUMNS FROM `mc_silder` [ RunTime:0.001000s ]
[ sql ] [ SQL ] SELECT * FROM `mc_silder` ORDER BY date DESC [ RunTime:0.000000s ]

---------------------------------------------------------------
[ 2018-06-12T15:48:43+08:00 ] [ sql ] [ DB ] CONNECT:[ UseTime:0.001000s ] mysql:dbname=db_mc;host=127.0.0.1;port=3306;charset=utf8
[ sql ] [ SQL ] SHOW COLUMNS FROM `mc_auth_rule` [ RunTime:0.000000s ]
[ sql ] [ SQL ] SELECT * FROM `mc_auth_rule` WHERE  (  status = 1 ) ORDER BY `sort` [ RunTime:0.000000s ]

---------------------------------------------------------------
[ 2018-06-12T15:48:46+08:00 ] [ sql ] [ DB ] CONNECT:[ UseTime:0.001000s ] mysql:dbname=db_mc;host=127.0.0.1;port=3306;charset=utf8
[ sql ] [ SQL ] SHOW COLUMNS FROM `mc_auth_rule` [ RunTime:0.001000s ]
[ sql ] [ SQL ] SELECT * FROM `mc_auth_rule` WHERE  (  status = 1 ) ORDER BY `sort` [ RunTime:0.001000s ]
[ error ] [8]未定义数组下标: 1

---------------------------------------------------------------
[ 2018-06-12T15:48:48+08:00 ] [ sql ] [ DB ] CONNECT:[ UseTime:0.001000s ] mysql:dbname=db_mc;host=127.0.0.1;port=3306;charset=utf8
[ sql ] [ SQL ] SHOW COLUMNS FROM `mc_auth_rule` [ RunTime:0.000000s ]
[ sql ] [ SQL ] SELECT * FROM `mc_auth_rule` WHERE  (  status = 1 ) ORDER BY `sort` [ RunTime:0.000000s ]
[ error ] [8]未定义数组下标: 1

---------------------------------------------------------------
[ 2018-06-12T15:48:53+08:00 ] [ sql ] [ DB ] CONNECT:[ UseTime:0.011000s ] mysql:dbname=db_mc;host=127.0.0.1;port=3306;charset=utf8
[ sql ] [ SQL ] SHOW COLUMNS FROM `mc_auth_rule` [ RunTime:0.000000s ]
[ sql ] [ SQL ] SELECT * FROM `mc_auth_rule` WHERE  (  status = 1 ) ORDER BY `sort` [ RunTime:0.001000s ]
[ error ] [8]未定义数组下标: 1

---------------------------------------------------------------
[ 2018-06-12T15:49:45+08:00 ] [ sql ] [ DB ] CONNECT:[ UseTime:0.001000s ] mysql:dbname=db_mc;host=127.0.0.1;port=3306;charset=utf8
[ sql ] [ SQL ] SHOW COLUMNS FROM `mc_auth_rule` [ RunTime:0.001000s ]
[ sql ] [ SQL ] SELECT * FROM `mc_auth_rule` WHERE  (  status = 1 ) ORDER BY `sort` [ RunTime:0.001000s ]
[ sql ] [ SQL ] SHOW COLUMNS FROM `mc_silder` [ RunTime:0.000000s ]
[ sql ] [ SQL ] INSERT INTO `mc_silder` (`title` , `images` , `date` , `date_start` , `date_end` , `user`) VALUES ('11111111111111111111111' , '/uploads/images/20180612\\6346bc9047f4434f4f34cdf4dcdeb6db.jpg' , 1528789785 , 1528732800 , 1530374399 , 1) [ RunTime:0.004000s ]

---------------------------------------------------------------
[ 2018-06-12T15:49:47+08:00 ] [ sql ] [ DB ] CONNECT:[ UseTime:0.001000s ] mysql:dbname=db_mc;host=127.0.0.1;port=3306;charset=utf8
[ sql ] [ SQL ] SHOW COLUMNS FROM `mc_auth_rule` [ RunTime:0.001000s ]
[ sql ] [ SQL ] SELECT * FROM `mc_auth_rule` WHERE  (  status = 1 ) ORDER BY `sort` [ RunTime:0.000000s ]
[ sql ] [ SQL ] SHOW COLUMNS FROM `mc_silder` [ RunTime:0.000000s ]
[ sql ] [ SQL ] SELECT * FROM `mc_silder` ORDER BY date DESC [ RunTime:0.000000s ]

---------------------------------------------------------------
[ 2018-06-12T15:49:52+08:00 ] [ sql ] [ DB ] CONNECT:[ UseTime:0.001000s ] mysql:dbname=db_mc;host=127.0.0.1;port=3306;charset=utf8
[ sql ] [ SQL ] SHOW COLUMNS FROM `mc_auth_rule` [ RunTime:0.001000s ]
[ sql ] [ SQL ] SELECT * FROM `mc_auth_rule` WHERE  (  status = 1 ) ORDER BY `sort` [ RunTime:0.001000s ]

---------------------------------------------------------------
[ 2018-06-12T15:49:59+08:00 ] [ sql ] [ DB ] CONNECT:[ UseTime:0.001000s ] mysql:dbname=db_mc;host=127.0.0.1;port=3306;charset=utf8
[ sql ] [ SQL ] SHOW COLUMNS FROM `mc_auth_rule` [ RunTime:0.000000s ]
[ sql ] [ SQL ] SELECT * FROM `mc_auth_rule` WHERE  (  status = 1 ) ORDER BY `sort` [ RunTime:0.000000s ]

---------------------------------------------------------------
[ 2018-06-12T15:50:08+08:00 ] [ sql ] [ DB ] CONNECT:[ UseTime:0.011000s ] mysql:dbname=db_mc;host=127.0.0.1;port=3306;charset=utf8
[ sql ] [ SQL ] SHOW COLUMNS FROM `mc_auth_rule` [ RunTime:0.000000s ]
[ sql ] [ SQL ] SELECT * FROM `mc_auth_rule` WHERE  (  status = 1 ) ORDER BY `sort` [ RunTime:0.000000s ]
[ sql ] [ SQL ] SHOW COLUMNS FROM `mc_silder` [ RunTime:0.000000s ]
[ sql ] [ SQL ] INSERT INTO `mc_silder` (`title` , `images` , `date` , `date_start` , `date_end` , `user`) VALUES ('111111111111' , '/uploads/images/20180612\\85c402ea85951cda7a52ddb3cf46705e.jpg' , 1528789808 , 1528732800 , 1530374399 , 1) [ RunTime:0.006000s ]

---------------------------------------------------------------
[ 2018-06-12T15:50:10+08:00 ] [ sql ] [ DB ] CONNECT:[ UseTime:0.002000s ] mysql:dbname=db_mc;host=127.0.0.1;port=3306;charset=utf8
[ sql ] [ SQL ] SHOW COLUMNS FROM `mc_auth_rule` [ RunTime:0.001000s ]
[ sql ] [ SQL ] SELECT * FROM `mc_auth_rule` WHERE  (  status = 1 ) ORDER BY `sort` [ RunTime:0.001000s ]
[ sql ] [ SQL ] SHOW COLUMNS FROM `mc_silder` [ RunTime:0.001000s ]
[ sql ] [ SQL ] SELECT * FROM `mc_silder` ORDER BY date DESC [ RunTime:0.000000s ]

---------------------------------------------------------------
[ 2018-06-12T15:50:16+08:00 ] [ sql ] [ DB ] CONNECT:[ UseTime:0.010000s ] mysql:dbname=db_mc;host=127.0.0.1;port=3306;charset=utf8
[ sql ] [ SQL ] SHOW COLUMNS FROM `mc_silder` [ RunTime:0.001000s ]
[ sql ] [ SQL ] SELECT * FROM `mc_silder` [ RunTime:0.001000s ]

---------------------------------------------------------------
[ 2018-06-12T15:54:28+08:00 ] [ sql ] [ DB ] CONNECT:[ UseTime:0.002000s ] mysql:dbname=db_mc;host=127.0.0.1;port=3306;charset=utf8
[ sql ] [ SQL ] SHOW COLUMNS FROM `mc_silder` [ RunTime:0.001000s ]
[ sql ] [ SQL ] SELECT * FROM `mc_silder` [ RunTime:0.000000s ]

---------------------------------------------------------------
[ 2018-06-12T15:55:29+08:00 ] [ sql ] [ DB ] CONNECT:[ UseTime:0.010000s ] mysql:dbname=db_mc;host=127.0.0.1;port=3306;charset=utf8
[ sql ] [ SQL ] SHOW COLUMNS FROM `mc_silder` [ RunTime:0.000000s ]
[ sql ] [ SQL ] SELECT * FROM `mc_silder` [ RunTime:0.000000s ]
[ error ] [8]Use of undefined constant images - assumed 'images'

---------------------------------------------------------------
[ 2018-06-12T15:56:18+08:00 ] [ sql ] [ DB ] CONNECT:[ UseTime:0.001000s ] mysql:dbname=db_mc;host=127.0.0.1;port=3306;charset=utf8
[ sql ] [ SQL ] SHOW COLUMNS FROM `mc_silder` [ RunTime:0.000000s ]
[ sql ] [ SQL ] SELECT * FROM `mc_silder` [ RunTime:0.000000s ]
[ error ] [8]Use of undefined constant images - assumed 'images'

---------------------------------------------------------------
[ 2018-06-12T15:56:41+08:00 ] [ sql ] [ DB ] CONNECT:[ UseTime:0.001000s ] mysql:dbname=db_mc;host=127.0.0.1;port=3306;charset=utf8
[ sql ] [ SQL ] SHOW COLUMNS FROM `mc_silder` [ RunTime:0.000000s ]
[ sql ] [ SQL ] SELECT * FROM `mc_silder` [ RunTime:0.001000s ]

---------------------------------------------------------------
[ 2018-06-12T15:56:58+08:00 ] [ sql ] [ DB ] CONNECT:[ UseTime:0.003000s ] mysql:dbname=db_mc;host=127.0.0.1;port=3306;charset=utf8
[ sql ] [ SQL ] SHOW COLUMNS FROM `mc_silder` [ RunTime:0.001000s ]
[ sql ] [ SQL ] SELECT * FROM `mc_silder` [ RunTime:0.000000s ]

---------------------------------------------------------------
[ 2018-06-12T15:57:21+08:00 ] [ sql ] [ DB ] CONNECT:[ UseTime:0.001000s ] mysql:dbname=db_mc;host=127.0.0.1;port=3306;charset=utf8
[ sql ] [ SQL ] SHOW COLUMNS FROM `mc_silder` [ RunTime:0.001000s ]
[ sql ] [ SQL ] SELECT * FROM `mc_silder` [ RunTime:0.000000s ]

---------------------------------------------------------------
[ 2018-06-12T15:58:05+08:00 ] [ sql ] [ DB ] CONNECT:[ UseTime:0.010000s ] mysql:dbname=db_mc;host=127.0.0.1;port=3306;charset=utf8
[ sql ] [ SQL ] SHOW COLUMNS FROM `mc_silder` [ RunTime:0.001000s ]
[ sql ] [ SQL ] SELECT * FROM `mc_silder` [ RunTime:0.000000s ]

---------------------------------------------------------------
[ 2018-06-12T15:58:07+08:00 ] [ sql ] [ DB ] CONNECT:[ UseTime:0.010000s ] mysql:dbname=db_mc;host=127.0.0.1;port=3306;charset=utf8
[ sql ] [ SQL ] SHOW COLUMNS FROM `mc_silder` [ RunTime:0.000000s ]
[ sql ] [ SQL ] SELECT * FROM `mc_silder` [ RunTime:0.001000s ]

---------------------------------------------------------------
[ 2018-06-12T15:58:18+08:00 ] [ sql ] [ DB ] CONNECT:[ UseTime:0.001000s ] mysql:dbname=db_mc;host=127.0.0.1;port=3306;charset=utf8
[ sql ] [ SQL ] SHOW COLUMNS FROM `mc_silder` [ RunTime:0.003000s ]
[ sql ] [ SQL ] SELECT * FROM `mc_silder` [ RunTime:0.000000s ]

---------------------------------------------------------------
[ 2018-06-12T15:58:27+08:00 ] [ sql ] [ DB ] CONNECT:[ UseTime:0.010000s ] mysql:dbname=db_mc;host=127.0.0.1;port=3306;charset=utf8
[ sql ] [ SQL ] SHOW COLUMNS FROM `mc_silder` [ RunTime:0.000000s ]
[ sql ] [ SQL ] SELECT * FROM `mc_silder` [ RunTime:0.000000s ]

---------------------------------------------------------------
[ 2018-06-12T15:58:42+08:00 ] [ sql ] [ DB ] CONNECT:[ UseTime:0.001000s ] mysql:dbname=db_mc;host=127.0.0.1;port=3306;charset=utf8
[ sql ] [ SQL ] SHOW COLUMNS FROM `mc_silder` [ RunTime:0.000000s ]
[ sql ] [ SQL ] SELECT * FROM `mc_silder` [ RunTime:0.000000s ]

---------------------------------------------------------------
[ 2018-06-12T16:02:09+08:00 ] [ sql ] [ DB ] CONNECT:[ UseTime:0.011000s ] mysql:dbname=db_mc;host=127.0.0.1;port=3306;charset=utf8
[ sql ] [ SQL ] SHOW COLUMNS FROM `mc_silder` [ RunTime:0.001000s ]
[ sql ] [ SQL ] SELECT * FROM `mc_silder` [ RunTime:0.001000s ]

---------------------------------------------------------------
[ 2018-06-12T16:04:54+08:00 ] [ sql ] [ DB ] CONNECT:[ UseTime:0.011000s ] mysql:dbname=db_mc;host=127.0.0.1;port=3306;charset=utf8
[ sql ] [ SQL ] SHOW COLUMNS FROM `mc_silder` [ RunTime:0.001000s ]
[ sql ] [ SQL ] SELECT * FROM `mc_silder` [ RunTime:0.000000s ]

---------------------------------------------------------------
[ 2018-06-12T16:05:07+08:00 ] [ sql ] [ DB ] CONNECT:[ UseTime:0.002000s ] mysql:dbname=db_mc;host=127.0.0.1;port=3306;charset=utf8
[ sql ] [ SQL ] SHOW COLUMNS FROM `mc_auth_rule` [ RunTime:0.001000s ]
[ sql ] [ SQL ] SELECT * FROM `mc_auth_rule` WHERE  (  status = 1 ) ORDER BY `sort` [ RunTime:0.001000s ]

---------------------------------------------------------------
[ 2018-06-12T16:05:13+08:00 ] [ sql ] [ DB ] CONNECT:[ UseTime:0.011000s ] mysql:dbname=db_mc;host=127.0.0.1;port=3306;charset=utf8
[ sql ] [ SQL ] SHOW COLUMNS FROM `mc_auth_rule` [ RunTime:0.002000s ]
[ sql ] [ SQL ] SELECT * FROM `mc_auth_rule` WHERE  (  status = 1 ) ORDER BY `sort` [ RunTime:0.001000s ]
[ sql ] [ SQL ] SHOW COLUMNS FROM `mc_silder` [ RunTime:0.000000s ]
[ sql ] [ SQL ] INSERT INTO `mc_silder` (`title` , `images` , `date` , `date_start` , `date_end` , `user`) VALUES ('11222212' , '/uploads/images/20180612\\840540c2e9c94240bf8fa1498677e089.jpg' , 1528790713 , 1528732800 , 1530374399 , 1) [ RunTime:0.003000s ]

---------------------------------------------------------------
[ 2018-06-12T16:05:15+08:00 ] [ sql ] [ DB ] CONNECT:[ UseTime:0.001000s ] mysql:dbname=db_mc;host=127.0.0.1;port=3306;charset=utf8
[ sql ] [ SQL ] SHOW COLUMNS FROM `mc_auth_rule` [ RunTime:0.000000s ]
[ sql ] [ SQL ] SELECT * FROM `mc_auth_rule` WHERE  (  status = 1 ) ORDER BY `sort` [ RunTime:0.001000s ]
[ sql ] [ SQL ] SHOW COLUMNS FROM `mc_silder` [ RunTime:0.001000s ]
[ sql ] [ SQL ] SELECT * FROM `mc_silder` ORDER BY date DESC [ RunTime:0.001000s ]

---------------------------------------------------------------
[ 2018-06-12T16:05:19+08:00 ] [ sql ] [ DB ] CONNECT:[ UseTime:0.001000s ] mysql:dbname=db_mc;host=127.0.0.1;port=3306;charset=utf8
[ sql ] [ SQL ] SHOW COLUMNS FROM `mc_silder` [ RunTime:0.001000s ]
[ sql ] [ SQL ] SELECT * FROM `mc_silder` [ RunTime:0.000000s ]

---------------------------------------------------------------
[ 2018-06-12T16:15:53+08:00 ] [ sql ] [ DB ] CONNECT:[ UseTime:0.010000s ] mysql:dbname=db_mc;host=127.0.0.1;port=3306;charset=utf8
[ sql ] [ SQL ] SHOW COLUMNS FROM `mc_auth_rule` [ RunTime:0.000000s ]
[ sql ] [ SQL ] SELECT * FROM `mc_auth_rule` WHERE  (  status = 1 ) ORDER BY `sort` [ RunTime:0.000000s ]
[ sql ] [ SQL ] SHOW COLUMNS FROM `mc_agency_type` [ RunTime:0.001000s ]
[ sql ] [ SQL ] SELECT * FROM `mc_agency_type` [ RunTime:0.001000s ]

---------------------------------------------------------------
[ 2018-06-12T16:15:58+08:00 ] [ sql ] [ DB ] CONNECT:[ UseTime:0.010000s ] mysql:dbname=db_mc;host=127.0.0.1;port=3306;charset=utf8
[ sql ] [ SQL ] SHOW COLUMNS FROM `mc_auth_rule` [ RunTime:0.000000s ]
[ sql ] [ SQL ] SELECT * FROM `mc_auth_rule` WHERE  (  status = 1 ) ORDER BY `sort` [ RunTime:0.000000s ]
[ sql ] [ SQL ] SHOW COLUMNS FROM `mc_agency` [ RunTime:0.001000s ]
[ sql ] [ SQL ] SELECT COUNT(*) AS tp_count FROM `mc_agency` LIMIT 1 [ RunTime:0.001000s ]

---------------------------------------------------------------
[ 2018-06-12T16:15:58+08:00 ] [ sql ] [ DB ] CONNECT:[ UseTime:0.001000s ] mysql:dbname=db_mc;host=127.0.0.1;port=3306;charset=utf8
[ sql ] [ SQL ] SHOW COLUMNS FROM `mc_auth_rule` [ RunTime:0.001000s ]
[ sql ] [ SQL ] SELECT * FROM `mc_auth_rule` WHERE  (  status = 1 ) ORDER BY `sort` [ RunTime:0.001000s ]
[ sql ] [ SQL ] SHOW COLUMNS FROM `mc_agency` [ RunTime:0.001000s ]
[ sql ] [ SQL ] SELECT COUNT(*) AS tp_count FROM `mc_agency` LIMIT 1 [ RunTime:0.003000s ]
[ sql ] [ SQL ] SELECT * FROM `mc_agency` LIMIT 0,10 [ RunTime:0.000000s ]
[ sql ] [ SQL ] SHOW COLUMNS FROM `mc_agency_type` [ RunTime:0.001000s ]
[ sql ] [ SQL ] SELECT `id`,`name` FROM `mc_agency_type` [ RunTime:0.001000s ]

---------------------------------------------------------------
[ 2018-06-12T16:15:59+08:00 ] [ sql ] [ DB ] CONNECT:[ UseTime:0.010000s ] mysql:dbname=db_mc;host=127.0.0.1;port=3306;charset=utf8
[ sql ] [ SQL ] SHOW COLUMNS FROM `mc_auth_rule` [ RunTime:0.002000s ]
[ sql ] [ SQL ] SELECT * FROM `mc_auth_rule` WHERE  (  status = 1 ) ORDER BY `sort` [ RunTime:0.001000s ]
[ sql ] [ SQL ] SHOW COLUMNS FROM `mc_agency` [ RunTime:0.001000s ]
[ sql ] [ SQL ] SELECT COUNT(*) AS tp_count FROM `mc_agency` WHERE  `status` = 0 LIMIT 1 [ RunTime:0.001000s ]

---------------------------------------------------------------
[ 2018-06-12T16:16:00+08:00 ] [ sql ] [ DB ] CONNECT:[ UseTime:0.001000s ] mysql:dbname=db_mc;host=127.0.0.1;port=3306;charset=utf8
[ sql ] [ SQL ] SHOW COLUMNS FROM `mc_auth_rule` [ RunTime:0.000000s ]
[ sql ] [ SQL ] SELECT * FROM `mc_auth_rule` WHERE  (  status = 1 ) ORDER BY `sort` [ RunTime:0.000000s ]
[ sql ] [ SQL ] SHOW COLUMNS FROM `mc_agency` [ RunTime:0.001000s ]
[ sql ] [ SQL ] SELECT COUNT(*) AS tp_count FROM `mc_agency` WHERE  `status` = 0 LIMIT 1 [ RunTime:0.001000s ]
[ sql ] [ SQL ] SELECT * FROM `mc_agency` WHERE  `status` = 0 LIMIT 0,10 [ RunTime:0.000000s ]
[ sql ] [ SQL ] SHOW COLUMNS FROM `mc_agency_type` [ RunTime:0.002000s ]
[ sql ] [ SQL ] SELECT `id`,`name` FROM `mc_agency_type` [ RunTime:0.000000s ]

---------------------------------------------------------------
[ 2018-06-12T16:19:45+08:00 ] [ sql ] [ DB ] CONNECT:[ UseTime:0.011000s ] mysql:dbname=db_mc;host=127.0.0.1;port=3306;charset=utf8
[ sql ] [ SQL ] SHOW COLUMNS FROM `mc_auth_rule` [ RunTime:0.000000s ]
[ sql ] [ SQL ] SELECT * FROM `mc_auth_rule` WHERE  (  status = 1 ) ORDER BY `sort` [ RunTime:0.000000s ]
[ sql ] [ SQL ] SHOW COLUMNS FROM `mc_agency` [ RunTime:0.001000s ]
[ sql ] [ SQL ] SELECT * FROM `mc_agency` WHERE  `id` = 2 LIMIT 1 [ RunTime:0.000000s ]
[ sql ] [ SQL ] SHOW COLUMNS FROM `mc_area` [ RunTime:0.001000s ]
[ sql ] [ SQL ] SELECT `code`,`name` FROM `mc_area` WHERE  `provinceCode` = '0' [ RunTime:0.004000s ]
[ sql ] [ SQL ] SHOW COLUMNS FROM `mc_agency_type` [ RunTime:0.001000s ]
[ sql ] [ SQL ] SELECT `id`,`name` FROM `mc_agency_type` [ RunTime:0.001000s ]
[ sql ] [ SQL ] SELECT `id`,`name` FROM `mc_agency` WHERE  `status` = 1 [ RunTime:0.000000s ]

---------------------------------------------------------------
[ 2018-06-12T16:30:36+08:00 ] [ sql ] [ DB ] CONNECT:[ UseTime:0.010000s ] mysql:dbname=db_mc;host=127.0.0.1;port=3306;charset=utf8
[ sql ] [ SQL ] SHOW COLUMNS FROM `mc_silder` [ RunTime:0.000000s ]
[ sql ] [ SQL ] SELECT * FROM `mc_silder` [ RunTime:0.000000s ]

---------------------------------------------------------------
[ 2018-06-12T16:30:41+08:00 ] [ sql ] [ DB ] CONNECT:[ UseTime:0.011000s ] mysql:dbname=db_mc;host=127.0.0.1;port=3306;charset=utf8
[ sql ] [ SQL ] SHOW COLUMNS FROM `mc_silder` [ RunTime:0.000000s ]
[ sql ] [ SQL ] SELECT * FROM `mc_silder` [ RunTime:0.001000s ]

---------------------------------------------------------------
[ 2018-06-12T16:37:23+08:00 ] [ sql ] [ DB ] CONNECT:[ UseTime:0.010000s ] mysql:dbname=db_mc;host=127.0.0.1;port=3306;charset=utf8
[ sql ] [ SQL ] SHOW COLUMNS FROM `mc_silder` [ RunTime:0.000000s ]
[ sql ] [ SQL ] SELECT * FROM `mc_silder` [ RunTime:0.001000s ]

---------------------------------------------------------------
[ 2018-06-12T16:37:28+08:00 ] [ sql ] [ DB ] CONNECT:[ UseTime:0.010000s ] mysql:dbname=db_mc;host=127.0.0.1;port=3306;charset=utf8
[ sql ] [ SQL ] SHOW COLUMNS FROM `mc_silder` [ RunTime:0.000000s ]
[ sql ] [ SQL ] SELECT * FROM `mc_silder` [ RunTime:0.000000s ]

---------------------------------------------------------------
[ 2018-06-12T16:37:37+08:00 ] [ sql ] [ DB ] CONNECT:[ UseTime:0.001000s ] mysql:dbname=db_mc;host=127.0.0.1;port=3306;charset=utf8
[ sql ] [ SQL ] SHOW COLUMNS FROM `mc_silder` [ RunTime:0.000000s ]
[ sql ] [ SQL ] SELECT * FROM `mc_silder` [ RunTime:0.000000s ]

---------------------------------------------------------------
[ 2018-06-12T16:37:38+08:00 ] [ sql ] [ DB ] CONNECT:[ UseTime:0.010000s ] mysql:dbname=db_mc;host=127.0.0.1;port=3306;charset=utf8
[ sql ] [ SQL ] SHOW COLUMNS FROM `mc_silder` [ RunTime:0.000000s ]
[ sql ] [ SQL ] SELECT * FROM `mc_silder` [ RunTime:0.000000s ]

---------------------------------------------------------------
[ 2018-06-12T16:37:38+08:00 ] [ sql ] [ DB ] CONNECT:[ UseTime:0.010000s ] mysql:dbname=db_mc;host=127.0.0.1;port=3306;charset=utf8
[ sql ] [ SQL ] SHOW COLUMNS FROM `mc_silder` [ RunTime:0.000000s ]
[ sql ] [ SQL ] SELECT * FROM `mc_silder` [ RunTime:0.000000s ]

---------------------------------------------------------------
[ 2018-06-12T16:37:38+08:00 ] [ sql ] [ DB ] CONNECT:[ UseTime:0.010000s ] mysql:dbname=db_mc;host=127.0.0.1;port=3306;charset=utf8
[ sql ] [ SQL ] SHOW COLUMNS FROM `mc_silder` [ RunTime:0.000000s ]
[ sql ] [ SQL ] SELECT * FROM `mc_silder` [ RunTime:0.000000s ]

---------------------------------------------------------------
[ 2018-06-12T16:37:44+08:00 ] [ sql ] [ DB ] CONNECT:[ UseTime:0.010000s ] mysql:dbname=db_mc;host=127.0.0.1;port=3306;charset=utf8
[ sql ] [ SQL ] SHOW COLUMNS FROM `mc_silder` [ RunTime:0.000000s ]
[ sql ] [ SQL ] SELECT * FROM `mc_silder` [ RunTime:0.000000s ]

---------------------------------------------------------------
[ 2018-06-12T16:52:30+08:00 ] [ sql ] [ DB ] CONNECT:[ UseTime:0.002000s ] mysql:dbname=db_mc;host=127.0.0.1;port=3306;charset=utf8
[ sql ] [ SQL ] SHOW COLUMNS FROM `mc_auth_rule` [ RunTime:0.001000s ]
[ sql ] [ SQL ] SELECT * FROM `mc_auth_rule` WHERE  (  status = 1 ) ORDER BY `sort` [ RunTime:0.001000s ]
[ sql ] [ SQL ] SHOW COLUMNS FROM `mc_agency` [ RunTime:0.002000s ]
[ sql ] [ SQL ] SELECT COUNT(*) AS tp_count FROM `mc_agency` WHERE  `status` = 0 LIMIT 1 [ RunTime:0.001000s ]

---------------------------------------------------------------
[ 2018-06-12T16:52:30+08:00 ] [ sql ] [ DB ] CONNECT:[ UseTime:0.001000s ] mysql:dbname=db_mc;host=127.0.0.1;port=3306;charset=utf8
[ sql ] [ SQL ] SHOW COLUMNS FROM `mc_auth_rule` [ RunTime:0.000000s ]
[ sql ] [ SQL ] SELECT * FROM `mc_auth_rule` WHERE  (  status = 1 ) ORDER BY `sort` [ RunTime:0.002000s ]
[ sql ] [ SQL ] SHOW COLUMNS FROM `mc_agency` [ RunTime:0.001000s ]
[ sql ] [ SQL ] SELECT COUNT(*) AS tp_count FROM `mc_agency` WHERE  `status` = 0 LIMIT 1 [ RunTime:0.000000s ]
[ sql ] [ SQL ] SELECT * FROM `mc_agency` WHERE  `status` = 0 LIMIT 0,10 [ RunTime:0.003000s ]
[ sql ] [ SQL ] SHOW COLUMNS FROM `mc_agency_type` [ RunTime:0.001000s ]
[ sql ] [ SQL ] SELECT `id`,`name` FROM `mc_agency_type` [ RunTime:0.001000s ]

---------------------------------------------------------------
[ 2018-06-12T16:52:33+08:00 ] [ sql ] [ DB ] CONNECT:[ UseTime:0.010000s ] mysql:dbname=db_mc;host=127.0.0.1;port=3306;charset=utf8
[ sql ] [ SQL ] SHOW COLUMNS FROM `mc_auth_rule` [ RunTime:0.000000s ]
[ sql ] [ SQL ] SELECT * FROM `mc_auth_rule` WHERE  (  status = 1 ) ORDER BY `sort` [ RunTime:0.000000s ]
[ sql ] [ SQL ] SHOW COLUMNS FROM `mc_agency` [ RunTime:0.001000s ]
[ sql ] [ SQL ] SELECT * FROM `mc_agency` WHERE  `id` = 2 LIMIT 1 [ RunTime:0.001000s ]
[ sql ] [ SQL ] SHOW COLUMNS FROM `mc_area` [ RunTime:0.001000s ]
[ sql ] [ SQL ] SELECT `code`,`name` FROM `mc_area` WHERE  `provinceCode` = '0' [ RunTime:0.001000s ]
[ sql ] [ SQL ] SHOW COLUMNS FROM `mc_agency_type` [ RunTime:0.001000s ]
[ sql ] [ SQL ] SELECT `id`,`name` FROM `mc_agency_type` [ RunTime:0.000000s ]
[ sql ] [ SQL ] SELECT `id`,`name` FROM `mc_agency` WHERE  `status` = 1 [ RunTime:0.001000s ]

---------------------------------------------------------------
[ 2018-06-12T17:15:10+08:00 ] [ sql ] [ DB ] CONNECT:[ UseTime:0.010000s ] mysql:dbname=db_mc;host=127.0.0.1;port=3306;charset=utf8
[ sql ] [ SQL ] SHOW COLUMNS FROM `mc_auth_rule` [ RunTime:0.001000s ]
[ sql ] [ SQL ] SELECT * FROM `mc_auth_rule` WHERE  (  status = 1 ) ORDER BY `sort` [ RunTime:0.001000s ]

---------------------------------------------------------------
[ 2018-06-12T17:15:10+08:00 ] [ sql ] [ DB ] CONNECT:[ UseTime:0.001000s ] mysql:dbname=db_mc;host=127.0.0.1;port=3306;charset=utf8
[ sql ] [ SQL ] SHOW COLUMNS FROM `mc_auth_rule` [ RunTime:0.001000s ]
[ sql ] [ SQL ] SELECT * FROM `mc_auth_rule` WHERE  (  status = 1 ) ORDER BY `sort` [ RunTime:0.000000s ]
[ sql ] [ SQL ] SHOW COLUMNS FROM `mc_log` [ RunTime:0.001000s ]
[ sql ] [ SQL ] SELECT * FROM `mc_log` ORDER BY log_id desc LIMIT 10 [ RunTime:0.001000s ]

---------------------------------------------------------------
[ 2018-06-12T17:15:15+08:00 ] [ sql ] [ DB ] CONNECT:[ UseTime:0.010000s ] mysql:dbname=db_mc;host=127.0.0.1;port=3306;charset=utf8
[ sql ] [ SQL ] SHOW COLUMNS FROM `mc_auth_rule` [ RunTime:0.001000s ]
[ sql ] [ SQL ] SELECT * FROM `mc_auth_rule` WHERE  (  status = 1 ) ORDER BY `sort` [ RunTime:0.001000s ]
[ sql ] [ SQL ] SHOW COLUMNS FROM `mc_agency` [ RunTime:0.001000s ]
[ sql ] [ SQL ] SELECT COUNT(*) AS tp_count FROM `mc_agency` WHERE  `status` = 0 LIMIT 1 [ RunTime:0.000000s ]

---------------------------------------------------------------
[ 2018-06-12T17:15:15+08:00 ] [ sql ] [ DB ] CONNECT:[ UseTime:0.010000s ] mysql:dbname=db_mc;host=127.0.0.1;port=3306;charset=utf8
[ sql ] [ SQL ] SHOW COLUMNS FROM `mc_auth_rule` [ RunTime:0.000000s ]
[ sql ] [ SQL ] SELECT * FROM `mc_auth_rule` WHERE  (  status = 1 ) ORDER BY `sort` [ RunTime:0.000000s ]
[ sql ] [ SQL ] SHOW COLUMNS FROM `mc_agency` [ RunTime:0.001000s ]
[ sql ] [ SQL ] SELECT COUNT(*) AS tp_count FROM `mc_agency` WHERE  `status` = 0 LIMIT 1 [ RunTime:0.001000s ]
[ sql ] [ SQL ] SELECT * FROM `mc_agency` WHERE  `status` = 0 LIMIT 0,10 [ RunTime:0.000000s ]
[ sql ] [ SQL ] SHOW COLUMNS FROM `mc_agency_type` [ RunTime:0.000000s ]
[ sql ] [ SQL ] SELECT `id`,`name` FROM `mc_agency_type` [ RunTime:0.001000s ]

---------------------------------------------------------------
[ 2018-06-12T17:15:16+08:00 ] [ sql ] [ DB ] CONNECT:[ UseTime:0.010000s ] mysql:dbname=db_mc;host=127.0.0.1;port=3306;charset=utf8
[ sql ] [ SQL ] SHOW COLUMNS FROM `mc_auth_rule` [ RunTime:0.001000s ]
[ sql ] [ SQL ] SELECT * FROM `mc_auth_rule` WHERE  (  status = 1 ) ORDER BY `sort` [ RunTime:0.001000s ]
[ sql ] [ SQL ] SHOW COLUMNS FROM `mc_agency` [ RunTime:0.000000s ]
[ sql ] [ SQL ] SELECT * FROM `mc_agency` WHERE  `id` = 2 LIMIT 1 [ RunTime:0.000000s ]
[ sql ] [ SQL ] SHOW COLUMNS FROM `mc_area` [ RunTime:0.001000s ]
[ sql ] [ SQL ] SELECT `code`,`name` FROM `mc_area` WHERE  `provinceCode` = '0' [ RunTime:0.001000s ]
[ sql ] [ SQL ] SHOW COLUMNS FROM `mc_agency_type` [ RunTime:0.000000s ]
[ sql ] [ SQL ] SELECT `id`,`name` FROM `mc_agency_type` [ RunTime:0.000000s ]
[ sql ] [ SQL ] SELECT `id`,`name` FROM `mc_agency` WHERE  `status` = 1 [ RunTime:0.000000s ]

---------------------------------------------------------------
[ 2018-06-12T17:15:30+08:00 ] [ sql ] [ DB ] CONNECT:[ UseTime:0.001000s ] mysql:dbname=db_mc;host=127.0.0.1;port=3306;charset=utf8
[ sql ] [ SQL ] SHOW COLUMNS FROM `mc_auth_rule` [ RunTime:0.001000s ]
[ sql ] [ SQL ] SELECT * FROM `mc_auth_rule` WHERE  (  status = 1 ) ORDER BY `sort` [ RunTime:0.001000s ]
[ sql ] [ SQL ] SHOW COLUMNS FROM `mc_area` [ RunTime:0.001000s ]
[ sql ] [ SQL ] SELECT `code`,`name` FROM `mc_area` WHERE  `provinceCode` = '37' [ RunTime:0.001000s ]

---------------------------------------------------------------
[ 2018-06-12T17:15:33+08:00 ] [ sql ] [ DB ] CONNECT:[ UseTime:0.010000s ] mysql:dbname=db_mc;host=127.0.0.1;port=3306;charset=utf8
[ sql ] [ SQL ] SHOW COLUMNS FROM `mc_auth_rule` [ RunTime:0.001000s ]
[ sql ] [ SQL ] SELECT * FROM `mc_auth_rule` WHERE  (  status = 1 ) ORDER BY `sort` [ RunTime:0.000000s ]
[ sql ] [ SQL ] SHOW COLUMNS FROM `mc_area` [ RunTime:0.001000s ]
[ sql ] [ SQL ] SELECT `code`,`name` FROM `mc_area` WHERE  `provinceCode` = '37'  AND `cityCode` = '3704' [ RunTime:0.003000s ]

---------------------------------------------------------------
[ 2018-06-12T17:15:35+08:00 ] [ sql ] [ DB ] CONNECT:[ UseTime:0.010000s ] mysql:dbname=db_mc;host=127.0.0.1;port=3306;charset=utf8
[ sql ] [ SQL ] SHOW COLUMNS FROM `mc_auth_rule` [ RunTime:0.001000s ]
[ sql ] [ SQL ] SELECT * FROM `mc_auth_rule` WHERE  (  status = 1 ) ORDER BY `sort` [ RunTime:0.001000s ]
[ sql ] [ SQL ] SHOW COLUMNS FROM `mc_area` [ RunTime:0.000000s ]
[ sql ] [ SQL ] SELECT `code`,`name` FROM `mc_area` WHERE  `provinceCode` = '37'  AND `cityCode` = '3703' [ RunTime:0.001000s ]

---------------------------------------------------------------
[ 2018-06-12T17:15:38+08:00 ] [ sql ] [ DB ] CONNECT:[ UseTime:0.010000s ] mysql:dbname=db_mc;host=127.0.0.1;port=3306;charset=utf8
[ sql ] [ SQL ] SHOW COLUMNS FROM `mc_auth_rule` [ RunTime:0.001000s ]
[ sql ] [ SQL ] SELECT * FROM `mc_auth_rule` WHERE  (  status = 1 ) ORDER BY `sort` [ RunTime:0.001000s ]
[ sql ] [ SQL ] SHOW COLUMNS FROM `mc_agency` [ RunTime:0.000000s ]

---------------------------------------------------------------
[ 2018-06-12T17:16:06+08:00 ] [ sql ] [ DB ] CONNECT:[ UseTime:0.001000s ] mysql:dbname=db_mc;host=127.0.0.1;port=3306;charset=utf8
[ sql ] [ SQL ] SHOW COLUMNS FROM `mc_auth_rule` [ RunTime:0.001000s ]
[ sql ] [ SQL ] SELECT * FROM `mc_auth_rule` WHERE  (  status = 1 ) ORDER BY `sort` [ RunTime:0.000000s ]
[ sql ] [ SQL ] SHOW COLUMNS FROM `mc_agency` [ RunTime:0.000000s ]
[ sql ] [ SQL ] SELECT COUNT(*) AS tp_count FROM `mc_agency` WHERE  `type` = 1  AND `province` = '37'  AND `city` = '3703'  AND `date_end` > '1528794966'  AND `status` = 1 LIMIT 1 [ RunTime:0.000000s ]

---------------------------------------------------------------
[ 2018-06-12T17:16:11+08:00 ] [ sql ] [ DB ] CONNECT:[ UseTime:0.002000s ] mysql:dbname=db_mc;host=127.0.0.1;port=3306;charset=utf8
[ sql ] [ SQL ] SHOW COLUMNS FROM `mc_auth_rule` [ RunTime:0.001000s ]
[ sql ] [ SQL ] SELECT * FROM `mc_auth_rule` WHERE  (  status = 1 ) ORDER BY `sort` [ RunTime:0.001000s ]
[ sql ] [ SQL ] SHOW COLUMNS FROM `mc_agency` [ RunTime:0.001000s ]
[ sql ] [ SQL ] UPDATE `mc_agency`  SET `type`=2,`pid`=0,`province`='37',`city`='3703',`county`='0',`area`='0',`id`=2,`status`=1,`date_end`='1560330971'  WHERE  `id` = 2 [ RunTime:0.001000s ]
[ sql ] [ SQL ] SHOW COLUMNS FROM `mc_agency_info` [ RunTime:0.001000s ]
[ sql ] [ SQL ] INSERT INTO `mc_agency_info` (`member` , `money` , `commission` , `performance` , `score` , `date`) VALUES (2 , 0 , 0 , 0 , 0 , 1528794971) [ RunTime:0.002000s ]
[ sql ] [ SQL ] SELECT * FROM `mc_agency` WHERE  `id` = 2 LIMIT 1 [ RunTime:0.000000s ]
[ sql ] [ SQL ] SHOW COLUMNS FROM `mc_agency_type` [ RunTime:0.001000s ]
[ sql ] [ SQL ] SELECT * FROM `mc_agency_type` WHERE  `id` = 2 LIMIT 1 [ RunTime:0.000000s ]
[ sql ] [ SQL ] SHOW COLUMNS FROM `mc_params` [ RunTime:0.002000s ]
[ sql ] [ SQL ] SELECT `key`,`value` FROM `mc_params` [ RunTime:0.000000s ]
[ sql ] [ SQL ] SHOW COLUMNS FROM `mc_member_moneylog` [ RunTime:0.001000s ]
[ sql ] [ SQL ] INSERT INTO `mc_member_moneylog` (`member_id` , `type` , `model` , `amount` , `summary` , `date`) VALUES (2 , 'return' , '1' , 400 , '代理返还' , 1528794971) [ RunTime:0.001000s ]

---------------------------------------------------------------
[ 2018-06-12T17:16:15+08:00 ] [ sql ] [ DB ] CONNECT:[ UseTime:0.010000s ] mysql:dbname=db_mc;host=127.0.0.1;port=3306;charset=utf8
[ sql ] [ SQL ] SHOW COLUMNS FROM `mc_auth_rule` [ RunTime:0.000000s ]
[ sql ] [ SQL ] SELECT * FROM `mc_auth_rule` WHERE  (  status = 1 ) ORDER BY `sort` [ RunTime:0.000000s ]
[ sql ] [ SQL ] SHOW COLUMNS FROM `mc_agency` [ RunTime:0.002000s ]
[ sql ] [ SQL ] UPDATE `mc_agency`  SET `type`=2,`pid`=0,`province`='37',`city`='3703',`county`='0',`area`='0',`id`=2,`status`=1,`date_end`='1560330975'  WHERE  `id` = 2 [ RunTime:0.002000s ]
[ sql ] [ SQL ] SHOW COLUMNS FROM `mc_agency_info` [ RunTime:0.001000s ]
[ sql ] [ SQL ] INSERT INTO `mc_agency_info` (`member` , `money` , `commission` , `performance` , `score` , `date`) VALUES (2 , 0 , 0 , 0 , 0 , 1528794975) [ RunTime:0.001000s ]
[ sql ] [ SQL ] SELECT * FROM `mc_agency` WHERE  `id` = 2 LIMIT 1 [ RunTime:0.000000s ]
[ sql ] [ SQL ] SHOW COLUMNS FROM `mc_agency_type` [ RunTime:0.007000s ]
[ sql ] [ SQL ] SELECT * FROM `mc_agency_type` WHERE  `id` = 2 LIMIT 1 [ RunTime:0.001000s ]
[ sql ] [ SQL ] SHOW COLUMNS FROM `mc_params` [ RunTime:0.001000s ]
[ sql ] [ SQL ] SELECT `key`,`value` FROM `mc_params` [ RunTime:0.000000s ]
[ sql ] [ SQL ] SHOW COLUMNS FROM `mc_member_moneylog` [ RunTime:0.001000s ]
[ sql ] [ SQL ] INSERT INTO `mc_member_moneylog` (`member_id` , `type` , `model` , `amount` , `summary` , `date`) VALUES (2 , 'return' , '1' , 400 , '代理返还' , 1528794975) [ RunTime:0.000000s ]

---------------------------------------------------------------
[ 2018-06-12T17:16:44+08:00 ] [ sql ] [ DB ] CONNECT:[ UseTime:0.010000s ] mysql:dbname=db_mc;host=127.0.0.1;port=3306;charset=utf8
[ sql ] [ SQL ] SHOW COLUMNS FROM `mc_auth_rule` [ RunTime:0.001000s ]
[ sql ] [ SQL ] SELECT * FROM `mc_auth_rule` WHERE  (  status = 1 ) ORDER BY `sort` [ RunTime:0.001000s ]

---------------------------------------------------------------
[ 2018-06-12T17:16:50+08:00 ] [ sql ] [ DB ] CONNECT:[ UseTime:0.012000s ] mysql:dbname=db_mc;host=127.0.0.1;port=3306;charset=utf8
[ sql ] [ SQL ] SHOW COLUMNS FROM `mc_auth_rule` [ RunTime:0.001000s ]
[ sql ] [ SQL ] SELECT * FROM `mc_auth_rule` WHERE  (  status = 1 ) ORDER BY `sort` [ RunTime:0.000000s ]

---------------------------------------------------------------
[ 2018-06-12T17:17:48+08:00 ] [ sql ] [ DB ] CONNECT:[ UseTime:0.010000s ] mysql:dbname=db_mc;host=127.0.0.1;port=3306;charset=utf8
[ sql ] [ SQL ] SHOW COLUMNS FROM `mc_auth_rule` [ RunTime:0.001000s ]
[ sql ] [ SQL ] SELECT * FROM `mc_auth_rule` WHERE  (  status = 1 ) ORDER BY `sort` [ RunTime:0.001000s ]
[ sql ] [ SQL ] SHOW COLUMNS FROM `mc_agency_info` [ RunTime:0.001000s ]
[ sql ] [ SQL ] INSERT INTO `mc_agency_info` (`member` , `money` , `commission` , `performance` , `score` , `date`) VALUES (2 , 0 , 0 , 0 , 0 , 1528795068) [ RunTime:0.002000s ]

---------------------------------------------------------------
[ 2018-06-12T17:18:09+08:00 ] [ sql ] [ DB ] CONNECT:[ UseTime:0.010000s ] mysql:dbname=db_mc;host=127.0.0.1;port=3306;charset=utf8
[ sql ] [ SQL ] SHOW COLUMNS FROM `mc_auth_rule` [ RunTime:0.000000s ]
[ sql ] [ SQL ] SELECT * FROM `mc_auth_rule` WHERE  (  status = 1 ) ORDER BY `sort` [ RunTime:0.000000s ]
[ sql ] [ SQL ] SHOW COLUMNS FROM `mc_agency_info` [ RunTime:0.002000s ]
[ sql ] [ SQL ] INSERT INTO `mc_agency_info` (`member` , `money` , `commission` , `performance` , `score` , `date`) VALUES (2 , 0 , 0 , 0 , 0 , 1528795089) [ RunTime:0.002000s ]
[ sql ] [ SQL ] SHOW COLUMNS FROM `mc_agency` [ RunTime:0.007000s ]
[ sql ] [ SQL ] SELECT * FROM `mc_agency` WHERE  `id` = 2 LIMIT 1 [ RunTime:0.000000s ]
[ sql ] [ SQL ] SHOW COLUMNS FROM `mc_agency_type` [ RunTime:0.001000s ]
[ sql ] [ SQL ] SELECT * FROM `mc_agency_type` WHERE  `id` = 2 LIMIT 1 [ RunTime:0.000000s ]
[ sql ] [ SQL ] SHOW COLUMNS FROM `mc_params` [ RunTime:0.001000s ]
[ sql ] [ SQL ] SELECT `key`,`value` FROM `mc_params` [ RunTime:0.000000s ]
[ sql ] [ SQL ] SHOW COLUMNS FROM `mc_member_moneylog` [ RunTime:0.001000s ]
[ sql ] [ SQL ] INSERT INTO `mc_member_moneylog` (`member_id` , `type` , `model` , `amount` , `summary` , `date`) VALUES (2 , 'return' , '1' , 640 , '代理返还' , 1528795089) [ RunTime:0.000000s ]

---------------------------------------------------------------
[ 2018-06-12T17:19:23+08:00 ] [ sql ] [ DB ] CONNECT:[ UseTime:0.001000s ] mysql:dbname=db_mc;host=127.0.0.1;port=3306;charset=utf8
[ sql ] [ SQL ] SHOW COLUMNS FROM `mc_auth_rule` [ RunTime:0.001000s ]
[ sql ] [ SQL ] SELECT * FROM `mc_auth_rule` WHERE  (  status = 1 ) ORDER BY `sort` [ RunTime:0.001000s ]
[ sql ] [ SQL ] SHOW COLUMNS FROM `mc_agency_info` [ RunTime:0.002000s ]
[ sql ] [ SQL ] INSERT INTO `mc_agency_info` (`member` , `money` , `commission` , `performance` , `score` , `date`) VALUES (2 , 0 , 0 , 0 , 0 , 1528795163) [ RunTime:0.001000s ]
[ sql ] [ SQL ] SHOW COLUMNS FROM `mc_agency` [ RunTime:0.000000s ]
[ sql ] [ SQL ] UPDATE `mc_agency`  SET `type`=2,`pid`=0,`province`='37',`city`='3703',`county`='0',`area`='0',`id`=2,`status`=1,`date_end`='1560331163'  WHERE  `id` = 2 [ RunTime:0.001000s ]

---------------------------------------------------------------
[ 2018-06-12T17:19:26+08:00 ] [ sql ] [ DB ] CONNECT:[ UseTime:0.002000s ] mysql:dbname=db_mc;host=127.0.0.1;port=3306;charset=utf8
[ sql ] [ SQL ] SHOW COLUMNS FROM `mc_auth_rule` [ RunTime:0.001000s ]
[ sql ] [ SQL ] SELECT * FROM `mc_auth_rule` WHERE  (  status = 1 ) ORDER BY `sort` [ RunTime:0.001000s ]
[ sql ] [ SQL ] SHOW COLUMNS FROM `mc_agency` [ RunTime:0.001000s ]
[ sql ] [ SQL ] SELECT COUNT(*) AS tp_count FROM `mc_agency` WHERE  `status` = 0 LIMIT 1 [ RunTime:0.001000s ]

---------------------------------------------------------------
[ 2018-06-12T17:19:26+08:00 ] [ sql ] [ DB ] CONNECT:[ UseTime:0.001000s ] mysql:dbname=db_mc;host=127.0.0.1;port=3306;charset=utf8
[ sql ] [ SQL ] SHOW COLUMNS FROM `mc_auth_rule` [ RunTime:0.000000s ]
[ sql ] [ SQL ] SELECT * FROM `mc_auth_rule` WHERE  (  status = 1 ) ORDER BY `sort` [ RunTime:0.000000s ]
[ sql ] [ SQL ] SHOW COLUMNS FROM `mc_agency` [ RunTime:0.001000s ]
[ sql ] [ SQL ] SELECT COUNT(*) AS tp_count FROM `mc_agency` WHERE  `status` = 0 LIMIT 1 [ RunTime:0.000000s ]
[ sql ] [ SQL ] SELECT * FROM `mc_agency` WHERE  `status` = 0 LIMIT 0,10 [ RunTime:0.000000s ]
[ sql ] [ SQL ] SHOW COLUMNS FROM `mc_agency_type` [ RunTime:0.000000s ]
[ sql ] [ SQL ] SELECT `id`,`name` FROM `mc_agency_type` [ RunTime:0.001000s ]

---------------------------------------------------------------
[ 2018-06-12T17:30:34+08:00 ] [ sql ] [ DB ] CONNECT:[ UseTime:0.001000s ] mysql:dbname=db_mc;host=127.0.0.1;port=3306;charset=utf8
[ sql ] [ SQL ] SHOW COLUMNS FROM `mc_auth_rule` [ RunTime:0.000000s ]
[ sql ] [ SQL ] SELECT * FROM `mc_auth_rule` WHERE  (  status = 1 ) ORDER BY `sort` [ RunTime:0.000000s ]
[ sql ] [ SQL ] SHOW COLUMNS FROM `mc_agency` [ RunTime:0.001000s ]
[ sql ] [ SQL ] SELECT COUNT(*) AS tp_count FROM `mc_agency` WHERE  `status` = 0 LIMIT 1 [ RunTime:0.000000s ]

---------------------------------------------------------------
[ 2018-06-12T17:30:34+08:00 ] [ sql ] [ DB ] CONNECT:[ UseTime:0.011000s ] mysql:dbname=db_mc;host=127.0.0.1;port=3306;charset=utf8
[ sql ] [ SQL ] SHOW COLUMNS FROM `mc_auth_rule` [ RunTime:0.002000s ]
[ sql ] [ SQL ] SELECT * FROM `mc_auth_rule` WHERE  (  status = 1 ) ORDER BY `sort` [ RunTime:0.001000s ]
[ sql ] [ SQL ] SHOW COLUMNS FROM `mc_agency` [ RunTime:0.001000s ]
[ sql ] [ SQL ] SELECT COUNT(*) AS tp_count FROM `mc_agency` WHERE  `status` = 0 LIMIT 1 [ RunTime:0.001000s ]
[ sql ] [ SQL ] SELECT * FROM `mc_agency` WHERE  `status` = 0 LIMIT 0,10 [ RunTime:0.000000s ]
[ sql ] [ SQL ] SHOW COLUMNS FROM `mc_agency_type` [ RunTime:0.001000s ]
[ sql ] [ SQL ] SELECT `id`,`name` FROM `mc_agency_type` [ RunTime:0.000000s ]

---------------------------------------------------------------
[ 2018-06-12T17:30:36+08:00 ] [ sql ] [ DB ] CONNECT:[ UseTime:0.001000s ] mysql:dbname=db_mc;host=127.0.0.1;port=3306;charset=utf8
[ sql ] [ SQL ] SHOW COLUMNS FROM `mc_auth_rule` [ RunTime:0.001000s ]
[ sql ] [ SQL ] SELECT * FROM `mc_auth_rule` WHERE  (  status = 1 ) ORDER BY `sort` [ RunTime:0.001000s ]
[ sql ] [ SQL ] SHOW COLUMNS FROM `mc_agency` [ RunTime:0.002000s ]
[ sql ] [ SQL ] SELECT * FROM `mc_agency` WHERE  `id` = 1 LIMIT 1 [ RunTime:0.001000s ]
[ sql ] [ SQL ] SHOW COLUMNS FROM `mc_area` [ RunTime:0.001000s ]
[ sql ] [ SQL ] SELECT `code`,`name` FROM `mc_area` WHERE  `provinceCode` = '0' [ RunTime:0.000000s ]
[ sql ] [ SQL ] SELECT `code`,`name` FROM `mc_area` WHERE  `provinceCode` = '37'  AND `cityCode` = '0' [ RunTime:0.002000s ]
[ sql ] [ SQL ] SELECT `code`,`name` FROM `mc_area` WHERE  `provinceCode` = '37'  AND `cityCode` = '3703' [ RunTime:0.001000s ]
[ sql ] [ SQL ] SELECT `code`,`name` FROM `mc_area` WHERE  `provinceCode` = '37'  AND `cityCode` = '3703'  AND `areaCode` = '0' [ RunTime:0.002000s ]
[ sql ] [ SQL ] SHOW COLUMNS FROM `mc_agency_type` [ RunTime:0.001000s ]
[ sql ] [ SQL ] SELECT `id`,`name` FROM `mc_agency_type` [ RunTime:0.001000s ]
[ sql ] [ SQL ] SELECT `id`,`name` FROM `mc_agency` WHERE  `status` = 1 [ RunTime:0.000000s ]

---------------------------------------------------------------
[ 2018-06-12T17:30:56+08:00 ] [ sql ] [ DB ] CONNECT:[ UseTime:0.010000s ] mysql:dbname=db_mc;host=127.0.0.1;port=3306;charset=utf8
[ sql ] [ SQL ] SHOW COLUMNS FROM `mc_auth_rule` [ RunTime:0.000000s ]
[ sql ] [ SQL ] SELECT * FROM `mc_auth_rule` WHERE  (  status = 1 ) ORDER BY `sort` [ RunTime:0.000000s ]
[ sql ] [ SQL ] SHOW COLUMNS FROM `mc_area` [ RunTime:0.001000s ]
[ sql ] [ SQL ] SELECT `code`,`name` FROM `mc_area` WHERE  `provinceCode` = '37'  AND `cityCode` = '3703'  AND `areaCode` = '370302' [ RunTime:0.001000s ]

---------------------------------------------------------------
[ 2018-06-12T17:30:58+08:00 ] [ sql ] [ DB ] CONNECT:[ UseTime:0.010000s ] mysql:dbname=db_mc;host=127.0.0.1;port=3306;charset=utf8
[ sql ] [ SQL ] SHOW COLUMNS FROM `mc_auth_rule` [ RunTime:0.001000s ]
[ sql ] [ SQL ] SELECT * FROM `mc_auth_rule` WHERE  (  status = 1 ) ORDER BY `sort` [ RunTime:0.001000s ]
[ sql ] [ SQL ] SHOW COLUMNS FROM `mc_agency_info` [ RunTime:0.001000s ]
[ sql ] [ SQL ] SHOW COLUMNS FROM `mc_agency` [ RunTime:0.001000s ]
[ sql ] [ SQL ] SELECT * FROM `mc_agency` WHERE  `id` = 1 LIMIT 1 [ RunTime:0.000000s ]
[ sql ] [ SQL ] SHOW COLUMNS FROM `mc_agency_type` [ RunTime:0.001000s ]
[ sql ] [ SQL ] SELECT * FROM `mc_agency_type` WHERE  `id` = 1 LIMIT 1 [ RunTime:0.001000s ]
[ sql ] [ SQL ] SHOW COLUMNS FROM `mc_params` [ RunTime:0.001000s ]
[ sql ] [ SQL ] SELECT `key`,`value` FROM `mc_params` [ RunTime:0.000000s ]
[ sql ] [ SQL ] SHOW COLUMNS FROM `mc_member_moneylog` [ RunTime:0.001000s ]
[ sql ] [ SQL ] INSERT INTO `mc_member_moneylog` (`member_id` , `type` , `model` , `amount` , `summary` , `date`) VALUES (1 , 'return' , '1' , 1280 , '代理返还' , 1528795858) [ RunTime:0.000000s ]

---------------------------------------------------------------
[ 2018-06-12T17:33:32+08:00 ] [ sql ] [ DB ] CONNECT:[ UseTime:0.002000s ] mysql:dbname=db_mc;host=127.0.0.1;port=3306;charset=utf8
[ sql ] [ SQL ] SHOW COLUMNS FROM `mc_auth_rule` [ RunTime:0.001000s ]
[ sql ] [ SQL ] SELECT * FROM `mc_auth_rule` WHERE  (  status = 1 ) ORDER BY `sort` [ RunTime:0.001000s ]
[ sql ] [ SQL ] SHOW COLUMNS FROM `mc_agency_info` [ RunTime:0.003000s ]
[ sql ] [ SQL ] SHOW COLUMNS FROM `mc_agency` [ RunTime:0.002000s ]
[ sql ] [ SQL ] SELECT * FROM `mc_agency` WHERE  `id` = 1 LIMIT 1 [ RunTime:0.001000s ]
[ sql ] [ SQL ] SHOW COLUMNS FROM `mc_agency_type` [ RunTime:0.003000s ]
[ sql ] [ SQL ] SELECT * FROM `mc_agency_type` WHERE  `id` = 1 LIMIT 1 [ RunTime:0.001000s ]
[ sql ] [ SQL ] SHOW COLUMNS FROM `mc_params` [ RunTime:0.002000s ]
[ sql ] [ SQL ] SELECT `key`,`value` FROM `mc_params` [ RunTime:0.001000s ]
[ sql ] [ SQL ] SHOW COLUMNS FROM `mc_member_moneylog` [ RunTime:0.003000s ]
[ sql ] [ SQL ] INSERT INTO `mc_member_moneylog` (`member_id` , `type` , `model` , `amount` , `summary` , `date`) VALUES (1 , 'return' , '1' , 1280 , '代理返还' , 1528796012) [ RunTime:0.003000s ]

---------------------------------------------------------------
[ 2018-06-12T17:34:36+08:00 ] [ sql ] [ DB ] CONNECT:[ UseTime:0.010000s ] mysql:dbname=db_mc;host=127.0.0.1;port=3306;charset=utf8
[ sql ] [ SQL ] SHOW COLUMNS FROM `mc_auth_rule` [ RunTime:0.001000s ]
[ sql ] [ SQL ] SELECT * FROM `mc_auth_rule` WHERE  (  status = 1 ) ORDER BY `sort` [ RunTime:0.000000s ]
[ sql ] [ SQL ] SHOW COLUMNS FROM `mc_agency_info` [ RunTime:0.001000s ]
[ sql ] [ SQL ] SHOW COLUMNS FROM `mc_agency` [ RunTime:0.001000s ]
[ sql ] [ SQL ] SELECT * FROM `mc_agency` WHERE  `id` = 1 LIMIT 1 [ RunTime:0.001000s ]
[ sql ] [ SQL ] SHOW COLUMNS FROM `mc_agency_type` [ RunTime:0.001000s ]
[ sql ] [ SQL ] SELECT * FROM `mc_agency_type` WHERE  `id` = 1 LIMIT 1 [ RunTime:0.001000s ]
[ sql ] [ SQL ] SHOW COLUMNS FROM `mc_params` [ RunTime:0.001000s ]
[ sql ] [ SQL ] SELECT `key`,`value` FROM `mc_params` [ RunTime:0.000000s ]
[ sql ] [ SQL ] SHOW COLUMNS FROM `mc_member_moneylog` [ RunTime:0.001000s ]
[ sql ] [ SQL ] INSERT INTO `mc_member_moneylog` (`member_id` , `type` , `model` , `amount` , `summary` , `date`) VALUES (1 , 'return' , '1' , 1280 , '代理返还' , 1528796076) [ RunTime:0.001000s ]

---------------------------------------------------------------
[ 2018-06-12T17:35:22+08:00 ] [ sql ] [ DB ] CONNECT:[ UseTime:0.002000s ] mysql:dbname=db_mc;host=127.0.0.1;port=3306;charset=utf8
[ sql ] [ SQL ] SHOW COLUMNS FROM `mc_auth_rule` [ RunTime:0.001000s ]
[ sql ] [ SQL ] SELECT * FROM `mc_auth_rule` WHERE  (  status = 1 ) ORDER BY `sort` [ RunTime:0.000000s ]
[ sql ] [ SQL ] SHOW COLUMNS FROM `mc_agency_info` [ RunTime:0.000000s ]
[ sql ] [ SQL ] SHOW COLUMNS FROM `mc_agency` [ RunTime:0.001000s ]
[ sql ] [ SQL ] SELECT * FROM `mc_agency` WHERE  `id` = 1 LIMIT 1 [ RunTime:0.001000s ]
[ sql ] [ SQL ] SHOW COLUMNS FROM `mc_agency_type` [ RunTime:0.000000s ]
[ sql ] [ SQL ] SELECT * FROM `mc_agency_type` WHERE  `id` = 1 LIMIT 1 [ RunTime:0.001000s ]
[ sql ] [ SQL ] SHOW COLUMNS FROM `mc_params` [ RunTime:0.000000s ]
[ sql ] [ SQL ] SELECT `key`,`value` FROM `mc_params` [ RunTime:0.000000s ]
[ sql ] [ SQL ] SHOW COLUMNS FROM `mc_member_moneylog` [ RunTime:0.000000s ]
[ sql ] [ SQL ] INSERT INTO `mc_member_moneylog` (`member_id` , `type` , `model` , `amount` , `summary` , `date`) VALUES (1 , 'return' , '1' , 1280 , '代理返还' , 1528796122) [ RunTime:0.002000s ]

---------------------------------------------------------------
[ 2018-06-12T17:35:37+08:00 ] [ sql ] [ DB ] CONNECT:[ UseTime:0.010000s ] mysql:dbname=db_mc;host=127.0.0.1;port=3306;charset=utf8
[ sql ] [ SQL ] SHOW COLUMNS FROM `mc_auth_rule` [ RunTime:0.000000s ]
[ sql ] [ SQL ] SELECT * FROM `mc_auth_rule` WHERE  (  status = 1 ) ORDER BY `sort` [ RunTime:0.000000s ]
[ sql ] [ SQL ] SHOW COLUMNS FROM `mc_agency_info` [ RunTime:0.001000s ]

---------------------------------------------------------------
[ 2018-06-12T17:36:34+08:00 ] [ sql ] [ DB ] CONNECT:[ UseTime:0.010000s ] mysql:dbname=db_mc;host=127.0.0.1;port=3306;charset=utf8
[ sql ] [ SQL ] SHOW COLUMNS FROM `mc_auth_rule` [ RunTime:0.000000s ]
[ sql ] [ SQL ] SELECT * FROM `mc_auth_rule` WHERE  (  status = 1 ) ORDER BY `sort` [ RunTime:0.000000s ]
[ sql ] [ SQL ] SHOW COLUMNS FROM `mc_agency` [ RunTime:0.001000s ]
[ sql ] [ SQL ] SELECT COUNT(*) AS tp_count FROM `mc_agency` WHERE  `status` = 0 LIMIT 1 [ RunTime:0.000000s ]

---------------------------------------------------------------
[ 2018-06-12T17:36:35+08:00 ] [ sql ] [ DB ] CONNECT:[ UseTime:0.002000s ] mysql:dbname=db_mc;host=127.0.0.1;port=3306;charset=utf8
[ sql ] [ SQL ] SHOW COLUMNS FROM `mc_auth_rule` [ RunTime:0.001000s ]
[ sql ] [ SQL ] SELECT * FROM `mc_auth_rule` WHERE  (  status = 1 ) ORDER BY `sort` [ RunTime:0.000000s ]
[ sql ] [ SQL ] SHOW COLUMNS FROM `mc_agency` [ RunTime:0.001000s ]
[ sql ] [ SQL ] SELECT COUNT(*) AS tp_count FROM `mc_agency` WHERE  `status` = 0 LIMIT 1 [ RunTime:0.001000s ]
[ sql ] [ SQL ] SELECT * FROM `mc_agency` WHERE  `status` = 0 LIMIT 0,10 [ RunTime:0.001000s ]
[ sql ] [ SQL ] SHOW COLUMNS FROM `mc_agency_type` [ RunTime:0.001000s ]
[ sql ] [ SQL ] SELECT `id`,`name` FROM `mc_agency_type` [ RunTime:0.000000s ]

---------------------------------------------------------------
[ 2018-06-12T17:36:36+08:00 ] [ sql ] [ DB ] CONNECT:[ UseTime:0.010000s ] mysql:dbname=db_mc;host=127.0.0.1;port=3306;charset=utf8
[ sql ] [ SQL ] SHOW COLUMNS FROM `mc_auth_rule` [ RunTime:0.001000s ]
[ sql ] [ SQL ] SELECT * FROM `mc_auth_rule` WHERE  (  status = 1 ) ORDER BY `sort` [ RunTime:0.000000s ]
[ sql ] [ SQL ] SHOW COLUMNS FROM `mc_agency` [ RunTime:0.001000s ]
[ sql ] [ SQL ] SELECT * FROM `mc_agency` WHERE  `id` = 2 LIMIT 1 [ RunTime:0.001000s ]
[ sql ] [ SQL ] SHOW COLUMNS FROM `mc_area` [ RunTime:0.001000s ]
[ sql ] [ SQL ] SELECT `code`,`name` FROM `mc_area` WHERE  `provinceCode` = '0' [ RunTime:0.000000s ]
[ sql ] [ SQL ] SELECT `code`,`name` FROM `mc_area` WHERE  `provinceCode` = '37'  AND `cityCode` = '0' [ RunTime:0.001000s ]
[ sql ] [ SQL ] SELECT `code`,`name` FROM `mc_area` WHERE  `provinceCode` = '37'  AND `cityCode` = '3703' [ RunTime:0.001000s ]
[ sql ] [ SQL ] SELECT `code`,`name` FROM `mc_area` WHERE  `provinceCode` = '37'  AND `cityCode` = '3703'  AND `areaCode` = '0' [ RunTime:0.001000s ]
[ sql ] [ SQL ] SHOW COLUMNS FROM `mc_agency_type` [ RunTime:0.000000s ]
[ sql ] [ SQL ] SELECT `id`,`name` FROM `mc_agency_type` [ RunTime:0.000000s ]
[ sql ] [ SQL ] SELECT `id`,`name` FROM `mc_agency` WHERE  `status` = 1 [ RunTime:0.000000s ]

---------------------------------------------------------------
[ 2018-06-12T17:36:43+08:00 ] [ sql ] [ DB ] CONNECT:[ UseTime:0.002000s ] mysql:dbname=db_mc;host=127.0.0.1;port=3306;charset=utf8
[ sql ] [ SQL ] SHOW COLUMNS FROM `mc_auth_rule` [ RunTime:0.001000s ]
[ sql ] [ SQL ] SELECT * FROM `mc_auth_rule` WHERE  (  status = 1 ) ORDER BY `sort` [ RunTime:0.001000s ]
[ sql ] [ SQL ] SHOW COLUMNS FROM `mc_agency_info` [ RunTime:0.001000s ]

---------------------------------------------------------------
[ 2018-06-12T17:37:48+08:00 ] [ sql ] [ DB ] CONNECT:[ UseTime:0.003000s ] mysql:dbname=db_mc;host=127.0.0.1;port=3306;charset=utf8
[ sql ] [ SQL ] SHOW COLUMNS FROM `mc_auth_rule` [ RunTime:0.001000s ]
[ sql ] [ SQL ] SELECT * FROM `mc_auth_rule` WHERE  (  status = 1 ) ORDER BY `sort` [ RunTime:0.001000s ]
[ sql ] [ SQL ] SHOW COLUMNS FROM `mc_agency_info` [ RunTime:0.000000s ]
[ sql ] [ SQL ] SHOW COLUMNS FROM `mc_agency` [ RunTime:0.001000s ]
[ sql ] [ SQL ] SELECT * FROM `mc_agency` WHERE  `id` = 2 LIMIT 1 [ RunTime:0.001000s ]
[ sql ] [ SQL ] SHOW COLUMNS FROM `mc_agency_type` [ RunTime:0.001000s ]
[ sql ] [ SQL ] SELECT * FROM `mc_agency_type` WHERE  `id` = 2 LIMIT 1 [ RunTime:0.000000s ]
[ sql ] [ SQL ] SHOW COLUMNS FROM `mc_params` [ RunTime:0.002000s ]
[ sql ] [ SQL ] SELECT `key`,`value` FROM `mc_params` [ RunTime:0.000000s ]
[ sql ] [ SQL ] SHOW COLUMNS FROM `mc_member_moneylog` [ RunTime:0.001000s ]
[ sql ] [ SQL ] INSERT INTO `mc_member_moneylog` (`member_id` , `type` , `model` , `amount` , `summary` , `date`) VALUES (2 , 'return' , '1' , 400 , '代理返还' , 1528796268) [ RunTime:0.002000s ]

---------------------------------------------------------------
[ 2018-06-12T17:39:46+08:00 ] [ sql ] [ DB ] CONNECT:[ UseTime:0.001000s ] mysql:dbname=db_mc;host=127.0.0.1;port=3306;charset=utf8
[ sql ] [ SQL ] SHOW COLUMNS FROM `mc_auth_rule` [ RunTime:0.000000s ]
[ sql ] [ SQL ] SELECT * FROM `mc_auth_rule` WHERE  (  status = 1 ) ORDER BY `sort` [ RunTime:0.000000s ]
[ sql ] [ SQL ] SHOW COLUMNS FROM `mc_area` [ RunTime:0.001000s ]
[ sql ] [ SQL ] SELECT `code`,`name` FROM `mc_area` WHERE  `provinceCode` = '37'  AND `cityCode` = '3703'  AND `areaCode` = '370302' [ RunTime:0.001000s ]

---------------------------------------------------------------
[ 2018-06-12T17:39:50+08:00 ] [ sql ] [ DB ] CONNECT:[ UseTime:0.002000s ] mysql:dbname=db_mc;host=127.0.0.1;port=3306;charset=utf8
[ sql ] [ SQL ] SHOW COLUMNS FROM `mc_auth_rule` [ RunTime:0.001000s ]
[ sql ] [ SQL ] SELECT * FROM `mc_auth_rule` WHERE  (  status = 1 ) ORDER BY `sort` [ RunTime:0.001000s ]
[ sql ] [ SQL ] SHOW COLUMNS FROM `mc_agency_info` [ RunTime:0.001000s ]
[ sql ] [ SQL ] SHOW COLUMNS FROM `mc_agency` [ RunTime:0.000000s ]
[ sql ] [ SQL ] SELECT * FROM `mc_agency` WHERE  `id` = 2 LIMIT 1 [ RunTime:0.000000s ]
[ sql ] [ SQL ] SHOW COLUMNS FROM `mc_agency_type` [ RunTime:0.001000s ]
[ sql ] [ SQL ] SELECT * FROM `mc_agency_type` WHERE  `id` = 2 LIMIT 1 [ RunTime:0.000000s ]
[ sql ] [ SQL ] SHOW COLUMNS FROM `mc_params` [ RunTime:0.001000s ]
[ sql ] [ SQL ] SELECT `key`,`value` FROM `mc_params` [ RunTime:0.000000s ]
[ sql ] [ SQL ] SHOW COLUMNS FROM `mc_member_moneylog` [ RunTime:0.001000s ]
[ sql ] [ SQL ] INSERT INTO `mc_member_moneylog` (`member_id` , `type` , `model` , `amount` , `summary` , `date`) VALUES (2 , 'return' , '1' , 400 , '代理返还' , 1528796390) [ RunTime:0.001000s ]
[ sql ] [ SQL ] UPDATE `mc_agency_info`  SET `money`=400,`commission`=400  WHERE  `member` = 2 [ RunTime:0.002000s ]

---------------------------------------------------------------
[ 2018-06-12T17:40:32+08:00 ] [ sql ] [ DB ] CONNECT:[ UseTime:0.002000s ] mysql:dbname=db_mc;host=127.0.0.1;port=3306;charset=utf8
[ sql ] [ SQL ] SHOW COLUMNS FROM `mc_auth_rule` [ RunTime:0.001000s ]
[ sql ] [ SQL ] SELECT * FROM `mc_auth_rule` WHERE  (  status = 1 ) ORDER BY `sort` [ RunTime:0.000000s ]
[ sql ] [ SQL ] SHOW COLUMNS FROM `mc_agency_info` [ RunTime:0.002000s ]
[ sql ] [ SQL ] SHOW COLUMNS FROM `mc_agency` [ RunTime:0.001000s ]
[ sql ] [ SQL ] SELECT * FROM `mc_agency` WHERE  `id` = 2 LIMIT 1 [ RunTime:0.000000s ]
[ sql ] [ SQL ] SHOW COLUMNS FROM `mc_agency_type` [ RunTime:0.000000s ]
[ sql ] [ SQL ] SELECT * FROM `mc_agency_type` WHERE  `id` = 2 LIMIT 1 [ RunTime:0.001000s ]
[ sql ] [ SQL ] SHOW COLUMNS FROM `mc_params` [ RunTime:0.001000s ]
[ sql ] [ SQL ] SELECT `key`,`value` FROM `mc_params` [ RunTime:0.000000s ]
[ sql ] [ SQL ] SHOW COLUMNS FROM `mc_member_moneylog` [ RunTime:0.001000s ]
[ sql ] [ SQL ] INSERT INTO `mc_member_moneylog` (`member_id` , `type` , `model` , `amount` , `summary` , `date`) VALUES (2 , 'return' , '1' , 400 , '代理返还' , 1528796432) [ RunTime:0.001000s ]
[ sql ] [ SQL ] UPDATE `mc_agency_info`  SET `money`=400,`commission`=400  WHERE  `member` = 2 [ RunTime:0.001000s ]
[ sql ] [ SQL ] SELECT * FROM `mc_agency` WHERE  `type` = 1  AND `province` = '37'  AND `city` = '3703'  AND `status` = 1  AND `date_end` > '1528796432' LIMIT 1 [ RunTime:0.000000s ]
[ sql ] [ SQL ] INSERT INTO `mc_member_moneylog` (`member_id` , `type` , `model` , `amount` , `summary` , `date`) VALUES (1 , 'return' , '1' , 240 , '代理返还,来自代理zhangsan' , 1528796432) [ RunTime:0.000000s ]
[ sql ] [ SQL ] SELECT * FROM `mc_agency_info` WHERE  `member` = 1 LIMIT 1 [ RunTime:0.001000s ]
[ sql ] [ SQL ] UPDATE `mc_agency_info`  SET `money`=740,`commission`=740  WHERE  `member` = 1 [ RunTime:0.000000s ]
[ sql ] [ SQL ] UPDATE `mc_agency`  SET `type`=2,`pid`=0,`province`='37',`city`='3703',`county`='370302',`area`='0',`id`=2,`status`=1,`date_end`='1560332432'  WHERE  `id` = 2 [ RunTime:0.000000s ]

---------------------------------------------------------------
[ 2018-06-12T17:44:26+08:00 ] [ sql ] [ DB ] CONNECT:[ UseTime:0.010000s ] mysql:dbname=db_mc;host=127.0.0.1;port=3306;charset=utf8
[ sql ] [ SQL ] SHOW COLUMNS FROM `mc_member_moneylog` [ RunTime:0.000000s ]
[ sql ] [ SQL ] SELECT COUNT(*) AS tp_count FROM `mc_member_moneylog` WHERE  `member_id` = 1 LIMIT 1 [ RunTime:0.000000s ]
[ sql ] [ SQL ] SELECT * FROM `mc_member_moneylog` WHERE  `member_id` = 1 ORDER BY date DESC LIMIT 0,15 [ RunTime:0.001000s ]

---------------------------------------------------------------
[ 2018-06-12T17:44:38+08:00 ] [ sql ] [ DB ] CONNECT:[ UseTime:0.002000s ] mysql:dbname=db_mc;host=127.0.0.1;port=3306;charset=utf8
[ sql ] [ SQL ] SHOW COLUMNS FROM `mc_silder` [ RunTime:0.001000s ]
[ sql ] [ SQL ] SELECT * FROM `mc_silder` [ RunTime:0.000000s ]

---------------------------------------------------------------
[ 2018-06-12T17:44:40+08:00 ] [ sql ] [ DB ] CONNECT:[ UseTime:0.002000s ] mysql:dbname=db_mc;host=127.0.0.1;port=3306;charset=utf8
[ sql ] [ SQL ] SHOW COLUMNS FROM `mc_agency_info` [ RunTime:0.001000s ]
[ sql ] [ SQL ] SELECT * FROM `mc_agency_info` WHERE  `member` = 1 LIMIT 1 [ RunTime:0.000000s ]

---------------------------------------------------------------
[ 2018-06-12T17:44:44+08:00 ] [ sql ] [ DB ] CONNECT:[ UseTime:0.011000s ] mysql:dbname=db_mc;host=127.0.0.1;port=3306;charset=utf8
[ sql ] [ SQL ] SHOW COLUMNS FROM `mc_silder` [ RunTime:0.001000s ]
[ sql ] [ SQL ] SELECT * FROM `mc_silder` [ RunTime:0.000000s ]

---------------------------------------------------------------
[ 2018-06-12T17:44:47+08:00 ] [ sql ] [ DB ] CONNECT:[ UseTime:0.012000s ] mysql:dbname=db_mc;host=127.0.0.1;port=3306;charset=utf8
[ sql ] [ SQL ] SHOW COLUMNS FROM `mc_agency_info` [ RunTime:0.000000s ]
[ sql ] [ SQL ] SELECT * FROM `mc_agency_info` WHERE  `member` = 1 LIMIT 1 [ RunTime:0.000000s ]

---------------------------------------------------------------
[ 2018-06-12T17:44:48+08:00 ] [ sql ] [ DB ] CONNECT:[ UseTime:0.010000s ] mysql:dbname=db_mc;host=127.0.0.1;port=3306;charset=utf8
[ sql ] [ SQL ] SHOW COLUMNS FROM `mc_silder` [ RunTime:0.002000s ]
[ sql ] [ SQL ] SELECT * FROM `mc_silder` [ RunTime:0.000000s ]

---------------------------------------------------------------
[ 2018-06-12T17:44:50+08:00 ] [ sql ] [ DB ] CONNECT:[ UseTime:0.010000s ] mysql:dbname=db_mc;host=127.0.0.1;port=3306;charset=utf8
[ sql ] [ SQL ] SHOW COLUMNS FROM `mc_agency_info` [ RunTime:0.000000s ]
[ sql ] [ SQL ] SELECT * FROM `mc_agency_info` WHERE  `member` = 1 LIMIT 1 [ RunTime:0.000000s ]

---------------------------------------------------------------
[ 2018-06-12T17:44:56+08:00 ] [ sql ] [ DB ] CONNECT:[ UseTime:0.010000s ] mysql:dbname=db_mc;host=127.0.0.1;port=3306;charset=utf8
[ sql ] [ SQL ] SHOW COLUMNS FROM `mc_silder` [ RunTime:0.001000s ]
[ sql ] [ SQL ] SELECT * FROM `mc_silder` [ RunTime:0.000000s ]

---------------------------------------------------------------
[ 2018-06-12T17:44:58+08:00 ] [ sql ] [ DB ] CONNECT:[ UseTime:0.010000s ] mysql:dbname=db_mc;host=127.0.0.1;port=3306;charset=utf8
[ sql ] [ SQL ] SHOW COLUMNS FROM `mc_ad` [ RunTime:0.001000s ]
[ sql ] [ SQL ] SELECT COUNT(*) AS tp_count FROM `mc_ad` WHERE  `mid` = 1 ORDER BY date DESC LIMIT 1 [ RunTime:0.000000s ]
[ sql ] [ SQL ] SELECT * FROM `mc_ad` WHERE  `mid` = 1 ORDER BY date DESC LIMIT 0,15 [ RunTime:0.000000s ]

---------------------------------------------------------------
[ 2018-06-12T17:45:00+08:00 ] [ sql ] [ DB ] CONNECT:[ UseTime:0.011000s ] mysql:dbname=db_mc;host=127.0.0.1;port=3306;charset=utf8
[ sql ] [ SQL ] SHOW COLUMNS FROM `mc_ad_type` [ RunTime:0.001000s ]
[ sql ] [ SQL ] SELECT `id`,`name` FROM `mc_ad_type` WHERE  `del_flag` = 0 [ RunTime:0.001000s ]

---------------------------------------------------------------
[ 2018-06-12T17:45:05+08:00 ] [ sql ] [ DB ] CONNECT:[ UseTime:0.010000s ] mysql:dbname=db_mc;host=127.0.0.1;port=3306;charset=utf8
[ sql ] [ SQL ] SHOW COLUMNS FROM `mc_ad` [ RunTime:0.001000s ]
[ sql ] [ SQL ] SELECT COUNT(*) AS tp_count FROM `mc_ad` WHERE  `mid` = 1 ORDER BY date DESC LIMIT 1 [ RunTime:0.001000s ]
[ sql ] [ SQL ] SELECT * FROM `mc_ad` WHERE  `mid` = 1 ORDER BY date DESC LIMIT 0,15 [ RunTime:0.000000s ]

---------------------------------------------------------------
[ 2018-06-12T17:45:07+08:00 ] [ sql ] [ DB ] CONNECT:[ UseTime:0.011000s ] mysql:dbname=db_mc;host=127.0.0.1;port=3306;charset=utf8
[ sql ] [ SQL ] SHOW COLUMNS FROM `mc_silder` [ RunTime:0.000000s ]
[ sql ] [ SQL ] SELECT * FROM `mc_silder` [ RunTime:0.000000s ]

---------------------------------------------------------------
