[ 2018-05-02T21:43:32+08:00 ] [ error ] [0]类不存在:app\common\validate\AdminValidate

---------------------------------------------------------------
[ 2018-05-02T21:43:50+08:00 ] [ error ] [0]类不存在:app\common\validate\AdminValidate

---------------------------------------------------------------
[ 2018-05-02T21:45:00+08:00 ] [ error ] [1045]SQLSTATE[HY000] [1045] Access denied for user 'root'@'localhost' (using password: YES)

---------------------------------------------------------------
[ 2018-05-02T21:46:04+08:00 ] [ error ] [1045]SQLSTATE[HY000] [1045] Access denied for user 'root'@'localhost' (using password: YES)

---------------------------------------------------------------
[ 2018-05-02T21:46:24+08:00 ] [ sql ] [ DB ] CONNECT:[ UseTime:0.004000s ] mysql:dbname=db_mc;host=127.0.0.1;port=3306;charset=utf8
[ error ] [42S02]SQLSTATE[42S02]: Base table or view not found: 1146 Table 'db_mc.think_admin' doesn't exist

---------------------------------------------------------------
[ 2018-05-02T21:46:48+08:00 ] [ sql ] [ DB ] CONNECT:[ UseTime:0.005000s ] mysql:dbname=db_mc;host=127.0.0.1;port=3306;charset=utf8
[ sql ] [ SQL ] SHOW COLUMNS FROM `mc_admin` [ RunTime:0.002000s ]
[ sql ] [ SQL ] SELECT * FROM `mc_admin` WHERE  `username` = 'admins' LIMIT 1 [ RunTime:0.002001s ]
[ sql ] [ SQL ] SHOW COLUMNS FROM `mc_auth_group` [ RunTime:0.003000s ]
[ sql ] [ SQL ] SELECT * FROM `mc_auth_group` WHERE  `id` = 1 LIMIT 1 [ RunTime:0.001000s ]
[ sql ] [ SQL ] SHOW COLUMNS FROM `mc_auth_rule` [ RunTime:0.003000s ]
[ sql ] [ SQL ] SELECT `name` FROM `mc_auth_rule` [ RunTime:0.001001s ]
[ sql ] [ SQL ] UPDATE `mc_admin`  SET `loginnum`=273,`last_login_ip`='127.0.0.1',`last_login_time`=1525268808  WHERE  `id` = 1 [ RunTime:0.000000s ]
[ error ] [42S02]SQLSTATE[42S02]: Base table or view not found: 1146 Table 'db_mc.mc_log' doesn't exist

---------------------------------------------------------------
[ 2018-05-02T21:47:27+08:00 ] [ sql ] [ DB ] CONNECT:[ UseTime:0.019000s ] mysql:dbname=db_mc;host=127.0.0.1;port=3306;charset=utf8
[ sql ] [ SQL ] SHOW COLUMNS FROM `mc_admin` [ RunTime:0.000000s ]
[ sql ] [ SQL ] SELECT * FROM `mc_admin` WHERE  `username` = 'admins' LIMIT 1 [ RunTime:0.000000s ]
[ sql ] [ SQL ] SHOW COLUMNS FROM `mc_auth_group` [ RunTime:0.000000s ]
[ sql ] [ SQL ] SELECT * FROM `mc_auth_group` WHERE  `id` = 1 LIMIT 1 [ RunTime:0.010001s ]
[ sql ] [ SQL ] SHOW COLUMNS FROM `mc_auth_rule` [ RunTime:0.000000s ]
[ sql ] [ SQL ] SELECT `name` FROM `mc_auth_rule` [ RunTime:0.000000s ]
[ sql ] [ SQL ] UPDATE `mc_admin`  SET `loginnum`=274,`last_login_ip`='127.0.0.1',`last_login_time`=1525268847  WHERE  `id` = 1 [ RunTime:0.000000s ]
[ sql ] [ SQL ] SHOW COLUMNS FROM `mc_log` [ RunTime:0.000000s ]
[ sql ] [ SQL ] INSERT INTO `mc_log` (`admin_id` , `admin_name` , `description` , `status` , `ip` , `add_time`) VALUES (1 , 'admins' , '用户【admins】登录成功' , 1 , '127.0.0.1' , 1525268847) [ RunTime:0.000000s ]

---------------------------------------------------------------
[ 2018-05-02T21:47:29+08:00 ] [ sql ] [ DB ] CONNECT:[ UseTime:0.005000s ] mysql:dbname=db_mc;host=127.0.0.1;port=3306;charset=utf8
[ sql ] [ SQL ] SHOW COLUMNS FROM `mc_auth_rule` [ RunTime:0.004000s ]
[ sql ] [ SQL ] SELECT * FROM `mc_auth_rule` WHERE  (  status = 1 ) ORDER BY `sort` [ RunTime:0.002000s ]
[ error ] [42S02]SQLSTATE[42S02]: Base table or view not found: 1146 Table 'db_mc.mc_config' doesn't exist

---------------------------------------------------------------
[ 2018-05-02T21:48:04+08:00 ] [ sql ] [ DB ] CONNECT:[ UseTime:0.006001s ] mysql:dbname=db_mc;host=127.0.0.1;port=3306;charset=utf8
[ sql ] [ SQL ] SHOW COLUMNS FROM `mc_auth_rule` [ RunTime:0.003000s ]
[ sql ] [ SQL ] SELECT * FROM `mc_auth_rule` WHERE  (  status = 1 ) ORDER BY `sort` [ RunTime:0.003000s ]
[ sql ] [ SQL ] SHOW COLUMNS FROM `mc_config` [ RunTime:0.005001s ]
[ sql ] [ SQL ] SELECT `type`,`name`,`value` FROM `mc_config` WHERE  `status` = 1 [ RunTime:0.001000s ]

---------------------------------------------------------------
[ 2018-05-02T21:48:04+08:00 ] [ sql ] [ DB ] CONNECT:[ UseTime:0.009001s ] mysql:dbname=db_mc;host=127.0.0.1;port=3306;charset=utf8
[ sql ] [ SQL ] SHOW COLUMNS FROM `mc_auth_rule` [ RunTime:0.005000s ]
[ sql ] [ SQL ] SELECT * FROM `mc_auth_rule` WHERE  (  status = 1 ) ORDER BY `sort` [ RunTime:0.003000s ]
[ sql ] [ SQL ] SHOW COLUMNS FROM `mc_config` [ RunTime:0.003000s ]
[ sql ] [ SQL ] SELECT `type`,`name`,`value` FROM `mc_config` WHERE  `status` = 1 [ RunTime:0.001000s ]
[ error ] [1]Class 'app\admin\controller\Db' not found

---------------------------------------------------------------
[ 2018-05-02T21:48:27+08:00 ] [ sql ] [ DB ] CONNECT:[ UseTime:0.005000s ] mysql:dbname=db_mc;host=127.0.0.1;port=3306;charset=utf8
[ sql ] [ SQL ] SHOW COLUMNS FROM `mc_auth_rule` [ RunTime:0.003000s ]
[ sql ] [ SQL ] SELECT * FROM `mc_auth_rule` WHERE  (  status = 1 ) ORDER BY `sort` [ RunTime:0.002000s ]
[ sql ] [ SQL ] SHOW COLUMNS FROM `mc_config` [ RunTime:0.003001s ]
[ sql ] [ SQL ] SELECT `type`,`name`,`value` FROM `mc_config` WHERE  `status` = 1 [ RunTime:0.001000s ]

---------------------------------------------------------------
[ 2018-05-02T21:48:27+08:00 ] [ sql ] [ DB ] CONNECT:[ UseTime:0.007000s ] mysql:dbname=db_mc;host=127.0.0.1;port=3306;charset=utf8
[ sql ] [ SQL ] SHOW COLUMNS FROM `mc_auth_rule` [ RunTime:0.004001s ]
[ sql ] [ SQL ] SELECT * FROM `mc_auth_rule` WHERE  (  status = 1 ) ORDER BY `sort` [ RunTime:0.003000s ]
[ sql ] [ SQL ] SHOW COLUMNS FROM `mc_config` [ RunTime:0.005000s ]
[ sql ] [ SQL ] SELECT `type`,`name`,`value` FROM `mc_config` WHERE  `status` = 1 [ RunTime:0.001000s ]
[ error ] [42S02]SQLSTATE[42S02]: Base table or view not found: 1146 Table 'db_mc.mc_article' doesn't exist

---------------------------------------------------------------
[ 2018-05-02T21:48:49+08:00 ] [ sql ] [ DB ] CONNECT:[ UseTime:0.013000s ] mysql:dbname=db_mc;host=127.0.0.1;port=3306;charset=utf8
[ sql ] [ SQL ] SHOW COLUMNS FROM `mc_auth_rule` [ RunTime:0.003001s ]
[ sql ] [ SQL ] SELECT * FROM `mc_auth_rule` WHERE  (  status = 1 ) ORDER BY `sort` [ RunTime:0.002000s ]
[ sql ] [ SQL ] SHOW COLUMNS FROM `mc_config` [ RunTime:0.003000s ]
[ sql ] [ SQL ] SELECT `type`,`name`,`value` FROM `mc_config` WHERE  `status` = 1 [ RunTime:0.001000s ]

---------------------------------------------------------------
[ 2018-05-02T21:48:49+08:00 ] [ sql ] [ DB ] CONNECT:[ UseTime:0.005000s ] mysql:dbname=db_mc;host=127.0.0.1;port=3306;charset=utf8
[ sql ] [ SQL ] SHOW COLUMNS FROM `mc_auth_rule` [ RunTime:0.003001s ]
[ sql ] [ SQL ] SELECT * FROM `mc_auth_rule` WHERE  (  status = 1 ) ORDER BY `sort` [ RunTime:0.004000s ]
[ sql ] [ SQL ] SHOW COLUMNS FROM `mc_config` [ RunTime:0.004000s ]
[ sql ] [ SQL ] SELECT `type`,`name`,`value` FROM `mc_config` WHERE  `status` = 1 [ RunTime:0.001000s ]
[ sql ] [ SQL ] SHOW COLUMNS FROM `mc_log` [ RunTime:0.009000s ]
[ sql ] [ SQL ] SELECT * FROM `mc_log` ORDER BY log_id desc LIMIT 10 [ RunTime:0.001000s ]
[ error ] [8]未定义变量: article_list

---------------------------------------------------------------
[ 2018-05-02T21:49:00+08:00 ] [ sql ] [ DB ] CONNECT:[ UseTime:0.004001s ] mysql:dbname=db_mc;host=127.0.0.1;port=3306;charset=utf8
[ sql ] [ SQL ] SHOW COLUMNS FROM `mc_auth_rule` [ RunTime:0.004000s ]
[ sql ] [ SQL ] SELECT * FROM `mc_auth_rule` WHERE  (  status = 1 ) ORDER BY `sort` [ RunTime:0.002000s ]
[ sql ] [ SQL ] SHOW COLUMNS FROM `mc_config` [ RunTime:0.003000s ]
[ sql ] [ SQL ] SELECT `type`,`name`,`value` FROM `mc_config` WHERE  `status` = 1 [ RunTime:0.001000s ]

---------------------------------------------------------------
[ 2018-05-02T21:49:00+08:00 ] [ sql ] [ DB ] CONNECT:[ UseTime:0.014000s ] mysql:dbname=db_mc;host=127.0.0.1;port=3306;charset=utf8
[ sql ] [ SQL ] SHOW COLUMNS FROM `mc_auth_rule` [ RunTime:0.003000s ]
[ sql ] [ SQL ] SELECT * FROM `mc_auth_rule` WHERE  (  status = 1 ) ORDER BY `sort` [ RunTime:0.003000s ]
[ sql ] [ SQL ] SHOW COLUMNS FROM `mc_config` [ RunTime:0.006001s ]
[ sql ] [ SQL ] SELECT `type`,`name`,`value` FROM `mc_config` WHERE  `status` = 1 [ RunTime:0.001000s ]
[ sql ] [ SQL ] SHOW COLUMNS FROM `mc_log` [ RunTime:0.010001s ]
[ sql ] [ SQL ] SELECT * FROM `mc_log` ORDER BY log_id desc LIMIT 10 [ RunTime:0.002000s ]

---------------------------------------------------------------
[ 2018-05-02T21:49:11+08:00 ] [ sql ] [ DB ] CONNECT:[ UseTime:0.004001s ] mysql:dbname=db_mc;host=127.0.0.1;port=3306;charset=utf8
[ sql ] [ SQL ] SHOW COLUMNS FROM `mc_auth_rule` [ RunTime:0.003000s ]
[ sql ] [ SQL ] SELECT * FROM `mc_auth_rule` WHERE  (  status = 1 ) ORDER BY `sort` [ RunTime:0.003000s ]
[ sql ] [ SQL ] SHOW COLUMNS FROM `mc_config` [ RunTime:0.003000s ]
[ sql ] [ SQL ] SELECT `type`,`name`,`value` FROM `mc_config` WHERE  `status` = 1 [ RunTime:0.000000s ]
[ sql ] [ SQL ] SHOW COLUMNS FROM `mc_admin` [ RunTime:0.003001s ]
[ sql ] [ SQL ] SELECT COUNT(*) AS tp_count FROM `mc_admin` LIMIT 1 [ RunTime:0.000000s ]
[ error ] [10501]SQLSTATE[42S02]: Base table or view not found: 1146 Table 'db_mc.mc_think_auth_group' doesn't exist

---------------------------------------------------------------
[ 2018-05-02T21:50:04+08:00 ] [ sql ] [ DB ] CONNECT:[ UseTime:0.004000s ] mysql:dbname=db_mc;host=127.0.0.1;port=3306;charset=utf8
[ sql ] [ SQL ] SHOW COLUMNS FROM `mc_auth_rule` [ RunTime:0.002000s ]
[ sql ] [ SQL ] SELECT * FROM `mc_auth_rule` WHERE  (  status = 1 ) ORDER BY `sort` [ RunTime:0.002000s ]
[ sql ] [ SQL ] SHOW COLUMNS FROM `mc_config` [ RunTime:0.003001s ]
[ sql ] [ SQL ] SELECT `type`,`name`,`value` FROM `mc_config` WHERE  `status` = 1 [ RunTime:0.001000s ]
[ sql ] [ SQL ] SHOW COLUMNS FROM `mc_admin` [ RunTime:0.002000s ]
[ sql ] [ SQL ] SELECT COUNT(*) AS tp_count FROM `mc_admin` LIMIT 1 [ RunTime:0.001000s ]
[ error ] [10501]SQLSTATE[42S02]: Base table or view not found: 1146 Table 'db_mc.mc_think_auth_group' doesn't exist

---------------------------------------------------------------
[ 2018-05-02T21:50:05+08:00 ] [ sql ] [ DB ] CONNECT:[ UseTime:0.005001s ] mysql:dbname=db_mc;host=127.0.0.1;port=3306;charset=utf8
[ sql ] [ SQL ] SHOW COLUMNS FROM `mc_auth_rule` [ RunTime:0.003000s ]
[ sql ] [ SQL ] SELECT * FROM `mc_auth_rule` WHERE  (  status = 1 ) ORDER BY `sort` [ RunTime:0.002000s ]
[ sql ] [ SQL ] SHOW COLUMNS FROM `mc_config` [ RunTime:0.003000s ]
[ sql ] [ SQL ] SELECT `type`,`name`,`value` FROM `mc_config` WHERE  `status` = 1 [ RunTime:0.001000s ]
[ sql ] [ SQL ] SHOW COLUMNS FROM `mc_admin` [ RunTime:0.003001s ]
[ sql ] [ SQL ] SELECT COUNT(*) AS tp_count FROM `mc_admin` LIMIT 1 [ RunTime:0.001000s ]
[ error ] [10501]SQLSTATE[42S02]: Base table or view not found: 1146 Table 'db_mc.mc_think_auth_group' doesn't exist

---------------------------------------------------------------
[ 2018-05-02T21:51:13+08:00 ] [ sql ] [ DB ] CONNECT:[ UseTime:0.005000s ] mysql:dbname=db_mc;host=127.0.0.1;port=3306;charset=utf8
[ sql ] [ SQL ] SHOW COLUMNS FROM `mc_auth_rule` [ RunTime:0.003000s ]
[ sql ] [ SQL ] SELECT * FROM `mc_auth_rule` WHERE  (  status = 1 ) ORDER BY `sort` [ RunTime:0.002000s ]
[ sql ] [ SQL ] SHOW COLUMNS FROM `mc_config` [ RunTime:0.003000s ]
[ sql ] [ SQL ] SELECT `type`,`name`,`value` FROM `mc_config` WHERE  `status` = 1 [ RunTime:0.001000s ]

---------------------------------------------------------------
[ 2018-05-02T21:51:13+08:00 ] [ sql ] [ DB ] CONNECT:[ UseTime:0.005000s ] mysql:dbname=db_mc;host=127.0.0.1;port=3306;charset=utf8
[ sql ] [ SQL ] SHOW COLUMNS FROM `mc_auth_rule` [ RunTime:0.003000s ]
[ sql ] [ SQL ] SELECT * FROM `mc_auth_rule` WHERE  (  status = 1 ) ORDER BY `sort` [ RunTime:0.003000s ]
[ sql ] [ SQL ] SHOW COLUMNS FROM `mc_config` [ RunTime:0.006001s ]
[ sql ] [ SQL ] SELECT `type`,`name`,`value` FROM `mc_config` WHERE  `status` = 1 [ RunTime:0.001000s ]
[ sql ] [ SQL ] SHOW COLUMNS FROM `mc_log` [ RunTime:0.005000s ]
[ sql ] [ SQL ] SELECT * FROM `mc_log` ORDER BY log_id desc LIMIT 10 [ RunTime:0.003000s ]

---------------------------------------------------------------
[ 2018-05-02T21:51:16+08:00 ] [ sql ] [ DB ] CONNECT:[ UseTime:0.005000s ] mysql:dbname=db_mc;host=127.0.0.1;port=3306;charset=utf8
[ sql ] [ SQL ] SHOW COLUMNS FROM `mc_auth_rule` [ RunTime:0.002000s ]
[ sql ] [ SQL ] SELECT * FROM `mc_auth_rule` WHERE  (  status = 1 ) ORDER BY `sort` [ RunTime:0.002000s ]
[ sql ] [ SQL ] SHOW COLUMNS FROM `mc_config` [ RunTime:0.004000s ]
[ sql ] [ SQL ] SELECT `type`,`name`,`value` FROM `mc_config` WHERE  `status` = 1 [ RunTime:0.001000s ]
[ sql ] [ SQL ] SHOW COLUMNS FROM `mc_admin` [ RunTime:0.002000s ]
[ sql ] [ SQL ] SELECT COUNT(*) AS tp_count FROM `mc_admin` LIMIT 1 [ RunTime:0.001000s ]
[ error ] [10501]SQLSTATE[42S02]: Base table or view not found: 1146 Table 'db_mc.mc_think_auth_group' doesn't exist

---------------------------------------------------------------
[ 2018-05-02T21:52:50+08:00 ] [ sql ] [ DB ] CONNECT:[ UseTime:0.005001s ] mysql:dbname=db_mc;host=127.0.0.1;port=3306;charset=utf8
[ sql ] [ SQL ] SHOW COLUMNS FROM `mc_auth_rule` [ RunTime:0.002000s ]
[ sql ] [ SQL ] SELECT * FROM `mc_auth_rule` WHERE  (  status = 1 ) ORDER BY `sort` [ RunTime:0.003000s ]
[ sql ] [ SQL ] SHOW COLUMNS FROM `mc_config` [ RunTime:0.003000s ]
[ sql ] [ SQL ] SELECT `type`,`name`,`value` FROM `mc_config` WHERE  `status` = 1 [ RunTime:0.001000s ]
[ sql ] [ SQL ] SHOW COLUMNS FROM `mc_admin` [ RunTime:0.002000s ]
[ sql ] [ SQL ] SELECT COUNT(*) AS tp_count FROM `mc_admin` LIMIT 1 [ RunTime:0.000000s ]
[ error ] [10501]SQLSTATE[42S02]: Base table or view not found: 1146 Table 'db_mc.mc_think_auth_group' doesn't exist

---------------------------------------------------------------
[ 2018-05-02T21:53:17+08:00 ] [ sql ] [ DB ] CONNECT:[ UseTime:0.004001s ] mysql:dbname=db_mc;host=127.0.0.1;port=3306;charset=utf8
[ sql ] [ SQL ] SHOW COLUMNS FROM `mc_auth_rule` [ RunTime:0.002000s ]
[ sql ] [ SQL ] SELECT * FROM `mc_auth_rule` WHERE  (  status = 1 ) ORDER BY `sort` [ RunTime:0.003000s ]
[ sql ] [ SQL ] SHOW COLUMNS FROM `mc_config` [ RunTime:0.003000s ]
[ sql ] [ SQL ] SELECT `type`,`name`,`value` FROM `mc_config` WHERE  `status` = 1 [ RunTime:0.001000s ]
[ sql ] [ SQL ] SHOW COLUMNS FROM `mc_admin` [ RunTime:0.003001s ]
[ sql ] [ SQL ] SELECT COUNT(*) AS tp_count FROM `mc_admin` LIMIT 1 [ RunTime:0.000000s ]
[ error ] [10501]SQLSTATE[42S02]: Base table or view not found: 1146 Table 'db_mc.mc_think_auth_group' doesn't exist

---------------------------------------------------------------
[ 2018-05-02T21:53:19+08:00 ] [ sql ] [ DB ] CONNECT:[ UseTime:0.004000s ] mysql:dbname=db_mc;host=127.0.0.1;port=3306;charset=utf8
[ sql ] [ SQL ] SHOW COLUMNS FROM `mc_auth_rule` [ RunTime:0.003000s ]
[ sql ] [ SQL ] SELECT * FROM `mc_auth_rule` WHERE  (  status = 1 ) ORDER BY `sort` [ RunTime:0.003001s ]
[ sql ] [ SQL ] SHOW COLUMNS FROM `mc_config` [ RunTime:0.003001s ]
[ sql ] [ SQL ] SELECT `type`,`name`,`value` FROM `mc_config` WHERE  `status` = 1 [ RunTime:0.001000s ]
[ sql ] [ SQL ] SHOW COLUMNS FROM `mc_admin` [ RunTime:0.003000s ]
[ sql ] [ SQL ] SELECT COUNT(*) AS tp_count FROM `mc_admin` LIMIT 1 [ RunTime:0.001000s ]
[ error ] [10501]SQLSTATE[42S02]: Base table or view not found: 1146 Table 'db_mc.mc_think_auth_group' doesn't exist

---------------------------------------------------------------
[ 2018-05-02T21:53:54+08:00 ] [ sql ] [ DB ] CONNECT:[ UseTime:0.004000s ] mysql:dbname=db_mc;host=127.0.0.1;port=3306;charset=utf8
[ sql ] [ SQL ] SHOW COLUMNS FROM `mc_auth_rule` [ RunTime:0.003001s ]
[ sql ] [ SQL ] SELECT * FROM `mc_auth_rule` WHERE  (  status = 1 ) ORDER BY `sort` [ RunTime:0.003000s ]
[ sql ] [ SQL ] SHOW COLUMNS FROM `mc_config` [ RunTime:0.002001s ]
[ sql ] [ SQL ] SELECT `type`,`name`,`value` FROM `mc_config` WHERE  `status` = 1 [ RunTime:0.001000s ]
[ sql ] [ SQL ] SHOW COLUMNS FROM `mc_admin` [ RunTime:0.003000s ]
[ sql ] [ SQL ] SELECT COUNT(*) AS tp_count FROM `mc_admin` LIMIT 1 [ RunTime:0.001000s ]
[ error ] [10501]SQLSTATE[42S02]: Base table or view not found: 1146 Table 'db_mc.mc_think_auth_group' doesn't exist

---------------------------------------------------------------
[ 2018-05-02T21:53:56+08:00 ] [ sql ] [ DB ] CONNECT:[ UseTime:0.004000s ] mysql:dbname=db_mc;host=127.0.0.1;port=3306;charset=utf8
[ sql ] [ SQL ] SHOW COLUMNS FROM `mc_auth_rule` [ RunTime:0.003000s ]
[ sql ] [ SQL ] SELECT * FROM `mc_auth_rule` WHERE  (  status = 1 ) ORDER BY `sort` [ RunTime:0.002000s ]
[ sql ] [ SQL ] SHOW COLUMNS FROM `mc_config` [ RunTime:0.002000s ]
[ sql ] [ SQL ] SELECT `type`,`name`,`value` FROM `mc_config` WHERE  `status` = 1 [ RunTime:0.001000s ]
[ sql ] [ SQL ] SHOW COLUMNS FROM `mc_admin` [ RunTime:0.002001s ]
[ sql ] [ SQL ] SELECT COUNT(*) AS tp_count FROM `mc_admin` LIMIT 1 [ RunTime:0.001000s ]
[ error ] [10501]SQLSTATE[42S02]: Base table or view not found: 1146 Table 'db_mc.mc_think_auth_group' doesn't exist

---------------------------------------------------------------
[ 2018-05-02T21:54:28+08:00 ] [ sql ] [ DB ] CONNECT:[ UseTime:0.006001s ] mysql:dbname=db_mc;host=127.0.0.1;port=3306;charset=utf8
[ sql ] [ SQL ] SHOW COLUMNS FROM `mc_auth_rule` [ RunTime:0.002000s ]
[ sql ] [ SQL ] SELECT * FROM `mc_auth_rule` WHERE  (  status = 1 ) ORDER BY `sort` [ RunTime:0.003000s ]
[ sql ] [ SQL ] SHOW COLUMNS FROM `mc_config` [ RunTime:0.002000s ]
[ sql ] [ SQL ] SELECT `type`,`name`,`value` FROM `mc_config` WHERE  `status` = 1 [ RunTime:0.001000s ]
[ sql ] [ SQL ] SHOW COLUMNS FROM `mc_admin` [ RunTime:0.003000s ]
[ sql ] [ SQL ] SELECT COUNT(*) AS tp_count FROM `mc_admin` LIMIT 1 [ RunTime:0.001000s ]
[ error ] [10501]SQLSTATE[42S02]: Base table or view not found: 1146 Table 'db_mc.mc_think_auth_group' doesn't exist

---------------------------------------------------------------
[ 2018-05-02T21:55:11+08:00 ] [ sql ] [ DB ] CONNECT:[ UseTime:0.004001s ] mysql:dbname=db_mc;host=127.0.0.1;port=3306;charset=utf8
[ sql ] [ SQL ] SHOW COLUMNS FROM `mc_auth_rule` [ RunTime:0.002000s ]
[ sql ] [ SQL ] SELECT * FROM `mc_auth_rule` WHERE  (  status = 1 ) ORDER BY `sort` [ RunTime:0.002000s ]
[ sql ] [ SQL ] SHOW COLUMNS FROM `mc_config` [ RunTime:0.002000s ]
[ sql ] [ SQL ] SELECT `type`,`name`,`value` FROM `mc_config` WHERE  `status` = 1 [ RunTime:0.001000s ]
[ sql ] [ SQL ] SHOW COLUMNS FROM `mc_admin` [ RunTime:0.003000s ]
[ sql ] [ SQL ] SELECT COUNT(*) AS tp_count FROM `mc_admin` LIMIT 1 [ RunTime:0.000000s ]
[ error ] [10501]SQLSTATE[42S02]: Base table or view not found: 1146 Table 'db_mc.mc_think_auth_group' doesn't exist

---------------------------------------------------------------
[ 2018-05-02T21:55:12+08:00 ] [ sql ] [ DB ] CONNECT:[ UseTime:0.012000s ] mysql:dbname=db_mc;host=127.0.0.1;port=3306;charset=utf8
[ sql ] [ SQL ] SHOW COLUMNS FROM `mc_auth_rule` [ RunTime:0.002001s ]
[ sql ] [ SQL ] SELECT * FROM `mc_auth_rule` WHERE  (  status = 1 ) ORDER BY `sort` [ RunTime:0.002000s ]
[ sql ] [ SQL ] SHOW COLUMNS FROM `mc_config` [ RunTime:0.002000s ]
[ sql ] [ SQL ] SELECT `type`,`name`,`value` FROM `mc_config` WHERE  `status` = 1 [ RunTime:0.001000s ]
[ sql ] [ SQL ] SHOW COLUMNS FROM `mc_admin` [ RunTime:0.003000s ]
[ sql ] [ SQL ] SELECT COUNT(*) AS tp_count FROM `mc_admin` LIMIT 1 [ RunTime:0.000000s ]
[ error ] [10501]SQLSTATE[42S02]: Base table or view not found: 1146 Table 'db_mc.mc_think_auth_group' doesn't exist

---------------------------------------------------------------
[ 2018-05-02T21:55:12+08:00 ] [ sql ] [ DB ] CONNECT:[ UseTime:0.005000s ] mysql:dbname=db_mc;host=127.0.0.1;port=3306;charset=utf8
[ sql ] [ SQL ] SHOW COLUMNS FROM `mc_auth_rule` [ RunTime:0.002001s ]
[ sql ] [ SQL ] SELECT * FROM `mc_auth_rule` WHERE  (  status = 1 ) ORDER BY `sort` [ RunTime:0.002000s ]
[ sql ] [ SQL ] SHOW COLUMNS FROM `mc_config` [ RunTime:0.002000s ]
[ sql ] [ SQL ] SELECT `type`,`name`,`value` FROM `mc_config` WHERE  `status` = 1 [ RunTime:0.001000s ]
[ sql ] [ SQL ] SHOW COLUMNS FROM `mc_admin` [ RunTime:0.003000s ]
[ sql ] [ SQL ] SELECT COUNT(*) AS tp_count FROM `mc_admin` LIMIT 1 [ RunTime:0.000000s ]
[ error ] [10501]SQLSTATE[42S02]: Base table or view not found: 1146 Table 'db_mc.mc_think_auth_group' doesn't exist

---------------------------------------------------------------
[ 2018-05-02T21:55:12+08:00 ] [ sql ] [ DB ] CONNECT:[ UseTime:0.004000s ] mysql:dbname=db_mc;host=127.0.0.1;port=3306;charset=utf8
[ sql ] [ SQL ] SHOW COLUMNS FROM `mc_auth_rule` [ RunTime:0.002000s ]
[ sql ] [ SQL ] SELECT * FROM `mc_auth_rule` WHERE  (  status = 1 ) ORDER BY `sort` [ RunTime:0.002000s ]
[ sql ] [ SQL ] SHOW COLUMNS FROM `mc_config` [ RunTime:0.003000s ]
[ sql ] [ SQL ] SELECT `type`,`name`,`value` FROM `mc_config` WHERE  `status` = 1 [ RunTime:0.000000s ]
[ sql ] [ SQL ] SHOW COLUMNS FROM `mc_admin` [ RunTime:0.003000s ]
[ sql ] [ SQL ] SELECT COUNT(*) AS tp_count FROM `mc_admin` LIMIT 1 [ RunTime:0.000000s ]
[ error ] [10501]SQLSTATE[42S02]: Base table or view not found: 1146 Table 'db_mc.mc_think_auth_group' doesn't exist

---------------------------------------------------------------
[ 2018-05-02T21:55:13+08:00 ] [ sql ] [ DB ] CONNECT:[ UseTime:0.004000s ] mysql:dbname=db_mc;host=127.0.0.1;port=3306;charset=utf8
[ sql ] [ SQL ] SHOW COLUMNS FROM `mc_auth_rule` [ RunTime:0.002001s ]
[ sql ] [ SQL ] SELECT * FROM `mc_auth_rule` WHERE  (  status = 1 ) ORDER BY `sort` [ RunTime:0.003000s ]
[ sql ] [ SQL ] SHOW COLUMNS FROM `mc_config` [ RunTime:0.003000s ]
[ sql ] [ SQL ] SELECT `type`,`name`,`value` FROM `mc_config` WHERE  `status` = 1 [ RunTime:0.000000s ]
[ sql ] [ SQL ] SHOW COLUMNS FROM `mc_admin` [ RunTime:0.002000s ]
[ sql ] [ SQL ] SELECT COUNT(*) AS tp_count FROM `mc_admin` LIMIT 1 [ RunTime:0.000000s ]
[ error ] [10501]SQLSTATE[42S02]: Base table or view not found: 1146 Table 'db_mc.mc_think_auth_group' doesn't exist

---------------------------------------------------------------
[ 2018-05-02T21:55:14+08:00 ] [ sql ] [ DB ] CONNECT:[ UseTime:0.004001s ] mysql:dbname=db_mc;host=127.0.0.1;port=3306;charset=utf8
[ sql ] [ SQL ] SHOW COLUMNS FROM `mc_auth_rule` [ RunTime:0.002000s ]
[ sql ] [ SQL ] SELECT * FROM `mc_auth_rule` WHERE  (  status = 1 ) ORDER BY `sort` [ RunTime:0.002000s ]
[ sql ] [ SQL ] SHOW COLUMNS FROM `mc_config` [ RunTime:0.002000s ]
[ sql ] [ SQL ] SELECT `type`,`name`,`value` FROM `mc_config` WHERE  `status` = 1 [ RunTime:0.001000s ]
[ sql ] [ SQL ] SHOW COLUMNS FROM `mc_admin` [ RunTime:0.002000s ]
[ sql ] [ SQL ] SELECT COUNT(*) AS tp_count FROM `mc_admin` LIMIT 1 [ RunTime:0.001000s ]
[ error ] [10501]SQLSTATE[42S02]: Base table or view not found: 1146 Table 'db_mc.mc_think_auth_group' doesn't exist

---------------------------------------------------------------
[ 2018-05-02T22:00:06+08:00 ] [ sql ] [ DB ] CONNECT:[ UseTime:0.013001s ] mysql:dbname=db_mc;host=127.0.0.1;port=3306;charset=utf8
[ sql ] [ SQL ] SHOW COLUMNS FROM `mc_auth_rule` [ RunTime:0.002000s ]
[ sql ] [ SQL ] SELECT * FROM `mc_auth_rule` WHERE  (  status = 1 ) ORDER BY `sort` [ RunTime:0.002000s ]
[ sql ] [ SQL ] SHOW COLUMNS FROM `mc_config` [ RunTime:0.002001s ]
[ sql ] [ SQL ] SELECT `type`,`name`,`value` FROM `mc_config` WHERE  `status` = 1 [ RunTime:0.001000s ]

---------------------------------------------------------------
[ 2018-05-02T22:00:06+08:00 ] [ sql ] [ DB ] CONNECT:[ UseTime:0.006001s ] mysql:dbname=db_mc;host=127.0.0.1;port=3306;charset=utf8
[ sql ] [ SQL ] SHOW COLUMNS FROM `mc_auth_rule` [ RunTime:0.003000s ]
[ sql ] [ SQL ] SELECT * FROM `mc_auth_rule` WHERE  (  status = 1 ) ORDER BY `sort` [ RunTime:0.003000s ]
[ sql ] [ SQL ] SHOW COLUMNS FROM `mc_config` [ RunTime:0.003000s ]
[ sql ] [ SQL ] SELECT `type`,`name`,`value` FROM `mc_config` WHERE  `status` = 1 [ RunTime:0.002001s ]
[ sql ] [ SQL ] SHOW COLUMNS FROM `mc_log` [ RunTime:0.003000s ]
[ sql ] [ SQL ] SELECT * FROM `mc_log` ORDER BY log_id desc LIMIT 10 [ RunTime:0.001000s ]

---------------------------------------------------------------
[ 2018-05-02T22:00:08+08:00 ] [ sql ] [ DB ] CONNECT:[ UseTime:0.012000s ] mysql:dbname=db_mc;host=127.0.0.1;port=3306;charset=utf8
[ sql ] [ SQL ] SHOW COLUMNS FROM `mc_auth_rule` [ RunTime:0.002000s ]
[ sql ] [ SQL ] SELECT * FROM `mc_auth_rule` WHERE  (  status = 1 ) ORDER BY `sort` [ RunTime:0.003000s ]
[ sql ] [ SQL ] SHOW COLUMNS FROM `mc_config` [ RunTime:0.002000s ]
[ sql ] [ SQL ] SELECT `type`,`name`,`value` FROM `mc_config` WHERE  `status` = 1 [ RunTime:0.001000s ]
[ sql ] [ SQL ] SHOW COLUMNS FROM `mc_admin` [ RunTime:0.003000s ]
[ sql ] [ SQL ] SELECT COUNT(*) AS tp_count FROM `mc_admin` LIMIT 1 [ RunTime:0.001000s ]
[ error ] [10501]SQLSTATE[42S02]: Base table or view not found: 1051 Unknown table 'admin'

---------------------------------------------------------------
[ 2018-05-02T22:00:47+08:00 ] [ sql ] [ DB ] CONNECT:[ UseTime:0.005000s ] mysql:dbname=db_mc;host=127.0.0.1;port=3306;charset=utf8
[ sql ] [ SQL ] SHOW COLUMNS FROM `mc_auth_rule` [ RunTime:0.002000s ]
[ sql ] [ SQL ] SELECT * FROM `mc_auth_rule` WHERE  (  status = 1 ) ORDER BY `sort` [ RunTime:0.002001s ]
[ sql ] [ SQL ] SHOW COLUMNS FROM `mc_config` [ RunTime:0.002001s ]
[ sql ] [ SQL ] SELECT `type`,`name`,`value` FROM `mc_config` WHERE  `status` = 1 [ RunTime:0.001000s ]
[ sql ] [ SQL ] SHOW COLUMNS FROM `mc_admin` [ RunTime:0.002000s ]
[ sql ] [ SQL ] SELECT COUNT(*) AS tp_count FROM `mc_admin` LIMIT 1 [ RunTime:0.001000s ]
[ sql ] [ SQL ] SELECT `mc_admin`.*,`title` FROM `mc_admin` INNER JOIN `mc_auth_group` `mc_auth_group` ON `mc_admin`.`groupid`=`mc_auth_group`.`id` ORDER BY id desc LIMIT 0,10 [ RunTime:0.002000s ]

---------------------------------------------------------------
[ 2018-05-02T22:00:47+08:00 ] [ sql ] [ DB ] CONNECT:[ UseTime:0.006000s ] mysql:dbname=db_mc;host=127.0.0.1;port=3306;charset=utf8
[ sql ] [ SQL ] SHOW COLUMNS FROM `mc_auth_rule` [ RunTime:0.002000s ]
[ sql ] [ SQL ] SELECT * FROM `mc_auth_rule` WHERE  (  status = 1 ) ORDER BY `sort` [ RunTime:0.002000s ]
[ sql ] [ SQL ] SHOW COLUMNS FROM `mc_config` [ RunTime:0.002000s ]
[ sql ] [ SQL ] SELECT `type`,`name`,`value` FROM `mc_config` WHERE  `status` = 1 [ RunTime:0.004000s ]
[ sql ] [ SQL ] SHOW COLUMNS FROM `mc_admin` [ RunTime:0.002000s ]
[ sql ] [ SQL ] SELECT COUNT(*) AS tp_count FROM `mc_admin` LIMIT 1 [ RunTime:0.001000s ]
[ sql ] [ SQL ] SELECT `mc_admin`.*,`title` FROM `mc_admin` INNER JOIN `mc_auth_group` `mc_auth_group` ON `mc_admin`.`groupid`=`mc_auth_group`.`id` ORDER BY id desc LIMIT 0,10 [ RunTime:0.002001s ]

---------------------------------------------------------------
[ 2018-05-02T22:00:58+08:00 ] [ sql ] [ DB ] CONNECT:[ UseTime:0.006000s ] mysql:dbname=db_mc;host=127.0.0.1;port=3306;charset=utf8
[ sql ] [ SQL ] SHOW COLUMNS FROM `mc_auth_rule` [ RunTime:0.003000s ]
[ sql ] [ SQL ] SELECT * FROM `mc_auth_rule` WHERE  (  status = 1 ) ORDER BY `sort` [ RunTime:0.003001s ]
[ sql ] [ SQL ] SHOW COLUMNS FROM `mc_config` [ RunTime:0.001000s ]
[ sql ] [ SQL ] SELECT `type`,`name`,`value` FROM `mc_config` WHERE  `status` = 1 [ RunTime:0.001000s ]
[ sql ] [ SQL ] SHOW COLUMNS FROM `mc_auth_group` [ RunTime:0.004000s ]
[ sql ] [ SQL ] SELECT * FROM `mc_auth_group` WHERE  `id` <> 1 [ RunTime:0.002001s ]

---------------------------------------------------------------
[ 2018-05-02T22:01:08+08:00 ] [ sql ] [ DB ] CONNECT:[ UseTime:0.010000s ] mysql:dbname=db_mc;host=127.0.0.1;port=3306;charset=utf8
[ sql ] [ SQL ] SHOW COLUMNS FROM `mc_auth_rule` [ RunTime:0.000000s ]
[ sql ] [ SQL ] SELECT * FROM `mc_auth_rule` WHERE  (  status = 1 ) ORDER BY `sort` [ RunTime:0.000000s ]
[ sql ] [ SQL ] SHOW COLUMNS FROM `mc_config` [ RunTime:0.000000s ]
[ sql ] [ SQL ] SELECT `type`,`name`,`value` FROM `mc_config` WHERE  `status` = 1 [ RunTime:0.000000s ]

---------------------------------------------------------------
