[ 2018-05-11T09:53:01+08:00 ] [ sql ] [ DB ] CONNECT:[ UseTime:0.013000s ] mysql:dbname=db_mc;host=127.0.0.1;port=3306;charset=utf8
[ sql ] [ SQL ] SHOW COLUMNS FROM `mc_admin` [ RunTime:0.010000s ]
[ sql ] [ SQL ] SELECT * FROM `mc_admin` WHERE  `username` = 'admins' LIMIT 1 [ RunTime:0.000000s ]
[ sql ] [ SQL ] SHOW COLUMNS FROM `mc_auth_group` [ RunTime:0.000000s ]
[ sql ] [ SQL ] SELECT * FROM `mc_auth_group` WHERE  `id` = 1 LIMIT 1 [ RunTime:0.000000s ]
[ sql ] [ SQL ] SHOW COLUMNS FROM `mc_auth_rule` [ RunTime:0.000000s ]
[ sql ] [ SQL ] SELECT `name` FROM `mc_auth_rule` [ RunTime:0.000000s ]
[ sql ] [ SQL ] UPDATE `mc_admin`  SET `loginnum`=278,`last_login_ip`='127.0.0.1',`last_login_time`=1526003581  WHERE  `id` = 1 [ RunTime:0.000000s ]
[ sql ] [ SQL ] SHOW COLUMNS FROM `mc_log` [ RunTime:0.010000s ]
[ sql ] [ SQL ] INSERT INTO `mc_log` (`admin_id` , `admin_name` , `description` , `status` , `ip` , `add_time`) VALUES (1 , 'admins' , '用户【admins】登录成功' , 1 , '127.0.0.1' , 1526003581) [ RunTime:0.000000s ]

---------------------------------------------------------------
[ 2018-05-11T09:53:03+08:00 ] [ sql ] [ DB ] CONNECT:[ UseTime:0.001000s ] mysql:dbname=db_mc;host=127.0.0.1;port=3306;charset=utf8
[ sql ] [ SQL ] SHOW COLUMNS FROM `mc_auth_rule` [ RunTime:0.002000s ]
[ sql ] [ SQL ] SELECT * FROM `mc_auth_rule` WHERE  (  status = 1 ) ORDER BY `sort` [ RunTime:0.001000s ]

---------------------------------------------------------------
[ 2018-05-11T09:53:03+08:00 ] [ sql ] [ DB ] CONNECT:[ UseTime:0.011000s ] mysql:dbname=db_mc;host=127.0.0.1;port=3306;charset=utf8
[ sql ] [ SQL ] SHOW COLUMNS FROM `mc_auth_rule` [ RunTime:0.001000s ]
[ sql ] [ SQL ] SELECT * FROM `mc_auth_rule` WHERE  (  status = 1 ) ORDER BY `sort` [ RunTime:0.000000s ]
[ sql ] [ SQL ] SHOW COLUMNS FROM `mc_log` [ RunTime:0.005000s ]
[ sql ] [ SQL ] SELECT * FROM `mc_log` ORDER BY log_id desc LIMIT 10 [ RunTime:0.001000s ]

---------------------------------------------------------------
[ 2018-05-11T09:53:31+08:00 ] [ sql ] [ DB ] CONNECT:[ UseTime:0.001000s ] mysql:dbname=db_mc;host=127.0.0.1;port=3306;charset=utf8
[ sql ] [ SQL ] SHOW COLUMNS FROM `mc_auth_rule` [ RunTime:0.002000s ]
[ sql ] [ SQL ] SELECT * FROM `mc_auth_rule` WHERE  (  status = 1 ) ORDER BY `sort` [ RunTime:0.001000s ]
[ sql ] [ SQL ] SHOW COLUMNS FROM `mc_area` [ RunTime:0.003000s ]
[ sql ] [ SQL ] SELECT * FROM `mc_area` WHERE  `provinceCode` = '0'  AND `cityCode` = '0'  AND `areaCode` = '0' ORDER BY code ASC [ RunTime:0.002000s ]

---------------------------------------------------------------
[ 2018-05-11T09:53:32+08:00 ] [ sql ] [ DB ] CONNECT:[ UseTime:0.002000s ] mysql:dbname=db_mc;host=127.0.0.1;port=3306;charset=utf8
[ sql ] [ SQL ] SHOW COLUMNS FROM `mc_auth_rule` [ RunTime:0.000000s ]
[ sql ] [ SQL ] SELECT * FROM `mc_auth_rule` WHERE  (  status = 1 ) ORDER BY `sort` [ RunTime:0.000000s ]

---------------------------------------------------------------
[ 2018-05-11T09:56:12+08:00 ] [ sql ] [ DB ] CONNECT:[ UseTime:0.011000s ] mysql:dbname=db_mc;host=127.0.0.1;port=3306;charset=utf8
[ sql ] [ SQL ] SHOW COLUMNS FROM `mc_auth_rule` [ RunTime:0.001000s ]
[ sql ] [ SQL ] SELECT * FROM `mc_auth_rule` WHERE  (  status = 1 ) ORDER BY `sort` [ RunTime:0.001000s ]
[ sql ] [ SQL ] SHOW COLUMNS FROM `mc_area` [ RunTime:0.001000s ]
[ sql ] [ SQL ] SELECT `code`,`name` FROM `mc_area` WHERE  `provinceCode` = '0' [ RunTime:0.001000s ]
[ error ] [2]Illegal string offset 'code'

---------------------------------------------------------------
[ 2018-05-11T09:56:32+08:00 ] [ sql ] [ DB ] CONNECT:[ UseTime:0.001000s ] mysql:dbname=db_mc;host=127.0.0.1;port=3306;charset=utf8
[ sql ] [ SQL ] SHOW COLUMNS FROM `mc_auth_rule` [ RunTime:0.000000s ]
[ sql ] [ SQL ] SELECT * FROM `mc_auth_rule` WHERE  (  status = 1 ) ORDER BY `sort` [ RunTime:0.000000s ]
[ sql ] [ SQL ] SHOW COLUMNS FROM `mc_area` [ RunTime:0.001000s ]
[ sql ] [ SQL ] SELECT `code`,`name` FROM `mc_area` WHERE  `provinceCode` = '0' [ RunTime:0.001000s ]

---------------------------------------------------------------
[ 2018-05-11T10:04:50+08:00 ] [ sql ] [ DB ] CONNECT:[ UseTime:0.010000s ] mysql:dbname=db_mc;host=127.0.0.1;port=3306;charset=utf8
[ sql ] [ SQL ] SHOW COLUMNS FROM `mc_auth_rule` [ RunTime:0.001000s ]
[ sql ] [ SQL ] SELECT * FROM `mc_auth_rule` WHERE  (  status = 1 ) ORDER BY `sort` [ RunTime:0.001000s ]
[ sql ] [ SQL ] SHOW COLUMNS FROM `mc_area` [ RunTime:0.000000s ]
[ sql ] [ SQL ] SELECT `code`,`name` FROM `mc_area` WHERE  `provinceCode` = '0' [ RunTime:0.000000s ]

---------------------------------------------------------------
[ 2018-05-11T10:05:46+08:00 ] [ sql ] [ DB ] CONNECT:[ UseTime:0.010000s ] mysql:dbname=db_mc;host=127.0.0.1;port=3306;charset=utf8
[ sql ] [ SQL ] SHOW COLUMNS FROM `mc_auth_rule` [ RunTime:0.001000s ]
[ sql ] [ SQL ] SELECT * FROM `mc_auth_rule` WHERE  (  status = 1 ) ORDER BY `sort` [ RunTime:0.000000s ]
[ sql ] [ SQL ] SHOW COLUMNS FROM `mc_area` [ RunTime:0.001000s ]
[ sql ] [ SQL ] SELECT `code`,`name` FROM `mc_area` WHERE  `provinceCode` = '0' [ RunTime:0.001000s ]

---------------------------------------------------------------
[ 2018-05-11T10:06:19+08:00 ] [ sql ] [ DB ] CONNECT:[ UseTime:0.010000s ] mysql:dbname=db_mc;host=127.0.0.1;port=3306;charset=utf8
[ sql ] [ SQL ] SHOW COLUMNS FROM `mc_auth_rule` [ RunTime:0.000000s ]
[ sql ] [ SQL ] SELECT * FROM `mc_auth_rule` WHERE  (  status = 1 ) ORDER BY `sort` [ RunTime:0.000000s ]
[ sql ] [ SQL ] SHOW COLUMNS FROM `mc_area` [ RunTime:0.001000s ]
[ sql ] [ SQL ] SELECT `code`,`name` FROM `mc_area` WHERE  `provinceCode` = '0' [ RunTime:0.000000s ]

---------------------------------------------------------------
[ 2018-05-11T10:06:26+08:00 ] [ sql ] [ DB ] CONNECT:[ UseTime:0.010000s ] mysql:dbname=db_mc;host=127.0.0.1;port=3306;charset=utf8
[ sql ] [ SQL ] SHOW COLUMNS FROM `mc_auth_rule` [ RunTime:0.001000s ]
[ sql ] [ SQL ] SELECT * FROM `mc_auth_rule` WHERE  (  status = 1 ) ORDER BY `sort` [ RunTime:0.000000s ]

---------------------------------------------------------------
[ 2018-05-11T10:06:26+08:00 ] [ sql ] [ DB ] CONNECT:[ UseTime:0.004000s ] mysql:dbname=db_mc;host=127.0.0.1;port=3306;charset=utf8
[ sql ] [ SQL ] SHOW COLUMNS FROM `mc_auth_rule` [ RunTime:0.001000s ]
[ sql ] [ SQL ] SELECT * FROM `mc_auth_rule` WHERE  (  status = 1 ) ORDER BY `sort` [ RunTime:0.001000s ]
[ sql ] [ SQL ] SHOW COLUMNS FROM `mc_log` [ RunTime:0.001000s ]
[ sql ] [ SQL ] SELECT * FROM `mc_log` ORDER BY log_id desc LIMIT 10 [ RunTime:0.001000s ]

---------------------------------------------------------------
[ 2018-05-11T10:06:30+08:00 ] [ sql ] [ DB ] CONNECT:[ UseTime:0.010000s ] mysql:dbname=db_mc;host=127.0.0.1;port=3306;charset=utf8
[ sql ] [ SQL ] SHOW COLUMNS FROM `mc_auth_rule` [ RunTime:0.001000s ]
[ sql ] [ SQL ] SELECT * FROM `mc_auth_rule` WHERE  (  status = 1 ) ORDER BY `sort` [ RunTime:0.000000s ]
[ sql ] [ SQL ] SHOW COLUMNS FROM `mc_area` [ RunTime:0.001000s ]
[ sql ] [ SQL ] SELECT * FROM `mc_area` WHERE  `provinceCode` = '0'  AND `cityCode` = '0'  AND `areaCode` = '0' ORDER BY code ASC [ RunTime:0.001000s ]

---------------------------------------------------------------
[ 2018-05-11T10:06:31+08:00 ] [ sql ] [ DB ] CONNECT:[ UseTime:0.002000s ] mysql:dbname=db_mc;host=127.0.0.1;port=3306;charset=utf8
[ sql ] [ SQL ] SHOW COLUMNS FROM `mc_auth_rule` [ RunTime:0.002000s ]
[ sql ] [ SQL ] SELECT * FROM `mc_auth_rule` WHERE  (  status = 1 ) ORDER BY `sort` [ RunTime:0.001000s ]
[ sql ] [ SQL ] SHOW COLUMNS FROM `mc_area` [ RunTime:0.001000s ]
[ sql ] [ SQL ] SELECT `code`,`name` FROM `mc_area` WHERE  `provinceCode` = '0' [ RunTime:0.001000s ]

---------------------------------------------------------------
[ 2018-05-11T10:07:15+08:00 ] [ sql ] [ DB ] CONNECT:[ UseTime:0.010000s ] mysql:dbname=db_mc;host=127.0.0.1;port=3306;charset=utf8
[ sql ] [ SQL ] SHOW COLUMNS FROM `mc_auth_rule` [ RunTime:0.001000s ]
[ sql ] [ SQL ] SELECT * FROM `mc_auth_rule` WHERE  (  status = 1 ) ORDER BY `sort` [ RunTime:0.000000s ]
[ sql ] [ SQL ] SHOW COLUMNS FROM `mc_area` [ RunTime:0.001000s ]
[ sql ] [ SQL ] SELECT `code`,`name` FROM `mc_area` WHERE  `provinceCode` = '0' [ RunTime:0.000000s ]

---------------------------------------------------------------
[ 2018-05-11T10:07:17+08:00 ] [ sql ] [ DB ] CONNECT:[ UseTime:0.001000s ] mysql:dbname=db_mc;host=127.0.0.1;port=3306;charset=utf8
[ sql ] [ SQL ] SHOW COLUMNS FROM `mc_auth_rule` [ RunTime:0.001000s ]
[ sql ] [ SQL ] SELECT * FROM `mc_auth_rule` WHERE  (  status = 1 ) ORDER BY `sort` [ RunTime:0.001000s ]
[ sql ] [ SQL ] SHOW COLUMNS FROM `mc_area` [ RunTime:0.000000s ]
[ sql ] [ SQL ] SELECT `code`,`name` FROM `mc_area` WHERE  `provinceCode` = '11' [ RunTime:0.002000s ]

---------------------------------------------------------------
[ 2018-05-11T10:09:46+08:00 ] [ sql ] [ DB ] CONNECT:[ UseTime:0.010000s ] mysql:dbname=db_mc;host=127.0.0.1;port=3306;charset=utf8
[ sql ] [ SQL ] SHOW COLUMNS FROM `mc_auth_rule` [ RunTime:0.000000s ]
[ sql ] [ SQL ] SELECT * FROM `mc_auth_rule` WHERE  (  status = 1 ) ORDER BY `sort` [ RunTime:0.000000s ]
[ sql ] [ SQL ] SHOW COLUMNS FROM `mc_area` [ RunTime:0.001000s ]
[ sql ] [ SQL ] SELECT `code`,`name` FROM `mc_area` WHERE  `provinceCode` = '0' [ RunTime:0.000000s ]

---------------------------------------------------------------
[ 2018-05-11T10:09:47+08:00 ] [ sql ] [ DB ] CONNECT:[ UseTime:0.002000s ] mysql:dbname=db_mc;host=127.0.0.1;port=3306;charset=utf8
[ sql ] [ SQL ] SHOW COLUMNS FROM `mc_auth_rule` [ RunTime:0.001000s ]
[ sql ] [ SQL ] SELECT * FROM `mc_auth_rule` WHERE  (  status = 1 ) ORDER BY `sort` [ RunTime:0.001000s ]
[ sql ] [ SQL ] SHOW COLUMNS FROM `mc_area` [ RunTime:0.001000s ]
[ sql ] [ SQL ] SELECT `code`,`name` FROM `mc_area` WHERE  `provinceCode` = '11' [ RunTime:0.001000s ]

---------------------------------------------------------------
[ 2018-05-11T10:10:20+08:00 ] [ sql ] [ DB ] CONNECT:[ UseTime:0.010000s ] mysql:dbname=db_mc;host=127.0.0.1;port=3306;charset=utf8
[ sql ] [ SQL ] SHOW COLUMNS FROM `mc_auth_rule` [ RunTime:0.001000s ]
[ sql ] [ SQL ] SELECT * FROM `mc_auth_rule` WHERE  (  status = 1 ) ORDER BY `sort` [ RunTime:0.000000s ]
[ sql ] [ SQL ] SHOW COLUMNS FROM `mc_area` [ RunTime:0.001000s ]
[ sql ] [ SQL ] SELECT `code`,`name` FROM `mc_area` WHERE  `provinceCode` = '0' [ RunTime:0.000000s ]

---------------------------------------------------------------
[ 2018-05-11T10:10:22+08:00 ] [ sql ] [ DB ] CONNECT:[ UseTime:0.001000s ] mysql:dbname=db_mc;host=127.0.0.1;port=3306;charset=utf8
[ sql ] [ SQL ] SHOW COLUMNS FROM `mc_auth_rule` [ RunTime:0.000000s ]
[ sql ] [ SQL ] SELECT * FROM `mc_auth_rule` WHERE  (  status = 1 ) ORDER BY `sort` [ RunTime:0.000000s ]
[ sql ] [ SQL ] SHOW COLUMNS FROM `mc_area` [ RunTime:0.001000s ]
[ sql ] [ SQL ] SELECT `code`,`name` FROM `mc_area` WHERE  `provinceCode` = '11' [ RunTime:0.002000s ]

---------------------------------------------------------------
[ 2018-05-11T10:10:34+08:00 ] [ sql ] [ DB ] CONNECT:[ UseTime:0.010000s ] mysql:dbname=db_mc;host=127.0.0.1;port=3306;charset=utf8
[ sql ] [ SQL ] SHOW COLUMNS FROM `mc_auth_rule` [ RunTime:0.001000s ]
[ sql ] [ SQL ] SELECT * FROM `mc_auth_rule` WHERE  (  status = 1 ) ORDER BY `sort` [ RunTime:0.001000s ]
[ sql ] [ SQL ] SHOW COLUMNS FROM `mc_area` [ RunTime:0.000000s ]
[ sql ] [ SQL ] SELECT `code`,`name` FROM `mc_area` WHERE  `provinceCode` = '0' [ RunTime:0.000000s ]

---------------------------------------------------------------
[ 2018-05-11T10:10:35+08:00 ] [ sql ] [ DB ] CONNECT:[ UseTime:0.001000s ] mysql:dbname=db_mc;host=127.0.0.1;port=3306;charset=utf8
[ sql ] [ SQL ] SHOW COLUMNS FROM `mc_auth_rule` [ RunTime:0.000000s ]
[ sql ] [ SQL ] SELECT * FROM `mc_auth_rule` WHERE  (  status = 1 ) ORDER BY `sort` [ RunTime:0.000000s ]
[ sql ] [ SQL ] SHOW COLUMNS FROM `mc_area` [ RunTime:0.000000s ]
[ sql ] [ SQL ] SELECT `code`,`name` FROM `mc_area` WHERE  `provinceCode` = '11' [ RunTime:0.001000s ]

---------------------------------------------------------------
[ 2018-05-11T10:10:36+08:00 ] [ sql ] [ DB ] CONNECT:[ UseTime:0.010000s ] mysql:dbname=db_mc;host=127.0.0.1;port=3306;charset=utf8
[ sql ] [ SQL ] SHOW COLUMNS FROM `mc_auth_rule` [ RunTime:0.001000s ]
[ sql ] [ SQL ] SELECT * FROM `mc_auth_rule` WHERE  (  status = 1 ) ORDER BY `sort` [ RunTime:0.000000s ]
[ sql ] [ SQL ] SHOW COLUMNS FROM `mc_area` [ RunTime:0.000000s ]
[ sql ] [ SQL ] SELECT `code`,`name` FROM `mc_area` WHERE  `provinceCode` = '11'  AND `cityCode` = '1101' [ RunTime:0.002000s ]

---------------------------------------------------------------
[ 2018-05-11T10:17:33+08:00 ] [ sql ] [ DB ] CONNECT:[ UseTime:0.001000s ] mysql:dbname=db_mc;host=127.0.0.1;port=3306;charset=utf8
[ sql ] [ SQL ] SHOW COLUMNS FROM `mc_auth_rule` [ RunTime:0.001000s ]
[ sql ] [ SQL ] SELECT * FROM `mc_auth_rule` WHERE  (  status = 1 ) ORDER BY `sort` [ RunTime:0.000000s ]
[ sql ] [ SQL ] SHOW COLUMNS FROM `mc_area` [ RunTime:0.000000s ]
[ sql ] [ SQL ] SELECT `code`,`name` FROM `mc_area` WHERE  `provinceCode` = '0' [ RunTime:0.000000s ]

---------------------------------------------------------------
[ 2018-05-11T10:17:48+08:00 ] [ sql ] [ DB ] CONNECT:[ UseTime:0.001000s ] mysql:dbname=db_mc;host=127.0.0.1;port=3306;charset=utf8
[ sql ] [ SQL ] SHOW COLUMNS FROM `mc_auth_rule` [ RunTime:0.001000s ]
[ sql ] [ SQL ] SELECT * FROM `mc_auth_rule` WHERE  (  status = 1 ) ORDER BY `sort` [ RunTime:0.001000s ]
[ sql ] [ SQL ] SHOW COLUMNS FROM `mc_area` [ RunTime:0.001000s ]
[ sql ] [ SQL ] SELECT `code`,`name` FROM `mc_area` WHERE  `provinceCode` = '0' [ RunTime:0.001000s ]

---------------------------------------------------------------
[ 2018-05-11T10:54:51+08:00 ] [ sql ] [ DB ] CONNECT:[ UseTime:0.001000s ] mysql:dbname=db_mc;host=127.0.0.1;port=3306;charset=utf8
[ sql ] [ SQL ] SHOW COLUMNS FROM `mc_auth_rule` [ RunTime:0.001000s ]
[ sql ] [ SQL ] SELECT * FROM `mc_auth_rule` WHERE  (  status = 1 ) ORDER BY `sort` [ RunTime:0.001000s ]
[ sql ] [ SQL ] SHOW COLUMNS FROM `mc_area` [ RunTime:0.000000s ]
[ sql ] [ SQL ] SELECT `code`,`name` FROM `mc_area` WHERE  `provinceCode` = '0' [ RunTime:0.000000s ]

---------------------------------------------------------------
[ 2018-05-11T10:54:53+08:00 ] [ sql ] [ DB ] CONNECT:[ UseTime:0.002000s ] mysql:dbname=db_mc;host=127.0.0.1;port=3306;charset=utf8
[ sql ] [ SQL ] SHOW COLUMNS FROM `mc_auth_rule` [ RunTime:0.001000s ]
[ sql ] [ SQL ] SELECT * FROM `mc_auth_rule` WHERE  (  status = 1 ) ORDER BY `sort` [ RunTime:0.000000s ]
[ sql ] [ SQL ] SHOW COLUMNS FROM `mc_area` [ RunTime:0.001000s ]
[ sql ] [ SQL ] SELECT `code`,`name` FROM `mc_area` WHERE  `provinceCode` = '11' [ RunTime:0.002000s ]

---------------------------------------------------------------
[ 2018-05-11T10:54:55+08:00 ] [ sql ] [ DB ] CONNECT:[ UseTime:0.011000s ] mysql:dbname=db_mc;host=127.0.0.1;port=3306;charset=utf8
[ sql ] [ SQL ] SHOW COLUMNS FROM `mc_auth_rule` [ RunTime:0.001000s ]
[ sql ] [ SQL ] SELECT * FROM `mc_auth_rule` WHERE  (  status = 1 ) ORDER BY `sort` [ RunTime:0.000000s ]
[ sql ] [ SQL ] SHOW COLUMNS FROM `mc_area` [ RunTime:0.000000s ]
[ sql ] [ SQL ] SELECT `code`,`name` FROM `mc_area` WHERE  `provinceCode` = '14' [ RunTime:0.007000s ]

---------------------------------------------------------------
[ 2018-05-11T10:54:57+08:00 ] [ sql ] [ DB ] CONNECT:[ UseTime:0.001000s ] mysql:dbname=db_mc;host=127.0.0.1;port=3306;charset=utf8
[ sql ] [ SQL ] SHOW COLUMNS FROM `mc_auth_rule` [ RunTime:0.001000s ]
[ sql ] [ SQL ] SELECT * FROM `mc_auth_rule` WHERE  (  status = 1 ) ORDER BY `sort` [ RunTime:0.001000s ]
[ sql ] [ SQL ] SHOW COLUMNS FROM `mc_area` [ RunTime:0.001000s ]
[ sql ] [ SQL ] SELECT `code`,`name` FROM `mc_area` WHERE  `provinceCode` = '14'  AND `cityCode` = '1402' [ RunTime:0.002000s ]

---------------------------------------------------------------
[ 2018-05-11T10:59:59+08:00 ] [ sql ] [ DB ] CONNECT:[ UseTime:0.011000s ] mysql:dbname=db_mc;host=127.0.0.1;port=3306;charset=utf8
[ sql ] [ SQL ] SHOW COLUMNS FROM `mc_auth_rule` [ RunTime:0.001000s ]
[ sql ] [ SQL ] SELECT * FROM `mc_auth_rule` WHERE  (  status = 1 ) ORDER BY `sort` [ RunTime:0.000000s ]
[ sql ] [ SQL ] SHOW COLUMNS FROM `mc_area` [ RunTime:0.001000s ]
[ sql ] [ SQL ] SELECT `code`,`name` FROM `mc_area` WHERE  `provinceCode` = '0' [ RunTime:0.000000s ]

---------------------------------------------------------------
[ 2018-05-11T11:00:00+08:00 ] [ sql ] [ DB ] CONNECT:[ UseTime:0.001000s ] mysql:dbname=db_mc;host=127.0.0.1;port=3306;charset=utf8
[ sql ] [ SQL ] SHOW COLUMNS FROM `mc_auth_rule` [ RunTime:0.001000s ]
[ sql ] [ SQL ] SELECT * FROM `mc_auth_rule` WHERE  (  status = 1 ) ORDER BY `sort` [ RunTime:0.001000s ]
[ sql ] [ SQL ] SHOW COLUMNS FROM `mc_area` [ RunTime:0.001000s ]
[ sql ] [ SQL ] SELECT `code`,`name` FROM `mc_area` WHERE  `provinceCode` = '22' [ RunTime:0.005000s ]

---------------------------------------------------------------
[ 2018-05-11T11:00:01+08:00 ] [ sql ] [ DB ] CONNECT:[ UseTime:0.010000s ] mysql:dbname=db_mc;host=127.0.0.1;port=3306;charset=utf8
[ sql ] [ SQL ] SHOW COLUMNS FROM `mc_auth_rule` [ RunTime:0.000000s ]
[ sql ] [ SQL ] SELECT * FROM `mc_auth_rule` WHERE  (  status = 1 ) ORDER BY `sort` [ RunTime:0.001000s ]
[ sql ] [ SQL ] SHOW COLUMNS FROM `mc_area` [ RunTime:0.001000s ]
[ sql ] [ SQL ] SELECT `code`,`name` FROM `mc_area` WHERE  `provinceCode` = '22'  AND `cityCode` = '2202' [ RunTime:0.002000s ]

---------------------------------------------------------------
[ 2018-05-11T11:00:18+08:00 ] [ sql ] [ DB ] CONNECT:[ UseTime:0.002000s ] mysql:dbname=db_mc;host=127.0.0.1;port=3306;charset=utf8
[ sql ] [ SQL ] SHOW COLUMNS FROM `mc_auth_rule` [ RunTime:0.001000s ]
[ sql ] [ SQL ] SELECT * FROM `mc_auth_rule` WHERE  (  status = 1 ) ORDER BY `sort` [ RunTime:0.001000s ]
[ sql ] [ SQL ] SHOW COLUMNS FROM `mc_area` [ RunTime:0.001000s ]
[ sql ] [ SQL ] SELECT COUNT(*) AS tp_count FROM `mc_area` WHERE  `code` = '220202' LIMIT 1 [ RunTime:0.001000s ]

---------------------------------------------------------------
[ 2018-05-11T11:00:38+08:00 ] [ sql ] [ DB ] CONNECT:[ UseTime:0.010000s ] mysql:dbname=db_mc;host=127.0.0.1;port=3306;charset=utf8
[ sql ] [ SQL ] SHOW COLUMNS FROM `mc_auth_rule` [ RunTime:0.001000s ]
[ sql ] [ SQL ] SELECT * FROM `mc_auth_rule` WHERE  (  status = 1 ) ORDER BY `sort` [ RunTime:0.001000s ]
[ sql ] [ SQL ] SHOW COLUMNS FROM `mc_area` [ RunTime:0.000000s ]
[ sql ] [ SQL ] SELECT `code`,`name` FROM `mc_area` WHERE  `provinceCode` = '0' [ RunTime:0.001000s ]

---------------------------------------------------------------
[ 2018-05-11T11:00:40+08:00 ] [ sql ] [ DB ] CONNECT:[ UseTime:0.001000s ] mysql:dbname=db_mc;host=127.0.0.1;port=3306;charset=utf8
[ sql ] [ SQL ] SHOW COLUMNS FROM `mc_auth_rule` [ RunTime:0.001000s ]
[ sql ] [ SQL ] SELECT * FROM `mc_auth_rule` WHERE  (  status = 1 ) ORDER BY `sort` [ RunTime:0.000000s ]
[ sql ] [ SQL ] SHOW COLUMNS FROM `mc_area` [ RunTime:0.001000s ]
[ sql ] [ SQL ] SELECT `code`,`name` FROM `mc_area` WHERE  `provinceCode` = '11' [ RunTime:0.002000s ]

---------------------------------------------------------------
[ 2018-05-11T11:00:43+08:00 ] [ sql ] [ DB ] CONNECT:[ UseTime:0.010000s ] mysql:dbname=db_mc;host=127.0.0.1;port=3306;charset=utf8
[ sql ] [ SQL ] SHOW COLUMNS FROM `mc_auth_rule` [ RunTime:0.000000s ]
[ sql ] [ SQL ] SELECT * FROM `mc_auth_rule` WHERE  (  status = 1 ) ORDER BY `sort` [ RunTime:0.000000s ]
[ sql ] [ SQL ] SHOW COLUMNS FROM `mc_area` [ RunTime:0.000000s ]
[ sql ] [ SQL ] SELECT `code`,`name` FROM `mc_area` WHERE  `provinceCode` = '0' [ RunTime:0.001000s ]

---------------------------------------------------------------
[ 2018-05-11T11:00:45+08:00 ] [ sql ] [ DB ] CONNECT:[ UseTime:0.001000s ] mysql:dbname=db_mc;host=127.0.0.1;port=3306;charset=utf8
[ sql ] [ SQL ] SHOW COLUMNS FROM `mc_auth_rule` [ RunTime:0.001000s ]
[ sql ] [ SQL ] SELECT * FROM `mc_auth_rule` WHERE  (  status = 1 ) ORDER BY `sort` [ RunTime:0.001000s ]
[ sql ] [ SQL ] SHOW COLUMNS FROM `mc_area` [ RunTime:0.000000s ]
[ sql ] [ SQL ] SELECT `code`,`name` FROM `mc_area` WHERE  `provinceCode` = '11' [ RunTime:0.001000s ]

---------------------------------------------------------------
[ 2018-05-11T11:00:46+08:00 ] [ sql ] [ DB ] CONNECT:[ UseTime:0.010000s ] mysql:dbname=db_mc;host=127.0.0.1;port=3306;charset=utf8
[ sql ] [ SQL ] SHOW COLUMNS FROM `mc_auth_rule` [ RunTime:0.000000s ]
[ sql ] [ SQL ] SELECT * FROM `mc_auth_rule` WHERE  (  status = 1 ) ORDER BY `sort` [ RunTime:0.000000s ]
[ sql ] [ SQL ] SHOW COLUMNS FROM `mc_area` [ RunTime:0.001000s ]
[ sql ] [ SQL ] SELECT `code`,`name` FROM `mc_area` WHERE  `provinceCode` = '11'  AND `cityCode` = '1101' [ RunTime:0.002000s ]

---------------------------------------------------------------
[ 2018-05-11T11:00:51+08:00 ] [ sql ] [ DB ] CONNECT:[ UseTime:0.010000s ] mysql:dbname=db_mc;host=127.0.0.1;port=3306;charset=utf8
[ sql ] [ SQL ] SHOW COLUMNS FROM `mc_auth_rule` [ RunTime:0.000000s ]
[ sql ] [ SQL ] SELECT * FROM `mc_auth_rule` WHERE  (  status = 1 ) ORDER BY `sort` [ RunTime:0.000000s ]
[ sql ] [ SQL ] SHOW COLUMNS FROM `mc_area` [ RunTime:0.001000s ]
[ sql ] [ SQL ] SELECT COUNT(*) AS tp_count FROM `mc_area` WHERE  `code` = '110101' LIMIT 1 [ RunTime:0.001000s ]

---------------------------------------------------------------
[ 2018-05-11T11:01:19+08:00 ] [ sql ] [ DB ] CONNECT:[ UseTime:0.010000s ] mysql:dbname=db_mc;host=127.0.0.1;port=3306;charset=utf8
[ sql ] [ SQL ] SHOW COLUMNS FROM `mc_auth_rule` [ RunTime:0.000000s ]
[ sql ] [ SQL ] SELECT * FROM `mc_auth_rule` WHERE  (  status = 1 ) ORDER BY `sort` [ RunTime:0.000000s ]
[ sql ] [ SQL ] SHOW COLUMNS FROM `mc_area` [ RunTime:0.001000s ]
[ sql ] [ SQL ] SELECT `code`,`name` FROM `mc_area` WHERE  `provinceCode` = '0' [ RunTime:0.001000s ]

---------------------------------------------------------------
[ 2018-05-11T11:01:21+08:00 ] [ sql ] [ DB ] CONNECT:[ UseTime:0.001000s ] mysql:dbname=db_mc;host=127.0.0.1;port=3306;charset=utf8
[ sql ] [ SQL ] SHOW COLUMNS FROM `mc_auth_rule` [ RunTime:0.000000s ]
[ sql ] [ SQL ] SELECT * FROM `mc_auth_rule` WHERE  (  status = 1 ) ORDER BY `sort` [ RunTime:0.000000s ]
[ sql ] [ SQL ] SHOW COLUMNS FROM `mc_area` [ RunTime:0.001000s ]
[ sql ] [ SQL ] SELECT `code`,`name` FROM `mc_area` WHERE  `provinceCode` = '11' [ RunTime:0.002000s ]

---------------------------------------------------------------
[ 2018-05-11T11:01:22+08:00 ] [ sql ] [ DB ] CONNECT:[ UseTime:0.011000s ] mysql:dbname=db_mc;host=127.0.0.1;port=3306;charset=utf8
[ sql ] [ SQL ] SHOW COLUMNS FROM `mc_auth_rule` [ RunTime:0.001000s ]
[ sql ] [ SQL ] SELECT * FROM `mc_auth_rule` WHERE  (  status = 1 ) ORDER BY `sort` [ RunTime:0.001000s ]
[ sql ] [ SQL ] SHOW COLUMNS FROM `mc_area` [ RunTime:0.001000s ]
[ sql ] [ SQL ] SELECT `code`,`name` FROM `mc_area` WHERE  `provinceCode` = '11'  AND `cityCode` = '110101' [ RunTime:0.001000s ]

---------------------------------------------------------------
[ 2018-05-11T11:01:31+08:00 ] [ sql ] [ DB ] CONNECT:[ UseTime:0.010000s ] mysql:dbname=db_mc;host=127.0.0.1;port=3306;charset=utf8
[ sql ] [ SQL ] SHOW COLUMNS FROM `mc_auth_rule` [ RunTime:0.000000s ]
[ sql ] [ SQL ] SELECT * FROM `mc_auth_rule` WHERE  (  status = 1 ) ORDER BY `sort` [ RunTime:0.001000s ]
[ sql ] [ SQL ] SHOW COLUMNS FROM `mc_area` [ RunTime:0.002000s ]
[ sql ] [ SQL ] SELECT `code`,`name` FROM `mc_area` WHERE  `provinceCode` = '11'  AND `cityCode` = '1101' [ RunTime:0.002000s ]

---------------------------------------------------------------
[ 2018-05-11T11:01:42+08:00 ] [ sql ] [ DB ] CONNECT:[ UseTime:0.002000s ] mysql:dbname=db_mc;host=127.0.0.1;port=3306;charset=utf8
[ sql ] [ SQL ] SHOW COLUMNS FROM `mc_auth_rule` [ RunTime:0.001000s ]
[ sql ] [ SQL ] SELECT * FROM `mc_auth_rule` WHERE  (  status = 1 ) ORDER BY `sort` [ RunTime:0.001000s ]
[ sql ] [ SQL ] SHOW COLUMNS FROM `mc_area` [ RunTime:0.001000s ]
[ sql ] [ SQL ] SELECT COUNT(*) AS tp_count FROM `mc_area` WHERE  `code` = '110102' LIMIT 1 [ RunTime:0.000000s ]

---------------------------------------------------------------
[ 2018-05-11T11:02:00+08:00 ] [ sql ] [ DB ] CONNECT:[ UseTime:0.011000s ] mysql:dbname=db_mc;host=127.0.0.1;port=3306;charset=utf8
[ sql ] [ SQL ] SHOW COLUMNS FROM `mc_auth_rule` [ RunTime:0.001000s ]
[ sql ] [ SQL ] SELECT * FROM `mc_auth_rule` WHERE  (  status = 1 ) ORDER BY `sort` [ RunTime:0.000000s ]
[ sql ] [ SQL ] SHOW COLUMNS FROM `mc_area` [ RunTime:0.000000s ]
[ sql ] [ SQL ] SELECT COUNT(*) AS tp_count FROM `mc_area` WHERE  `code` = '11010201' LIMIT 1 [ RunTime:0.000000s ]
[ sql ] [ SQL ] INSERT INTO `mc_area` (`provinceCode` , `cityCode` , `areaCode` , `code` , `name`) VALUES ('11' , '1101' , '110102' , '11010201' , '炫舞') [ RunTime:0.001000s ]

---------------------------------------------------------------
[ 2018-05-11T11:02:02+08:00 ] [ sql ] [ DB ] CONNECT:[ UseTime:0.010000s ] mysql:dbname=db_mc;host=127.0.0.1;port=3306;charset=utf8
[ sql ] [ SQL ] SHOW COLUMNS FROM `mc_auth_rule` [ RunTime:0.001000s ]
[ sql ] [ SQL ] SELECT * FROM `mc_auth_rule` WHERE  (  status = 1 ) ORDER BY `sort` [ RunTime:0.002000s ]
[ sql ] [ SQL ] SHOW COLUMNS FROM `mc_area` [ RunTime:0.001000s ]
[ sql ] [ SQL ] SELECT * FROM `mc_area` WHERE  `provinceCode` = '0'  AND `cityCode` = '0'  AND `areaCode` = '0' ORDER BY code ASC [ RunTime:0.001000s ]

---------------------------------------------------------------
[ 2018-05-11T11:02:04+08:00 ] [ sql ] [ DB ] CONNECT:[ UseTime:0.010000s ] mysql:dbname=db_mc;host=127.0.0.1;port=3306;charset=utf8
[ sql ] [ SQL ] SHOW COLUMNS FROM `mc_auth_rule` [ RunTime:0.001000s ]
[ sql ] [ SQL ] SELECT * FROM `mc_auth_rule` WHERE  (  status = 1 ) ORDER BY `sort` [ RunTime:0.001000s ]
[ sql ] [ SQL ] SHOW COLUMNS FROM `mc_area` [ RunTime:0.001000s ]
[ sql ] [ SQL ] SELECT * FROM `mc_area` WHERE  `provinceCode` = '11'  AND `cityCode` = '0'  AND `areaCode` = '0' ORDER BY code ASC [ RunTime:0.002000s ]

---------------------------------------------------------------
[ 2018-05-11T11:02:05+08:00 ] [ sql ] [ DB ] CONNECT:[ UseTime:0.010000s ] mysql:dbname=db_mc;host=127.0.0.1;port=3306;charset=utf8
[ sql ] [ SQL ] SHOW COLUMNS FROM `mc_auth_rule` [ RunTime:0.000000s ]
[ sql ] [ SQL ] SELECT * FROM `mc_auth_rule` WHERE  (  status = 1 ) ORDER BY `sort` [ RunTime:0.000000s ]
[ sql ] [ SQL ] SHOW COLUMNS FROM `mc_area` [ RunTime:0.001000s ]
[ sql ] [ SQL ] SELECT * FROM `mc_area` WHERE  `provinceCode` = '11'  AND `cityCode` = '1101'  AND `areaCode` = '0' ORDER BY code ASC [ RunTime:0.001000s ]

---------------------------------------------------------------
[ 2018-05-11T11:02:08+08:00 ] [ sql ] [ DB ] CONNECT:[ UseTime:0.011000s ] mysql:dbname=db_mc;host=127.0.0.1;port=3306;charset=utf8
[ sql ] [ SQL ] SHOW COLUMNS FROM `mc_auth_rule` [ RunTime:0.001000s ]
[ sql ] [ SQL ] SELECT * FROM `mc_auth_rule` WHERE  (  status = 1 ) ORDER BY `sort` [ RunTime:0.001000s ]
[ sql ] [ SQL ] SHOW COLUMNS FROM `mc_area` [ RunTime:0.001000s ]
[ sql ] [ SQL ] SELECT * FROM `mc_area` WHERE  `provinceCode` = '11'  AND `cityCode` = '1101'  AND `areaCode` = '110102' ORDER BY code ASC [ RunTime:0.001000s ]

---------------------------------------------------------------
[ 2018-05-11T14:51:39+08:00 ] [ sql ] [ DB ] CONNECT:[ UseTime:0.012000s ] mysql:dbname=db_mc;host=127.0.0.1;port=3306;charset=utf8
[ sql ] [ SQL ] SHOW COLUMNS FROM `mc_auth_rule` [ RunTime:0.001000s ]
[ sql ] [ SQL ] SELECT * FROM `mc_auth_rule` WHERE  (  status = 1 ) ORDER BY `sort` [ RunTime:0.000000s ]
[ sql ] [ SQL ] SHOW COLUMNS FROM `mc_admin` [ RunTime:0.000000s ]
[ sql ] [ SQL ] SELECT COUNT(*) AS tp_count FROM `mc_admin` LIMIT 1 [ RunTime:0.001000s ]
[ sql ] [ SQL ] SELECT `mc_admin`.*,`title` FROM `mc_admin` INNER JOIN `mc_auth_group` `mc_auth_group` ON `mc_admin`.`groupid`=`mc_auth_group`.`id` ORDER BY id desc LIMIT 0,10 [ RunTime:0.001000s ]

---------------------------------------------------------------
[ 2018-05-11T14:51:39+08:00 ] [ sql ] [ DB ] CONNECT:[ UseTime:0.011000s ] mysql:dbname=db_mc;host=127.0.0.1;port=3306;charset=utf8
[ sql ] [ SQL ] SHOW COLUMNS FROM `mc_auth_rule` [ RunTime:0.002000s ]
[ sql ] [ SQL ] SELECT * FROM `mc_auth_rule` WHERE  (  status = 1 ) ORDER BY `sort` [ RunTime:0.001000s ]
[ sql ] [ SQL ] SHOW COLUMNS FROM `mc_admin` [ RunTime:0.001000s ]
[ sql ] [ SQL ] SELECT COUNT(*) AS tp_count FROM `mc_admin` LIMIT 1 [ RunTime:0.000000s ]
[ sql ] [ SQL ] SELECT `mc_admin`.*,`title` FROM `mc_admin` INNER JOIN `mc_auth_group` `mc_auth_group` ON `mc_admin`.`groupid`=`mc_auth_group`.`id` ORDER BY id desc LIMIT 0,10 [ RunTime:0.000000s ]

---------------------------------------------------------------
[ 2018-05-11T14:52:12+08:00 ] [ sql ] [ DB ] CONNECT:[ UseTime:0.012000s ] mysql:dbname=db_mc;host=127.0.0.1;port=3306;charset=utf8
[ sql ] [ SQL ] SHOW COLUMNS FROM `mc_auth_rule` [ RunTime:0.002000s ]
[ sql ] [ SQL ] SELECT * FROM `mc_auth_rule` WHERE  (  status = 1 ) ORDER BY `sort` [ RunTime:0.001000s ]
[ sql ] [ SQL ] SELECT * FROM `mc_auth_rule` ORDER BY id asc [ RunTime:0.001000s ]

---------------------------------------------------------------
[ 2018-05-11T14:52:41+08:00 ] [ sql ] [ DB ] CONNECT:[ UseTime:0.010000s ] mysql:dbname=db_mc;host=127.0.0.1;port=3306;charset=utf8
[ sql ] [ SQL ] SHOW COLUMNS FROM `mc_auth_rule` [ RunTime:0.000000s ]
[ sql ] [ SQL ] SELECT * FROM `mc_auth_rule` WHERE  (  status = 1 ) ORDER BY `sort` [ RunTime:0.000000s ]
[ sql ] [ SQL ] INSERT INTO `mc_auth_rule` (`pid` , `title` , `name` , `css` , `sort` , `status` , `update_time` , `create_time`) VALUES (140 , '公司公告' , 'admin/notice/index' , '' , 50 , 1 , 1526021561 , 1526021561) [ RunTime:0.001000s ]
[ sql ] [ SQL ] SHOW COLUMNS FROM `mc_log` [ RunTime:0.001000s ]
[ sql ] [ SQL ] INSERT INTO `mc_log` (`admin_id` , `admin_name` , `description` , `status` , `ip` , `add_time`) VALUES (1 , 'admins' , '用户【admins】添加菜单成功' , 1 , '127.0.0.1' , 1526021561) [ RunTime:0.000000s ]

---------------------------------------------------------------
[ 2018-05-11T14:52:42+08:00 ] [ sql ] [ DB ] CONNECT:[ UseTime:0.010000s ] mysql:dbname=db_mc;host=127.0.0.1;port=3306;charset=utf8
[ sql ] [ SQL ] SHOW COLUMNS FROM `mc_auth_rule` [ RunTime:0.002000s ]
[ sql ] [ SQL ] SELECT * FROM `mc_auth_rule` WHERE  (  status = 1 ) ORDER BY `sort` [ RunTime:0.001000s ]
[ sql ] [ SQL ] SELECT * FROM `mc_auth_rule` ORDER BY id asc [ RunTime:0.001000s ]

---------------------------------------------------------------
[ 2018-05-11T14:52:43+08:00 ] [ sql ] [ DB ] CONNECT:[ UseTime:0.010000s ] mysql:dbname=db_mc;host=127.0.0.1;port=3306;charset=utf8
[ sql ] [ SQL ] SHOW COLUMNS FROM `mc_auth_rule` [ RunTime:0.000000s ]
[ sql ] [ SQL ] SELECT * FROM `mc_auth_rule` WHERE  (  status = 1 ) ORDER BY `sort` [ RunTime:0.000000s ]

---------------------------------------------------------------
[ 2018-05-11T14:52:43+08:00 ] [ sql ] [ DB ] CONNECT:[ UseTime:0.003000s ] mysql:dbname=db_mc;host=127.0.0.1;port=3306;charset=utf8
[ sql ] [ SQL ] SHOW COLUMNS FROM `mc_auth_rule` [ RunTime:0.001000s ]
[ sql ] [ SQL ] SELECT * FROM `mc_auth_rule` WHERE  (  status = 1 ) ORDER BY `sort` [ RunTime:0.001000s ]
[ sql ] [ SQL ] SHOW COLUMNS FROM `mc_log` [ RunTime:0.002000s ]
[ sql ] [ SQL ] SELECT * FROM `mc_log` ORDER BY log_id desc LIMIT 10 [ RunTime:0.001000s ]

---------------------------------------------------------------
[ 2018-05-11T14:52:47+08:00 ] [ sql ] [ DB ] CONNECT:[ UseTime:0.001000s ] mysql:dbname=db_mc;host=127.0.0.1;port=3306;charset=utf8
[ sql ] [ SQL ] SHOW COLUMNS FROM `mc_auth_rule` [ RunTime:0.000000s ]
[ sql ] [ SQL ] SELECT * FROM `mc_auth_rule` WHERE  (  status = 1 ) ORDER BY `sort` [ RunTime:0.000000s ]

---------------------------------------------------------------
[ 2018-05-11T14:53:07+08:00 ] [ sql ] [ DB ] CONNECT:[ UseTime:0.010000s ] mysql:dbname=db_mc;host=127.0.0.1;port=3306;charset=utf8
[ sql ] [ SQL ] SHOW COLUMNS FROM `mc_auth_rule` [ RunTime:0.000000s ]
[ sql ] [ SQL ] SELECT * FROM `mc_auth_rule` WHERE  (  status = 1 ) ORDER BY `sort` [ RunTime:0.001000s ]

---------------------------------------------------------------
[ 2018-05-11T14:53:26+08:00 ] [ sql ] [ DB ] CONNECT:[ UseTime:0.010000s ] mysql:dbname=db_mc;host=127.0.0.1;port=3306;charset=utf8
[ sql ] [ SQL ] SHOW COLUMNS FROM `mc_auth_rule` [ RunTime:0.001000s ]
[ sql ] [ SQL ] SELECT * FROM `mc_auth_rule` WHERE  (  status = 1 ) ORDER BY `sort` [ RunTime:0.000000s ]
[ error ] [8]未定义变量: val

---------------------------------------------------------------
[ 2018-05-11T14:53:34+08:00 ] [ sql ] [ DB ] CONNECT:[ UseTime:0.011000s ] mysql:dbname=db_mc;host=127.0.0.1;port=3306;charset=utf8
[ sql ] [ SQL ] SHOW COLUMNS FROM `mc_auth_rule` [ RunTime:0.001000s ]
[ sql ] [ SQL ] SELECT * FROM `mc_auth_rule` WHERE  (  status = 1 ) ORDER BY `sort` [ RunTime:0.001000s ]

---------------------------------------------------------------
[ 2018-05-11T14:53:47+08:00 ] [ sql ] [ DB ] CONNECT:[ UseTime:0.010000s ] mysql:dbname=db_mc;host=127.0.0.1;port=3306;charset=utf8
[ sql ] [ SQL ] SHOW COLUMNS FROM `mc_auth_rule` [ RunTime:0.001000s ]
[ sql ] [ SQL ] SELECT * FROM `mc_auth_rule` WHERE  (  status = 1 ) ORDER BY `sort` [ RunTime:0.000000s ]

---------------------------------------------------------------
[ 2018-05-11T14:54:51+08:00 ] [ sql ] [ DB ] CONNECT:[ UseTime:0.001000s ] mysql:dbname=db_mc;host=127.0.0.1;port=3306;charset=utf8
[ sql ] [ SQL ] SHOW COLUMNS FROM `mc_auth_rule` [ RunTime:0.001000s ]
[ sql ] [ SQL ] SELECT * FROM `mc_auth_rule` WHERE  (  status = 1 ) ORDER BY `sort` [ RunTime:0.001000s ]

---------------------------------------------------------------
[ 2018-05-11T14:55:03+08:00 ] [ sql ] [ DB ] CONNECT:[ UseTime:0.001000s ] mysql:dbname=db_mc;host=127.0.0.1;port=3306;charset=utf8
[ sql ] [ SQL ] SHOW COLUMNS FROM `mc_auth_rule` [ RunTime:0.001000s ]
[ sql ] [ SQL ] SELECT * FROM `mc_auth_rule` WHERE  (  status = 1 ) ORDER BY `sort` [ RunTime:0.001000s ]

---------------------------------------------------------------
[ 2018-05-11T14:55:52+08:00 ] [ sql ] [ DB ] CONNECT:[ UseTime:0.010000s ] mysql:dbname=db_mc;host=127.0.0.1;port=3306;charset=utf8
[ sql ] [ SQL ] SHOW COLUMNS FROM `mc_auth_rule` [ RunTime:0.001000s ]
[ sql ] [ SQL ] SELECT * FROM `mc_auth_rule` WHERE  (  status = 1 ) ORDER BY `sort` [ RunTime:0.000000s ]

---------------------------------------------------------------
[ 2018-05-11T14:55:54+08:00 ] [ sql ] [ DB ] CONNECT:[ UseTime:0.010000s ] mysql:dbname=db_mc;host=127.0.0.1;port=3306;charset=utf8
[ sql ] [ SQL ] SHOW COLUMNS FROM `mc_auth_rule` [ RunTime:0.001000s ]
[ sql ] [ SQL ] SELECT * FROM `mc_auth_rule` WHERE  (  status = 1 ) ORDER BY `sort` [ RunTime:0.001000s ]

---------------------------------------------------------------
[ 2018-05-11T14:57:46+08:00 ] [ sql ] [ DB ] CONNECT:[ UseTime:0.002000s ] mysql:dbname=db_mc;host=127.0.0.1;port=3306;charset=utf8
[ sql ] [ SQL ] SHOW COLUMNS FROM `mc_auth_rule` [ RunTime:0.001000s ]
[ sql ] [ SQL ] SELECT * FROM `mc_auth_rule` WHERE  (  status = 1 ) ORDER BY `sort` [ RunTime:0.000000s ]

---------------------------------------------------------------
[ 2018-05-11T14:58:10+08:00 ] [ sql ] [ DB ] CONNECT:[ UseTime:0.001000s ] mysql:dbname=db_mc;host=127.0.0.1;port=3306;charset=utf8
[ sql ] [ SQL ] SHOW COLUMNS FROM `mc_auth_rule` [ RunTime:0.000000s ]
[ sql ] [ SQL ] SELECT * FROM `mc_auth_rule` WHERE  (  status = 1 ) ORDER BY `sort` [ RunTime:0.000000s ]

---------------------------------------------------------------
[ 2018-05-11T14:58:16+08:00 ] [ sql ] [ DB ] CONNECT:[ UseTime:0.010000s ] mysql:dbname=db_mc;host=127.0.0.1;port=3306;charset=utf8
[ sql ] [ SQL ] SHOW COLUMNS FROM `mc_auth_rule` [ RunTime:0.001000s ]
[ sql ] [ SQL ] SELECT * FROM `mc_auth_rule` WHERE  (  status = 1 ) ORDER BY `sort` [ RunTime:0.001000s ]

---------------------------------------------------------------
[ 2018-05-11T14:58:28+08:00 ] [ sql ] [ DB ] CONNECT:[ UseTime:0.010000s ] mysql:dbname=db_mc;host=127.0.0.1;port=3306;charset=utf8
[ sql ] [ SQL ] SHOW COLUMNS FROM `mc_auth_rule` [ RunTime:0.001000s ]
[ sql ] [ SQL ] SELECT * FROM `mc_auth_rule` WHERE  (  status = 1 ) ORDER BY `sort` [ RunTime:0.001000s ]

---------------------------------------------------------------
[ 2018-05-11T14:58:43+08:00 ] [ sql ] [ DB ] CONNECT:[ UseTime:0.011000s ] mysql:dbname=db_mc;host=127.0.0.1;port=3306;charset=utf8
[ sql ] [ SQL ] SHOW COLUMNS FROM `mc_auth_rule` [ RunTime:0.001000s ]
[ sql ] [ SQL ] SELECT * FROM `mc_auth_rule` WHERE  (  status = 1 ) ORDER BY `sort` [ RunTime:0.001000s ]

---------------------------------------------------------------
[ 2018-05-11T14:58:56+08:00 ] [ sql ] [ DB ] CONNECT:[ UseTime:0.010000s ] mysql:dbname=db_mc;host=127.0.0.1;port=3306;charset=utf8
[ sql ] [ SQL ] SHOW COLUMNS FROM `mc_auth_rule` [ RunTime:0.001000s ]
[ sql ] [ SQL ] SELECT * FROM `mc_auth_rule` WHERE  (  status = 1 ) ORDER BY `sort` [ RunTime:0.001000s ]

---------------------------------------------------------------
[ 2018-05-11T14:59:55+08:00 ] [ sql ] [ DB ] CONNECT:[ UseTime:0.010000s ] mysql:dbname=db_mc;host=127.0.0.1;port=3306;charset=utf8
[ sql ] [ SQL ] SHOW COLUMNS FROM `mc_auth_rule` [ RunTime:0.001000s ]
[ sql ] [ SQL ] SELECT * FROM `mc_auth_rule` WHERE  (  status = 1 ) ORDER BY `sort` [ RunTime:0.001000s ]

---------------------------------------------------------------
[ 2018-05-11T15:13:55+08:00 ] [ sql ] [ DB ] CONNECT:[ UseTime:0.010000s ] mysql:dbname=db_mc;host=127.0.0.1;port=3306;charset=utf8
[ sql ] [ SQL ] SHOW COLUMNS FROM `mc_auth_rule` [ RunTime:0.001000s ]
[ sql ] [ SQL ] SELECT * FROM `mc_auth_rule` WHERE  (  status = 1 ) ORDER BY `sort` [ RunTime:0.001000s ]
[ sql ] [ SQL ] SHOW COLUMNS FROM `mc_notice` [ RunTime:0.001000s ]
[ sql ] [ SQL ] SELECT COUNT(*) AS tp_count FROM `mc_notice` WHERE  ( `title` LIKE '%111%' OR `content` LIKE '%111%' ) LIMIT 1 [ RunTime:0.000000s ]

---------------------------------------------------------------
[ 2018-05-11T15:13:55+08:00 ] [ sql ] [ DB ] CONNECT:[ UseTime:0.001000s ] mysql:dbname=db_mc;host=127.0.0.1;port=3306;charset=utf8
[ sql ] [ SQL ] SHOW COLUMNS FROM `mc_auth_rule` [ RunTime:0.000000s ]
[ sql ] [ SQL ] SELECT * FROM `mc_auth_rule` WHERE  (  status = 1 ) ORDER BY `sort` [ RunTime:0.000000s ]
[ sql ] [ SQL ] SHOW COLUMNS FROM `mc_notice` [ RunTime:0.002000s ]
[ sql ] [ SQL ] SELECT COUNT(*) AS tp_count FROM `mc_notice` WHERE  ( `title` LIKE '%111%' OR `content` LIKE '%111%' ) LIMIT 1 [ RunTime:0.000000s ]
[ sql ] [ SQL ] SELECT * FROM `mc_notice` WHERE  ( `title` LIKE '%111%' OR `content` LIKE '%111%' ) LIMIT 0,10 [ RunTime:0.000000s ]

---------------------------------------------------------------
[ 2018-05-11T15:15:12+08:00 ] [ sql ] [ DB ] CONNECT:[ UseTime:0.010000s ] mysql:dbname=db_mc;host=127.0.0.1;port=3306;charset=utf8
[ sql ] [ SQL ] SHOW COLUMNS FROM `mc_auth_rule` [ RunTime:0.001000s ]
[ sql ] [ SQL ] SELECT * FROM `mc_auth_rule` WHERE  (  status = 1 ) ORDER BY `sort` [ RunTime:0.001000s ]
[ sql ] [ SQL ] SHOW COLUMNS FROM `mc_notice` [ RunTime:0.001000s ]
[ sql ] [ SQL ] SELECT COUNT(*) AS tp_count FROM `mc_notice` WHERE  ( `title` LIKE '%111%' OR `content` LIKE '%111%' ) LIMIT 1 [ RunTime:0.001000s ]

---------------------------------------------------------------
[ 2018-05-11T15:15:12+08:00 ] [ sql ] [ DB ] CONNECT:[ UseTime:0.001000s ] mysql:dbname=db_mc;host=127.0.0.1;port=3306;charset=utf8
[ sql ] [ SQL ] SHOW COLUMNS FROM `mc_auth_rule` [ RunTime:0.001000s ]
[ sql ] [ SQL ] SELECT * FROM `mc_auth_rule` WHERE  (  status = 1 ) ORDER BY `sort` [ RunTime:0.001000s ]
[ sql ] [ SQL ] SHOW COLUMNS FROM `mc_notice` [ RunTime:0.001000s ]
[ sql ] [ SQL ] SELECT COUNT(*) AS tp_count FROM `mc_notice` WHERE  ( `title` LIKE '%111%' OR `content` LIKE '%111%' ) LIMIT 1 [ RunTime:0.000000s ]
[ sql ] [ SQL ] SELECT * FROM `mc_notice` WHERE  ( `title` LIKE '%111%' OR `content` LIKE '%111%' ) LIMIT 0,10 [ RunTime:0.001000s ]

---------------------------------------------------------------
[ 2018-05-11T15:15:23+08:00 ] [ sql ] [ DB ] CONNECT:[ UseTime:0.010000s ] mysql:dbname=db_mc;host=127.0.0.1;port=3306;charset=utf8
[ sql ] [ SQL ] SHOW COLUMNS FROM `mc_auth_rule` [ RunTime:0.001000s ]
[ sql ] [ SQL ] SELECT * FROM `mc_auth_rule` WHERE  (  status = 1 ) ORDER BY `sort` [ RunTime:0.001000s ]
[ sql ] [ SQL ] SHOW COLUMNS FROM `mc_notice` [ RunTime:0.001000s ]
[ sql ] [ SQL ] SELECT COUNT(*) AS tp_count FROM `mc_notice` WHERE  ( `title` LIKE '%111%' OR `content` LIKE '%111%' ) LIMIT 1 [ RunTime:0.000000s ]

---------------------------------------------------------------
[ 2018-05-11T15:15:23+08:00 ] [ sql ] [ DB ] CONNECT:[ UseTime:0.010000s ] mysql:dbname=db_mc;host=127.0.0.1;port=3306;charset=utf8
[ sql ] [ SQL ] SHOW COLUMNS FROM `mc_auth_rule` [ RunTime:0.000000s ]
[ sql ] [ SQL ] SELECT * FROM `mc_auth_rule` WHERE  (  status = 1 ) ORDER BY `sort` [ RunTime:0.000000s ]
[ sql ] [ SQL ] SHOW COLUMNS FROM `mc_notice` [ RunTime:0.002000s ]
[ sql ] [ SQL ] SELECT COUNT(*) AS tp_count FROM `mc_notice` WHERE  ( `title` LIKE '%111%' OR `content` LIKE '%111%' ) LIMIT 1 [ RunTime:0.000000s ]
[ sql ] [ SQL ] SELECT * FROM `mc_notice` WHERE  ( `title` LIKE '%111%' OR `content` LIKE '%111%' ) LIMIT 0,10 [ RunTime:0.001000s ]

---------------------------------------------------------------
[ 2018-05-11T15:15:24+08:00 ] [ sql ] [ DB ] CONNECT:[ UseTime:0.010000s ] mysql:dbname=db_mc;host=127.0.0.1;port=3306;charset=utf8
[ sql ] [ SQL ] SHOW COLUMNS FROM `mc_auth_rule` [ RunTime:0.001000s ]
[ sql ] [ SQL ] SELECT * FROM `mc_auth_rule` WHERE  (  status = 1 ) ORDER BY `sort` [ RunTime:0.001000s ]

---------------------------------------------------------------
[ 2018-05-11T15:26:40+08:00 ] [ sql ] [ DB ] CONNECT:[ UseTime:0.010000s ] mysql:dbname=db_mc;host=127.0.0.1;port=3306;charset=utf8
[ sql ] [ SQL ] SHOW COLUMNS FROM `mc_auth_rule` [ RunTime:0.000000s ]
[ sql ] [ SQL ] SELECT * FROM `mc_auth_rule` WHERE  (  status = 1 ) ORDER BY `sort` [ RunTime:0.000000s ]
[ sql ] [ SQL ] SHOW COLUMNS FROM `mc_notice` [ RunTime:0.001000s ]
[ sql ] [ SQL ] SELECT COUNT(*) AS tp_count FROM `mc_notice` LIMIT 1 [ RunTime:0.000000s ]

---------------------------------------------------------------
[ 2018-05-11T15:26:40+08:00 ] [ sql ] [ DB ] CONNECT:[ UseTime:0.010000s ] mysql:dbname=db_mc;host=127.0.0.1;port=3306;charset=utf8
[ sql ] [ SQL ] SHOW COLUMNS FROM `mc_auth_rule` [ RunTime:0.000000s ]
[ sql ] [ SQL ] SELECT * FROM `mc_auth_rule` WHERE  (  status = 1 ) ORDER BY `sort` [ RunTime:0.000000s ]
[ sql ] [ SQL ] SHOW COLUMNS FROM `mc_notice` [ RunTime:0.002000s ]
[ sql ] [ SQL ] SELECT COUNT(*) AS tp_count FROM `mc_notice` LIMIT 1 [ RunTime:0.000000s ]
[ sql ] [ SQL ] SELECT * FROM `mc_notice` LIMIT 0,10 [ RunTime:0.001000s ]

---------------------------------------------------------------
[ 2018-05-11T15:26:41+08:00 ] [ sql ] [ DB ] CONNECT:[ UseTime:0.010000s ] mysql:dbname=db_mc;host=127.0.0.1;port=3306;charset=utf8
[ sql ] [ SQL ] SHOW COLUMNS FROM `mc_auth_rule` [ RunTime:0.001000s ]
[ sql ] [ SQL ] SELECT * FROM `mc_auth_rule` WHERE  (  status = 1 ) ORDER BY `sort` [ RunTime:0.001000s ]

---------------------------------------------------------------
[ 2018-05-11T15:27:07+08:00 ] [ sql ] [ DB ] CONNECT:[ UseTime:0.010000s ] mysql:dbname=db_mc;host=127.0.0.1;port=3306;charset=utf8
[ sql ] [ SQL ] SHOW COLUMNS FROM `mc_auth_rule` [ RunTime:0.000000s ]
[ sql ] [ SQL ] SELECT * FROM `mc_auth_rule` WHERE  (  status = 1 ) ORDER BY `sort` [ RunTime:0.000000s ]

---------------------------------------------------------------
[ 2018-05-11T15:27:50+08:00 ] [ sql ] [ DB ] CONNECT:[ UseTime:0.010000s ] mysql:dbname=db_mc;host=127.0.0.1;port=3306;charset=utf8
[ sql ] [ SQL ] SHOW COLUMNS FROM `mc_auth_rule` [ RunTime:0.001000s ]
[ sql ] [ SQL ] SELECT * FROM `mc_auth_rule` WHERE  (  status = 1 ) ORDER BY `sort` [ RunTime:0.001000s ]

---------------------------------------------------------------
[ 2018-05-11T15:46:16+08:00 ] [ sql ] [ DB ] CONNECT:[ UseTime:0.002000s ] mysql:dbname=db_mc;host=127.0.0.1;port=3306;charset=utf8
[ sql ] [ SQL ] SHOW COLUMNS FROM `mc_auth_rule` [ RunTime:0.001000s ]
[ sql ] [ SQL ] SELECT * FROM `mc_auth_rule` WHERE  (  status = 1 ) ORDER BY `sort` [ RunTime:0.001000s ]

---------------------------------------------------------------
[ 2018-05-11T15:46:43+08:00 ] [ sql ] [ DB ] CONNECT:[ UseTime:0.011000s ] mysql:dbname=db_mc;host=127.0.0.1;port=3306;charset=utf8
[ sql ] [ SQL ] SHOW COLUMNS FROM `mc_auth_rule` [ RunTime:0.000000s ]
[ sql ] [ SQL ] SELECT * FROM `mc_auth_rule` WHERE  (  status = 1 ) ORDER BY `sort` [ RunTime:0.000000s ]

---------------------------------------------------------------
[ 2018-05-11T15:46:54+08:00 ] [ sql ] [ DB ] CONNECT:[ UseTime:0.010000s ] mysql:dbname=db_mc;host=127.0.0.1;port=3306;charset=utf8
[ sql ] [ SQL ] SHOW COLUMNS FROM `mc_auth_rule` [ RunTime:0.001000s ]
[ sql ] [ SQL ] SELECT * FROM `mc_auth_rule` WHERE  (  status = 1 ) ORDER BY `sort` [ RunTime:0.001000s ]

---------------------------------------------------------------
[ 2018-05-11T15:48:30+08:00 ] [ sql ] [ DB ] CONNECT:[ UseTime:0.010000s ] mysql:dbname=db_mc;host=127.0.0.1;port=3306;charset=utf8
[ sql ] [ SQL ] SHOW COLUMNS FROM `mc_auth_rule` [ RunTime:0.001000s ]
[ sql ] [ SQL ] SELECT * FROM `mc_auth_rule` WHERE  (  status = 1 ) ORDER BY `sort` [ RunTime:0.001000s ]

---------------------------------------------------------------
[ 2018-05-11T15:56:12+08:00 ] [ sql ] [ DB ] CONNECT:[ UseTime:0.011000s ] mysql:dbname=db_mc;host=127.0.0.1;port=3306;charset=utf8
[ sql ] [ SQL ] SHOW COLUMNS FROM `mc_auth_rule` [ RunTime:0.000000s ]
[ sql ] [ SQL ] SELECT * FROM `mc_auth_rule` WHERE  (  status = 1 ) ORDER BY `sort` [ RunTime:0.000000s ]
[ sql ] [ SQL ] SHOW COLUMNS FROM `mc_notice` [ RunTime:0.001000s ]

---------------------------------------------------------------
[ 2018-05-11T15:56:36+08:00 ] [ sql ] [ DB ] CONNECT:[ UseTime:0.010000s ] mysql:dbname=db_mc;host=127.0.0.1;port=3306;charset=utf8
[ sql ] [ SQL ] SHOW COLUMNS FROM `mc_auth_rule` [ RunTime:0.000000s ]
[ sql ] [ SQL ] SELECT * FROM `mc_auth_rule` WHERE  (  status = 1 ) ORDER BY `sort` [ RunTime:0.000000s ]

---------------------------------------------------------------
[ 2018-05-11T15:56:48+08:00 ] [ sql ] [ DB ] CONNECT:[ UseTime:0.010000s ] mysql:dbname=db_mc;host=127.0.0.1;port=3306;charset=utf8
[ sql ] [ SQL ] SHOW COLUMNS FROM `mc_auth_rule` [ RunTime:0.000000s ]
[ sql ] [ SQL ] SELECT * FROM `mc_auth_rule` WHERE  (  status = 1 ) ORDER BY `sort` [ RunTime:0.000000s ]
[ sql ] [ SQL ] SHOW COLUMNS FROM `mc_notice` [ RunTime:0.001000s ]
[ sql ] [ SQL ] INSERT INTO `mc_notice` (`title` , `content` , `times` , `date` , `user`) VALUES ('公司高能广告' , '<p>关于公司公告</p>' , '0' , 1526025408 , 1) [ RunTime:0.002000s ]

---------------------------------------------------------------
[ 2018-05-11T15:56:50+08:00 ] [ sql ] [ DB ] CONNECT:[ UseTime:0.003000s ] mysql:dbname=db_mc;host=127.0.0.1;port=3306;charset=utf8
[ sql ] [ SQL ] SHOW COLUMNS FROM `mc_auth_rule` [ RunTime:0.001000s ]
[ sql ] [ SQL ] SELECT * FROM `mc_auth_rule` WHERE  (  status = 1 ) ORDER BY `sort` [ RunTime:0.000000s ]
[ sql ] [ SQL ] SHOW COLUMNS FROM `mc_notice` [ RunTime:0.001000s ]
[ sql ] [ SQL ] SELECT COUNT(*) AS tp_count FROM `mc_notice` LIMIT 1 [ RunTime:0.000000s ]

---------------------------------------------------------------
[ 2018-05-11T15:56:50+08:00 ] [ sql ] [ DB ] CONNECT:[ UseTime:0.010000s ] mysql:dbname=db_mc;host=127.0.0.1;port=3306;charset=utf8
[ sql ] [ SQL ] SHOW COLUMNS FROM `mc_auth_rule` [ RunTime:0.001000s ]
[ sql ] [ SQL ] SELECT * FROM `mc_auth_rule` WHERE  (  status = 1 ) ORDER BY `sort` [ RunTime:0.000000s ]
[ sql ] [ SQL ] SHOW COLUMNS FROM `mc_notice` [ RunTime:0.001000s ]
[ sql ] [ SQL ] SELECT COUNT(*) AS tp_count FROM `mc_notice` LIMIT 1 [ RunTime:0.000000s ]
[ sql ] [ SQL ] SELECT * FROM `mc_notice` LIMIT 0,10 [ RunTime:0.000000s ]

---------------------------------------------------------------
[ 2018-05-11T15:57:43+08:00 ] [ sql ] [ DB ] CONNECT:[ UseTime:0.001000s ] mysql:dbname=db_mc;host=127.0.0.1;port=3306;charset=utf8
[ sql ] [ SQL ] SHOW COLUMNS FROM `mc_auth_rule` [ RunTime:0.000000s ]
[ sql ] [ SQL ] SELECT * FROM `mc_auth_rule` WHERE  (  status = 1 ) ORDER BY `sort` [ RunTime:0.000000s ]
[ sql ] [ SQL ] SHOW COLUMNS FROM `mc_notice` [ RunTime:0.000000s ]
[ sql ] [ SQL ] SELECT COUNT(*) AS tp_count FROM `mc_notice` LIMIT 1 [ RunTime:0.001000s ]

---------------------------------------------------------------
[ 2018-05-11T15:57:43+08:00 ] [ sql ] [ DB ] CONNECT:[ UseTime:0.010000s ] mysql:dbname=db_mc;host=127.0.0.1;port=3306;charset=utf8
[ sql ] [ SQL ] SHOW COLUMNS FROM `mc_auth_rule` [ RunTime:0.001000s ]
[ sql ] [ SQL ] SELECT * FROM `mc_auth_rule` WHERE  (  status = 1 ) ORDER BY `sort` [ RunTime:0.001000s ]
[ sql ] [ SQL ] SHOW COLUMNS FROM `mc_notice` [ RunTime:0.001000s ]
[ sql ] [ SQL ] SELECT COUNT(*) AS tp_count FROM `mc_notice` LIMIT 1 [ RunTime:0.001000s ]
[ sql ] [ SQL ] SELECT * FROM `mc_notice` LIMIT 0,10 [ RunTime:0.000000s ]

---------------------------------------------------------------
[ 2018-05-11T15:57:53+08:00 ] [ sql ] [ DB ] CONNECT:[ UseTime:0.010000s ] mysql:dbname=db_mc;host=127.0.0.1;port=3306;charset=utf8
[ sql ] [ SQL ] SHOW COLUMNS FROM `mc_auth_rule` [ RunTime:0.000000s ]
[ sql ] [ SQL ] SELECT * FROM `mc_auth_rule` WHERE  (  status = 1 ) ORDER BY `sort` [ RunTime:0.000000s ]
[ sql ] [ SQL ] SHOW COLUMNS FROM `mc_notice` [ RunTime:0.001000s ]
[ sql ] [ SQL ] SELECT COUNT(*) AS tp_count FROM `mc_notice` LIMIT 1 [ RunTime:0.000000s ]

---------------------------------------------------------------
[ 2018-05-11T15:57:53+08:00 ] [ sql ] [ DB ] CONNECT:[ UseTime:0.010000s ] mysql:dbname=db_mc;host=127.0.0.1;port=3306;charset=utf8
[ sql ] [ SQL ] SHOW COLUMNS FROM `mc_auth_rule` [ RunTime:0.000000s ]
[ sql ] [ SQL ] SELECT * FROM `mc_auth_rule` WHERE  (  status = 1 ) ORDER BY `sort` [ RunTime:0.001000s ]
[ sql ] [ SQL ] SHOW COLUMNS FROM `mc_notice` [ RunTime:0.000000s ]
[ sql ] [ SQL ] SELECT COUNT(*) AS tp_count FROM `mc_notice` LIMIT 1 [ RunTime:0.001000s ]
[ sql ] [ SQL ] SELECT * FROM `mc_notice` LIMIT 0,10 [ RunTime:0.000000s ]

---------------------------------------------------------------
[ 2018-05-11T15:57:54+08:00 ] [ sql ] [ DB ] CONNECT:[ UseTime:0.001000s ] mysql:dbname=db_mc;host=127.0.0.1;port=3306;charset=utf8
[ sql ] [ SQL ] SHOW COLUMNS FROM `mc_auth_rule` [ RunTime:0.000000s ]
[ sql ] [ SQL ] SELECT * FROM `mc_auth_rule` WHERE  (  status = 1 ) ORDER BY `sort` [ RunTime:0.000000s ]
[ sql ] [ SQL ] SHOW COLUMNS FROM `mc_notice` [ RunTime:0.001000s ]
[ sql ] [ SQL ] SELECT COUNT(*) AS tp_count FROM `mc_notice` WHERE  ( `title` LIKE '%1%' OR `content` LIKE '%1%' ) LIMIT 1 [ RunTime:0.000000s ]

---------------------------------------------------------------
[ 2018-05-11T15:57:54+08:00 ] [ sql ] [ DB ] CONNECT:[ UseTime:0.001000s ] mysql:dbname=db_mc;host=127.0.0.1;port=3306;charset=utf8
[ sql ] [ SQL ] SHOW COLUMNS FROM `mc_auth_rule` [ RunTime:0.000000s ]
[ sql ] [ SQL ] SELECT * FROM `mc_auth_rule` WHERE  (  status = 1 ) ORDER BY `sort` [ RunTime:0.000000s ]
[ sql ] [ SQL ] SHOW COLUMNS FROM `mc_notice` [ RunTime:0.001000s ]
[ sql ] [ SQL ] SELECT COUNT(*) AS tp_count FROM `mc_notice` WHERE  ( `title` LIKE '%1%' OR `content` LIKE '%1%' ) LIMIT 1 [ RunTime:0.000000s ]
[ sql ] [ SQL ] SELECT * FROM `mc_notice` WHERE  ( `title` LIKE '%1%' OR `content` LIKE '%1%' ) LIMIT 0,10 [ RunTime:0.000000s ]

---------------------------------------------------------------
[ 2018-05-11T15:57:56+08:00 ] [ sql ] [ DB ] CONNECT:[ UseTime:0.002000s ] mysql:dbname=db_mc;host=127.0.0.1;port=3306;charset=utf8
[ sql ] [ SQL ] SHOW COLUMNS FROM `mc_auth_rule` [ RunTime:0.000000s ]
[ sql ] [ SQL ] SELECT * FROM `mc_auth_rule` WHERE  (  status = 1 ) ORDER BY `sort` [ RunTime:0.000000s ]
[ sql ] [ SQL ] SHOW COLUMNS FROM `mc_notice` [ RunTime:0.002000s ]
[ sql ] [ SQL ] SELECT COUNT(*) AS tp_count FROM `mc_notice` WHERE  ( `title` LIKE '%1%' OR `content` LIKE '%1%' ) LIMIT 1 [ RunTime:0.000000s ]

---------------------------------------------------------------
[ 2018-05-11T15:57:56+08:00 ] [ sql ] [ DB ] CONNECT:[ UseTime:0.011000s ] mysql:dbname=db_mc;host=127.0.0.1;port=3306;charset=utf8
[ sql ] [ SQL ] SHOW COLUMNS FROM `mc_auth_rule` [ RunTime:0.000000s ]
[ sql ] [ SQL ] SELECT * FROM `mc_auth_rule` WHERE  (  status = 1 ) ORDER BY `sort` [ RunTime:0.000000s ]
[ sql ] [ SQL ] SHOW COLUMNS FROM `mc_notice` [ RunTime:0.001000s ]
[ sql ] [ SQL ] SELECT COUNT(*) AS tp_count FROM `mc_notice` WHERE  ( `title` LIKE '%1%' OR `content` LIKE '%1%' ) LIMIT 1 [ RunTime:0.000000s ]
[ sql ] [ SQL ] SELECT * FROM `mc_notice` WHERE  ( `title` LIKE '%1%' OR `content` LIKE '%1%' ) LIMIT 0,10 [ RunTime:0.001000s ]

---------------------------------------------------------------
[ 2018-05-11T15:57:58+08:00 ] [ sql ] [ DB ] CONNECT:[ UseTime:0.010000s ] mysql:dbname=db_mc;host=127.0.0.1;port=3306;charset=utf8
[ sql ] [ SQL ] SHOW COLUMNS FROM `mc_auth_rule` [ RunTime:0.001000s ]
[ sql ] [ SQL ] SELECT * FROM `mc_auth_rule` WHERE  (  status = 1 ) ORDER BY `sort` [ RunTime:0.001000s ]
[ sql ] [ SQL ] SHOW COLUMNS FROM `mc_notice` [ RunTime:0.001000s ]
[ sql ] [ SQL ] SELECT COUNT(*) AS tp_count FROM `mc_notice` LIMIT 1 [ RunTime:0.000000s ]

---------------------------------------------------------------
[ 2018-05-11T15:57:58+08:00 ] [ sql ] [ DB ] CONNECT:[ UseTime:0.002000s ] mysql:dbname=db_mc;host=127.0.0.1;port=3306;charset=utf8
[ sql ] [ SQL ] SHOW COLUMNS FROM `mc_auth_rule` [ RunTime:0.001000s ]
[ sql ] [ SQL ] SELECT * FROM `mc_auth_rule` WHERE  (  status = 1 ) ORDER BY `sort` [ RunTime:0.001000s ]
[ sql ] [ SQL ] SHOW COLUMNS FROM `mc_notice` [ RunTime:0.001000s ]
[ sql ] [ SQL ] SELECT COUNT(*) AS tp_count FROM `mc_notice` LIMIT 1 [ RunTime:0.000000s ]
[ sql ] [ SQL ] SELECT * FROM `mc_notice` LIMIT 0,10 [ RunTime:0.001000s ]

---------------------------------------------------------------
[ 2018-05-11T15:58:37+08:00 ] [ sql ] [ DB ] CONNECT:[ UseTime:0.001000s ] mysql:dbname=db_mc;host=127.0.0.1;port=3306;charset=utf8
[ sql ] [ SQL ] SHOW COLUMNS FROM `mc_auth_rule` [ RunTime:0.001000s ]
[ sql ] [ SQL ] SELECT * FROM `mc_auth_rule` WHERE  (  status = 1 ) ORDER BY `sort` [ RunTime:0.001000s ]
[ sql ] [ SQL ] SHOW COLUMNS FROM `mc_notice` [ RunTime:0.001000s ]
[ sql ] [ SQL ] SELECT COUNT(*) AS tp_count FROM `mc_notice` LIMIT 1 [ RunTime:0.000000s ]

---------------------------------------------------------------
[ 2018-05-11T15:58:37+08:00 ] [ sql ] [ DB ] CONNECT:[ UseTime:0.011000s ] mysql:dbname=db_mc;host=127.0.0.1;port=3306;charset=utf8
[ sql ] [ SQL ] SHOW COLUMNS FROM `mc_auth_rule` [ RunTime:0.001000s ]
[ sql ] [ SQL ] SELECT * FROM `mc_auth_rule` WHERE  (  status = 1 ) ORDER BY `sort` [ RunTime:0.001000s ]
[ sql ] [ SQL ] SHOW COLUMNS FROM `mc_notice` [ RunTime:0.001000s ]
[ sql ] [ SQL ] SELECT COUNT(*) AS tp_count FROM `mc_notice` LIMIT 1 [ RunTime:0.000000s ]
[ sql ] [ SQL ] SELECT * FROM `mc_notice` LIMIT 0,10 [ RunTime:0.000000s ]

---------------------------------------------------------------
[ 2018-05-11T16:10:27+08:00 ] [ sql ] [ DB ] CONNECT:[ UseTime:0.010000s ] mysql:dbname=db_mc;host=127.0.0.1;port=3306;charset=utf8
[ sql ] [ SQL ] SHOW COLUMNS FROM `mc_auth_rule` [ RunTime:0.000000s ]
[ sql ] [ SQL ] SELECT * FROM `mc_auth_rule` WHERE  (  status = 1 ) ORDER BY `sort` [ RunTime:0.000000s ]
[ sql ] [ SQL ] SHOW COLUMNS FROM `mc_notice` [ RunTime:0.001000s ]
[ sql ] [ SQL ] SELECT COUNT(*) AS tp_count FROM `mc_notice` LIMIT 1 [ RunTime:0.001000s ]

---------------------------------------------------------------
[ 2018-05-11T16:10:27+08:00 ] [ sql ] [ DB ] CONNECT:[ UseTime:0.003000s ] mysql:dbname=db_mc;host=127.0.0.1;port=3306;charset=utf8
[ sql ] [ SQL ] SHOW COLUMNS FROM `mc_auth_rule` [ RunTime:0.002000s ]
[ sql ] [ SQL ] SELECT * FROM `mc_auth_rule` WHERE  (  status = 1 ) ORDER BY `sort` [ RunTime:0.000000s ]
[ sql ] [ SQL ] SHOW COLUMNS FROM `mc_notice` [ RunTime:0.001000s ]
[ sql ] [ SQL ] SELECT COUNT(*) AS tp_count FROM `mc_notice` LIMIT 1 [ RunTime:0.000000s ]
[ sql ] [ SQL ] SELECT * FROM `mc_notice` LIMIT 0,10 [ RunTime:0.000000s ]

---------------------------------------------------------------
[ 2018-05-11T16:10:28+08:00 ] [ sql ] [ DB ] CONNECT:[ UseTime:0.010000s ] mysql:dbname=db_mc;host=127.0.0.1;port=3306;charset=utf8
[ sql ] [ SQL ] SHOW COLUMNS FROM `mc_auth_rule` [ RunTime:0.001000s ]
[ sql ] [ SQL ] SELECT * FROM `mc_auth_rule` WHERE  (  status = 1 ) ORDER BY `sort` [ RunTime:0.001000s ]
[ sql ] [ SQL ] SHOW COLUMNS FROM `mc_notice` [ RunTime:0.001000s ]
[ sql ] [ SQL ] SELECT * FROM `mc_notice` WHERE  `id` = 1 LIMIT 1 [ RunTime:0.001000s ]

---------------------------------------------------------------
[ 2018-05-11T16:10:47+08:00 ] [ sql ] [ DB ] CONNECT:[ UseTime:0.010000s ] mysql:dbname=db_mc;host=127.0.0.1;port=3306;charset=utf8
[ sql ] [ SQL ] SHOW COLUMNS FROM `mc_auth_rule` [ RunTime:0.000000s ]
[ sql ] [ SQL ] SELECT * FROM `mc_auth_rule` WHERE  (  status = 1 ) ORDER BY `sort` [ RunTime:0.000000s ]
[ sql ] [ SQL ] SHOW COLUMNS FROM `mc_notice` [ RunTime:0.001000s ]
[ sql ] [ SQL ] SELECT * FROM `mc_notice` WHERE  `id` = 1 LIMIT 1 [ RunTime:0.001000s ]

---------------------------------------------------------------
[ 2018-05-11T16:41:44+08:00 ] [ sql ] [ DB ] CONNECT:[ UseTime:0.011000s ] mysql:dbname=db_mc;host=127.0.0.1;port=3306;charset=utf8
[ sql ] [ SQL ] SHOW COLUMNS FROM `mc_auth_rule` [ RunTime:0.000000s ]
[ sql ] [ SQL ] SELECT * FROM `mc_auth_rule` WHERE  (  status = 1 ) ORDER BY `sort` [ RunTime:0.000000s ]
[ sql ] [ SQL ] SHOW COLUMNS FROM `mc_notice` [ RunTime:0.001000s ]

---------------------------------------------------------------
[ 2018-05-11T16:41:48+08:00 ] [ sql ] [ DB ] CONNECT:[ UseTime:0.010000s ] mysql:dbname=db_mc;host=127.0.0.1;port=3306;charset=utf8
[ sql ] [ SQL ] SHOW COLUMNS FROM `mc_auth_rule` [ RunTime:0.001000s ]
[ sql ] [ SQL ] SELECT * FROM `mc_auth_rule` WHERE  (  status = 1 ) ORDER BY `sort` [ RunTime:0.001000s ]
[ sql ] [ SQL ] SHOW COLUMNS FROM `mc_notice` [ RunTime:0.000000s ]
[ sql ] [ SQL ] SELECT * FROM `mc_notice` WHERE  `id` = 1 LIMIT 1 [ RunTime:0.000000s ]

---------------------------------------------------------------
[ 2018-05-11T16:41:49+08:00 ] [ sql ] [ DB ] CONNECT:[ UseTime:0.010000s ] mysql:dbname=db_mc;host=127.0.0.1;port=3306;charset=utf8
[ sql ] [ SQL ] SHOW COLUMNS FROM `mc_auth_rule` [ RunTime:0.000000s ]
[ sql ] [ SQL ] SELECT * FROM `mc_auth_rule` WHERE  (  status = 1 ) ORDER BY `sort` [ RunTime:0.000000s ]
[ sql ] [ SQL ] SHOW COLUMNS FROM `mc_notice` [ RunTime:0.001000s ]
[ sql ] [ SQL ] UPDATE `mc_notice`  SET `title`='公司高能广告',`content`='<p>关于公司公告</p>',`id`=1,`date`=1526028109  WHERE  `id` = 1 [ RunTime:0.003000s ]

---------------------------------------------------------------
[ 2018-05-11T16:41:51+08:00 ] [ sql ] [ DB ] CONNECT:[ UseTime:0.002000s ] mysql:dbname=db_mc;host=127.0.0.1;port=3306;charset=utf8
[ sql ] [ SQL ] SHOW COLUMNS FROM `mc_auth_rule` [ RunTime:0.001000s ]
[ sql ] [ SQL ] SELECT * FROM `mc_auth_rule` WHERE  (  status = 1 ) ORDER BY `sort` [ RunTime:0.000000s ]
[ sql ] [ SQL ] SHOW COLUMNS FROM `mc_notice` [ RunTime:0.001000s ]
[ sql ] [ SQL ] SELECT COUNT(*) AS tp_count FROM `mc_notice` LIMIT 1 [ RunTime:0.001000s ]

---------------------------------------------------------------
[ 2018-05-11T16:41:51+08:00 ] [ sql ] [ DB ] CONNECT:[ UseTime:0.001000s ] mysql:dbname=db_mc;host=127.0.0.1;port=3306;charset=utf8
[ sql ] [ SQL ] SHOW COLUMNS FROM `mc_auth_rule` [ RunTime:0.000000s ]
[ sql ] [ SQL ] SELECT * FROM `mc_auth_rule` WHERE  (  status = 1 ) ORDER BY `sort` [ RunTime:0.000000s ]
[ sql ] [ SQL ] SHOW COLUMNS FROM `mc_notice` [ RunTime:0.001000s ]
[ sql ] [ SQL ] SELECT COUNT(*) AS tp_count FROM `mc_notice` LIMIT 1 [ RunTime:0.001000s ]
[ sql ] [ SQL ] SELECT * FROM `mc_notice` LIMIT 0,10 [ RunTime:0.001000s ]

---------------------------------------------------------------
[ 2018-05-11T16:41:54+08:00 ] [ sql ] [ DB ] CONNECT:[ UseTime:0.002000s ] mysql:dbname=db_mc;host=127.0.0.1;port=3306;charset=utf8
[ sql ] [ SQL ] SHOW COLUMNS FROM `mc_auth_rule` [ RunTime:0.001000s ]
[ sql ] [ SQL ] SELECT * FROM `mc_auth_rule` WHERE  (  status = 1 ) ORDER BY `sort` [ RunTime:0.000000s ]
[ sql ] [ SQL ] SHOW COLUMNS FROM `mc_notice` [ RunTime:0.000000s ]
[ sql ] [ SQL ] SELECT * FROM `mc_notice` WHERE  `id` = 1 LIMIT 1 [ RunTime:0.001000s ]

---------------------------------------------------------------
[ 2018-05-11T16:41:56+08:00 ] [ sql ] [ DB ] CONNECT:[ UseTime:0.010000s ] mysql:dbname=db_mc;host=127.0.0.1;port=3306;charset=utf8
[ sql ] [ SQL ] SHOW COLUMNS FROM `mc_auth_rule` [ RunTime:0.000000s ]
[ sql ] [ SQL ] SELECT * FROM `mc_auth_rule` WHERE  (  status = 1 ) ORDER BY `sort` [ RunTime:0.000000s ]
[ sql ] [ SQL ] SHOW COLUMNS FROM `mc_notice` [ RunTime:0.001000s ]
[ sql ] [ SQL ] UPDATE `mc_notice`  SET `title`='公司高能广告',`content`='<p>关于公司公告111</p>',`id`=1,`date`=1526028116  WHERE  `id` = 1 [ RunTime:0.003000s ]

---------------------------------------------------------------
[ 2018-05-11T16:41:58+08:00 ] [ sql ] [ DB ] CONNECT:[ UseTime:0.003000s ] mysql:dbname=db_mc;host=127.0.0.1;port=3306;charset=utf8
[ sql ] [ SQL ] SHOW COLUMNS FROM `mc_auth_rule` [ RunTime:0.002000s ]
[ sql ] [ SQL ] SELECT * FROM `mc_auth_rule` WHERE  (  status = 1 ) ORDER BY `sort` [ RunTime:0.002000s ]
[ sql ] [ SQL ] SHOW COLUMNS FROM `mc_notice` [ RunTime:0.000000s ]
[ sql ] [ SQL ] SELECT COUNT(*) AS tp_count FROM `mc_notice` LIMIT 1 [ RunTime:0.000000s ]

---------------------------------------------------------------
[ 2018-05-11T16:41:59+08:00 ] [ sql ] [ DB ] CONNECT:[ UseTime:0.002000s ] mysql:dbname=db_mc;host=127.0.0.1;port=3306;charset=utf8
[ sql ] [ SQL ] SHOW COLUMNS FROM `mc_auth_rule` [ RunTime:0.001000s ]
[ sql ] [ SQL ] SELECT * FROM `mc_auth_rule` WHERE  (  status = 1 ) ORDER BY `sort` [ RunTime:0.001000s ]
[ sql ] [ SQL ] SHOW COLUMNS FROM `mc_notice` [ RunTime:0.001000s ]
[ sql ] [ SQL ] SELECT COUNT(*) AS tp_count FROM `mc_notice` LIMIT 1 [ RunTime:0.001000s ]
[ sql ] [ SQL ] SELECT * FROM `mc_notice` LIMIT 0,10 [ RunTime:0.000000s ]

---------------------------------------------------------------
[ 2018-05-11T16:41:59+08:00 ] [ sql ] [ DB ] CONNECT:[ UseTime:0.010000s ] mysql:dbname=db_mc;host=127.0.0.1;port=3306;charset=utf8
[ sql ] [ SQL ] SHOW COLUMNS FROM `mc_auth_rule` [ RunTime:0.002000s ]
[ sql ] [ SQL ] SELECT * FROM `mc_auth_rule` WHERE  (  status = 1 ) ORDER BY `sort` [ RunTime:0.001000s ]
[ sql ] [ SQL ] SHOW COLUMNS FROM `mc_notice` [ RunTime:0.001000s ]
[ sql ] [ SQL ] SELECT * FROM `mc_notice` WHERE  `id` = 1 LIMIT 1 [ RunTime:0.000000s ]

---------------------------------------------------------------
[ 2018-05-11T16:42:01+08:00 ] [ sql ] [ DB ] CONNECT:[ UseTime:0.011000s ] mysql:dbname=db_mc;host=127.0.0.1;port=3306;charset=utf8
[ sql ] [ SQL ] SHOW COLUMNS FROM `mc_auth_rule` [ RunTime:0.000000s ]
[ sql ] [ SQL ] SELECT * FROM `mc_auth_rule` WHERE  (  status = 1 ) ORDER BY `sort` [ RunTime:0.000000s ]
[ sql ] [ SQL ] SHOW COLUMNS FROM `mc_notice` [ RunTime:0.000000s ]
[ sql ] [ SQL ] UPDATE `mc_notice`  SET `title`='公司高能广告',`content`='<p>关于公司公告111</p>',`id`=1,`date`=1526028121  WHERE  `id` = 1 [ RunTime:0.002000s ]

---------------------------------------------------------------
[ 2018-05-11T16:42:03+08:00 ] [ sql ] [ DB ] CONNECT:[ UseTime:0.002000s ] mysql:dbname=db_mc;host=127.0.0.1;port=3306;charset=utf8
[ sql ] [ SQL ] SHOW COLUMNS FROM `mc_auth_rule` [ RunTime:0.001000s ]
[ sql ] [ SQL ] SELECT * FROM `mc_auth_rule` WHERE  (  status = 1 ) ORDER BY `sort` [ RunTime:0.001000s ]
[ sql ] [ SQL ] SHOW COLUMNS FROM `mc_notice` [ RunTime:0.001000s ]
[ sql ] [ SQL ] SELECT COUNT(*) AS tp_count FROM `mc_notice` LIMIT 1 [ RunTime:0.000000s ]

---------------------------------------------------------------
[ 2018-05-11T16:42:03+08:00 ] [ sql ] [ DB ] CONNECT:[ UseTime:0.001000s ] mysql:dbname=db_mc;host=127.0.0.1;port=3306;charset=utf8
[ sql ] [ SQL ] SHOW COLUMNS FROM `mc_auth_rule` [ RunTime:0.001000s ]
[ sql ] [ SQL ] SELECT * FROM `mc_auth_rule` WHERE  (  status = 1 ) ORDER BY `sort` [ RunTime:0.000000s ]
[ sql ] [ SQL ] SHOW COLUMNS FROM `mc_notice` [ RunTime:0.001000s ]
[ sql ] [ SQL ] SELECT COUNT(*) AS tp_count FROM `mc_notice` LIMIT 1 [ RunTime:0.000000s ]
[ sql ] [ SQL ] SELECT * FROM `mc_notice` LIMIT 0,10 [ RunTime:0.001000s ]

---------------------------------------------------------------
[ 2018-05-11T16:45:08+08:00 ] [ sql ] [ DB ] CONNECT:[ UseTime:0.010000s ] mysql:dbname=db_mc;host=127.0.0.1;port=3306;charset=utf8
[ sql ] [ SQL ] SHOW COLUMNS FROM `mc_auth_rule` [ RunTime:0.001000s ]
[ sql ] [ SQL ] SELECT * FROM `mc_auth_rule` WHERE  (  status = 1 ) ORDER BY `sort` [ RunTime:0.000000s ]
[ sql ] [ SQL ] SHOW COLUMNS FROM `mc_notice` [ RunTime:0.001000s ]
[ sql ] [ SQL ] SELECT COUNT(*) AS tp_count FROM `mc_notice` LIMIT 1 [ RunTime:0.000000s ]

---------------------------------------------------------------
[ 2018-05-11T16:45:08+08:00 ] [ sql ] [ DB ] CONNECT:[ UseTime:0.003000s ] mysql:dbname=db_mc;host=127.0.0.1;port=3306;charset=utf8
[ sql ] [ SQL ] SHOW COLUMNS FROM `mc_auth_rule` [ RunTime:0.001000s ]
[ sql ] [ SQL ] SELECT * FROM `mc_auth_rule` WHERE  (  status = 1 ) ORDER BY `sort` [ RunTime:0.000000s ]
[ sql ] [ SQL ] SHOW COLUMNS FROM `mc_notice` [ RunTime:0.001000s ]
[ sql ] [ SQL ] SELECT COUNT(*) AS tp_count FROM `mc_notice` LIMIT 1 [ RunTime:0.001000s ]
[ sql ] [ SQL ] SELECT * FROM `mc_notice` LIMIT 0,10 [ RunTime:0.000000s ]

---------------------------------------------------------------
[ 2018-05-11T16:45:10+08:00 ] [ sql ] [ DB ] CONNECT:[ UseTime:0.010000s ] mysql:dbname=db_mc;host=127.0.0.1;port=3306;charset=utf8
[ sql ] [ SQL ] SHOW COLUMNS FROM `mc_auth_rule` [ RunTime:0.001000s ]
[ sql ] [ SQL ] SELECT * FROM `mc_auth_rule` WHERE  (  status = 1 ) ORDER BY `sort` [ RunTime:0.001000s ]
[ sql ] [ SQL ] SHOW COLUMNS FROM `mc_notice` [ RunTime:0.001000s ]
[ sql ] [ SQL ] DELETE FROM `mc_notice`    WHERE  `id` = 1 [ RunTime:0.003000s ]

---------------------------------------------------------------
[ 2018-05-11T16:45:10+08:00 ] [ sql ] [ DB ] CONNECT:[ UseTime:0.010000s ] mysql:dbname=db_mc;host=127.0.0.1;port=3306;charset=utf8
[ sql ] [ SQL ] SHOW COLUMNS FROM `mc_auth_rule` [ RunTime:0.001000s ]
[ sql ] [ SQL ] SELECT * FROM `mc_auth_rule` WHERE  (  status = 1 ) ORDER BY `sort` [ RunTime:0.000000s ]
[ sql ] [ SQL ] SHOW COLUMNS FROM `mc_notice` [ RunTime:0.000000s ]
[ sql ] [ SQL ] SELECT COUNT(*) AS tp_count FROM `mc_notice` LIMIT 1 [ RunTime:0.000000s ]
[ sql ] [ SQL ] SELECT * FROM `mc_notice` LIMIT 0,10 [ RunTime:0.000000s ]

---------------------------------------------------------------
[ 2018-05-11T18:02:42+08:00 ] [ sql ] [ DB ] CONNECT:[ UseTime:0.010000s ] mysql:dbname=db_mc;host=127.0.0.1;port=3306;charset=utf8
[ sql ] [ SQL ] SHOW COLUMNS FROM `mc_auth_rule` [ RunTime:0.000000s ]
[ sql ] [ SQL ] SELECT * FROM `mc_auth_rule` WHERE  (  status = 1 ) ORDER BY `sort` [ RunTime:0.000000s ]
[ sql ] [ SQL ] SELECT * FROM `mc_auth_rule` ORDER BY id asc [ RunTime:0.001000s ]

---------------------------------------------------------------
[ 2018-05-11T18:02:58+08:00 ] [ sql ] [ DB ] CONNECT:[ UseTime:0.011000s ] mysql:dbname=db_mc;host=127.0.0.1;port=3306;charset=utf8
[ sql ] [ SQL ] SHOW COLUMNS FROM `mc_auth_rule` [ RunTime:0.000000s ]
[ sql ] [ SQL ] SELECT * FROM `mc_auth_rule` WHERE  (  status = 1 ) ORDER BY `sort` [ RunTime:0.000000s ]
[ sql ] [ SQL ] INSERT INTO `mc_auth_rule` (`pid` , `title` , `name` , `css` , `sort` , `status` , `update_time` , `create_time`) VALUES (1 , '参数配置' , 'admin/params/index' , '' , 50 , 1 , 1526032978 , 1526032978) [ RunTime:0.000000s ]
[ sql ] [ SQL ] SHOW COLUMNS FROM `mc_log` [ RunTime:0.000000s ]
[ sql ] [ SQL ] INSERT INTO `mc_log` (`admin_id` , `admin_name` , `description` , `status` , `ip` , `add_time`) VALUES (1 , 'admins' , '用户【admins】添加菜单成功' , 1 , '127.0.0.1' , 1526032978) [ RunTime:0.001000s ]

---------------------------------------------------------------
[ 2018-05-11T18:03:00+08:00 ] [ sql ] [ DB ] CONNECT:[ UseTime:0.002000s ] mysql:dbname=db_mc;host=127.0.0.1;port=3306;charset=utf8
[ sql ] [ SQL ] SHOW COLUMNS FROM `mc_auth_rule` [ RunTime:0.001000s ]
[ sql ] [ SQL ] SELECT * FROM `mc_auth_rule` WHERE  (  status = 1 ) ORDER BY `sort` [ RunTime:0.001000s ]
[ sql ] [ SQL ] SELECT * FROM `mc_auth_rule` ORDER BY id asc [ RunTime:0.000000s ]

---------------------------------------------------------------
[ 2018-05-11T18:03:15+08:00 ] [ sql ] [ DB ] CONNECT:[ UseTime:0.001000s ] mysql:dbname=db_mc;host=127.0.0.1;port=3306;charset=utf8
[ sql ] [ SQL ] SHOW COLUMNS FROM `mc_auth_rule` [ RunTime:0.001000s ]
[ sql ] [ SQL ] SELECT * FROM `mc_auth_rule` WHERE  (  status = 1 ) ORDER BY `sort` [ RunTime:0.000000s ]

---------------------------------------------------------------
[ 2018-05-11T18:03:15+08:00 ] [ sql ] [ DB ] CONNECT:[ UseTime:0.001000s ] mysql:dbname=db_mc;host=127.0.0.1;port=3306;charset=utf8
[ sql ] [ SQL ] SHOW COLUMNS FROM `mc_auth_rule` [ RunTime:0.002000s ]
[ sql ] [ SQL ] SELECT * FROM `mc_auth_rule` WHERE  (  status = 1 ) ORDER BY `sort` [ RunTime:0.002000s ]
[ sql ] [ SQL ] SHOW COLUMNS FROM `mc_log` [ RunTime:0.001000s ]
[ sql ] [ SQL ] SELECT * FROM `mc_log` ORDER BY log_id desc LIMIT 10 [ RunTime:0.001000s ]

---------------------------------------------------------------
[ 2018-05-11T18:03:18+08:00 ] [ sql ] [ DB ] CONNECT:[ UseTime:0.011000s ] mysql:dbname=db_mc;host=127.0.0.1;port=3306;charset=utf8
[ sql ] [ SQL ] SHOW COLUMNS FROM `mc_auth_rule` [ RunTime:0.001000s ]
[ sql ] [ SQL ] SELECT * FROM `mc_auth_rule` WHERE  (  status = 1 ) ORDER BY `sort` [ RunTime:0.000000s ]
[ sql ] [ SQL ] SHOW COLUMNS FROM `mc_params` [ RunTime:0.001000s ]
[ sql ] [ SQL ] SELECT * FROM `mc_params` [ RunTime:0.001000s ]
[ error ] [8]未定义数组索引: title

---------------------------------------------------------------
[ 2018-05-11T18:03:49+08:00 ] [ sql ] [ DB ] CONNECT:[ UseTime:0.002000s ] mysql:dbname=db_mc;host=127.0.0.1;port=3306;charset=utf8
[ sql ] [ SQL ] SHOW COLUMNS FROM `mc_auth_rule` [ RunTime:0.001000s ]
[ sql ] [ SQL ] SELECT * FROM `mc_auth_rule` WHERE  (  status = 1 ) ORDER BY `sort` [ RunTime:0.001000s ]
[ sql ] [ SQL ] SHOW COLUMNS FROM `mc_params` [ RunTime:0.001000s ]
[ sql ] [ SQL ] SELECT * FROM `mc_params` [ RunTime:0.000000s ]
[ error ] [8]未定义数组索引: value

---------------------------------------------------------------
[ 2018-05-11T18:04:05+08:00 ] [ sql ] [ DB ] CONNECT:[ UseTime:0.001000s ] mysql:dbname=db_mc;host=127.0.0.1;port=3306;charset=utf8
[ sql ] [ SQL ] SHOW COLUMNS FROM `mc_auth_rule` [ RunTime:0.001000s ]
[ sql ] [ SQL ] SELECT * FROM `mc_auth_rule` WHERE  (  status = 1 ) ORDER BY `sort` [ RunTime:0.001000s ]
[ sql ] [ SQL ] SHOW COLUMNS FROM `mc_params` [ RunTime:0.001000s ]
[ sql ] [ SQL ] SELECT * FROM `mc_params` [ RunTime:0.000000s ]

---------------------------------------------------------------
[ 2018-05-11T18:04:23+08:00 ] [ sql ] [ DB ] CONNECT:[ UseTime:0.011000s ] mysql:dbname=db_mc;host=127.0.0.1;port=3306;charset=utf8
[ sql ] [ SQL ] SHOW COLUMNS FROM `mc_auth_rule` [ RunTime:0.000000s ]
[ sql ] [ SQL ] SELECT * FROM `mc_auth_rule` WHERE  (  status = 1 ) ORDER BY `sort` [ RunTime:0.000000s ]
[ sql ] [ SQL ] SHOW COLUMNS FROM `mc_params` [ RunTime:0.001000s ]
[ sql ] [ SQL ] SELECT * FROM `mc_params` [ RunTime:0.000000s ]

---------------------------------------------------------------
[ 2018-05-11T18:07:00+08:00 ] [ sql ] [ DB ] CONNECT:[ UseTime:0.010000s ] mysql:dbname=db_mc;host=127.0.0.1;port=3306;charset=utf8
[ sql ] [ SQL ] SHOW COLUMNS FROM `mc_auth_rule` [ RunTime:0.001000s ]
[ sql ] [ SQL ] SELECT * FROM `mc_auth_rule` WHERE  (  status = 1 ) ORDER BY `sort` [ RunTime:0.001000s ]
[ sql ] [ SQL ] SHOW COLUMNS FROM `mc_params` [ RunTime:0.001000s ]
[ sql ] [ SQL ] SELECT * FROM `mc_params` [ RunTime:0.001000s ]

---------------------------------------------------------------
[ 2018-05-11T18:07:10+08:00 ] [ sql ] [ DB ] CONNECT:[ UseTime:0.001000s ] mysql:dbname=db_mc;host=127.0.0.1;port=3306;charset=utf8
[ sql ] [ SQL ] SHOW COLUMNS FROM `mc_auth_rule` [ RunTime:0.001000s ]
[ sql ] [ SQL ] SELECT * FROM `mc_auth_rule` WHERE  (  status = 1 ) ORDER BY `sort` [ RunTime:0.000000s ]
[ sql ] [ SQL ] SHOW COLUMNS FROM `mc_params` [ RunTime:0.001000s ]
[ sql ] [ SQL ] SELECT * FROM `mc_params` [ RunTime:0.001000s ]

---------------------------------------------------------------
[ 2018-05-11T18:07:27+08:00 ] [ sql ] [ DB ] CONNECT:[ UseTime:0.002000s ] mysql:dbname=db_mc;host=127.0.0.1;port=3306;charset=utf8
[ sql ] [ SQL ] SHOW COLUMNS FROM `mc_auth_rule` [ RunTime:0.001000s ]
[ sql ] [ SQL ] SELECT * FROM `mc_auth_rule` WHERE  (  status = 1 ) ORDER BY `sort` [ RunTime:0.001000s ]
[ sql ] [ SQL ] SHOW COLUMNS FROM `mc_params` [ RunTime:0.002000s ]
[ sql ] [ SQL ] SELECT * FROM `mc_params` [ RunTime:0.001000s ]

---------------------------------------------------------------
[ 2018-05-11T18:07:42+08:00 ] [ sql ] [ DB ] CONNECT:[ UseTime:0.001000s ] mysql:dbname=db_mc;host=127.0.0.1;port=3306;charset=utf8
[ sql ] [ SQL ] SHOW COLUMNS FROM `mc_auth_rule` [ RunTime:0.001000s ]
[ sql ] [ SQL ] SELECT * FROM `mc_auth_rule` WHERE  (  status = 1 ) ORDER BY `sort` [ RunTime:0.000000s ]
[ sql ] [ SQL ] SHOW COLUMNS FROM `mc_params` [ RunTime:0.001000s ]
[ sql ] [ SQL ] SELECT * FROM `mc_params` [ RunTime:0.001000s ]

---------------------------------------------------------------
