[ 2018-05-14T09:27:21+08:00 ] [ sql ] [ DB ] CONNECT:[ UseTime:0.013000s ] mysql:dbname=db_mc;host=127.0.0.1;port=3306;charset=utf8
[ sql ] [ SQL ] SHOW COLUMNS FROM `mc_admin` [ RunTime:0.006000s ]
[ sql ] [ SQL ] SELECT * FROM `mc_admin` WHERE  `username` = 'admins' LIMIT 1 [ RunTime:0.000000s ]
[ sql ] [ SQL ] SHOW COLUMNS FROM `mc_auth_group` [ RunTime:0.002000s ]
[ sql ] [ SQL ] SELECT * FROM `mc_auth_group` WHERE  `id` = 1 LIMIT 1 [ RunTime:0.001000s ]
[ sql ] [ SQL ] SHOW COLUMNS FROM `mc_auth_rule` [ RunTime:0.001000s ]
[ sql ] [ SQL ] SELECT `name` FROM `mc_auth_rule` [ RunTime:0.001000s ]
[ sql ] [ SQL ] UPDATE `mc_admin`  SET `loginnum`=279,`last_login_ip`='127.0.0.1',`last_login_time`=1526261241  WHERE  `id` = 1 [ RunTime:0.001000s ]
[ sql ] [ SQL ] SHOW COLUMNS FROM `mc_log` [ RunTime:0.001000s ]
[ sql ] [ SQL ] INSERT INTO `mc_log` (`admin_id` , `admin_name` , `description` , `status` , `ip` , `add_time`) VALUES (1 , 'admins' , '用户【admins】登录成功' , 1 , '127.0.0.1' , 1526261241) [ RunTime:0.002000s ]

---------------------------------------------------------------
[ 2018-05-14T09:27:23+08:00 ] [ sql ] [ DB ] CONNECT:[ UseTime:0.002000s ] mysql:dbname=db_mc;host=127.0.0.1;port=3306;charset=utf8
[ sql ] [ SQL ] SHOW COLUMNS FROM `mc_auth_rule` [ RunTime:0.001000s ]
[ sql ] [ SQL ] SELECT * FROM `mc_auth_rule` WHERE  (  status = 1 ) ORDER BY `sort` [ RunTime:0.000000s ]

---------------------------------------------------------------
[ 2018-05-14T09:27:23+08:00 ] [ sql ] [ DB ] CONNECT:[ UseTime:0.001000s ] mysql:dbname=db_mc;host=127.0.0.1;port=3306;charset=utf8
[ sql ] [ SQL ] SHOW COLUMNS FROM `mc_auth_rule` [ RunTime:0.001000s ]
[ sql ] [ SQL ] SELECT * FROM `mc_auth_rule` WHERE  (  status = 1 ) ORDER BY `sort` [ RunTime:0.002000s ]
[ sql ] [ SQL ] SHOW COLUMNS FROM `mc_log` [ RunTime:0.001000s ]
[ sql ] [ SQL ] SELECT * FROM `mc_log` ORDER BY log_id desc LIMIT 10 [ RunTime:0.000000s ]

---------------------------------------------------------------
[ 2018-05-14T09:27:33+08:00 ] [ sql ] [ DB ] CONNECT:[ UseTime:0.002000s ] mysql:dbname=db_mc;host=127.0.0.1;port=3306;charset=utf8
[ sql ] [ SQL ] SHOW COLUMNS FROM `mc_auth_rule` [ RunTime:0.002000s ]
[ sql ] [ SQL ] SELECT * FROM `mc_auth_rule` WHERE  (  status = 1 ) ORDER BY `sort` [ RunTime:0.001000s ]
[ sql ] [ SQL ] SHOW COLUMNS FROM `mc_params` [ RunTime:0.004000s ]
[ sql ] [ SQL ] SELECT * FROM `mc_params` [ RunTime:0.000000s ]

---------------------------------------------------------------
[ 2018-05-14T09:27:59+08:00 ] [ sql ] [ DB ] CONNECT:[ UseTime:0.001000s ] mysql:dbname=db_mc;host=127.0.0.1;port=3306;charset=utf8
[ sql ] [ SQL ] SHOW COLUMNS FROM `mc_auth_rule` [ RunTime:0.001000s ]
[ sql ] [ SQL ] SELECT * FROM `mc_auth_rule` WHERE  (  status = 1 ) ORDER BY `sort` [ RunTime:0.000000s ]
[ sql ] [ SQL ] SHOW COLUMNS FROM `mc_params` [ RunTime:0.001000s ]
[ sql ] [ SQL ] SELECT * FROM `mc_params` [ RunTime:0.001000s ]

---------------------------------------------------------------
[ 2018-05-14T09:28:04+08:00 ] [ sql ] [ DB ] CONNECT:[ UseTime:0.001000s ] mysql:dbname=db_mc;host=127.0.0.1;port=3306;charset=utf8
[ sql ] [ SQL ] SHOW COLUMNS FROM `mc_auth_rule` [ RunTime:0.001000s ]
[ sql ] [ SQL ] SELECT * FROM `mc_auth_rule` WHERE  (  status = 1 ) ORDER BY `sort` [ RunTime:0.000000s ]
[ sql ] [ SQL ] SHOW COLUMNS FROM `mc_params` [ RunTime:0.001000s ]
[ sql ] [ SQL ] SELECT * FROM `mc_params` [ RunTime:0.000000s ]

---------------------------------------------------------------
[ 2018-05-14T10:16:56+08:00 ] [ sql ] [ DB ] CONNECT:[ UseTime:0.001000s ] mysql:dbname=db_mc;host=127.0.0.1;port=3306;charset=utf8
[ sql ] [ SQL ] SHOW COLUMNS FROM `mc_auth_rule` [ RunTime:0.001000s ]
[ sql ] [ SQL ] SELECT * FROM `mc_auth_rule` WHERE  (  status = 1 ) ORDER BY `sort` [ RunTime:0.001000s ]
[ sql ] [ SQL ] SHOW COLUMNS FROM `mc_params` [ RunTime:0.001000s ]
[ sql ] [ SQL ] SELECT * FROM `mc_params` [ RunTime:0.000000s ]

---------------------------------------------------------------
[ 2018-05-14T10:16:58+08:00 ] [ sql ] [ DB ] CONNECT:[ UseTime:0.010000s ] mysql:dbname=db_mc;host=127.0.0.1;port=3306;charset=utf8
[ sql ] [ SQL ] SHOW COLUMNS FROM `mc_auth_rule` [ RunTime:0.000000s ]
[ sql ] [ SQL ] SELECT * FROM `mc_auth_rule` WHERE  (  status = 1 ) ORDER BY `sort` [ RunTime:0.000000s ]
[ sql ] [ SQL ] SHOW COLUMNS FROM `mc_params` [ RunTime:0.001000s ]
[ sql ] [ SQL ] SELECT * FROM `mc_params` [ RunTime:0.000000s ]

---------------------------------------------------------------
[ 2018-05-14T10:18:10+08:00 ] [ sql ] [ DB ] CONNECT:[ UseTime:0.010000s ] mysql:dbname=db_mc;host=127.0.0.1;port=3306;charset=utf8
[ sql ] [ SQL ] SHOW COLUMNS FROM `mc_auth_rule` [ RunTime:0.001000s ]
[ sql ] [ SQL ] SELECT * FROM `mc_auth_rule` WHERE  (  status = 1 ) ORDER BY `sort` [ RunTime:0.000000s ]
[ sql ] [ SQL ] SHOW COLUMNS FROM `mc_params` [ RunTime:0.001000s ]
[ sql ] [ SQL ] SELECT * FROM `mc_params` [ RunTime:0.001000s ]

---------------------------------------------------------------
[ 2018-05-14T10:18:11+08:00 ] [ sql ] [ DB ] CONNECT:[ UseTime:0.010000s ] mysql:dbname=db_mc;host=127.0.0.1;port=3306;charset=utf8
[ sql ] [ SQL ] SHOW COLUMNS FROM `mc_auth_rule` [ RunTime:0.000000s ]
[ sql ] [ SQL ] SELECT * FROM `mc_auth_rule` WHERE  (  status = 1 ) ORDER BY `sort` [ RunTime:0.000000s ]
[ sql ] [ SQL ] SHOW COLUMNS FROM `mc_params` [ RunTime:0.002000s ]
[ sql ] [ SQL ] SELECT * FROM `mc_params` [ RunTime:0.001000s ]

---------------------------------------------------------------
[ 2018-05-14T10:23:23+08:00 ] [ sql ] [ DB ] CONNECT:[ UseTime:0.001000s ] mysql:dbname=db_mc;host=127.0.0.1;port=3306;charset=utf8
[ sql ] [ SQL ] SHOW COLUMNS FROM `mc_auth_rule` [ RunTime:0.000000s ]
[ sql ] [ SQL ] SELECT * FROM `mc_auth_rule` WHERE  (  status = 1 ) ORDER BY `sort` [ RunTime:0.000000s ]
[ sql ] [ SQL ] SHOW COLUMNS FROM `mc_params` [ RunTime:0.001000s ]
[ sql ] [ SQL ] SELECT * FROM `mc_params` [ RunTime:0.000000s ]

---------------------------------------------------------------
[ 2018-05-14T10:54:10+08:00 ] [ sql ] [ DB ] CONNECT:[ UseTime:0.010000s ] mysql:dbname=db_mc;host=127.0.0.1;port=3306;charset=utf8
[ sql ] [ SQL ] SHOW COLUMNS FROM `mc_auth_rule` [ RunTime:0.000000s ]
[ sql ] [ SQL ] SELECT * FROM `mc_auth_rule` WHERE  (  status = 1 ) ORDER BY `sort` [ RunTime:0.000000s ]
[ sql ] [ SQL ] SHOW COLUMNS FROM `mc_params` [ RunTime:0.001000s ]
[ sql ] [ SQL ] UPDATE `mc_params`  SET `value`='40'  WHERE  `key` = 'return_all' [ RunTime:0.002000s ]
[ sql ] [ SQL ] UPDATE `mc_params`  SET `value`='40'  WHERE  `key` = 'return_001' [ RunTime:0.000000s ]
[ sql ] [ SQL ] UPDATE `mc_params`  SET `value`='25'  WHERE  `key` = 'return_002' [ RunTime:0.001000s ]
[ sql ] [ SQL ] UPDATE `mc_params`  SET `value`='20'  WHERE  `key` = 'return_003' [ RunTime:0.000000s ]
[ sql ] [ SQL ] UPDATE `mc_params`  SET `value`='15'  WHERE  `key` = 'return_004' [ RunTime:0.000000s ]
[ sql ] [ SQL ] UPDATE `mc_params`  SET `value`='10'  WHERE  `key` = 'return_none' [ RunTime:0.001000s ]
[ sql ] [ SQL ] UPDATE `mc_params`  SET `value`='80'  WHERE  `key` = 'commission' [ RunTime:0.000000s ]
[ sql ] [ SQL ] UPDATE `mc_params`  SET `value`='20'  WHERE  `key` = 'performance' [ RunTime:0.000000s ]
[ sql ] [ SQL ] UPDATE `mc_params`  SET `value`='30'  WHERE  `key` = 'performance_001' [ RunTime:0.000000s ]

---------------------------------------------------------------
[ 2018-05-14T10:54:19+08:00 ] [ sql ] [ DB ] CONNECT:[ UseTime:0.002000s ] mysql:dbname=db_mc;host=127.0.0.1;port=3306;charset=utf8
[ sql ] [ SQL ] SHOW COLUMNS FROM `mc_auth_rule` [ RunTime:0.001000s ]
[ sql ] [ SQL ] SELECT * FROM `mc_auth_rule` WHERE  (  status = 1 ) ORDER BY `sort` [ RunTime:0.001000s ]
[ sql ] [ SQL ] SHOW COLUMNS FROM `mc_params` [ RunTime:0.001000s ]
[ sql ] [ SQL ] UPDATE `mc_params`  SET `value`='40'  WHERE  `key` = 'return_all' [ RunTime:0.001000s ]
[ sql ] [ SQL ] UPDATE `mc_params`  SET `value`='40'  WHERE  `key` = 'return_001' [ RunTime:0.001000s ]
[ sql ] [ SQL ] UPDATE `mc_params`  SET `value`='25'  WHERE  `key` = 'return_002' [ RunTime:0.000000s ]
[ sql ] [ SQL ] UPDATE `mc_params`  SET `value`='20'  WHERE  `key` = 'return_003' [ RunTime:0.001000s ]
[ sql ] [ SQL ] UPDATE `mc_params`  SET `value`='15'  WHERE  `key` = 'return_004' [ RunTime:0.000000s ]
[ sql ] [ SQL ] UPDATE `mc_params`  SET `value`='10'  WHERE  `key` = 'return_none' [ RunTime:0.000000s ]
[ sql ] [ SQL ] UPDATE `mc_params`  SET `value`='80'  WHERE  `key` = 'commission' [ RunTime:0.000000s ]
[ sql ] [ SQL ] UPDATE `mc_params`  SET `value`='20'  WHERE  `key` = 'performance' [ RunTime:0.000000s ]
[ sql ] [ SQL ] UPDATE `mc_params`  SET `value`='30'  WHERE  `key` = 'performance_001' [ RunTime:0.001000s ]

---------------------------------------------------------------
[ 2018-05-14T10:55:54+08:00 ] [ sql ] [ DB ] CONNECT:[ UseTime:0.003000s ] mysql:dbname=db_mc;host=127.0.0.1;port=3306;charset=utf8
[ sql ] [ SQL ] SHOW COLUMNS FROM `mc_auth_rule` [ RunTime:0.002000s ]
[ sql ] [ SQL ] SELECT * FROM `mc_auth_rule` WHERE  (  status = 1 ) ORDER BY `sort` [ RunTime:0.001000s ]
[ sql ] [ SQL ] SELECT * FROM `mc_auth_rule` ORDER BY id asc [ RunTime:0.001000s ]

---------------------------------------------------------------
[ 2018-05-14T10:56:08+08:00 ] [ sql ] [ DB ] CONNECT:[ UseTime:0.010000s ] mysql:dbname=db_mc;host=127.0.0.1;port=3306;charset=utf8
[ sql ] [ SQL ] SHOW COLUMNS FROM `mc_auth_rule` [ RunTime:0.000000s ]
[ sql ] [ SQL ] SELECT * FROM `mc_auth_rule` WHERE  (  status = 1 ) ORDER BY `sort` [ RunTime:0.000000s ]
[ sql ] [ SQL ] DELETE FROM `mc_auth_rule`    WHERE  `id` = 135 [ RunTime:0.001000s ]
[ sql ] [ SQL ] SHOW COLUMNS FROM `mc_log` [ RunTime:0.001000s ]
[ sql ] [ SQL ] INSERT INTO `mc_log` (`admin_id` , `admin_name` , `description` , `status` , `ip` , `add_time`) VALUES (1 , 'admins' , '用户【admins】删除菜单成功' , 1 , '127.0.0.1' , 1526266568) [ RunTime:0.001000s ]

---------------------------------------------------------------
[ 2018-05-14T10:56:10+08:00 ] [ sql ] [ DB ] CONNECT:[ UseTime:0.010000s ] mysql:dbname=db_mc;host=127.0.0.1;port=3306;charset=utf8
[ sql ] [ SQL ] SHOW COLUMNS FROM `mc_auth_rule` [ RunTime:0.000000s ]
[ sql ] [ SQL ] SELECT * FROM `mc_auth_rule` WHERE  (  status = 1 ) ORDER BY `sort` [ RunTime:0.000000s ]

---------------------------------------------------------------
[ 2018-05-14T10:56:10+08:00 ] [ sql ] [ DB ] CONNECT:[ UseTime:0.010000s ] mysql:dbname=db_mc;host=127.0.0.1;port=3306;charset=utf8
[ sql ] [ SQL ] SHOW COLUMNS FROM `mc_auth_rule` [ RunTime:0.001000s ]
[ sql ] [ SQL ] SELECT * FROM `mc_auth_rule` WHERE  (  status = 1 ) ORDER BY `sort` [ RunTime:0.001000s ]
[ sql ] [ SQL ] SHOW COLUMNS FROM `mc_log` [ RunTime:0.001000s ]
[ sql ] [ SQL ] SELECT * FROM `mc_log` ORDER BY log_id desc LIMIT 10 [ RunTime:0.000000s ]

---------------------------------------------------------------
[ 2018-05-14T14:25:40+08:00 ] [ sql ] [ DB ] CONNECT:[ UseTime:0.012000s ] mysql:dbname=db_mc;host=127.0.0.1;port=3306;charset=utf8
[ sql ] [ SQL ] SHOW COLUMNS FROM `mc_auth_rule` [ RunTime:0.001000s ]
[ sql ] [ SQL ] SELECT * FROM `mc_auth_rule` WHERE  (  status = 1 ) ORDER BY `sort` [ RunTime:0.002000s ]
[ sql ] [ SQL ] SELECT * FROM `mc_auth_rule` ORDER BY id asc [ RunTime:0.000000s ]

---------------------------------------------------------------
[ 2018-05-14T14:26:39+08:00 ] [ sql ] [ DB ] CONNECT:[ UseTime:0.010000s ] mysql:dbname=db_mc;host=127.0.0.1;port=3306;charset=utf8
[ sql ] [ SQL ] SHOW COLUMNS FROM `mc_auth_rule` [ RunTime:0.001000s ]
[ sql ] [ SQL ] SELECT * FROM `mc_auth_rule` WHERE  (  status = 1 ) ORDER BY `sort` [ RunTime:0.001000s ]
[ sql ] [ SQL ] INSERT INTO `mc_auth_rule` (`pid` , `title` , `name` , `css` , `sort` , `status` , `update_time` , `create_time`) VALUES (139 , '培训课程' , 'admin/course/index' , '' , 50 , 1 , 1526279199 , 1526279199) [ RunTime:0.000000s ]
[ sql ] [ SQL ] SHOW COLUMNS FROM `mc_log` [ RunTime:0.001000s ]
[ sql ] [ SQL ] INSERT INTO `mc_log` (`admin_id` , `admin_name` , `description` , `status` , `ip` , `add_time`) VALUES (1 , 'admins' , '用户【admins】添加菜单成功' , 1 , '127.0.0.1' , 1526279199) [ RunTime:0.001000s ]

---------------------------------------------------------------
[ 2018-05-14T14:26:40+08:00 ] [ sql ] [ DB ] CONNECT:[ UseTime:0.003000s ] mysql:dbname=db_mc;host=127.0.0.1;port=3306;charset=utf8
[ sql ] [ SQL ] SHOW COLUMNS FROM `mc_auth_rule` [ RunTime:0.001000s ]
[ sql ] [ SQL ] SELECT * FROM `mc_auth_rule` WHERE  (  status = 1 ) ORDER BY `sort` [ RunTime:0.000000s ]
[ sql ] [ SQL ] SELECT * FROM `mc_auth_rule` ORDER BY id asc [ RunTime:0.001000s ]

---------------------------------------------------------------
[ 2018-05-14T14:26:41+08:00 ] [ sql ] [ DB ] CONNECT:[ UseTime:0.002000s ] mysql:dbname=db_mc;host=127.0.0.1;port=3306;charset=utf8
[ sql ] [ SQL ] SHOW COLUMNS FROM `mc_auth_rule` [ RunTime:0.001000s ]
[ sql ] [ SQL ] SELECT * FROM `mc_auth_rule` WHERE  (  status = 1 ) ORDER BY `sort` [ RunTime:0.001000s ]

---------------------------------------------------------------
[ 2018-05-14T14:26:41+08:00 ] [ sql ] [ DB ] CONNECT:[ UseTime:0.002000s ] mysql:dbname=db_mc;host=127.0.0.1;port=3306;charset=utf8
[ sql ] [ SQL ] SHOW COLUMNS FROM `mc_auth_rule` [ RunTime:0.001000s ]
[ sql ] [ SQL ] SELECT * FROM `mc_auth_rule` WHERE  (  status = 1 ) ORDER BY `sort` [ RunTime:0.001000s ]
[ sql ] [ SQL ] SHOW COLUMNS FROM `mc_log` [ RunTime:0.001000s ]
[ sql ] [ SQL ] SELECT * FROM `mc_log` ORDER BY log_id desc LIMIT 10 [ RunTime:0.001000s ]

---------------------------------------------------------------
[ 2018-05-14T14:26:44+08:00 ] [ sql ] [ DB ] CONNECT:[ UseTime:0.012000s ] mysql:dbname=db_mc;host=127.0.0.1;port=3306;charset=utf8
[ sql ] [ SQL ] SHOW COLUMNS FROM `mc_auth_rule` [ RunTime:0.001000s ]
[ sql ] [ SQL ] SELECT * FROM `mc_auth_rule` WHERE  (  status = 1 ) ORDER BY `sort` [ RunTime:0.000000s ]
[ sql ] [ SQL ] SHOW COLUMNS FROM `mc_course` [ RunTime:0.001000s ]
[ sql ] [ SQL ] SELECT COUNT(*) AS tp_count FROM `mc_course` LIMIT 1 [ RunTime:0.002000s ]

---------------------------------------------------------------
[ 2018-05-14T14:26:44+08:00 ] [ sql ] [ DB ] CONNECT:[ UseTime:0.011000s ] mysql:dbname=db_mc;host=127.0.0.1;port=3306;charset=utf8
[ sql ] [ SQL ] SHOW COLUMNS FROM `mc_auth_rule` [ RunTime:0.002000s ]
[ sql ] [ SQL ] SELECT * FROM `mc_auth_rule` WHERE  (  status = 1 ) ORDER BY `sort` [ RunTime:0.001000s ]
[ sql ] [ SQL ] SHOW COLUMNS FROM `mc_course` [ RunTime:0.001000s ]
[ sql ] [ SQL ] SELECT COUNT(*) AS tp_count FROM `mc_course` LIMIT 1 [ RunTime:0.000000s ]
[ sql ] [ SQL ] SELECT * FROM `mc_course` LIMIT 0,10 [ RunTime:0.001000s ]

---------------------------------------------------------------
[ 2018-05-14T14:26:46+08:00 ] [ sql ] [ DB ] CONNECT:[ UseTime:0.002000s ] mysql:dbname=db_mc;host=127.0.0.1;port=3306;charset=utf8
[ sql ] [ SQL ] SHOW COLUMNS FROM `mc_auth_rule` [ RunTime:0.001000s ]
[ sql ] [ SQL ] SELECT * FROM `mc_auth_rule` WHERE  (  status = 1 ) ORDER BY `sort` [ RunTime:0.001000s ]
[ error ] [0]模板文件不存在:E:\workplace\mc/application/admin\view\course\add.html

---------------------------------------------------------------
[ 2018-05-14T14:27:52+08:00 ] [ sql ] [ DB ] CONNECT:[ UseTime:0.005000s ] mysql:dbname=db_mc;host=127.0.0.1;port=3306;charset=utf8
[ sql ] [ SQL ] SHOW COLUMNS FROM `mc_auth_rule` [ RunTime:0.004000s ]
[ sql ] [ SQL ] SELECT * FROM `mc_auth_rule` WHERE  (  status = 1 ) ORDER BY `sort` [ RunTime:0.001000s ]
[ sql ] [ SQL ] SHOW COLUMNS FROM `mc_course` [ RunTime:0.004000s ]
[ sql ] [ SQL ] SELECT COUNT(*) AS tp_count FROM `mc_course` LIMIT 1 [ RunTime:0.001000s ]

---------------------------------------------------------------
[ 2018-05-14T14:27:52+08:00 ] [ sql ] [ DB ] CONNECT:[ UseTime:0.002000s ] mysql:dbname=db_mc;host=127.0.0.1;port=3306;charset=utf8
[ sql ] [ SQL ] SHOW COLUMNS FROM `mc_auth_rule` [ RunTime:0.001000s ]
[ sql ] [ SQL ] SELECT * FROM `mc_auth_rule` WHERE  (  status = 1 ) ORDER BY `sort` [ RunTime:0.000000s ]
[ sql ] [ SQL ] SHOW COLUMNS FROM `mc_course` [ RunTime:0.003000s ]
[ sql ] [ SQL ] SELECT COUNT(*) AS tp_count FROM `mc_course` LIMIT 1 [ RunTime:0.000000s ]
[ sql ] [ SQL ] SELECT * FROM `mc_course` LIMIT 0,10 [ RunTime:0.001000s ]

---------------------------------------------------------------
[ 2018-05-14T14:27:53+08:00 ] [ sql ] [ DB ] CONNECT:[ UseTime:0.011000s ] mysql:dbname=db_mc;host=127.0.0.1;port=3306;charset=utf8
[ sql ] [ SQL ] SHOW COLUMNS FROM `mc_auth_rule` [ RunTime:0.001000s ]
[ sql ] [ SQL ] SELECT * FROM `mc_auth_rule` WHERE  (  status = 1 ) ORDER BY `sort` [ RunTime:0.000000s ]

---------------------------------------------------------------
[ 2018-05-14T14:35:09+08:00 ] [ sql ] [ DB ] CONNECT:[ UseTime:0.001000s ] mysql:dbname=db_mc;host=127.0.0.1;port=3306;charset=utf8
[ sql ] [ SQL ] SHOW COLUMNS FROM `mc_auth_rule` [ RunTime:0.001000s ]
[ sql ] [ SQL ] SELECT * FROM `mc_auth_rule` WHERE  (  status = 1 ) ORDER BY `sort` [ RunTime:0.001000s ]

---------------------------------------------------------------
[ 2018-05-14T14:35:22+08:00 ] [ sql ] [ DB ] CONNECT:[ UseTime:0.011000s ] mysql:dbname=db_mc;host=127.0.0.1;port=3306;charset=utf8
[ sql ] [ SQL ] SHOW COLUMNS FROM `mc_auth_rule` [ RunTime:0.001000s ]
[ sql ] [ SQL ] SELECT * FROM `mc_auth_rule` WHERE  (  status = 1 ) ORDER BY `sort` [ RunTime:0.000000s ]
[ sql ] [ SQL ] SHOW COLUMNS FROM `mc_course` [ RunTime:0.001000s ]
[ sql ] [ SQL ] INSERT INTO `mc_course` (`title` , `content` , `times` , `date` , `user`) VALUES ('培训课程' , '<pre style=\"background-color: rgb(255, 255, 255); font-family: Consolas; font-size: 12pt;\">course</pre><pre style=\"background-color: rgb(255, 255, 255); font-family: Consolas; font-size: 12pt;\">course</pre><pre style=\"background-color: rgb(255, 255, 255); font-family: Consolas; font-size: 12pt;\">course</pre><pre style=\"background-color: rgb(255, 255, 255); font-family: Consolas; font-size: 12pt;\">course</pre><pre style=\"background-color: rgb(255, 255, 255); font-family: Consolas; font-size: 12pt;\">course</pre><pre style=\"background-color: rgb(255, 255, 255); font-family: Consolas; font-size: 12pt;\">course</pre><pre style=\"background-color: rgb(255, 255, 255); font-family: Consolas; font-size: 12pt;\">course</pre><pre style=\"background-color: rgb(255, 255, 255); font-family: Consolas; font-size: 12pt;\">course</pre><p><br/></p>' , 0 , 1526279722 , 1) [ RunTime:0.003000s ]

---------------------------------------------------------------
[ 2018-05-14T14:35:24+08:00 ] [ sql ] [ DB ] CONNECT:[ UseTime:0.001000s ] mysql:dbname=db_mc;host=127.0.0.1;port=3306;charset=utf8
[ sql ] [ SQL ] SHOW COLUMNS FROM `mc_auth_rule` [ RunTime:0.000000s ]
[ sql ] [ SQL ] SELECT * FROM `mc_auth_rule` WHERE  (  status = 1 ) ORDER BY `sort` [ RunTime:0.000000s ]
[ sql ] [ SQL ] SHOW COLUMNS FROM `mc_course` [ RunTime:0.001000s ]
[ sql ] [ SQL ] SELECT COUNT(*) AS tp_count FROM `mc_course` LIMIT 1 [ RunTime:0.001000s ]

---------------------------------------------------------------
[ 2018-05-14T14:35:24+08:00 ] [ sql ] [ DB ] CONNECT:[ UseTime:0.010000s ] mysql:dbname=db_mc;host=127.0.0.1;port=3306;charset=utf8
[ sql ] [ SQL ] SHOW COLUMNS FROM `mc_auth_rule` [ RunTime:0.000000s ]
[ sql ] [ SQL ] SELECT * FROM `mc_auth_rule` WHERE  (  status = 1 ) ORDER BY `sort` [ RunTime:0.000000s ]
[ sql ] [ SQL ] SHOW COLUMNS FROM `mc_course` [ RunTime:0.001000s ]
[ sql ] [ SQL ] SELECT COUNT(*) AS tp_count FROM `mc_course` LIMIT 1 [ RunTime:0.000000s ]
[ sql ] [ SQL ] SELECT * FROM `mc_course` LIMIT 0,10 [ RunTime:0.000000s ]

---------------------------------------------------------------
[ 2018-05-14T14:35:33+08:00 ] [ sql ] [ DB ] CONNECT:[ UseTime:0.002000s ] mysql:dbname=db_mc;host=127.0.0.1;port=3306;charset=utf8
[ sql ] [ SQL ] SHOW COLUMNS FROM `mc_auth_rule` [ RunTime:0.001000s ]
[ sql ] [ SQL ] SELECT * FROM `mc_auth_rule` WHERE  (  status = 1 ) ORDER BY `sort` [ RunTime:0.001000s ]
[ sql ] [ SQL ] SHOW COLUMNS FROM `mc_course` [ RunTime:0.001000s ]
[ sql ] [ SQL ] SELECT * FROM `mc_course` WHERE  `id` = 1 LIMIT 1 [ RunTime:0.001000s ]

---------------------------------------------------------------
[ 2018-05-14T14:35:36+08:00 ] [ sql ] [ DB ] CONNECT:[ UseTime:0.012000s ] mysql:dbname=db_mc;host=127.0.0.1;port=3306;charset=utf8
[ sql ] [ SQL ] SHOW COLUMNS FROM `mc_auth_rule` [ RunTime:0.002000s ]
[ sql ] [ SQL ] SELECT * FROM `mc_auth_rule` WHERE  (  status = 1 ) ORDER BY `sort` [ RunTime:0.002000s ]
[ sql ] [ SQL ] SHOW COLUMNS FROM `mc_course` [ RunTime:0.002000s ]
[ sql ] [ SQL ] UPDATE `mc_course`  SET `title`='培训课程11',`content`='<pre style=\"background-color: rgb(255, 255, 255); font-family: Consolas; font-size: 12pt;\">course</pre><pre style=\"background-color: rgb(255, 255, 255); font-family: Consolas; font-size: 12pt;\">course</pre><pre style=\"background-color: rgb(255, 255, 255); font-family: Consolas; font-size: 12pt;\">course</pre><pre style=\"background-color: rgb(255, 255, 255); font-family: Consolas; font-size: 12pt;\">course</pre><pre style=\"background-color: rgb(255, 255, 255); font-family: Consolas; font-size: 12pt;\">course</pre><pre style=\"background-color: rgb(255, 255, 255); font-family: Consolas; font-size: 12pt;\">course</pre><pre style=\"background-color: rgb(255, 255, 255); font-family: Consolas; font-size: 12pt;\">course</pre><pre style=\"background-color: rgb(255, 255, 255); font-family: Consolas; font-size: 12pt;\">course</pre><p><br/></p>',`id`=1,`date`=1526279736  WHERE  `id` = 1 [ RunTime:0.002000s ]

---------------------------------------------------------------
[ 2018-05-14T14:35:38+08:00 ] [ sql ] [ DB ] CONNECT:[ UseTime:0.001000s ] mysql:dbname=db_mc;host=127.0.0.1;port=3306;charset=utf8
[ sql ] [ SQL ] SHOW COLUMNS FROM `mc_auth_rule` [ RunTime:0.001000s ]
[ sql ] [ SQL ] SELECT * FROM `mc_auth_rule` WHERE  (  status = 1 ) ORDER BY `sort` [ RunTime:0.001000s ]
[ sql ] [ SQL ] SHOW COLUMNS FROM `mc_course` [ RunTime:0.002000s ]
[ sql ] [ SQL ] SELECT COUNT(*) AS tp_count FROM `mc_course` LIMIT 1 [ RunTime:0.000000s ]

---------------------------------------------------------------
[ 2018-05-14T14:35:38+08:00 ] [ sql ] [ DB ] CONNECT:[ UseTime:0.011000s ] mysql:dbname=db_mc;host=127.0.0.1;port=3306;charset=utf8
[ sql ] [ SQL ] SHOW COLUMNS FROM `mc_auth_rule` [ RunTime:0.000000s ]
[ sql ] [ SQL ] SELECT * FROM `mc_auth_rule` WHERE  (  status = 1 ) ORDER BY `sort` [ RunTime:0.001000s ]
[ sql ] [ SQL ] SHOW COLUMNS FROM `mc_course` [ RunTime:0.002000s ]
[ sql ] [ SQL ] SELECT COUNT(*) AS tp_count FROM `mc_course` LIMIT 1 [ RunTime:0.000000s ]
[ sql ] [ SQL ] SELECT * FROM `mc_course` LIMIT 0,10 [ RunTime:0.000000s ]

---------------------------------------------------------------
[ 2018-05-14T14:35:41+08:00 ] [ sql ] [ DB ] CONNECT:[ UseTime:0.002000s ] mysql:dbname=db_mc;host=127.0.0.1;port=3306;charset=utf8
[ sql ] [ SQL ] SHOW COLUMNS FROM `mc_auth_rule` [ RunTime:0.001000s ]
[ sql ] [ SQL ] SELECT * FROM `mc_auth_rule` WHERE  (  status = 1 ) ORDER BY `sort` [ RunTime:0.001000s ]
[ sql ] [ SQL ] SHOW COLUMNS FROM `mc_course` [ RunTime:0.001000s ]
[ sql ] [ SQL ] SELECT * FROM `mc_course` WHERE  `id` = 1 LIMIT 1 [ RunTime:0.000000s ]

---------------------------------------------------------------
[ 2018-05-14T14:35:44+08:00 ] [ sql ] [ DB ] CONNECT:[ UseTime:0.010000s ] mysql:dbname=db_mc;host=127.0.0.1;port=3306;charset=utf8
[ sql ] [ SQL ] SHOW COLUMNS FROM `mc_auth_rule` [ RunTime:0.001000s ]
[ sql ] [ SQL ] SELECT * FROM `mc_auth_rule` WHERE  (  status = 1 ) ORDER BY `sort` [ RunTime:0.001000s ]
[ sql ] [ SQL ] SHOW COLUMNS FROM `mc_course` [ RunTime:0.001000s ]
[ sql ] [ SQL ] SELECT COUNT(*) AS tp_count FROM `mc_course` LIMIT 1 [ RunTime:0.000000s ]

---------------------------------------------------------------
[ 2018-05-14T14:35:44+08:00 ] [ sql ] [ DB ] CONNECT:[ UseTime:0.011000s ] mysql:dbname=db_mc;host=127.0.0.1;port=3306;charset=utf8
[ sql ] [ SQL ] SHOW COLUMNS FROM `mc_auth_rule` [ RunTime:0.001000s ]
[ sql ] [ SQL ] SELECT * FROM `mc_auth_rule` WHERE  (  status = 1 ) ORDER BY `sort` [ RunTime:0.001000s ]
[ sql ] [ SQL ] SHOW COLUMNS FROM `mc_course` [ RunTime:0.000000s ]
[ sql ] [ SQL ] SELECT COUNT(*) AS tp_count FROM `mc_course` LIMIT 1 [ RunTime:0.001000s ]
[ sql ] [ SQL ] SELECT * FROM `mc_course` LIMIT 0,10 [ RunTime:0.000000s ]

---------------------------------------------------------------
[ 2018-05-14T14:35:46+08:00 ] [ sql ] [ DB ] CONNECT:[ UseTime:0.001000s ] mysql:dbname=db_mc;host=127.0.0.1;port=3306;charset=utf8
[ sql ] [ SQL ] SHOW COLUMNS FROM `mc_auth_rule` [ RunTime:0.001000s ]
[ sql ] [ SQL ] SELECT * FROM `mc_auth_rule` WHERE  (  status = 1 ) ORDER BY `sort` [ RunTime:0.000000s ]
[ sql ] [ SQL ] SHOW COLUMNS FROM `mc_course` [ RunTime:0.001000s ]
[ sql ] [ SQL ] DELETE FROM `mc_course`    WHERE  `id` = 1 [ RunTime:0.003000s ]

---------------------------------------------------------------
[ 2018-05-14T14:35:46+08:00 ] [ sql ] [ DB ] CONNECT:[ UseTime:0.010000s ] mysql:dbname=db_mc;host=127.0.0.1;port=3306;charset=utf8
[ sql ] [ SQL ] SHOW COLUMNS FROM `mc_auth_rule` [ RunTime:0.000000s ]
[ sql ] [ SQL ] SELECT * FROM `mc_auth_rule` WHERE  (  status = 1 ) ORDER BY `sort` [ RunTime:0.000000s ]
[ sql ] [ SQL ] SHOW COLUMNS FROM `mc_course` [ RunTime:0.001000s ]
[ sql ] [ SQL ] SELECT COUNT(*) AS tp_count FROM `mc_course` LIMIT 1 [ RunTime:0.000000s ]
[ sql ] [ SQL ] SELECT * FROM `mc_course` LIMIT 0,10 [ RunTime:0.001000s ]

---------------------------------------------------------------
[ 2018-05-14T14:52:47+08:00 ] [ sql ] [ DB ] CONNECT:[ UseTime:0.002000s ] mysql:dbname=db_mc;host=127.0.0.1;port=3306;charset=utf8
[ sql ] [ SQL ] SHOW COLUMNS FROM `mc_auth_rule` [ RunTime:0.000000s ]
[ sql ] [ SQL ] SELECT * FROM `mc_auth_rule` WHERE  (  status = 1 ) ORDER BY `sort` [ RunTime:0.000000s ]
[ sql ] [ SQL ] SHOW COLUMNS FROM `mc_course` [ RunTime:0.001000s ]
[ sql ] [ SQL ] SELECT COUNT(*) AS tp_count FROM `mc_course` LIMIT 1 [ RunTime:0.000000s ]

---------------------------------------------------------------
[ 2018-05-14T14:52:48+08:00 ] [ sql ] [ DB ] CONNECT:[ UseTime:0.011000s ] mysql:dbname=db_mc;host=127.0.0.1;port=3306;charset=utf8
[ sql ] [ SQL ] SHOW COLUMNS FROM `mc_auth_rule` [ RunTime:0.003000s ]
[ sql ] [ SQL ] SELECT * FROM `mc_auth_rule` WHERE  (  status = 1 ) ORDER BY `sort` [ RunTime:0.003000s ]
[ sql ] [ SQL ] SHOW COLUMNS FROM `mc_course` [ RunTime:0.003000s ]
[ sql ] [ SQL ] SELECT COUNT(*) AS tp_count FROM `mc_course` LIMIT 1 [ RunTime:0.001000s ]
[ sql ] [ SQL ] SELECT * FROM `mc_course` LIMIT 0,10 [ RunTime:0.002000s ]

---------------------------------------------------------------
[ 2018-05-14T14:52:52+08:00 ] [ sql ] [ DB ] CONNECT:[ UseTime:0.011000s ] mysql:dbname=db_mc;host=127.0.0.1;port=3306;charset=utf8
[ sql ] [ SQL ] SHOW COLUMNS FROM `mc_auth_rule` [ RunTime:0.000000s ]
[ sql ] [ SQL ] SELECT * FROM `mc_auth_rule` WHERE  (  status = 1 ) ORDER BY `sort` [ RunTime:0.000000s ]
[ sql ] [ SQL ] SELECT * FROM `mc_auth_rule` ORDER BY id asc [ RunTime:0.000000s ]

---------------------------------------------------------------
[ 2018-05-14T14:53:24+08:00 ] [ sql ] [ DB ] CONNECT:[ UseTime:0.011000s ] mysql:dbname=db_mc;host=127.0.0.1;port=3306;charset=utf8
[ sql ] [ SQL ] SHOW COLUMNS FROM `mc_auth_rule` [ RunTime:0.000000s ]
[ sql ] [ SQL ] SELECT * FROM `mc_auth_rule` WHERE  (  status = 1 ) ORDER BY `sort` [ RunTime:0.001000s ]
[ sql ] [ SQL ] INSERT INTO `mc_auth_rule` (`pid` , `title` , `name` , `css` , `sort` , `status` , `update_time` , `create_time`) VALUES (137 , '积分商城' , 'admin/product/index' , '' , 50 , 1 , 1526280804 , 1526280804) [ RunTime:0.001000s ]
[ sql ] [ SQL ] SHOW COLUMNS FROM `mc_log` [ RunTime:0.001000s ]
[ sql ] [ SQL ] INSERT INTO `mc_log` (`admin_id` , `admin_name` , `description` , `status` , `ip` , `add_time`) VALUES (1 , 'admins' , '用户【admins】添加菜单成功' , 1 , '127.0.0.1' , 1526280804) [ RunTime:0.001000s ]

---------------------------------------------------------------
[ 2018-05-14T14:53:26+08:00 ] [ sql ] [ DB ] CONNECT:[ UseTime:0.011000s ] mysql:dbname=db_mc;host=127.0.0.1;port=3306;charset=utf8
[ sql ] [ SQL ] SHOW COLUMNS FROM `mc_auth_rule` [ RunTime:0.001000s ]
[ sql ] [ SQL ] SELECT * FROM `mc_auth_rule` WHERE  (  status = 1 ) ORDER BY `sort` [ RunTime:0.000000s ]
[ sql ] [ SQL ] SELECT * FROM `mc_auth_rule` ORDER BY id asc [ RunTime:0.000000s ]

---------------------------------------------------------------
[ 2018-05-14T14:53:27+08:00 ] [ sql ] [ DB ] CONNECT:[ UseTime:0.001000s ] mysql:dbname=db_mc;host=127.0.0.1;port=3306;charset=utf8
[ sql ] [ SQL ] SHOW COLUMNS FROM `mc_auth_rule` [ RunTime:0.001000s ]
[ sql ] [ SQL ] SELECT * FROM `mc_auth_rule` WHERE  (  status = 1 ) ORDER BY `sort` [ RunTime:0.001000s ]

---------------------------------------------------------------
[ 2018-05-14T14:53:27+08:00 ] [ sql ] [ DB ] CONNECT:[ UseTime:0.002000s ] mysql:dbname=db_mc;host=127.0.0.1;port=3306;charset=utf8
[ sql ] [ SQL ] SHOW COLUMNS FROM `mc_auth_rule` [ RunTime:0.001000s ]
[ sql ] [ SQL ] SELECT * FROM `mc_auth_rule` WHERE  (  status = 1 ) ORDER BY `sort` [ RunTime:0.001000s ]
[ sql ] [ SQL ] SHOW COLUMNS FROM `mc_log` [ RunTime:0.001000s ]
[ sql ] [ SQL ] SELECT * FROM `mc_log` ORDER BY log_id desc LIMIT 10 [ RunTime:0.000000s ]

---------------------------------------------------------------
[ 2018-05-14T14:53:29+08:00 ] [ sql ] [ DB ] CONNECT:[ UseTime:0.011000s ] mysql:dbname=db_mc;host=127.0.0.1;port=3306;charset=utf8
[ sql ] [ SQL ] SHOW COLUMNS FROM `mc_auth_rule` [ RunTime:0.002000s ]
[ sql ] [ SQL ] SELECT * FROM `mc_auth_rule` WHERE  (  status = 1 ) ORDER BY `sort` [ RunTime:0.001000s ]

---------------------------------------------------------------
[ 2018-05-14T14:53:41+08:00 ] [ sql ] [ DB ] CONNECT:[ UseTime:0.012000s ] mysql:dbname=db_mc;host=127.0.0.1;port=3306;charset=utf8
[ sql ] [ SQL ] SHOW COLUMNS FROM `mc_auth_rule` [ RunTime:0.003000s ]
[ sql ] [ SQL ] SELECT * FROM `mc_auth_rule` WHERE  (  status = 1 ) ORDER BY `sort` [ RunTime:0.001000s ]

---------------------------------------------------------------
[ 2018-05-14T14:56:23+08:00 ] [ sql ] [ DB ] CONNECT:[ UseTime:0.001000s ] mysql:dbname=db_mc;host=127.0.0.1;port=3306;charset=utf8
[ sql ] [ SQL ] SHOW COLUMNS FROM `mc_auth_rule` [ RunTime:0.000000s ]
[ sql ] [ SQL ] SELECT * FROM `mc_auth_rule` WHERE  (  status = 1 ) ORDER BY `sort` [ RunTime:0.000000s ]

---------------------------------------------------------------
[ 2018-05-14T14:56:24+08:00 ] [ sql ] [ DB ] CONNECT:[ UseTime:0.010000s ] mysql:dbname=db_mc;host=127.0.0.1;port=3306;charset=utf8
[ sql ] [ SQL ] SHOW COLUMNS FROM `mc_auth_rule` [ RunTime:0.001000s ]
[ sql ] [ SQL ] SELECT * FROM `mc_auth_rule` WHERE  (  status = 1 ) ORDER BY `sort` [ RunTime:0.001000s ]

---------------------------------------------------------------
[ 2018-05-14T14:56:25+08:00 ] [ sql ] [ DB ] CONNECT:[ UseTime:0.002000s ] mysql:dbname=db_mc;host=127.0.0.1;port=3306;charset=utf8
[ sql ] [ SQL ] SHOW COLUMNS FROM `mc_auth_rule` [ RunTime:0.001000s ]
[ sql ] [ SQL ] SELECT * FROM `mc_auth_rule` WHERE  (  status = 1 ) ORDER BY `sort` [ RunTime:0.000000s ]

---------------------------------------------------------------
[ 2018-05-14T14:56:26+08:00 ] [ sql ] [ DB ] CONNECT:[ UseTime:0.002000s ] mysql:dbname=db_mc;host=127.0.0.1;port=3306;charset=utf8
[ sql ] [ SQL ] SHOW COLUMNS FROM `mc_auth_rule` [ RunTime:0.001000s ]
[ sql ] [ SQL ] SELECT * FROM `mc_auth_rule` WHERE  (  status = 1 ) ORDER BY `sort` [ RunTime:0.000000s ]

---------------------------------------------------------------
[ 2018-05-14T15:13:01+08:00 ] [ sql ] [ DB ] CONNECT:[ UseTime:0.012000s ] mysql:dbname=db_mc;host=127.0.0.1;port=3306;charset=utf8
[ sql ] [ SQL ] SHOW COLUMNS FROM `mc_auth_rule` [ RunTime:0.001000s ]
[ sql ] [ SQL ] SELECT * FROM `mc_auth_rule` WHERE  (  status = 1 ) ORDER BY `sort` [ RunTime:0.001000s ]

---------------------------------------------------------------
[ 2018-05-14T15:13:03+08:00 ] [ sql ] [ DB ] CONNECT:[ UseTime:0.010000s ] mysql:dbname=db_mc;host=127.0.0.1;port=3306;charset=utf8
[ sql ] [ SQL ] SHOW COLUMNS FROM `mc_auth_rule` [ RunTime:0.000000s ]
[ sql ] [ SQL ] SELECT * FROM `mc_auth_rule` WHERE  (  status = 1 ) ORDER BY `sort` [ RunTime:0.000000s ]

---------------------------------------------------------------
[ 2018-05-14T15:13:31+08:00 ] [ sql ] [ DB ] CONNECT:[ UseTime:0.001000s ] mysql:dbname=db_mc;host=127.0.0.1;port=3306;charset=utf8
[ sql ] [ SQL ] SHOW COLUMNS FROM `mc_auth_rule` [ RunTime:0.000000s ]
[ sql ] [ SQL ] SELECT * FROM `mc_auth_rule` WHERE  (  status = 1 ) ORDER BY `sort` [ RunTime:0.000000s ]

---------------------------------------------------------------
[ 2018-05-14T15:13:42+08:00 ] [ sql ] [ DB ] CONNECT:[ UseTime:0.010000s ] mysql:dbname=db_mc;host=127.0.0.1;port=3306;charset=utf8
[ sql ] [ SQL ] SHOW COLUMNS FROM `mc_auth_rule` [ RunTime:0.001000s ]
[ sql ] [ SQL ] SELECT * FROM `mc_auth_rule` WHERE  (  status = 1 ) ORDER BY `sort` [ RunTime:0.001000s ]

---------------------------------------------------------------
[ 2018-05-14T15:17:40+08:00 ] [ sql ] [ DB ] CONNECT:[ UseTime:0.010000s ] mysql:dbname=db_mc;host=127.0.0.1;port=3306;charset=utf8
[ sql ] [ SQL ] SHOW COLUMNS FROM `mc_auth_rule` [ RunTime:0.000000s ]
[ sql ] [ SQL ] SELECT * FROM `mc_auth_rule` WHERE  (  status = 1 ) ORDER BY `sort` [ RunTime:0.000000s ]

---------------------------------------------------------------
[ 2018-05-14T15:17:43+08:00 ] [ sql ] [ DB ] CONNECT:[ UseTime:0.010000s ] mysql:dbname=db_mc;host=127.0.0.1;port=3306;charset=utf8
[ sql ] [ SQL ] SHOW COLUMNS FROM `mc_auth_rule` [ RunTime:0.001000s ]
[ sql ] [ SQL ] SELECT * FROM `mc_auth_rule` WHERE  (  status = 1 ) ORDER BY `sort` [ RunTime:0.001000s ]

---------------------------------------------------------------
[ 2018-05-14T15:17:46+08:00 ] [ sql ] [ DB ] CONNECT:[ UseTime:0.001000s ] mysql:dbname=db_mc;host=127.0.0.1;port=3306;charset=utf8
[ sql ] [ SQL ] SHOW COLUMNS FROM `mc_auth_rule` [ RunTime:0.001000s ]
[ sql ] [ SQL ] SELECT * FROM `mc_auth_rule` WHERE  (  status = 1 ) ORDER BY `sort` [ RunTime:0.000000s ]

---------------------------------------------------------------
[ 2018-05-14T15:32:24+08:00 ] [ sql ] [ DB ] CONNECT:[ UseTime:0.002000s ] mysql:dbname=db_mc;host=127.0.0.1;port=3306;charset=utf8
[ sql ] [ SQL ] SHOW COLUMNS FROM `mc_auth_rule` [ RunTime:0.000000s ]
[ sql ] [ SQL ] SELECT * FROM `mc_auth_rule` WHERE  (  status = 1 ) ORDER BY `sort` [ RunTime:0.000000s ]

---------------------------------------------------------------
[ 2018-05-14T15:32:50+08:00 ] [ sql ] [ DB ] CONNECT:[ UseTime:0.010000s ] mysql:dbname=db_mc;host=127.0.0.1;port=3306;charset=utf8
[ sql ] [ SQL ] SHOW COLUMNS FROM `mc_auth_rule` [ RunTime:0.001000s ]
[ sql ] [ SQL ] SELECT * FROM `mc_auth_rule` WHERE  (  status = 1 ) ORDER BY `sort` [ RunTime:0.001000s ]

---------------------------------------------------------------
[ 2018-05-14T15:32:52+08:00 ] [ sql ] [ DB ] CONNECT:[ UseTime:0.010000s ] mysql:dbname=db_mc;host=127.0.0.1;port=3306;charset=utf8
[ sql ] [ SQL ] SHOW COLUMNS FROM `mc_auth_rule` [ RunTime:0.000000s ]
[ sql ] [ SQL ] SELECT * FROM `mc_auth_rule` WHERE  (  status = 1 ) ORDER BY `sort` [ RunTime:0.000000s ]

---------------------------------------------------------------
[ 2018-05-14T15:32:56+08:00 ] [ sql ] [ DB ] CONNECT:[ UseTime:0.010000s ] mysql:dbname=db_mc;host=127.0.0.1;port=3306;charset=utf8
[ sql ] [ SQL ] SHOW COLUMNS FROM `mc_auth_rule` [ RunTime:0.001000s ]
[ sql ] [ SQL ] SELECT * FROM `mc_auth_rule` WHERE  (  status = 1 ) ORDER BY `sort` [ RunTime:0.000000s ]
[ sql ] [ SQL ] SHOW COLUMNS FROM `mc_product` [ RunTime:0.002000s ]
[ sql ] [ SQL ] INSERT INTO `mc_product` (`name` , `intro` , `sources` , `images` , `content` , `date` , `user`) VALUES ('奖品1' , '奖品1' , 199 , '/uploads/images/20180514\\7b9646dfcd5a5f475abf87727e87346a.jpg' , '<p>1111111111212122</p>' , 1526283176 , 1) [ RunTime:0.002000s ]

---------------------------------------------------------------
[ 2018-05-14T15:32:58+08:00 ] [ sql ] [ DB ] CONNECT:[ UseTime:0.002000s ] mysql:dbname=db_mc;host=127.0.0.1;port=3306;charset=utf8
[ sql ] [ SQL ] SHOW COLUMNS FROM `mc_auth_rule` [ RunTime:0.001000s ]
[ sql ] [ SQL ] SELECT * FROM `mc_auth_rule` WHERE  (  status = 1 ) ORDER BY `sort` [ RunTime:0.001000s ]

---------------------------------------------------------------
[ 2018-05-14T16:20:57+08:00 ] [ sql ] [ DB ] CONNECT:[ UseTime:0.001000s ] mysql:dbname=db_mc;host=127.0.0.1;port=3306;charset=utf8
[ sql ] [ SQL ] SHOW COLUMNS FROM `mc_auth_rule` [ RunTime:0.000000s ]
[ sql ] [ SQL ] SELECT * FROM `mc_auth_rule` WHERE  (  status = 1 ) ORDER BY `sort` [ RunTime:0.001000s ]
[ sql ] [ SQL ] SHOW COLUMNS FROM `mc_product` [ RunTime:0.001000s ]
[ sql ] [ SQL ] SELECT COUNT(*) AS tp_count FROM `mc_product` LIMIT 1 [ RunTime:0.000000s ]

---------------------------------------------------------------
[ 2018-05-14T16:21:10+08:00 ] [ sql ] [ DB ] CONNECT:[ UseTime:0.002000s ] mysql:dbname=db_mc;host=127.0.0.1;port=3306;charset=utf8
[ sql ] [ SQL ] SHOW COLUMNS FROM `mc_auth_rule` [ RunTime:0.001000s ]
[ sql ] [ SQL ] SELECT * FROM `mc_auth_rule` WHERE  (  status = 1 ) ORDER BY `sort` [ RunTime:0.000000s ]
[ sql ] [ SQL ] SHOW COLUMNS FROM `mc_product` [ RunTime:0.001000s ]
[ sql ] [ SQL ] SELECT COUNT(*) AS tp_count FROM `mc_product` LIMIT 1 [ RunTime:0.000000s ]

---------------------------------------------------------------
[ 2018-05-14T16:22:19+08:00 ] [ sql ] [ DB ] CONNECT:[ UseTime:0.010000s ] mysql:dbname=db_mc;host=127.0.0.1;port=3306;charset=utf8
[ sql ] [ SQL ] SHOW COLUMNS FROM `mc_auth_rule` [ RunTime:0.000000s ]
[ sql ] [ SQL ] SELECT * FROM `mc_auth_rule` WHERE  (  status = 1 ) ORDER BY `sort` [ RunTime:0.000000s ]
[ sql ] [ SQL ] SHOW COLUMNS FROM `mc_product` [ RunTime:0.001000s ]
[ sql ] [ SQL ] SELECT COUNT(*) AS tp_count FROM `mc_product` LIMIT 1 [ RunTime:0.000000s ]

---------------------------------------------------------------
[ 2018-05-14T16:22:19+08:00 ] [ sql ] [ DB ] CONNECT:[ UseTime:0.011000s ] mysql:dbname=db_mc;host=127.0.0.1;port=3306;charset=utf8
[ sql ] [ SQL ] SHOW COLUMNS FROM `mc_auth_rule` [ RunTime:0.002000s ]
[ sql ] [ SQL ] SELECT * FROM `mc_auth_rule` WHERE  (  status = 1 ) ORDER BY `sort` [ RunTime:0.002000s ]
[ sql ] [ SQL ] SHOW COLUMNS FROM `mc_product` [ RunTime:0.005000s ]
[ sql ] [ SQL ] SELECT COUNT(*) AS tp_count FROM `mc_product` LIMIT 1 [ RunTime:0.000000s ]
[ sql ] [ SQL ] SELECT * FROM `mc_product` LIMIT 0,10 [ RunTime:0.001000s ]

---------------------------------------------------------------
[ 2018-05-14T16:22:32+08:00 ] [ sql ] [ DB ] CONNECT:[ UseTime:0.002000s ] mysql:dbname=db_mc;host=127.0.0.1;port=3306;charset=utf8
[ sql ] [ SQL ] SHOW COLUMNS FROM `mc_auth_rule` [ RunTime:0.001000s ]
[ sql ] [ SQL ] SELECT * FROM `mc_auth_rule` WHERE  (  status = 1 ) ORDER BY `sort` [ RunTime:0.000000s ]
[ sql ] [ SQL ] SHOW COLUMNS FROM `mc_product` [ RunTime:0.001000s ]
[ sql ] [ SQL ] SELECT COUNT(*) AS tp_count FROM `mc_product` LIMIT 1 [ RunTime:0.000000s ]

---------------------------------------------------------------
[ 2018-05-14T16:22:32+08:00 ] [ sql ] [ DB ] CONNECT:[ UseTime:0.011000s ] mysql:dbname=db_mc;host=127.0.0.1;port=3306;charset=utf8
[ sql ] [ SQL ] SHOW COLUMNS FROM `mc_auth_rule` [ RunTime:0.001000s ]
[ sql ] [ SQL ] SELECT * FROM `mc_auth_rule` WHERE  (  status = 1 ) ORDER BY `sort` [ RunTime:0.001000s ]
[ sql ] [ SQL ] SHOW COLUMNS FROM `mc_product` [ RunTime:0.002000s ]
[ sql ] [ SQL ] SELECT COUNT(*) AS tp_count FROM `mc_product` LIMIT 1 [ RunTime:0.000000s ]
[ sql ] [ SQL ] SELECT * FROM `mc_product` LIMIT 0,10 [ RunTime:0.001000s ]

---------------------------------------------------------------
[ 2018-05-14T16:22:41+08:00 ] [ sql ] [ DB ] CONNECT:[ UseTime:0.011000s ] mysql:dbname=db_mc;host=127.0.0.1;port=3306;charset=utf8
[ sql ] [ SQL ] SHOW COLUMNS FROM `mc_auth_rule` [ RunTime:0.000000s ]
[ sql ] [ SQL ] SELECT * FROM `mc_auth_rule` WHERE  (  status = 1 ) ORDER BY `sort` [ RunTime:0.000000s ]
[ sql ] [ SQL ] SHOW COLUMNS FROM `mc_product` [ RunTime:0.001000s ]
[ sql ] [ SQL ] SELECT COUNT(*) AS tp_count FROM `mc_product` LIMIT 1 [ RunTime:0.001000s ]

---------------------------------------------------------------
[ 2018-05-14T16:22:41+08:00 ] [ sql ] [ DB ] CONNECT:[ UseTime:0.002000s ] mysql:dbname=db_mc;host=127.0.0.1;port=3306;charset=utf8
[ sql ] [ SQL ] SHOW COLUMNS FROM `mc_auth_rule` [ RunTime:0.001000s ]
[ sql ] [ SQL ] SELECT * FROM `mc_auth_rule` WHERE  (  status = 1 ) ORDER BY `sort` [ RunTime:0.000000s ]
[ sql ] [ SQL ] SHOW COLUMNS FROM `mc_product` [ RunTime:0.000000s ]
[ sql ] [ SQL ] SELECT COUNT(*) AS tp_count FROM `mc_product` LIMIT 1 [ RunTime:0.000000s ]
[ sql ] [ SQL ] SELECT * FROM `mc_product` LIMIT 0,10 [ RunTime:0.000000s ]

---------------------------------------------------------------
[ 2018-05-14T16:22:53+08:00 ] [ sql ] [ DB ] CONNECT:[ UseTime:0.003000s ] mysql:dbname=db_mc;host=127.0.0.1;port=3306;charset=utf8
[ sql ] [ SQL ] SHOW COLUMNS FROM `mc_auth_rule` [ RunTime:0.002000s ]
[ sql ] [ SQL ] SELECT * FROM `mc_auth_rule` WHERE  (  status = 1 ) ORDER BY `sort` [ RunTime:0.001000s ]
[ sql ] [ SQL ] SHOW COLUMNS FROM `mc_product` [ RunTime:0.001000s ]
[ sql ] [ SQL ] SELECT COUNT(*) AS tp_count FROM `mc_product` LIMIT 1 [ RunTime:0.000000s ]

---------------------------------------------------------------
[ 2018-05-14T16:22:53+08:00 ] [ sql ] [ DB ] CONNECT:[ UseTime:0.001000s ] mysql:dbname=db_mc;host=127.0.0.1;port=3306;charset=utf8
[ sql ] [ SQL ] SHOW COLUMNS FROM `mc_auth_rule` [ RunTime:0.001000s ]
[ sql ] [ SQL ] SELECT * FROM `mc_auth_rule` WHERE  (  status = 1 ) ORDER BY `sort` [ RunTime:0.001000s ]
[ sql ] [ SQL ] SHOW COLUMNS FROM `mc_product` [ RunTime:0.001000s ]
[ sql ] [ SQL ] SELECT COUNT(*) AS tp_count FROM `mc_product` LIMIT 1 [ RunTime:0.001000s ]
[ sql ] [ SQL ] SELECT * FROM `mc_product` LIMIT 0,10 [ RunTime:0.001000s ]

---------------------------------------------------------------
[ 2018-05-14T16:23:03+08:00 ] [ sql ] [ DB ] CONNECT:[ UseTime:0.010000s ] mysql:dbname=db_mc;host=127.0.0.1;port=3306;charset=utf8
[ sql ] [ SQL ] SHOW COLUMNS FROM `mc_auth_rule` [ RunTime:0.000000s ]
[ sql ] [ SQL ] SELECT * FROM `mc_auth_rule` WHERE  (  status = 1 ) ORDER BY `sort` [ RunTime:0.000000s ]
[ sql ] [ SQL ] SHOW COLUMNS FROM `mc_product` [ RunTime:0.001000s ]
[ sql ] [ SQL ] SELECT COUNT(*) AS tp_count FROM `mc_product` LIMIT 1 [ RunTime:0.001000s ]

---------------------------------------------------------------
[ 2018-05-14T16:23:03+08:00 ] [ sql ] [ DB ] CONNECT:[ UseTime:0.010000s ] mysql:dbname=db_mc;host=127.0.0.1;port=3306;charset=utf8
[ sql ] [ SQL ] SHOW COLUMNS FROM `mc_auth_rule` [ RunTime:0.002000s ]
[ sql ] [ SQL ] SELECT * FROM `mc_auth_rule` WHERE  (  status = 1 ) ORDER BY `sort` [ RunTime:0.001000s ]
[ sql ] [ SQL ] SHOW COLUMNS FROM `mc_product` [ RunTime:0.001000s ]
[ sql ] [ SQL ] SELECT COUNT(*) AS tp_count FROM `mc_product` LIMIT 1 [ RunTime:0.001000s ]
[ sql ] [ SQL ] SELECT * FROM `mc_product` LIMIT 0,10 [ RunTime:0.000000s ]

---------------------------------------------------------------
[ 2018-05-14T16:24:26+08:00 ] [ sql ] [ DB ] CONNECT:[ UseTime:0.002000s ] mysql:dbname=db_mc;host=127.0.0.1;port=3306;charset=utf8
[ sql ] [ SQL ] SHOW COLUMNS FROM `mc_auth_rule` [ RunTime:0.001000s ]
[ sql ] [ SQL ] SELECT * FROM `mc_auth_rule` WHERE  (  status = 1 ) ORDER BY `sort` [ RunTime:0.001000s ]

---------------------------------------------------------------
[ 2018-05-14T16:29:43+08:00 ] [ sql ] [ DB ] CONNECT:[ UseTime:0.001000s ] mysql:dbname=db_mc;host=127.0.0.1;port=3306;charset=utf8
[ sql ] [ SQL ] SHOW COLUMNS FROM `mc_auth_rule` [ RunTime:0.000000s ]
[ sql ] [ SQL ] SELECT * FROM `mc_auth_rule` WHERE  (  status = 1 ) ORDER BY `sort` [ RunTime:0.000000s ]
[ sql ] [ SQL ] SHOW COLUMNS FROM `mc_product` [ RunTime:0.001000s ]
[ sql ] [ SQL ] SELECT * FROM `mc_product` WHERE  `id` = 1 LIMIT 1 [ RunTime:0.000000s ]

---------------------------------------------------------------
[ 2018-05-14T16:31:06+08:00 ] [ sql ] [ DB ] CONNECT:[ UseTime:0.002000s ] mysql:dbname=db_mc;host=127.0.0.1;port=3306;charset=utf8
[ sql ] [ SQL ] SHOW COLUMNS FROM `mc_auth_rule` [ RunTime:0.000000s ]
[ sql ] [ SQL ] SELECT * FROM `mc_auth_rule` WHERE  (  status = 1 ) ORDER BY `sort` [ RunTime:0.000000s ]
[ sql ] [ SQL ] SHOW COLUMNS FROM `mc_product` [ RunTime:0.002000s ]
[ sql ] [ SQL ] UPDATE `mc_product`  SET `name`='奖品1',`intro`='奖品1',`sources`=200,`images`='/uploads/images/20180514\\7b9646dfcd5a5f475abf87727e87346a.jpg',`content`='<p>11111111112121221求求我群群无</p>',`amount`=0,`id`=1,`date`=1526286666  WHERE  `id` = 1 [ RunTime:0.001000s ]

---------------------------------------------------------------
[ 2018-05-14T16:31:08+08:00 ] [ sql ] [ DB ] CONNECT:[ UseTime:0.011000s ] mysql:dbname=db_mc;host=127.0.0.1;port=3306;charset=utf8
[ sql ] [ SQL ] SHOW COLUMNS FROM `mc_auth_rule` [ RunTime:0.000000s ]
[ sql ] [ SQL ] SELECT * FROM `mc_auth_rule` WHERE  (  status = 1 ) ORDER BY `sort` [ RunTime:0.000000s ]
[ sql ] [ SQL ] SHOW COLUMNS FROM `mc_product` [ RunTime:0.001000s ]
[ sql ] [ SQL ] SELECT COUNT(*) AS tp_count FROM `mc_product` LIMIT 1 [ RunTime:0.001000s ]

---------------------------------------------------------------
[ 2018-05-14T16:31:08+08:00 ] [ sql ] [ DB ] CONNECT:[ UseTime:0.011000s ] mysql:dbname=db_mc;host=127.0.0.1;port=3306;charset=utf8
[ sql ] [ SQL ] SHOW COLUMNS FROM `mc_auth_rule` [ RunTime:0.000000s ]
[ sql ] [ SQL ] SELECT * FROM `mc_auth_rule` WHERE  (  status = 1 ) ORDER BY `sort` [ RunTime:0.000000s ]
[ sql ] [ SQL ] SHOW COLUMNS FROM `mc_product` [ RunTime:0.004000s ]
[ sql ] [ SQL ] SELECT COUNT(*) AS tp_count FROM `mc_product` LIMIT 1 [ RunTime:0.001000s ]
[ sql ] [ SQL ] SELECT * FROM `mc_product` LIMIT 0,10 [ RunTime:0.003000s ]

---------------------------------------------------------------
[ 2018-05-14T16:31:11+08:00 ] [ sql ] [ DB ] CONNECT:[ UseTime:0.010000s ] mysql:dbname=db_mc;host=127.0.0.1;port=3306;charset=utf8
[ sql ] [ SQL ] SHOW COLUMNS FROM `mc_auth_rule` [ RunTime:0.000000s ]
[ sql ] [ SQL ] SELECT * FROM `mc_auth_rule` WHERE  (  status = 1 ) ORDER BY `sort` [ RunTime:0.000000s ]
[ sql ] [ SQL ] SHOW COLUMNS FROM `mc_product` [ RunTime:0.001000s ]
[ sql ] [ SQL ] SELECT * FROM `mc_product` WHERE  `id` = 1 LIMIT 1 [ RunTime:0.001000s ]

---------------------------------------------------------------
[ 2018-05-14T16:31:14+08:00 ] [ sql ] [ DB ] CONNECT:[ UseTime:0.001000s ] mysql:dbname=db_mc;host=127.0.0.1;port=3306;charset=utf8
[ sql ] [ SQL ] SHOW COLUMNS FROM `mc_auth_rule` [ RunTime:0.001000s ]
[ sql ] [ SQL ] SELECT * FROM `mc_auth_rule` WHERE  (  status = 1 ) ORDER BY `sort` [ RunTime:0.000000s ]
[ sql ] [ SQL ] SHOW COLUMNS FROM `mc_product` [ RunTime:0.001000s ]
[ sql ] [ SQL ] UPDATE `mc_product`  SET `name`='奖品1',`intro`='奖品1',`sources`=200,`images`='/uploads/images/20180514\\7b9646dfcd5a5f475abf87727e87346a.jpg',`content`='<p>11111111112121221求求我群群无</p>',`amount`=0,`id`=1,`date`=1526286674  WHERE  `id` = 1 [ RunTime:0.003000s ]

---------------------------------------------------------------
[ 2018-05-14T16:31:16+08:00 ] [ sql ] [ DB ] CONNECT:[ UseTime:0.002000s ] mysql:dbname=db_mc;host=127.0.0.1;port=3306;charset=utf8
[ sql ] [ SQL ] SHOW COLUMNS FROM `mc_auth_rule` [ RunTime:0.001000s ]
[ sql ] [ SQL ] SELECT * FROM `mc_auth_rule` WHERE  (  status = 1 ) ORDER BY `sort` [ RunTime:0.001000s ]
[ sql ] [ SQL ] SHOW COLUMNS FROM `mc_product` [ RunTime:0.001000s ]
[ sql ] [ SQL ] SELECT COUNT(*) AS tp_count FROM `mc_product` LIMIT 1 [ RunTime:0.001000s ]

---------------------------------------------------------------
[ 2018-05-14T16:31:16+08:00 ] [ sql ] [ DB ] CONNECT:[ UseTime:0.001000s ] mysql:dbname=db_mc;host=127.0.0.1;port=3306;charset=utf8
[ sql ] [ SQL ] SHOW COLUMNS FROM `mc_auth_rule` [ RunTime:0.000000s ]
[ sql ] [ SQL ] SELECT * FROM `mc_auth_rule` WHERE  (  status = 1 ) ORDER BY `sort` [ RunTime:0.000000s ]
[ sql ] [ SQL ] SHOW COLUMNS FROM `mc_product` [ RunTime:0.001000s ]
[ sql ] [ SQL ] SELECT COUNT(*) AS tp_count FROM `mc_product` LIMIT 1 [ RunTime:0.000000s ]
[ sql ] [ SQL ] SELECT * FROM `mc_product` LIMIT 0,10 [ RunTime:0.000000s ]

---------------------------------------------------------------
[ 2018-05-14T16:31:17+08:00 ] [ sql ] [ DB ] CONNECT:[ UseTime:0.010000s ] mysql:dbname=db_mc;host=127.0.0.1;port=3306;charset=utf8
[ sql ] [ SQL ] SHOW COLUMNS FROM `mc_auth_rule` [ RunTime:0.001000s ]
[ sql ] [ SQL ] SELECT * FROM `mc_auth_rule` WHERE  (  status = 1 ) ORDER BY `sort` [ RunTime:0.001000s ]
[ sql ] [ SQL ] SHOW COLUMNS FROM `mc_product` [ RunTime:0.001000s ]
[ sql ] [ SQL ] SELECT * FROM `mc_product` WHERE  `id` = 1 LIMIT 1 [ RunTime:0.000000s ]

---------------------------------------------------------------
[ 2018-05-14T16:31:23+08:00 ] [ sql ] [ DB ] CONNECT:[ UseTime:0.011000s ] mysql:dbname=db_mc;host=127.0.0.1;port=3306;charset=utf8
[ sql ] [ SQL ] SHOW COLUMNS FROM `mc_auth_rule` [ RunTime:0.001000s ]
[ sql ] [ SQL ] SELECT * FROM `mc_auth_rule` WHERE  (  status = 1 ) ORDER BY `sort` [ RunTime:0.001000s ]
[ sql ] [ SQL ] SHOW COLUMNS FROM `mc_product` [ RunTime:0.001000s ]
[ sql ] [ SQL ] UPDATE `mc_product`  SET `name`='奖品1',`intro`='奖品1',`sources`=200,`images`='/uploads/images/20180514\\7b9646dfcd5a5f475abf87727e87346a.jpg',`content`='<p>11111111112121221求求我群群无</p>',`amount`=1000,`id`=1,`date`=1526286683  WHERE  `id` = 1 [ RunTime:0.004000s ]

---------------------------------------------------------------
[ 2018-05-14T16:31:25+08:00 ] [ sql ] [ DB ] CONNECT:[ UseTime:0.012000s ] mysql:dbname=db_mc;host=127.0.0.1;port=3306;charset=utf8
[ sql ] [ SQL ] SHOW COLUMNS FROM `mc_auth_rule` [ RunTime:0.001000s ]
[ sql ] [ SQL ] SELECT * FROM `mc_auth_rule` WHERE  (  status = 1 ) ORDER BY `sort` [ RunTime:0.001000s ]
[ sql ] [ SQL ] SHOW COLUMNS FROM `mc_product` [ RunTime:0.000000s ]
[ sql ] [ SQL ] SELECT COUNT(*) AS tp_count FROM `mc_product` LIMIT 1 [ RunTime:0.000000s ]

---------------------------------------------------------------
[ 2018-05-14T16:31:25+08:00 ] [ sql ] [ DB ] CONNECT:[ UseTime:0.011000s ] mysql:dbname=db_mc;host=127.0.0.1;port=3306;charset=utf8
[ sql ] [ SQL ] SHOW COLUMNS FROM `mc_auth_rule` [ RunTime:0.001000s ]
[ sql ] [ SQL ] SELECT * FROM `mc_auth_rule` WHERE  (  status = 1 ) ORDER BY `sort` [ RunTime:0.001000s ]
[ sql ] [ SQL ] SHOW COLUMNS FROM `mc_product` [ RunTime:0.000000s ]
[ sql ] [ SQL ] SELECT COUNT(*) AS tp_count FROM `mc_product` LIMIT 1 [ RunTime:0.000000s ]
[ sql ] [ SQL ] SELECT * FROM `mc_product` LIMIT 0,10 [ RunTime:0.000000s ]

---------------------------------------------------------------
[ 2018-05-14T16:31:27+08:00 ] [ sql ] [ DB ] CONNECT:[ UseTime:0.010000s ] mysql:dbname=db_mc;host=127.0.0.1;port=3306;charset=utf8
[ sql ] [ SQL ] SHOW COLUMNS FROM `mc_auth_rule` [ RunTime:0.001000s ]
[ sql ] [ SQL ] SELECT * FROM `mc_auth_rule` WHERE  (  status = 1 ) ORDER BY `sort` [ RunTime:0.001000s ]
[ sql ] [ SQL ] SHOW COLUMNS FROM `mc_product` [ RunTime:0.001000s ]
[ sql ] [ SQL ] SELECT * FROM `mc_product` WHERE  `id` = 1 LIMIT 1 [ RunTime:0.000000s ]

---------------------------------------------------------------
[ 2018-05-14T16:31:30+08:00 ] [ sql ] [ DB ] CONNECT:[ UseTime:0.004000s ] mysql:dbname=db_mc;host=127.0.0.1;port=3306;charset=utf8
[ sql ] [ SQL ] SHOW COLUMNS FROM `mc_auth_rule` [ RunTime:0.002000s ]
[ sql ] [ SQL ] SELECT * FROM `mc_auth_rule` WHERE  (  status = 1 ) ORDER BY `sort` [ RunTime:0.002000s ]
[ sql ] [ SQL ] SHOW COLUMNS FROM `mc_product` [ RunTime:0.003000s ]
[ sql ] [ SQL ] SELECT COUNT(*) AS tp_count FROM `mc_product` LIMIT 1 [ RunTime:0.002000s ]

---------------------------------------------------------------
[ 2018-05-14T16:31:30+08:00 ] [ sql ] [ DB ] CONNECT:[ UseTime:0.001000s ] mysql:dbname=db_mc;host=127.0.0.1;port=3306;charset=utf8
[ sql ] [ SQL ] SHOW COLUMNS FROM `mc_auth_rule` [ RunTime:0.001000s ]
[ sql ] [ SQL ] SELECT * FROM `mc_auth_rule` WHERE  (  status = 1 ) ORDER BY `sort` [ RunTime:0.001000s ]
[ sql ] [ SQL ] SHOW COLUMNS FROM `mc_product` [ RunTime:0.000000s ]
[ sql ] [ SQL ] SELECT COUNT(*) AS tp_count FROM `mc_product` LIMIT 1 [ RunTime:0.000000s ]
[ sql ] [ SQL ] SELECT * FROM `mc_product` LIMIT 0,10 [ RunTime:0.000000s ]

---------------------------------------------------------------
[ 2018-05-14T16:31:34+08:00 ] [ sql ] [ DB ] CONNECT:[ UseTime:0.010000s ] mysql:dbname=db_mc;host=127.0.0.1;port=3306;charset=utf8
[ sql ] [ SQL ] SHOW COLUMNS FROM `mc_auth_rule` [ RunTime:0.000000s ]
[ sql ] [ SQL ] SELECT * FROM `mc_auth_rule` WHERE  (  status = 1 ) ORDER BY `sort` [ RunTime:0.001000s ]

---------------------------------------------------------------
[ 2018-05-14T16:32:02+08:00 ] [ sql ] [ DB ] CONNECT:[ UseTime:0.010000s ] mysql:dbname=db_mc;host=127.0.0.1;port=3306;charset=utf8
[ sql ] [ SQL ] SHOW COLUMNS FROM `mc_auth_rule` [ RunTime:0.000000s ]
[ sql ] [ SQL ] SELECT * FROM `mc_auth_rule` WHERE  (  status = 1 ) ORDER BY `sort` [ RunTime:0.000000s ]
[ sql ] [ SQL ] SHOW COLUMNS FROM `mc_product` [ RunTime:0.000000s ]
[ sql ] [ SQL ] SELECT COUNT(*) AS tp_count FROM `mc_product` LIMIT 1 [ RunTime:0.000000s ]

---------------------------------------------------------------
[ 2018-05-14T16:32:02+08:00 ] [ sql ] [ DB ] CONNECT:[ UseTime:0.001000s ] mysql:dbname=db_mc;host=127.0.0.1;port=3306;charset=utf8
[ sql ] [ SQL ] SHOW COLUMNS FROM `mc_auth_rule` [ RunTime:0.000000s ]
[ sql ] [ SQL ] SELECT * FROM `mc_auth_rule` WHERE  (  status = 1 ) ORDER BY `sort` [ RunTime:0.001000s ]
[ sql ] [ SQL ] SHOW COLUMNS FROM `mc_product` [ RunTime:0.001000s ]
[ sql ] [ SQL ] SELECT COUNT(*) AS tp_count FROM `mc_product` LIMIT 1 [ RunTime:0.000000s ]
[ sql ] [ SQL ] SELECT * FROM `mc_product` LIMIT 0,10 [ RunTime:0.001000s ]

---------------------------------------------------------------
[ 2018-05-14T16:32:03+08:00 ] [ sql ] [ DB ] CONNECT:[ UseTime:0.002000s ] mysql:dbname=db_mc;host=127.0.0.1;port=3306;charset=utf8
[ sql ] [ SQL ] SHOW COLUMNS FROM `mc_auth_rule` [ RunTime:0.000000s ]
[ sql ] [ SQL ] SELECT * FROM `mc_auth_rule` WHERE  (  status = 1 ) ORDER BY `sort` [ RunTime:0.000000s ]
[ sql ] [ SQL ] SHOW COLUMNS FROM `mc_product` [ RunTime:0.000000s ]
[ sql ] [ SQL ] DELETE FROM `mc_product`    WHERE  `id` = 1 [ RunTime:0.004000s ]

---------------------------------------------------------------
[ 2018-05-14T16:32:04+08:00 ] [ sql ] [ DB ] CONNECT:[ UseTime:0.010000s ] mysql:dbname=db_mc;host=127.0.0.1;port=3306;charset=utf8
[ sql ] [ SQL ] SHOW COLUMNS FROM `mc_auth_rule` [ RunTime:0.000000s ]
[ sql ] [ SQL ] SELECT * FROM `mc_auth_rule` WHERE  (  status = 1 ) ORDER BY `sort` [ RunTime:0.001000s ]
[ sql ] [ SQL ] SHOW COLUMNS FROM `mc_product` [ RunTime:0.001000s ]
[ sql ] [ SQL ] SELECT COUNT(*) AS tp_count FROM `mc_product` LIMIT 1 [ RunTime:0.000000s ]
[ sql ] [ SQL ] SELECT * FROM `mc_product` LIMIT 0,10 [ RunTime:0.000000s ]

---------------------------------------------------------------
[ 2018-05-14T16:32:12+08:00 ] [ sql ] [ DB ] CONNECT:[ UseTime:0.002000s ] mysql:dbname=db_mc;host=127.0.0.1;port=3306;charset=utf8
[ sql ] [ SQL ] SHOW COLUMNS FROM `mc_auth_rule` [ RunTime:0.001000s ]
[ sql ] [ SQL ] SELECT * FROM `mc_auth_rule` WHERE  (  status = 1 ) ORDER BY `sort` [ RunTime:0.000000s ]
[ sql ] [ SQL ] SHOW COLUMNS FROM `mc_product` [ RunTime:0.001000s ]
[ sql ] [ SQL ] SELECT COUNT(*) AS tp_count FROM `mc_product` LIMIT 1 [ RunTime:0.000000s ]

---------------------------------------------------------------
[ 2018-05-14T16:32:12+08:00 ] [ sql ] [ DB ] CONNECT:[ UseTime:0.011000s ] mysql:dbname=db_mc;host=127.0.0.1;port=3306;charset=utf8
[ sql ] [ SQL ] SHOW COLUMNS FROM `mc_auth_rule` [ RunTime:0.001000s ]
[ sql ] [ SQL ] SELECT * FROM `mc_auth_rule` WHERE  (  status = 1 ) ORDER BY `sort` [ RunTime:0.001000s ]
[ sql ] [ SQL ] SHOW COLUMNS FROM `mc_product` [ RunTime:0.000000s ]
[ sql ] [ SQL ] SELECT COUNT(*) AS tp_count FROM `mc_product` LIMIT 1 [ RunTime:0.000000s ]
[ sql ] [ SQL ] SELECT * FROM `mc_product` LIMIT 0,10 [ RunTime:0.001000s ]

---------------------------------------------------------------
[ 2018-05-14T16:33:59+08:00 ] [ sql ] [ DB ] CONNECT:[ UseTime:0.010000s ] mysql:dbname=db_mc;host=127.0.0.1;port=3306;charset=utf8
[ sql ] [ SQL ] SHOW COLUMNS FROM `mc_auth_rule` [ RunTime:0.001000s ]
[ sql ] [ SQL ] SELECT * FROM `mc_auth_rule` WHERE  (  status = 1 ) ORDER BY `sort` [ RunTime:0.001000s ]

---------------------------------------------------------------
[ 2018-05-14T16:34:19+08:00 ] [ sql ] [ DB ] CONNECT:[ UseTime:0.002000s ] mysql:dbname=db_mc;host=127.0.0.1;port=3306;charset=utf8
[ sql ] [ SQL ] SHOW COLUMNS FROM `mc_auth_rule` [ RunTime:0.001000s ]
[ sql ] [ SQL ] SELECT * FROM `mc_auth_rule` WHERE  (  status = 1 ) ORDER BY `sort` [ RunTime:0.001000s ]

---------------------------------------------------------------
[ 2018-05-14T16:34:27+08:00 ] [ sql ] [ DB ] CONNECT:[ UseTime:0.013000s ] mysql:dbname=db_mc;host=127.0.0.1;port=3306;charset=utf8
[ sql ] [ SQL ] SHOW COLUMNS FROM `mc_auth_rule` [ RunTime:0.006000s ]
[ sql ] [ SQL ] SELECT * FROM `mc_auth_rule` WHERE  (  status = 1 ) ORDER BY `sort` [ RunTime:0.004000s ]
[ sql ] [ SQL ] SHOW COLUMNS FROM `mc_product` [ RunTime:0.001000s ]
[ sql ] [ SQL ] INSERT INTO `mc_product` (`name` , `intro` , `sources` , `images` , `content` , `amount` , `date` , `user`) VALUES ('产品1' , '产品产品产品产品产品产品' , 500 , '/uploads/images/20180514\\c080277705d54dc7bd65002b7c796cb1.jpg' , '<p>产品产品产品产品产品产品产品产品产品产品产品产品产品产品产品产品产品产品产品产品产品产品产品产品产品产品产品产品产品产品产品产品产品产品产品产品产品产品产品产品产品产品产品产品产品产品产品产品产品产品产品产品产品产品产品产品产品产品产品产品产品产品产品产品产品</p>' , 300 , 1526286867 , 1) [ RunTime:0.002000s ]

---------------------------------------------------------------
[ 2018-05-14T16:34:29+08:00 ] [ sql ] [ DB ] CONNECT:[ UseTime:0.010000s ] mysql:dbname=db_mc;host=127.0.0.1;port=3306;charset=utf8
[ sql ] [ SQL ] SHOW COLUMNS FROM `mc_auth_rule` [ RunTime:0.000000s ]
[ sql ] [ SQL ] SELECT * FROM `mc_auth_rule` WHERE  (  status = 1 ) ORDER BY `sort` [ RunTime:0.000000s ]
[ sql ] [ SQL ] SHOW COLUMNS FROM `mc_product` [ RunTime:0.001000s ]
[ sql ] [ SQL ] SELECT COUNT(*) AS tp_count FROM `mc_product` LIMIT 1 [ RunTime:0.000000s ]

---------------------------------------------------------------
[ 2018-05-14T16:34:29+08:00 ] [ sql ] [ DB ] CONNECT:[ UseTime:0.001000s ] mysql:dbname=db_mc;host=127.0.0.1;port=3306;charset=utf8
[ sql ] [ SQL ] SHOW COLUMNS FROM `mc_auth_rule` [ RunTime:0.000000s ]
[ sql ] [ SQL ] SELECT * FROM `mc_auth_rule` WHERE  (  status = 1 ) ORDER BY `sort` [ RunTime:0.000000s ]
[ sql ] [ SQL ] SHOW COLUMNS FROM `mc_product` [ RunTime:0.001000s ]
[ sql ] [ SQL ] SELECT COUNT(*) AS tp_count FROM `mc_product` LIMIT 1 [ RunTime:0.000000s ]
[ sql ] [ SQL ] SELECT * FROM `mc_product` LIMIT 0,10 [ RunTime:0.001000s ]

---------------------------------------------------------------
[ 2018-05-14T16:34:31+08:00 ] [ sql ] [ DB ] CONNECT:[ UseTime:0.002000s ] mysql:dbname=db_mc;host=127.0.0.1;port=3306;charset=utf8
[ sql ] [ SQL ] SHOW COLUMNS FROM `mc_auth_rule` [ RunTime:0.001000s ]
[ sql ] [ SQL ] SELECT * FROM `mc_auth_rule` WHERE  (  status = 1 ) ORDER BY `sort` [ RunTime:0.001000s ]
[ sql ] [ SQL ] SHOW COLUMNS FROM `mc_product` [ RunTime:0.001000s ]
[ sql ] [ SQL ] SELECT * FROM `mc_product` WHERE  `id` = 2 LIMIT 1 [ RunTime:0.001000s ]

---------------------------------------------------------------
[ 2018-05-14T16:35:06+08:00 ] [ sql ] [ DB ] CONNECT:[ UseTime:0.011000s ] mysql:dbname=db_mc;host=127.0.0.1;port=3306;charset=utf8
[ sql ] [ SQL ] SHOW COLUMNS FROM `mc_auth_rule` [ RunTime:0.000000s ]
[ sql ] [ SQL ] SELECT * FROM `mc_auth_rule` WHERE  (  status = 1 ) ORDER BY `sort` [ RunTime:0.001000s ]
[ sql ] [ SQL ] SHOW COLUMNS FROM `mc_product` [ RunTime:0.002000s ]
[ sql ] [ SQL ] SELECT * FROM `mc_product` WHERE  `id` = 2 LIMIT 1 [ RunTime:0.000000s ]

---------------------------------------------------------------
[ 2018-05-14T16:36:03+08:00 ] [ sql ] [ DB ] CONNECT:[ UseTime:0.010000s ] mysql:dbname=db_mc;host=127.0.0.1;port=3306;charset=utf8
[ sql ] [ SQL ] SHOW COLUMNS FROM `mc_auth_rule` [ RunTime:0.000000s ]
[ sql ] [ SQL ] SELECT * FROM `mc_auth_rule` WHERE  (  status = 1 ) ORDER BY `sort` [ RunTime:0.001000s ]
[ sql ] [ SQL ] SHOW COLUMNS FROM `mc_product` [ RunTime:0.001000s ]
[ sql ] [ SQL ] SELECT * FROM `mc_product` WHERE  `id` = 2 LIMIT 1 [ RunTime:0.001000s ]

---------------------------------------------------------------
[ 2018-05-14T16:36:43+08:00 ] [ sql ] [ DB ] CONNECT:[ UseTime:0.010000s ] mysql:dbname=db_mc;host=127.0.0.1;port=3306;charset=utf8
[ sql ] [ SQL ] SHOW COLUMNS FROM `mc_auth_rule` [ RunTime:0.001000s ]
[ sql ] [ SQL ] SELECT * FROM `mc_auth_rule` WHERE  (  status = 1 ) ORDER BY `sort` [ RunTime:0.001000s ]
[ sql ] [ SQL ] SHOW COLUMNS FROM `mc_product` [ RunTime:0.001000s ]
[ sql ] [ SQL ] SELECT * FROM `mc_product` WHERE  `id` = 2 LIMIT 1 [ RunTime:0.001000s ]

---------------------------------------------------------------
[ 2018-05-14T16:37:55+08:00 ] [ sql ] [ DB ] CONNECT:[ UseTime:0.010000s ] mysql:dbname=db_mc;host=127.0.0.1;port=3306;charset=utf8
[ sql ] [ SQL ] SHOW COLUMNS FROM `mc_auth_rule` [ RunTime:0.001000s ]
[ sql ] [ SQL ] SELECT * FROM `mc_auth_rule` WHERE  (  status = 1 ) ORDER BY `sort` [ RunTime:0.001000s ]
[ sql ] [ SQL ] SHOW COLUMNS FROM `mc_product` [ RunTime:0.001000s ]
[ sql ] [ SQL ] SELECT * FROM `mc_product` WHERE  `id` = 2 LIMIT 1 [ RunTime:0.000000s ]

---------------------------------------------------------------
[ 2018-05-14T16:38:13+08:00 ] [ sql ] [ DB ] CONNECT:[ UseTime:0.010000s ] mysql:dbname=db_mc;host=127.0.0.1;port=3306;charset=utf8
[ sql ] [ SQL ] SHOW COLUMNS FROM `mc_auth_rule` [ RunTime:0.000000s ]
[ sql ] [ SQL ] SELECT * FROM `mc_auth_rule` WHERE  (  status = 1 ) ORDER BY `sort` [ RunTime:0.000000s ]
[ sql ] [ SQL ] SHOW COLUMNS FROM `mc_product` [ RunTime:0.001000s ]
[ sql ] [ SQL ] SELECT * FROM `mc_product` WHERE  `id` = 2 LIMIT 1 [ RunTime:0.001000s ]

---------------------------------------------------------------
[ 2018-05-14T16:39:00+08:00 ] [ sql ] [ DB ] CONNECT:[ UseTime:0.010000s ] mysql:dbname=db_mc;host=127.0.0.1;port=3306;charset=utf8
[ sql ] [ SQL ] SHOW COLUMNS FROM `mc_auth_rule` [ RunTime:0.001000s ]
[ sql ] [ SQL ] SELECT * FROM `mc_auth_rule` WHERE  (  status = 1 ) ORDER BY `sort` [ RunTime:0.001000s ]
[ sql ] [ SQL ] SHOW COLUMNS FROM `mc_product` [ RunTime:0.001000s ]
[ sql ] [ SQL ] SELECT * FROM `mc_product` WHERE  `id` = 2 LIMIT 1 [ RunTime:0.001000s ]

---------------------------------------------------------------
[ 2018-05-14T16:39:21+08:00 ] [ sql ] [ DB ] CONNECT:[ UseTime:0.010000s ] mysql:dbname=db_mc;host=127.0.0.1;port=3306;charset=utf8
[ sql ] [ SQL ] SHOW COLUMNS FROM `mc_auth_rule` [ RunTime:0.001000s ]
[ sql ] [ SQL ] SELECT * FROM `mc_auth_rule` WHERE  (  status = 1 ) ORDER BY `sort` [ RunTime:0.000000s ]
[ sql ] [ SQL ] SHOW COLUMNS FROM `mc_product` [ RunTime:0.001000s ]
[ sql ] [ SQL ] SELECT * FROM `mc_product` WHERE  `id` = 2 LIMIT 1 [ RunTime:0.000000s ]

---------------------------------------------------------------
[ 2018-05-14T16:39:42+08:00 ] [ sql ] [ DB ] CONNECT:[ UseTime:0.010000s ] mysql:dbname=db_mc;host=127.0.0.1;port=3306;charset=utf8
[ sql ] [ SQL ] SHOW COLUMNS FROM `mc_auth_rule` [ RunTime:0.001000s ]
[ sql ] [ SQL ] SELECT * FROM `mc_auth_rule` WHERE  (  status = 1 ) ORDER BY `sort` [ RunTime:0.001000s ]
[ sql ] [ SQL ] SHOW COLUMNS FROM `mc_product` [ RunTime:0.001000s ]
[ sql ] [ SQL ] SELECT * FROM `mc_product` WHERE  `id` = 2 LIMIT 1 [ RunTime:0.001000s ]

---------------------------------------------------------------
[ 2018-05-14T16:40:33+08:00 ] [ sql ] [ DB ] CONNECT:[ UseTime:0.010000s ] mysql:dbname=db_mc;host=127.0.0.1;port=3306;charset=utf8
[ sql ] [ SQL ] SHOW COLUMNS FROM `mc_auth_rule` [ RunTime:0.001000s ]
[ sql ] [ SQL ] SELECT * FROM `mc_auth_rule` WHERE  (  status = 1 ) ORDER BY `sort` [ RunTime:0.001000s ]
[ sql ] [ SQL ] SHOW COLUMNS FROM `mc_product` [ RunTime:0.001000s ]
[ sql ] [ SQL ] SELECT * FROM `mc_product` WHERE  `id` = 2 LIMIT 1 [ RunTime:0.001000s ]

---------------------------------------------------------------
[ 2018-05-14T16:40:55+08:00 ] [ sql ] [ DB ] CONNECT:[ UseTime:0.010000s ] mysql:dbname=db_mc;host=127.0.0.1;port=3306;charset=utf8
[ sql ] [ SQL ] SHOW COLUMNS FROM `mc_auth_rule` [ RunTime:0.001000s ]
[ sql ] [ SQL ] SELECT * FROM `mc_auth_rule` WHERE  (  status = 1 ) ORDER BY `sort` [ RunTime:0.001000s ]
[ sql ] [ SQL ] SHOW COLUMNS FROM `mc_product` [ RunTime:0.001000s ]
[ sql ] [ SQL ] SELECT * FROM `mc_product` WHERE  `id` = 2 LIMIT 1 [ RunTime:0.001000s ]

---------------------------------------------------------------
[ 2018-05-14T17:21:01+08:00 ] [ sql ] [ DB ] CONNECT:[ UseTime:0.003000s ] mysql:dbname=db_mc;host=127.0.0.1;port=3306;charset=utf8
[ sql ] [ SQL ] SHOW COLUMNS FROM `mc_auth_rule` [ RunTime:0.001000s ]
[ sql ] [ SQL ] SELECT * FROM `mc_auth_rule` WHERE  (  status = 1 ) ORDER BY `sort` [ RunTime:0.001000s ]
[ sql ] [ SQL ] SELECT * FROM `mc_auth_rule` ORDER BY id asc [ RunTime:0.001000s ]

---------------------------------------------------------------
[ 2018-05-14T17:21:23+08:00 ] [ sql ] [ DB ] CONNECT:[ UseTime:0.001000s ] mysql:dbname=db_mc;host=127.0.0.1;port=3306;charset=utf8
[ sql ] [ SQL ] SHOW COLUMNS FROM `mc_auth_rule` [ RunTime:0.001000s ]
[ sql ] [ SQL ] SELECT * FROM `mc_auth_rule` WHERE  (  status = 1 ) ORDER BY `sort` [ RunTime:0.001000s ]
[ sql ] [ SQL ] INSERT INTO `mc_auth_rule` (`pid` , `title` , `name` , `css` , `sort` , `status` , `update_time` , `create_time`) VALUES (138 , '广告类型' , 'admin/ad_type/index' , '' , 50 , 1 , 1526289683 , 1526289683) [ RunTime:0.001000s ]
[ sql ] [ SQL ] SHOW COLUMNS FROM `mc_log` [ RunTime:0.001000s ]
[ sql ] [ SQL ] INSERT INTO `mc_log` (`admin_id` , `admin_name` , `description` , `status` , `ip` , `add_time`) VALUES (1 , 'admins' , '用户【admins】添加菜单成功' , 1 , '127.0.0.1' , 1526289683) [ RunTime:0.001000s ]

---------------------------------------------------------------
[ 2018-05-14T17:21:24+08:00 ] [ sql ] [ DB ] CONNECT:[ UseTime:0.010000s ] mysql:dbname=db_mc;host=127.0.0.1;port=3306;charset=utf8
[ sql ] [ SQL ] SHOW COLUMNS FROM `mc_auth_rule` [ RunTime:0.000000s ]
[ sql ] [ SQL ] SELECT * FROM `mc_auth_rule` WHERE  (  status = 1 ) ORDER BY `sort` [ RunTime:0.001000s ]
[ sql ] [ SQL ] SELECT * FROM `mc_auth_rule` ORDER BY id asc [ RunTime:0.001000s ]

---------------------------------------------------------------
[ 2018-05-14T17:21:26+08:00 ] [ sql ] [ DB ] CONNECT:[ UseTime:0.011000s ] mysql:dbname=db_mc;host=127.0.0.1;port=3306;charset=utf8
[ sql ] [ SQL ] SHOW COLUMNS FROM `mc_auth_rule` [ RunTime:0.000000s ]
[ sql ] [ SQL ] SELECT * FROM `mc_auth_rule` WHERE  (  status = 1 ) ORDER BY `sort` [ RunTime:0.001000s ]

---------------------------------------------------------------
[ 2018-05-14T17:21:26+08:00 ] [ sql ] [ DB ] CONNECT:[ UseTime:0.003000s ] mysql:dbname=db_mc;host=127.0.0.1;port=3306;charset=utf8
[ sql ] [ SQL ] SHOW COLUMNS FROM `mc_auth_rule` [ RunTime:0.001000s ]
[ sql ] [ SQL ] SELECT * FROM `mc_auth_rule` WHERE  (  status = 1 ) ORDER BY `sort` [ RunTime:0.000000s ]
[ sql ] [ SQL ] SHOW COLUMNS FROM `mc_log` [ RunTime:0.001000s ]
[ sql ] [ SQL ] SELECT * FROM `mc_log` ORDER BY log_id desc LIMIT 10 [ RunTime:0.001000s ]

---------------------------------------------------------------
[ 2018-05-14T17:21:30+08:00 ] [ sql ] [ DB ] CONNECT:[ UseTime:0.011000s ] mysql:dbname=db_mc;host=127.0.0.1;port=3306;charset=utf8
[ sql ] [ SQL ] SHOW COLUMNS FROM `mc_auth_rule` [ RunTime:0.001000s ]
[ sql ] [ SQL ] SELECT * FROM `mc_auth_rule` WHERE  (  status = 1 ) ORDER BY `sort` [ RunTime:0.002000s ]

---------------------------------------------------------------
[ 2018-05-14T17:22:23+08:00 ] [ sql ] [ DB ] CONNECT:[ UseTime:0.001000s ] mysql:dbname=db_mc;host=127.0.0.1;port=3306;charset=utf8
[ sql ] [ SQL ] SHOW COLUMNS FROM `mc_auth_rule` [ RunTime:0.000000s ]
[ sql ] [ SQL ] SELECT * FROM `mc_auth_rule` WHERE  (  status = 1 ) ORDER BY `sort` [ RunTime:0.000000s ]
[ error ] [8]未定义变量: allpage

---------------------------------------------------------------
[ 2018-05-14T17:23:24+08:00 ] [ sql ] [ DB ] CONNECT:[ UseTime:0.010000s ] mysql:dbname=db_mc;host=127.0.0.1;port=3306;charset=utf8
[ sql ] [ SQL ] SHOW COLUMNS FROM `mc_auth_rule` [ RunTime:0.000000s ]
[ sql ] [ SQL ] SELECT * FROM `mc_auth_rule` WHERE  (  status = 1 ) ORDER BY `sort` [ RunTime:0.000000s ]
[ error ] [1]Class 'app\admin\controller\Db' not found

---------------------------------------------------------------
[ 2018-05-14T17:23:39+08:00 ] [ sql ] [ DB ] CONNECT:[ UseTime:0.001000s ] mysql:dbname=db_mc;host=127.0.0.1;port=3306;charset=utf8
[ sql ] [ SQL ] SHOW COLUMNS FROM `mc_auth_rule` [ RunTime:0.001000s ]
[ sql ] [ SQL ] SELECT * FROM `mc_auth_rule` WHERE  (  status = 1 ) ORDER BY `sort` [ RunTime:0.001000s ]
[ sql ] [ SQL ] SHOW COLUMNS FROM `mc_ad_type` [ RunTime:0.001000s ]
[ sql ] [ SQL ] SELECT COUNT(*) AS tp_count FROM `mc_ad_type` WHERE  `del_flag` = 0 LIMIT 1 [ RunTime:0.001000s ]
[ error ] [8]未定义变量: val

---------------------------------------------------------------
[ 2018-05-14T17:24:10+08:00 ] [ sql ] [ DB ] CONNECT:[ UseTime:0.010000s ] mysql:dbname=db_mc;host=127.0.0.1;port=3306;charset=utf8
[ sql ] [ SQL ] SHOW COLUMNS FROM `mc_auth_rule` [ RunTime:0.001000s ]
[ sql ] [ SQL ] SELECT * FROM `mc_auth_rule` WHERE  (  status = 1 ) ORDER BY `sort` [ RunTime:0.001000s ]
[ sql ] [ SQL ] SHOW COLUMNS FROM `mc_ad_type` [ RunTime:0.001000s ]
[ sql ] [ SQL ] SELECT COUNT(*) AS tp_count FROM `mc_ad_type` WHERE  `del_flag` = 0 LIMIT 1 [ RunTime:0.001000s ]

---------------------------------------------------------------
[ 2018-05-14T17:24:10+08:00 ] [ sql ] [ DB ] CONNECT:[ UseTime:0.010000s ] mysql:dbname=db_mc;host=127.0.0.1;port=3306;charset=utf8
[ sql ] [ SQL ] SHOW COLUMNS FROM `mc_auth_rule` [ RunTime:0.000000s ]
[ sql ] [ SQL ] SELECT * FROM `mc_auth_rule` WHERE  (  status = 1 ) ORDER BY `sort` [ RunTime:0.000000s ]
[ sql ] [ SQL ] SHOW COLUMNS FROM `mc_ad_type` [ RunTime:0.001000s ]
[ sql ] [ SQL ] SELECT COUNT(*) AS tp_count FROM `mc_ad_type` WHERE  `del_flag` = 0 LIMIT 1 [ RunTime:0.000000s ]
[ sql ] [ SQL ] SELECT * FROM `mc_ad_type` WHERE  `del_flag` = 0 LIMIT 0,10 [ RunTime:0.001000s ]

---------------------------------------------------------------
[ 2018-05-14T17:24:13+08:00 ] [ sql ] [ DB ] CONNECT:[ UseTime:0.011000s ] mysql:dbname=db_mc;host=127.0.0.1;port=3306;charset=utf8
[ sql ] [ SQL ] SHOW COLUMNS FROM `mc_auth_rule` [ RunTime:0.000000s ]
[ sql ] [ SQL ] SELECT * FROM `mc_auth_rule` WHERE  (  status = 1 ) ORDER BY `sort` [ RunTime:0.001000s ]

---------------------------------------------------------------
[ 2018-05-14T17:34:34+08:00 ] [ sql ] [ DB ] CONNECT:[ UseTime:0.010000s ] mysql:dbname=db_mc;host=127.0.0.1;port=3306;charset=utf8
[ sql ] [ SQL ] SHOW COLUMNS FROM `mc_auth_rule` [ RunTime:0.000000s ]
[ sql ] [ SQL ] SELECT * FROM `mc_auth_rule` WHERE  (  status = 1 ) ORDER BY `sort` [ RunTime:0.000000s ]

---------------------------------------------------------------
[ 2018-05-14T17:37:57+08:00 ] [ sql ] [ DB ] CONNECT:[ UseTime:0.010000s ] mysql:dbname=db_mc;host=127.0.0.1;port=3306;charset=utf8
[ sql ] [ SQL ] SHOW COLUMNS FROM `mc_auth_rule` [ RunTime:0.000000s ]
[ sql ] [ SQL ] SELECT * FROM `mc_auth_rule` WHERE  (  status = 1 ) ORDER BY `sort` [ RunTime:0.000000s ]

---------------------------------------------------------------
[ 2018-05-14T17:47:14+08:00 ] [ sql ] [ DB ] CONNECT:[ UseTime:0.001000s ] mysql:dbname=db_mc;host=127.0.0.1;port=3306;charset=utf8
[ sql ] [ SQL ] SHOW COLUMNS FROM `mc_auth_rule` [ RunTime:0.001000s ]
[ sql ] [ SQL ] SELECT * FROM `mc_auth_rule` WHERE  (  status = 1 ) ORDER BY `sort` [ RunTime:0.001000s ]

---------------------------------------------------------------
[ 2018-05-14T17:47:20+08:00 ] [ sql ] [ DB ] CONNECT:[ UseTime:0.001000s ] mysql:dbname=db_mc;host=127.0.0.1;port=3306;charset=utf8
[ sql ] [ SQL ] SHOW COLUMNS FROM `mc_auth_rule` [ RunTime:0.000000s ]
[ sql ] [ SQL ] SELECT * FROM `mc_auth_rule` WHERE  (  status = 1 ) ORDER BY `sort` [ RunTime:0.000000s ]
[ sql ] [ SQL ] SHOW COLUMNS FROM `mc_ad_type` [ RunTime:0.001000s ]
[ sql ] [ SQL ] INSERT INTO `mc_ad_type` (`name` , `date` , `user`) VALUES ('淘宝' , 1526291240 , 1) [ RunTime:0.002000s ]

---------------------------------------------------------------
[ 2018-05-14T17:47:22+08:00 ] [ sql ] [ DB ] CONNECT:[ UseTime:0.012000s ] mysql:dbname=db_mc;host=127.0.0.1;port=3306;charset=utf8
[ sql ] [ SQL ] SHOW COLUMNS FROM `mc_auth_rule` [ RunTime:0.000000s ]
[ sql ] [ SQL ] SELECT * FROM `mc_auth_rule` WHERE  (  status = 1 ) ORDER BY `sort` [ RunTime:0.000000s ]
[ sql ] [ SQL ] SHOW COLUMNS FROM `mc_ad_type` [ RunTime:0.001000s ]
[ sql ] [ SQL ] SELECT COUNT(*) AS tp_count FROM `mc_ad_type` WHERE  `del_flag` = 0 LIMIT 1 [ RunTime:0.000000s ]

---------------------------------------------------------------
[ 2018-05-14T17:47:22+08:00 ] [ sql ] [ DB ] CONNECT:[ UseTime:0.010000s ] mysql:dbname=db_mc;host=127.0.0.1;port=3306;charset=utf8
[ sql ] [ SQL ] SHOW COLUMNS FROM `mc_auth_rule` [ RunTime:0.000000s ]
[ sql ] [ SQL ] SELECT * FROM `mc_auth_rule` WHERE  (  status = 1 ) ORDER BY `sort` [ RunTime:0.001000s ]
[ sql ] [ SQL ] SHOW COLUMNS FROM `mc_ad_type` [ RunTime:0.001000s ]
[ sql ] [ SQL ] SELECT COUNT(*) AS tp_count FROM `mc_ad_type` WHERE  `del_flag` = 0 LIMIT 1 [ RunTime:0.000000s ]
[ sql ] [ SQL ] SELECT * FROM `mc_ad_type` WHERE  `del_flag` = 0 LIMIT 0,10 [ RunTime:0.000000s ]

---------------------------------------------------------------
[ 2018-05-14T17:50:36+08:00 ] [ sql ] [ DB ] CONNECT:[ UseTime:0.001000s ] mysql:dbname=db_mc;host=127.0.0.1;port=3306;charset=utf8
[ sql ] [ SQL ] SHOW COLUMNS FROM `mc_auth_rule` [ RunTime:0.000000s ]
[ sql ] [ SQL ] SELECT * FROM `mc_auth_rule` WHERE  (  status = 1 ) ORDER BY `sort` [ RunTime:0.000000s ]
[ sql ] [ SQL ] SHOW COLUMNS FROM `mc_ad_type` [ RunTime:0.002000s ]
[ sql ] [ SQL ] SELECT COUNT(*) AS tp_count FROM `mc_ad_type` WHERE  `del_flag` = 0 LIMIT 1 [ RunTime:0.000000s ]

---------------------------------------------------------------
[ 2018-05-14T17:50:36+08:00 ] [ sql ] [ DB ] CONNECT:[ UseTime:0.003000s ] mysql:dbname=db_mc;host=127.0.0.1;port=3306;charset=utf8
[ sql ] [ SQL ] SHOW COLUMNS FROM `mc_auth_rule` [ RunTime:0.001000s ]
[ sql ] [ SQL ] SELECT * FROM `mc_auth_rule` WHERE  (  status = 1 ) ORDER BY `sort` [ RunTime:0.001000s ]
[ sql ] [ SQL ] SHOW COLUMNS FROM `mc_ad_type` [ RunTime:0.001000s ]
[ sql ] [ SQL ] SELECT COUNT(*) AS tp_count FROM `mc_ad_type` WHERE  `del_flag` = 0 LIMIT 1 [ RunTime:0.000000s ]
[ sql ] [ SQL ] SELECT * FROM `mc_ad_type` WHERE  `del_flag` = 0 LIMIT 0,10 [ RunTime:0.001000s ]

---------------------------------------------------------------
[ 2018-05-14T17:50:38+08:00 ] [ sql ] [ DB ] CONNECT:[ UseTime:0.010000s ] mysql:dbname=db_mc;host=127.0.0.1;port=3306;charset=utf8
[ sql ] [ SQL ] SHOW COLUMNS FROM `mc_auth_rule` [ RunTime:0.001000s ]
[ sql ] [ SQL ] SELECT * FROM `mc_auth_rule` WHERE  (  status = 1 ) ORDER BY `sort` [ RunTime:0.000000s ]
[ sql ] [ SQL ] SHOW COLUMNS FROM `mc_ad_type` [ RunTime:0.000000s ]
[ sql ] [ SQL ] SELECT * FROM `mc_ad_type` WHERE  `id` = 1 LIMIT 1 [ RunTime:0.000000s ]

---------------------------------------------------------------
[ 2018-05-14T17:55:55+08:00 ] [ sql ] [ DB ] CONNECT:[ UseTime:0.010000s ] mysql:dbname=db_mc;host=127.0.0.1;port=3306;charset=utf8
[ sql ] [ SQL ] SHOW COLUMNS FROM `mc_auth_rule` [ RunTime:0.001000s ]
[ sql ] [ SQL ] SELECT * FROM `mc_auth_rule` WHERE  (  status = 1 ) ORDER BY `sort` [ RunTime:0.000000s ]
[ sql ] [ SQL ] SHOW COLUMNS FROM `mc_ad_type` [ RunTime:0.001000s ]
[ sql ] [ SQL ] UPDATE `mc_ad_type`  SET `name`='淘宝11212',`id`=1  WHERE  `id` = 1 [ RunTime:0.002000s ]

---------------------------------------------------------------
[ 2018-05-14T17:55:57+08:00 ] [ sql ] [ DB ] CONNECT:[ UseTime:0.001000s ] mysql:dbname=db_mc;host=127.0.0.1;port=3306;charset=utf8
[ sql ] [ SQL ] SHOW COLUMNS FROM `mc_auth_rule` [ RunTime:0.001000s ]
[ sql ] [ SQL ] SELECT * FROM `mc_auth_rule` WHERE  (  status = 1 ) ORDER BY `sort` [ RunTime:0.001000s ]
[ sql ] [ SQL ] SHOW COLUMNS FROM `mc_ad_type` [ RunTime:0.002000s ]
[ sql ] [ SQL ] SELECT COUNT(*) AS tp_count FROM `mc_ad_type` WHERE  `del_flag` = 0 LIMIT 1 [ RunTime:0.000000s ]

---------------------------------------------------------------
[ 2018-05-14T17:55:57+08:00 ] [ sql ] [ DB ] CONNECT:[ UseTime:0.001000s ] mysql:dbname=db_mc;host=127.0.0.1;port=3306;charset=utf8
[ sql ] [ SQL ] SHOW COLUMNS FROM `mc_auth_rule` [ RunTime:0.002000s ]
[ sql ] [ SQL ] SELECT * FROM `mc_auth_rule` WHERE  (  status = 1 ) ORDER BY `sort` [ RunTime:0.001000s ]
[ sql ] [ SQL ] SHOW COLUMNS FROM `mc_ad_type` [ RunTime:0.001000s ]
[ sql ] [ SQL ] SELECT COUNT(*) AS tp_count FROM `mc_ad_type` WHERE  `del_flag` = 0 LIMIT 1 [ RunTime:0.000000s ]
[ sql ] [ SQL ] SELECT * FROM `mc_ad_type` WHERE  `del_flag` = 0 LIMIT 0,10 [ RunTime:0.000000s ]

---------------------------------------------------------------
[ 2018-05-14T17:56:00+08:00 ] [ sql ] [ DB ] CONNECT:[ UseTime:0.001000s ] mysql:dbname=db_mc;host=127.0.0.1;port=3306;charset=utf8
[ sql ] [ SQL ] SHOW COLUMNS FROM `mc_auth_rule` [ RunTime:0.001000s ]
[ sql ] [ SQL ] SELECT * FROM `mc_auth_rule` WHERE  (  status = 1 ) ORDER BY `sort` [ RunTime:0.001000s ]
[ sql ] [ SQL ] SHOW COLUMNS FROM `mc_ad_type` [ RunTime:0.000000s ]
[ sql ] [ SQL ] UPDATE `mc_ad_type`  SET `del_flag`=1  WHERE  `id` = 1 [ RunTime:0.003000s ]

---------------------------------------------------------------
[ 2018-05-14T17:56:00+08:00 ] [ sql ] [ DB ] CONNECT:[ UseTime:0.001000s ] mysql:dbname=db_mc;host=127.0.0.1;port=3306;charset=utf8
[ sql ] [ SQL ] SHOW COLUMNS FROM `mc_auth_rule` [ RunTime:0.000000s ]
[ sql ] [ SQL ] SELECT * FROM `mc_auth_rule` WHERE  (  status = 1 ) ORDER BY `sort` [ RunTime:0.001000s ]
[ sql ] [ SQL ] SHOW COLUMNS FROM `mc_ad_type` [ RunTime:0.001000s ]
[ sql ] [ SQL ] SELECT COUNT(*) AS tp_count FROM `mc_ad_type` WHERE  `del_flag` = 0 LIMIT 1 [ RunTime:0.001000s ]
[ sql ] [ SQL ] SELECT * FROM `mc_ad_type` WHERE  `del_flag` = 0 LIMIT 0,10 [ RunTime:0.001000s ]

---------------------------------------------------------------
