[ 2018-05-18T09:37:00+08:00 ] [ sql ] [ DB ] CONNECT:[ UseTime:0.004000s ] mysql:dbname=db_mc;host=127.0.0.1;port=3306;charset=utf8
[ sql ] [ SQL ] SHOW COLUMNS FROM `mc_admin` [ RunTime:0.002000s ]
[ sql ] [ SQL ] SELECT * FROM `mc_admin` WHERE  `username` = 'admins' LIMIT 1 [ RunTime:0.001000s ]
[ sql ] [ SQL ] SHOW COLUMNS FROM `mc_auth_group` [ RunTime:0.000000s ]
[ sql ] [ SQL ] SELECT * FROM `mc_auth_group` WHERE  `id` = 1 LIMIT 1 [ RunTime:0.001000s ]
[ sql ] [ SQL ] SHOW COLUMNS FROM `mc_auth_rule` [ RunTime:0.000000s ]
[ sql ] [ SQL ] SELECT `name` FROM `mc_auth_rule` [ RunTime:0.001000s ]
[ sql ] [ SQL ] UPDATE `mc_admin`  SET `loginnum`=282,`last_login_ip`='127.0.0.1',`last_login_time`=1526607420  WHERE  `id` = 1 [ RunTime:0.000000s ]
[ sql ] [ SQL ] SHOW COLUMNS FROM `mc_log` [ RunTime:0.000000s ]
[ sql ] [ SQL ] INSERT INTO `mc_log` (`admin_id` , `admin_name` , `description` , `status` , `ip` , `add_time`) VALUES (1 , 'admins' , '用户【admins】登录成功' , 1 , '127.0.0.1' , 1526607420) [ RunTime:0.001000s ]

---------------------------------------------------------------
[ 2018-05-18T09:37:03+08:00 ] [ sql ] [ DB ] CONNECT:[ UseTime:0.001000s ] mysql:dbname=db_mc;host=127.0.0.1;port=3306;charset=utf8
[ sql ] [ SQL ] SHOW COLUMNS FROM `mc_auth_rule` [ RunTime:0.002000s ]
[ sql ] [ SQL ] SELECT * FROM `mc_auth_rule` WHERE  (  status = 1 ) ORDER BY `sort` [ RunTime:0.001000s ]

---------------------------------------------------------------
[ 2018-05-18T09:37:03+08:00 ] [ sql ] [ DB ] CONNECT:[ UseTime:0.002000s ] mysql:dbname=db_mc;host=127.0.0.1;port=3306;charset=utf8
[ sql ] [ SQL ] SHOW COLUMNS FROM `mc_auth_rule` [ RunTime:0.001000s ]
[ sql ] [ SQL ] SELECT * FROM `mc_auth_rule` WHERE  (  status = 1 ) ORDER BY `sort` [ RunTime:0.000000s ]
[ sql ] [ SQL ] SHOW COLUMNS FROM `mc_log` [ RunTime:0.001000s ]
[ sql ] [ SQL ] SELECT * FROM `mc_log` ORDER BY log_id desc LIMIT 10 [ RunTime:0.000000s ]

---------------------------------------------------------------
[ 2018-05-18T09:37:09+08:00 ] [ sql ] [ DB ] CONNECT:[ UseTime:0.001000s ] mysql:dbname=db_mc;host=127.0.0.1;port=3306;charset=utf8
[ sql ] [ SQL ] SHOW COLUMNS FROM `mc_auth_rule` [ RunTime:0.001000s ]
[ sql ] [ SQL ] SELECT * FROM `mc_auth_rule` WHERE  (  status = 1 ) ORDER BY `sort` [ RunTime:0.001000s ]

---------------------------------------------------------------
[ 2018-05-18T09:37:18+08:00 ] [ sql ] [ DB ] CONNECT:[ UseTime:0.001000s ] mysql:dbname=db_mc;host=127.0.0.1;port=3306;charset=utf8
[ sql ] [ SQL ] SHOW COLUMNS FROM `mc_auth_rule` [ RunTime:0.001000s ]
[ sql ] [ SQL ] SELECT * FROM `mc_auth_rule` WHERE  (  status = 1 ) ORDER BY `sort` [ RunTime:0.000000s ]
[ sql ] [ SQL ] SHOW COLUMNS FROM `mc_agency` [ RunTime:0.001000s ]
[ sql ] [ SQL ] SELECT * FROM `mc_agency` WHERE  `id` = 2122 LIMIT 1 [ RunTime:0.001000s ]
[ sql ] [ SQL ] SHOW COLUMNS FROM `mc_agency_type` [ RunTime:0.001000s ]
[ sql ] [ SQL ] SELECT * FROM `mc_agency_type` WHERE  `id` IS NULL LIMIT 1 [ RunTime:0.001000s ]
[ sql ] [ SQL ] SELECT * FROM `mc_agency` WHERE  `type` = 1  AND `province` = null  AND `city` = null LIMIT 1 [ RunTime:0.000000s ]

---------------------------------------------------------------
[ 2018-05-18T09:37:45+08:00 ] [ sql ] [ DB ] CONNECT:[ UseTime:0.001000s ] mysql:dbname=db_mc;host=127.0.0.1;port=3306;charset=utf8
[ sql ] [ SQL ] SHOW COLUMNS FROM `mc_auth_rule` [ RunTime:0.001000s ]
[ sql ] [ SQL ] SELECT * FROM `mc_auth_rule` WHERE  (  status = 1 ) ORDER BY `sort` [ RunTime:0.000000s ]

---------------------------------------------------------------
[ 2018-05-18T10:54:50+08:00 ] [ sql ] [ DB ] CONNECT:[ UseTime:0.002000s ] mysql:dbname=db_mc;host=127.0.0.1;port=3306;charset=utf8
[ sql ] [ SQL ] SHOW COLUMNS FROM `mc_auth_rule` [ RunTime:0.001000s ]
[ sql ] [ SQL ] SELECT * FROM `mc_auth_rule` WHERE  (  status = 1 ) ORDER BY `sort` [ RunTime:0.000000s ]
[ sql ] [ SQL ] SHOW COLUMNS FROM `mc_agency` [ RunTime:0.002000s ]
[ sql ] [ SQL ] SELECT COUNT(*) AS tp_count FROM `mc_agency` LIMIT 1 [ RunTime:0.000000s ]

---------------------------------------------------------------
[ 2018-05-18T10:54:50+08:00 ] [ sql ] [ DB ] CONNECT:[ UseTime:0.001000s ] mysql:dbname=db_mc;host=127.0.0.1;port=3306;charset=utf8
[ sql ] [ SQL ] SHOW COLUMNS FROM `mc_auth_rule` [ RunTime:0.001000s ]
[ sql ] [ SQL ] SELECT * FROM `mc_auth_rule` WHERE  (  status = 1 ) ORDER BY `sort` [ RunTime:0.001000s ]
[ sql ] [ SQL ] SHOW COLUMNS FROM `mc_agency` [ RunTime:0.001000s ]
[ sql ] [ SQL ] SELECT COUNT(*) AS tp_count FROM `mc_agency` LIMIT 1 [ RunTime:0.001000s ]
[ sql ] [ SQL ] SELECT * FROM `mc_agency` LIMIT 0,10 [ RunTime:0.000000s ]
[ sql ] [ SQL ] SHOW COLUMNS FROM `mc_agency_type` [ RunTime:0.002000s ]
[ sql ] [ SQL ] SELECT `id`,`name` FROM `mc_agency_type` [ RunTime:0.001000s ]

---------------------------------------------------------------
[ 2018-05-18T10:54:52+08:00 ] [ sql ] [ DB ] CONNECT:[ UseTime:0.010000s ] mysql:dbname=db_mc;host=127.0.0.1;port=3306;charset=utf8
[ sql ] [ SQL ] SHOW COLUMNS FROM `mc_auth_rule` [ RunTime:0.001000s ]
[ sql ] [ SQL ] SELECT * FROM `mc_auth_rule` WHERE  (  status = 1 ) ORDER BY `sort` [ RunTime:0.000000s ]
[ sql ] [ SQL ] SHOW COLUMNS FROM `mc_agency` [ RunTime:0.001000s ]
[ sql ] [ SQL ] SELECT COUNT(*) AS tp_count FROM `mc_agency` WHERE  `status` = 0 LIMIT 1 [ RunTime:0.000000s ]

---------------------------------------------------------------
[ 2018-05-18T10:54:54+08:00 ] [ sql ] [ DB ] CONNECT:[ UseTime:0.002000s ] mysql:dbname=db_mc;host=127.0.0.1;port=3306;charset=utf8
[ sql ] [ SQL ] SHOW COLUMNS FROM `mc_auth_rule` [ RunTime:0.001000s ]
[ sql ] [ SQL ] SELECT * FROM `mc_auth_rule` WHERE  (  status = 1 ) ORDER BY `sort` [ RunTime:0.001000s ]
[ sql ] [ SQL ] SHOW COLUMNS FROM `mc_agency` [ RunTime:0.001000s ]
[ sql ] [ SQL ] SELECT COUNT(*) AS tp_count FROM `mc_agency` LIMIT 1 [ RunTime:0.000000s ]

---------------------------------------------------------------
[ 2018-05-18T10:54:54+08:00 ] [ sql ] [ DB ] CONNECT:[ UseTime:0.002000s ] mysql:dbname=db_mc;host=127.0.0.1;port=3306;charset=utf8
[ sql ] [ SQL ] SHOW COLUMNS FROM `mc_auth_rule` [ RunTime:0.002000s ]
[ sql ] [ SQL ] SELECT * FROM `mc_auth_rule` WHERE  (  status = 1 ) ORDER BY `sort` [ RunTime:0.001000s ]
[ sql ] [ SQL ] SHOW COLUMNS FROM `mc_agency` [ RunTime:0.002000s ]
[ sql ] [ SQL ] SELECT COUNT(*) AS tp_count FROM `mc_agency` LIMIT 1 [ RunTime:0.000000s ]
[ sql ] [ SQL ] SELECT * FROM `mc_agency` LIMIT 0,10 [ RunTime:0.001000s ]
[ sql ] [ SQL ] SHOW COLUMNS FROM `mc_agency_type` [ RunTime:0.001000s ]
[ sql ] [ SQL ] SELECT `id`,`name` FROM `mc_agency_type` [ RunTime:0.000000s ]

---------------------------------------------------------------
[ 2018-05-18T10:56:01+08:00 ] [ sql ] [ DB ] CONNECT:[ UseTime:0.002000s ] mysql:dbname=db_mc;host=127.0.0.1;port=3306;charset=utf8
[ sql ] [ SQL ] SHOW COLUMNS FROM `mc_auth_rule` [ RunTime:0.001000s ]
[ sql ] [ SQL ] SELECT * FROM `mc_auth_rule` WHERE  (  status = 1 ) ORDER BY `sort` [ RunTime:0.001000s ]
[ sql ] [ SQL ] SHOW COLUMNS FROM `mc_agency` [ RunTime:0.002000s ]
[ sql ] [ SQL ] SELECT COUNT(*) AS tp_count FROM `mc_agency` WHERE  `status` = 0 LIMIT 1 [ RunTime:0.001000s ]

---------------------------------------------------------------
[ 2018-05-18T10:56:01+08:00 ] [ sql ] [ DB ] CONNECT:[ UseTime:0.001000s ] mysql:dbname=db_mc;host=127.0.0.1;port=3306;charset=utf8
[ sql ] [ SQL ] SHOW COLUMNS FROM `mc_auth_rule` [ RunTime:0.001000s ]
[ sql ] [ SQL ] SELECT * FROM `mc_auth_rule` WHERE  (  status = 1 ) ORDER BY `sort` [ RunTime:0.001000s ]
[ sql ] [ SQL ] SHOW COLUMNS FROM `mc_agency` [ RunTime:0.001000s ]
[ sql ] [ SQL ] SELECT COUNT(*) AS tp_count FROM `mc_agency` WHERE  `status` = 0 LIMIT 1 [ RunTime:0.001000s ]
[ sql ] [ SQL ] SELECT * FROM `mc_agency` WHERE  `status` = 0 LIMIT 0,10 [ RunTime:0.001000s ]
[ sql ] [ SQL ] SHOW COLUMNS FROM `mc_agency_type` [ RunTime:0.001000s ]
[ sql ] [ SQL ] SELECT `id`,`name` FROM `mc_agency_type` [ RunTime:0.000000s ]

---------------------------------------------------------------
[ 2018-05-18T11:01:56+08:00 ] [ sql ] [ DB ] CONNECT:[ UseTime:0.001000s ] mysql:dbname=db_mc;host=127.0.0.1;port=3306;charset=utf8
[ sql ] [ SQL ] SHOW COLUMNS FROM `mc_auth_rule` [ RunTime:0.001000s ]
[ sql ] [ SQL ] SELECT * FROM `mc_auth_rule` WHERE  (  status = 1 ) ORDER BY `sort` [ RunTime:0.001000s ]
[ sql ] [ SQL ] SHOW COLUMNS FROM `mc_agency` [ RunTime:0.001000s ]
[ sql ] [ SQL ] SELECT * FROM `mc_agency` WHERE  `id` = 1 LIMIT 1 [ RunTime:0.000000s ]
[ sql ] [ SQL ] SHOW COLUMNS FROM `mc_area` [ RunTime:0.001000s ]
[ sql ] [ SQL ] SELECT `code`,`name` FROM `mc_area` WHERE  `provinceCode` = '0' [ RunTime:0.002000s ]
[ sql ] [ SQL ] SELECT `code`,`name` FROM `mc_area` WHERE  `provinceCode` = '37'  AND `cityCode` = '0' [ RunTime:0.003000s ]
[ sql ] [ SQL ] SELECT `code`,`name` FROM `mc_area` WHERE  `provinceCode` = '37'  AND `cityCode` = '3703' [ RunTime:0.000000s ]
[ sql ] [ SQL ] SELECT `code`,`name` FROM `mc_area` WHERE  `provinceCode` = '37'  AND `cityCode` = '3703'  AND `areaCode` = '0' [ RunTime:0.003000s ]
[ sql ] [ SQL ] SHOW COLUMNS FROM `mc_agency_type` [ RunTime:0.002000s ]
[ sql ] [ SQL ] SELECT `id`,`name` FROM `mc_agency_type` [ RunTime:0.000000s ]
[ sql ] [ SQL ] SELECT `id`,`name` FROM `mc_agency` WHERE  `status` = 1 [ RunTime:0.001000s ]

---------------------------------------------------------------
[ 2018-05-18T11:01:59+08:00 ] [ sql ] [ DB ] CONNECT:[ UseTime:0.011000s ] mysql:dbname=db_mc;host=127.0.0.1;port=3306;charset=utf8
[ sql ] [ SQL ] SHOW COLUMNS FROM `mc_auth_rule` [ RunTime:0.001000s ]
[ sql ] [ SQL ] SELECT * FROM `mc_auth_rule` WHERE  (  status = 1 ) ORDER BY `sort` [ RunTime:0.000000s ]
[ sql ] [ SQL ] SHOW COLUMNS FROM `mc_agency` [ RunTime:0.001000s ]
[ sql ] [ SQL ] SELECT COUNT(*) AS tp_count FROM `mc_agency` LIMIT 1 [ RunTime:0.000000s ]

---------------------------------------------------------------
[ 2018-05-18T11:01:59+08:00 ] [ sql ] [ DB ] CONNECT:[ UseTime:0.011000s ] mysql:dbname=db_mc;host=127.0.0.1;port=3306;charset=utf8
[ sql ] [ SQL ] SHOW COLUMNS FROM `mc_auth_rule` [ RunTime:0.002000s ]
[ sql ] [ SQL ] SELECT * FROM `mc_auth_rule` WHERE  (  status = 1 ) ORDER BY `sort` [ RunTime:0.001000s ]
[ sql ] [ SQL ] SHOW COLUMNS FROM `mc_agency` [ RunTime:0.001000s ]
[ sql ] [ SQL ] SELECT COUNT(*) AS tp_count FROM `mc_agency` LIMIT 1 [ RunTime:0.000000s ]
[ sql ] [ SQL ] SELECT * FROM `mc_agency` LIMIT 0,10 [ RunTime:0.001000s ]
[ sql ] [ SQL ] SHOW COLUMNS FROM `mc_agency_type` [ RunTime:0.001000s ]
[ sql ] [ SQL ] SELECT `id`,`name` FROM `mc_agency_type` [ RunTime:0.000000s ]

---------------------------------------------------------------
[ 2018-05-18T11:02:00+08:00 ] [ sql ] [ DB ] CONNECT:[ UseTime:0.010000s ] mysql:dbname=db_mc;host=127.0.0.1;port=3306;charset=utf8
[ sql ] [ SQL ] SHOW COLUMNS FROM `mc_auth_rule` [ RunTime:0.000000s ]
[ sql ] [ SQL ] SELECT * FROM `mc_auth_rule` WHERE  (  status = 1 ) ORDER BY `sort` [ RunTime:0.000000s ]
[ sql ] [ SQL ] SHOW COLUMNS FROM `mc_agency` [ RunTime:0.001000s ]
[ sql ] [ SQL ] SELECT * FROM `mc_agency` WHERE  `id` = 1 LIMIT 1 [ RunTime:0.001000s ]
[ sql ] [ SQL ] SHOW COLUMNS FROM `mc_area` [ RunTime:0.001000s ]
[ sql ] [ SQL ] SELECT `code`,`name` FROM `mc_area` WHERE  `provinceCode` = '0' [ RunTime:0.000000s ]
[ sql ] [ SQL ] SELECT `code`,`name` FROM `mc_area` WHERE  `provinceCode` = '37'  AND `cityCode` = '0' [ RunTime:0.001000s ]
[ sql ] [ SQL ] SELECT `code`,`name` FROM `mc_area` WHERE  `provinceCode` = '37'  AND `cityCode` = '3703' [ RunTime:0.000000s ]
[ sql ] [ SQL ] SELECT `code`,`name` FROM `mc_area` WHERE  `provinceCode` = '37'  AND `cityCode` = '3703'  AND `areaCode` = '0' [ RunTime:0.000000s ]
[ sql ] [ SQL ] SHOW COLUMNS FROM `mc_agency_type` [ RunTime:0.002000s ]
[ sql ] [ SQL ] SELECT `id`,`name` FROM `mc_agency_type` [ RunTime:0.000000s ]

---------------------------------------------------------------
[ 2018-05-18T11:02:09+08:00 ] [ sql ] [ DB ] CONNECT:[ UseTime:0.011000s ] mysql:dbname=db_mc;host=127.0.0.1;port=3306;charset=utf8
[ sql ] [ SQL ] SHOW COLUMNS FROM `mc_auth_rule` [ RunTime:0.002000s ]
[ sql ] [ SQL ] SELECT * FROM `mc_auth_rule` WHERE  (  status = 1 ) ORDER BY `sort` [ RunTime:0.001000s ]
[ sql ] [ SQL ] SHOW COLUMNS FROM `mc_agency` [ RunTime:0.001000s ]
[ sql ] [ SQL ] UPDATE `mc_agency`  SET `name`='张三',`phone`='12345678901',`idn`='37232119861030001X',`wechat`='12345678901',`type`=1,`province`='37',`city`='3703',`county`='0',`area`='0',`id`=1  WHERE  `id` = 1 [ RunTime:0.005000s ]

---------------------------------------------------------------
[ 2018-05-18T11:02:11+08:00 ] [ sql ] [ DB ] CONNECT:[ UseTime:0.001000s ] mysql:dbname=db_mc;host=127.0.0.1;port=3306;charset=utf8
[ sql ] [ SQL ] SHOW COLUMNS FROM `mc_auth_rule` [ RunTime:0.001000s ]
[ sql ] [ SQL ] SELECT * FROM `mc_auth_rule` WHERE  (  status = 1 ) ORDER BY `sort` [ RunTime:0.000000s ]
[ sql ] [ SQL ] SHOW COLUMNS FROM `mc_agency` [ RunTime:0.001000s ]
[ sql ] [ SQL ] SELECT COUNT(*) AS tp_count FROM `mc_agency` LIMIT 1 [ RunTime:0.001000s ]

---------------------------------------------------------------
[ 2018-05-18T11:02:11+08:00 ] [ sql ] [ DB ] CONNECT:[ UseTime:0.002000s ] mysql:dbname=db_mc;host=127.0.0.1;port=3306;charset=utf8
[ sql ] [ SQL ] SHOW COLUMNS FROM `mc_auth_rule` [ RunTime:0.002000s ]
[ sql ] [ SQL ] SELECT * FROM `mc_auth_rule` WHERE  (  status = 1 ) ORDER BY `sort` [ RunTime:0.001000s ]
[ sql ] [ SQL ] SHOW COLUMNS FROM `mc_agency` [ RunTime:0.002000s ]
[ sql ] [ SQL ] SELECT COUNT(*) AS tp_count FROM `mc_agency` LIMIT 1 [ RunTime:0.000000s ]
[ sql ] [ SQL ] SELECT * FROM `mc_agency` LIMIT 0,10 [ RunTime:0.000000s ]
[ sql ] [ SQL ] SHOW COLUMNS FROM `mc_agency_type` [ RunTime:0.001000s ]
[ sql ] [ SQL ] SELECT `id`,`name` FROM `mc_agency_type` [ RunTime:0.000000s ]

---------------------------------------------------------------
[ 2018-05-18T11:15:18+08:00 ] [ sql ] [ DB ] CONNECT:[ UseTime:0.001000s ] mysql:dbname=db_mc;host=127.0.0.1;port=3306;charset=utf8
[ sql ] [ SQL ] SHOW COLUMNS FROM `mc_auth_rule` [ RunTime:0.001000s ]
[ sql ] [ SQL ] SELECT * FROM `mc_auth_rule` WHERE  (  status = 1 ) ORDER BY `sort` [ RunTime:0.000000s ]

---------------------------------------------------------------
[ 2018-05-18T11:15:19+08:00 ] [ sql ] [ DB ] CONNECT:[ UseTime:0.001000s ] mysql:dbname=db_mc;host=127.0.0.1;port=3306;charset=utf8
[ sql ] [ SQL ] SHOW COLUMNS FROM `mc_auth_rule` [ RunTime:0.001000s ]
[ sql ] [ SQL ] SELECT * FROM `mc_auth_rule` WHERE  (  status = 1 ) ORDER BY `sort` [ RunTime:0.000000s ]

---------------------------------------------------------------
[ 2018-05-18T11:15:21+08:00 ] [ sql ] [ DB ] CONNECT:[ UseTime:0.001000s ] mysql:dbname=db_mc;host=127.0.0.1;port=3306;charset=utf8
[ sql ] [ SQL ] SHOW COLUMNS FROM `mc_auth_rule` [ RunTime:0.001000s ]
[ sql ] [ SQL ] SELECT * FROM `mc_auth_rule` WHERE  (  status = 1 ) ORDER BY `sort` [ RunTime:0.001000s ]

---------------------------------------------------------------
[ 2018-05-18T11:15:30+08:00 ] [ sql ] [ DB ] CONNECT:[ UseTime:0.010000s ] mysql:dbname=db_mc;host=127.0.0.1;port=3306;charset=utf8
[ sql ] [ SQL ] SHOW COLUMNS FROM `mc_auth_rule` [ RunTime:0.000000s ]
[ sql ] [ SQL ] SELECT * FROM `mc_auth_rule` WHERE  (  status = 1 ) ORDER BY `sort` [ RunTime:0.000000s ]

---------------------------------------------------------------
[ 2018-05-18T11:28:34+08:00 ] [ sql ] [ DB ] CONNECT:[ UseTime:0.010000s ] mysql:dbname=db_mc;host=127.0.0.1;port=3306;charset=utf8
[ sql ] [ SQL ] SHOW COLUMNS FROM `mc_auth_rule` [ RunTime:0.000000s ]
[ sql ] [ SQL ] SELECT * FROM `mc_auth_rule` WHERE  (  status = 1 ) ORDER BY `sort` [ RunTime:0.002000s ]
[ sql ] [ SQL ] SHOW COLUMNS FROM `mc_agency` [ RunTime:0.001000s ]
[ sql ] [ SQL ] SELECT COUNT(*) AS tp_count FROM `mc_agency` WHERE  `status` = 0 LIMIT 1 [ RunTime:0.001000s ]

---------------------------------------------------------------
[ 2018-05-18T11:28:34+08:00 ] [ sql ] [ DB ] CONNECT:[ UseTime:0.010000s ] mysql:dbname=db_mc;host=127.0.0.1;port=3306;charset=utf8
[ sql ] [ SQL ] SHOW COLUMNS FROM `mc_auth_rule` [ RunTime:0.000000s ]
[ sql ] [ SQL ] SELECT * FROM `mc_auth_rule` WHERE  (  status = 1 ) ORDER BY `sort` [ RunTime:0.000000s ]
[ sql ] [ SQL ] SHOW COLUMNS FROM `mc_agency` [ RunTime:0.001000s ]
[ sql ] [ SQL ] SELECT COUNT(*) AS tp_count FROM `mc_agency` WHERE  `status` = 0 LIMIT 1 [ RunTime:0.001000s ]
[ sql ] [ SQL ] SELECT * FROM `mc_agency` WHERE  `status` = 0 LIMIT 0,10 [ RunTime:0.000000s ]
[ sql ] [ SQL ] SHOW COLUMNS FROM `mc_agency_type` [ RunTime:0.002000s ]
[ sql ] [ SQL ] SELECT `id`,`name` FROM `mc_agency_type` [ RunTime:0.000000s ]

---------------------------------------------------------------
[ 2018-05-18T11:28:36+08:00 ] [ sql ] [ DB ] CONNECT:[ UseTime:0.002000s ] mysql:dbname=db_mc;host=127.0.0.1;port=3306;charset=utf8
[ sql ] [ SQL ] SHOW COLUMNS FROM `mc_auth_rule` [ RunTime:0.001000s ]
[ sql ] [ SQL ] SELECT * FROM `mc_auth_rule` WHERE  (  status = 1 ) ORDER BY `sort` [ RunTime:0.001000s ]
[ sql ] [ SQL ] SHOW COLUMNS FROM `mc_agency` [ RunTime:0.001000s ]
[ sql ] [ SQL ] SELECT * FROM `mc_agency` WHERE  `id` = 1 LIMIT 1 [ RunTime:0.001000s ]
[ sql ] [ SQL ] SHOW COLUMNS FROM `mc_area` [ RunTime:0.001000s ]
[ sql ] [ SQL ] SELECT `code`,`name` FROM `mc_area` WHERE  `provinceCode` = '0' [ RunTime:0.000000s ]
[ sql ] [ SQL ] SELECT `code`,`name` FROM `mc_area` WHERE  `provinceCode` = '37'  AND `cityCode` = '0' [ RunTime:0.001000s ]
[ sql ] [ SQL ] SELECT `code`,`name` FROM `mc_area` WHERE  `provinceCode` = '37'  AND `cityCode` = '3703' [ RunTime:0.000000s ]
[ sql ] [ SQL ] SELECT `code`,`name` FROM `mc_area` WHERE  `provinceCode` = '37'  AND `cityCode` = '3703'  AND `areaCode` = '0' [ RunTime:0.000000s ]
[ sql ] [ SQL ] SHOW COLUMNS FROM `mc_agency_type` [ RunTime:0.001000s ]
[ sql ] [ SQL ] SELECT `id`,`name` FROM `mc_agency_type` [ RunTime:0.000000s ]
[ sql ] [ SQL ] SELECT `id`,`name` FROM `mc_agency` WHERE  `status` = 1 [ RunTime:0.000000s ]

---------------------------------------------------------------
[ 2018-05-18T11:29:08+08:00 ] [ sql ] [ DB ] CONNECT:[ UseTime:0.010000s ] mysql:dbname=db_mc;host=127.0.0.1;port=3306;charset=utf8
[ sql ] [ SQL ] SHOW COLUMNS FROM `mc_auth_rule` [ RunTime:0.000000s ]
[ sql ] [ SQL ] SELECT * FROM `mc_auth_rule` WHERE  (  status = 1 ) ORDER BY `sort` [ RunTime:0.000000s ]
[ sql ] [ SQL ] SHOW COLUMNS FROM `mc_agency` [ RunTime:0.001000s ]
[ sql ] [ SQL ] SELECT * FROM `mc_agency` WHERE  `id` = 1 LIMIT 1 [ RunTime:0.001000s ]
[ sql ] [ SQL ] SHOW COLUMNS FROM `mc_area` [ RunTime:0.000000s ]
[ sql ] [ SQL ] SELECT `code`,`name` FROM `mc_area` WHERE  `provinceCode` = '0' [ RunTime:0.000000s ]
[ sql ] [ SQL ] SELECT `code`,`name` FROM `mc_area` WHERE  `provinceCode` = '37'  AND `cityCode` = '0' [ RunTime:0.001000s ]
[ sql ] [ SQL ] SELECT `code`,`name` FROM `mc_area` WHERE  `provinceCode` = '37'  AND `cityCode` = '3703' [ RunTime:0.000000s ]
[ sql ] [ SQL ] SELECT `code`,`name` FROM `mc_area` WHERE  `provinceCode` = '37'  AND `cityCode` = '3703'  AND `areaCode` = '0' [ RunTime:0.001000s ]
[ sql ] [ SQL ] SHOW COLUMNS FROM `mc_agency_type` [ RunTime:0.001000s ]
[ sql ] [ SQL ] SELECT `id`,`name` FROM `mc_agency_type` [ RunTime:0.000000s ]
[ sql ] [ SQL ] SELECT `id`,`name` FROM `mc_agency` WHERE  `status` = 1 [ RunTime:0.000000s ]

---------------------------------------------------------------
[ 2018-05-18T11:30:06+08:00 ] [ sql ] [ DB ] CONNECT:[ UseTime:0.001000s ] mysql:dbname=db_mc;host=127.0.0.1;port=3306;charset=utf8
[ sql ] [ SQL ] SHOW COLUMNS FROM `mc_auth_rule` [ RunTime:0.001000s ]
[ sql ] [ SQL ] SELECT * FROM `mc_auth_rule` WHERE  (  status = 1 ) ORDER BY `sort` [ RunTime:0.001000s ]
[ sql ] [ SQL ] SHOW COLUMNS FROM `mc_agency` [ RunTime:0.001000s ]
[ sql ] [ SQL ] SELECT * FROM `mc_agency` WHERE  `id` = 1 LIMIT 1 [ RunTime:0.000000s ]
[ sql ] [ SQL ] SHOW COLUMNS FROM `mc_area` [ RunTime:0.001000s ]
[ sql ] [ SQL ] SELECT `code`,`name` FROM `mc_area` WHERE  `provinceCode` = '0' [ RunTime:0.001000s ]
[ sql ] [ SQL ] SELECT `code`,`name` FROM `mc_area` WHERE  `provinceCode` = '37'  AND `cityCode` = '0' [ RunTime:0.001000s ]
[ sql ] [ SQL ] SELECT `code`,`name` FROM `mc_area` WHERE  `provinceCode` = '37'  AND `cityCode` = '3703' [ RunTime:0.000000s ]
[ sql ] [ SQL ] SELECT `code`,`name` FROM `mc_area` WHERE  `provinceCode` = '37'  AND `cityCode` = '3703'  AND `areaCode` = '0' [ RunTime:0.000000s ]
[ sql ] [ SQL ] SHOW COLUMNS FROM `mc_agency_type` [ RunTime:0.001000s ]
[ sql ] [ SQL ] SELECT `id`,`name` FROM `mc_agency_type` [ RunTime:0.000000s ]
[ sql ] [ SQL ] SELECT `id`,`name` FROM `mc_agency` WHERE  `status` = 1 [ RunTime:0.000000s ]

---------------------------------------------------------------
[ 2018-05-18T11:30:12+08:00 ] [ sql ] [ DB ] CONNECT:[ UseTime:0.011000s ] mysql:dbname=db_mc;host=127.0.0.1;port=3306;charset=utf8
[ sql ] [ SQL ] SHOW COLUMNS FROM `mc_auth_rule` [ RunTime:0.000000s ]
[ sql ] [ SQL ] SELECT * FROM `mc_auth_rule` WHERE  (  status = 1 ) ORDER BY `sort` [ RunTime:0.000000s ]
[ sql ] [ SQL ] SHOW COLUMNS FROM `mc_agency` [ RunTime:0.001000s ]

---------------------------------------------------------------
[ 2018-05-18T11:30:33+08:00 ] [ sql ] [ DB ] CONNECT:[ UseTime:0.010000s ] mysql:dbname=db_mc;host=127.0.0.1;port=3306;charset=utf8
[ sql ] [ SQL ] SHOW COLUMNS FROM `mc_auth_rule` [ RunTime:0.001000s ]
[ sql ] [ SQL ] SELECT * FROM `mc_auth_rule` WHERE  (  status = 1 ) ORDER BY `sort` [ RunTime:0.001000s ]
[ sql ] [ SQL ] SHOW COLUMNS FROM `mc_agency` [ RunTime:0.000000s ]
[ sql ] [ SQL ] UPDATE `mc_agency`  SET `type`=1,`is_pid`=1,`pid`=0,`province`='37',`city`='3703',`county`='0',`area`='0',`id`=1,`status`=1,`date_end`='1558150233'  WHERE  `id` = 1 [ RunTime:0.005000s ]
[ sql ] [ SQL ] SELECT * FROM `mc_agency` WHERE  `id` = 1 LIMIT 1 [ RunTime:0.001000s ]
[ sql ] [ SQL ] SHOW COLUMNS FROM `mc_agency_type` [ RunTime:0.001000s ]
[ sql ] [ SQL ] SELECT * FROM `mc_agency_type` WHERE  `id` = 1 LIMIT 1 [ RunTime:0.000000s ]
[ sql ] [ SQL ] SHOW COLUMNS FROM `mc_params` [ RunTime:0.001000s ]
[ sql ] [ SQL ] SELECT `key`,`value` FROM `mc_params` [ RunTime:0.001000s ]
[ error ] [42S02]SQLSTATE[42S02]: Base table or view not found: 1146 Table 'db_mc.mc_member_moenylog' doesn't exist

---------------------------------------------------------------
[ 2018-05-18T11:31:04+08:00 ] [ sql ] [ DB ] CONNECT:[ UseTime:0.011000s ] mysql:dbname=db_mc;host=127.0.0.1;port=3306;charset=utf8
[ sql ] [ SQL ] SHOW COLUMNS FROM `mc_auth_rule` [ RunTime:0.001000s ]
[ sql ] [ SQL ] SELECT * FROM `mc_auth_rule` WHERE  (  status = 1 ) ORDER BY `sort` [ RunTime:0.002000s ]
[ sql ] [ SQL ] SHOW COLUMNS FROM `mc_agency` [ RunTime:0.001000s ]
[ sql ] [ SQL ] UPDATE `mc_agency`  SET `type`=1,`is_pid`=1,`pid`=0,`province`='37',`city`='3703',`county`='0',`area`='0',`id`=1,`status`=1,`date_end`='1558150264'  WHERE  `id` = 1 [ RunTime:0.006000s ]
[ sql ] [ SQL ] SELECT * FROM `mc_agency` WHERE  `id` = 1 LIMIT 1 [ RunTime:0.000000s ]
[ sql ] [ SQL ] SHOW COLUMNS FROM `mc_agency_type` [ RunTime:0.001000s ]
[ sql ] [ SQL ] SELECT * FROM `mc_agency_type` WHERE  `id` = 1 LIMIT 1 [ RunTime:0.001000s ]
[ sql ] [ SQL ] SHOW COLUMNS FROM `mc_params` [ RunTime:0.000000s ]
[ sql ] [ SQL ] SELECT `key`,`value` FROM `mc_params` [ RunTime:0.001000s ]
[ sql ] [ SQL ] SHOW COLUMNS FROM `mc_member_moneylog` [ RunTime:0.000000s ]
[ sql ] [ SQL ] INSERT INTO `mc_member_moneylog` (`member_id` , `type` , `model` , `amount` , `summary` , `date`) VALUES (1 , 'return' , '1' , 1280 , '代理返还' , 1526614264) [ RunTime:0.001000s ]

---------------------------------------------------------------
[ 2018-05-18T11:31:06+08:00 ] [ sql ] [ DB ] CONNECT:[ UseTime:0.011000s ] mysql:dbname=db_mc;host=127.0.0.1;port=3306;charset=utf8
[ sql ] [ SQL ] SHOW COLUMNS FROM `mc_auth_rule` [ RunTime:0.001000s ]
[ sql ] [ SQL ] SELECT * FROM `mc_auth_rule` WHERE  (  status = 1 ) ORDER BY `sort` [ RunTime:0.001000s ]
[ sql ] [ SQL ] SHOW COLUMNS FROM `mc_agency` [ RunTime:0.001000s ]
[ sql ] [ SQL ] SELECT COUNT(*) AS tp_count FROM `mc_agency` LIMIT 1 [ RunTime:0.000000s ]

---------------------------------------------------------------
[ 2018-05-18T11:31:06+08:00 ] [ sql ] [ DB ] CONNECT:[ UseTime:0.001000s ] mysql:dbname=db_mc;host=127.0.0.1;port=3306;charset=utf8
[ sql ] [ SQL ] SHOW COLUMNS FROM `mc_auth_rule` [ RunTime:0.001000s ]
[ sql ] [ SQL ] SELECT * FROM `mc_auth_rule` WHERE  (  status = 1 ) ORDER BY `sort` [ RunTime:0.001000s ]
[ sql ] [ SQL ] SHOW COLUMNS FROM `mc_agency` [ RunTime:0.001000s ]
[ sql ] [ SQL ] SELECT COUNT(*) AS tp_count FROM `mc_agency` LIMIT 1 [ RunTime:0.000000s ]
[ sql ] [ SQL ] SELECT * FROM `mc_agency` LIMIT 0,10 [ RunTime:0.001000s ]
[ sql ] [ SQL ] SHOW COLUMNS FROM `mc_agency_type` [ RunTime:0.001000s ]
[ sql ] [ SQL ] SELECT `id`,`name` FROM `mc_agency_type` [ RunTime:0.000000s ]

---------------------------------------------------------------
[ 2018-05-18T17:49:43+08:00 ] [ sql ] [ DB ] CONNECT:[ UseTime:0.003000s ] mysql:dbname=db_mc;host=127.0.0.1;port=3306;charset=utf8
[ sql ] [ SQL ] SHOW COLUMNS FROM `mc_auth_rule` [ RunTime:0.001000s ]
[ sql ] [ SQL ] SELECT * FROM `mc_auth_rule` WHERE  (  status = 1 ) ORDER BY `sort` [ RunTime:0.001000s ]
[ sql ] [ SQL ] SHOW COLUMNS FROM `mc_agency` [ RunTime:0.001000s ]
[ sql ] [ SQL ] SELECT COUNT(*) AS tp_count FROM `mc_agency` WHERE  `status` = 0 LIMIT 1 [ RunTime:0.000000s ]

---------------------------------------------------------------
[ 2018-05-18T17:49:43+08:00 ] [ sql ] [ DB ] CONNECT:[ UseTime:0.010000s ] mysql:dbname=db_mc;host=127.0.0.1;port=3306;charset=utf8
[ sql ] [ SQL ] SHOW COLUMNS FROM `mc_auth_rule` [ RunTime:0.000000s ]
[ sql ] [ SQL ] SELECT * FROM `mc_auth_rule` WHERE  (  status = 1 ) ORDER BY `sort` [ RunTime:0.000000s ]
[ sql ] [ SQL ] SHOW COLUMNS FROM `mc_agency` [ RunTime:0.001000s ]
[ sql ] [ SQL ] SELECT COUNT(*) AS tp_count FROM `mc_agency` WHERE  `status` = 0 LIMIT 1 [ RunTime:0.000000s ]
[ sql ] [ SQL ] SELECT * FROM `mc_agency` WHERE  `status` = 0 LIMIT 0,10 [ RunTime:0.001000s ]
[ sql ] [ SQL ] SHOW COLUMNS FROM `mc_agency_type` [ RunTime:0.000000s ]
[ sql ] [ SQL ] SELECT `id`,`name` FROM `mc_agency_type` [ RunTime:0.000000s ]

---------------------------------------------------------------
[ 2018-05-18T17:49:45+08:00 ] [ sql ] [ DB ] CONNECT:[ UseTime:0.001000s ] mysql:dbname=db_mc;host=127.0.0.1;port=3306;charset=utf8
[ sql ] [ SQL ] SHOW COLUMNS FROM `mc_auth_rule` [ RunTime:0.000000s ]
[ sql ] [ SQL ] SELECT * FROM `mc_auth_rule` WHERE  (  status = 1 ) ORDER BY `sort` [ RunTime:0.000000s ]
[ sql ] [ SQL ] SHOW COLUMNS FROM `mc_agency` [ RunTime:0.001000s ]
[ sql ] [ SQL ] SELECT * FROM `mc_agency` WHERE  `id` = 1 LIMIT 1 [ RunTime:0.001000s ]
[ sql ] [ SQL ] SHOW COLUMNS FROM `mc_area` [ RunTime:0.001000s ]
[ sql ] [ SQL ] SELECT `code`,`name` FROM `mc_area` WHERE  `provinceCode` = '0' [ RunTime:0.001000s ]
[ sql ] [ SQL ] SELECT `code`,`name` FROM `mc_area` WHERE  `provinceCode` = '37'  AND `cityCode` = '0' [ RunTime:0.001000s ]
[ sql ] [ SQL ] SELECT `code`,`name` FROM `mc_area` WHERE  `provinceCode` = '37'  AND `cityCode` = '3703' [ RunTime:0.001000s ]
[ sql ] [ SQL ] SELECT `code`,`name` FROM `mc_area` WHERE  `provinceCode` = '37'  AND `cityCode` = '3703'  AND `areaCode` = '0' [ RunTime:0.001000s ]
[ sql ] [ SQL ] SHOW COLUMNS FROM `mc_agency_type` [ RunTime:0.000000s ]
[ sql ] [ SQL ] SELECT `id`,`name` FROM `mc_agency_type` [ RunTime:0.000000s ]
[ sql ] [ SQL ] SELECT `id`,`name` FROM `mc_agency` WHERE  `status` = 1 [ RunTime:0.000000s ]

---------------------------------------------------------------
[ 2018-05-18T17:49:59+08:00 ] [ sql ] [ DB ] CONNECT:[ UseTime:0.010000s ] mysql:dbname=db_mc;host=127.0.0.1;port=3306;charset=utf8
[ sql ] [ SQL ] SHOW COLUMNS FROM `mc_auth_rule` [ RunTime:0.001000s ]
[ sql ] [ SQL ] SELECT * FROM `mc_auth_rule` WHERE  (  status = 1 ) ORDER BY `sort` [ RunTime:0.000000s ]
[ sql ] [ SQL ] SHOW COLUMNS FROM `mc_agency` [ RunTime:0.002000s ]
[ sql ] [ SQL ] SELECT * FROM `mc_agency` WHERE  `id` = 1 LIMIT 1 [ RunTime:0.000000s ]
[ sql ] [ SQL ] SHOW COLUMNS FROM `mc_area` [ RunTime:0.000000s ]
[ sql ] [ SQL ] SELECT `code`,`name` FROM `mc_area` WHERE  `provinceCode` = '0' [ RunTime:0.000000s ]
[ sql ] [ SQL ] SELECT `code`,`name` FROM `mc_area` WHERE  `provinceCode` = '37'  AND `cityCode` = '0' [ RunTime:0.002000s ]
[ sql ] [ SQL ] SELECT `code`,`name` FROM `mc_area` WHERE  `provinceCode` = '37'  AND `cityCode` = '3703' [ RunTime:0.001000s ]
[ sql ] [ SQL ] SELECT `code`,`name` FROM `mc_area` WHERE  `provinceCode` = '37'  AND `cityCode` = '3703'  AND `areaCode` = '0' [ RunTime:0.000000s ]
[ sql ] [ SQL ] SHOW COLUMNS FROM `mc_agency_type` [ RunTime:0.001000s ]
[ sql ] [ SQL ] SELECT `id`,`name` FROM `mc_agency_type` [ RunTime:0.000000s ]
[ sql ] [ SQL ] SELECT `id`,`name` FROM `mc_agency` WHERE  `status` = 1 [ RunTime:0.001000s ]

---------------------------------------------------------------
[ 2018-05-18T17:50:09+08:00 ] [ sql ] [ DB ] CONNECT:[ UseTime:0.002000s ] mysql:dbname=db_mc;host=127.0.0.1;port=3306;charset=utf8
[ sql ] [ SQL ] SHOW COLUMNS FROM `mc_auth_rule` [ RunTime:0.000000s ]
[ sql ] [ SQL ] SELECT * FROM `mc_auth_rule` WHERE  (  status = 1 ) ORDER BY `sort` [ RunTime:0.000000s ]
[ sql ] [ SQL ] SHOW COLUMNS FROM `mc_agency` [ RunTime:0.001000s ]
[ sql ] [ SQL ] UPDATE `mc_agency`  SET `type`=1,`pid`=0,`province`='37',`city`='3703',`county`='0',`area`='0',`id`=1,`status`=1,`date_end`='1558173009'  WHERE  `id` = 1 [ RunTime:0.003000s ]
[ sql ] [ SQL ] SELECT * FROM `mc_agency` WHERE  `id` = 1 LIMIT 1 [ RunTime:0.001000s ]
[ sql ] [ SQL ] SHOW COLUMNS FROM `mc_agency_type` [ RunTime:0.001000s ]
[ sql ] [ SQL ] SELECT * FROM `mc_agency_type` WHERE  `id` = 1 LIMIT 1 [ RunTime:0.000000s ]
[ sql ] [ SQL ] SHOW COLUMNS FROM `mc_params` [ RunTime:0.001000s ]
[ sql ] [ SQL ] SELECT `key`,`value` FROM `mc_params` [ RunTime:0.000000s ]
[ sql ] [ SQL ] SHOW COLUMNS FROM `mc_member_moneylog` [ RunTime:0.002000s ]
[ sql ] [ SQL ] INSERT INTO `mc_member_moneylog` (`member_id` , `type` , `model` , `amount` , `summary` , `date`) VALUES (1 , 'return' , '1' , 1280 , '代理返还' , 1526637009) [ RunTime:0.001000s ]
[ sql ] [ SQL ] SELECT * FROM `mc_agency` WHERE  `type` = 1  AND `province` = '37'  AND `city` = '3703' LIMIT 1 [ RunTime:0.001000s ]
[ sql ] [ SQL ] INSERT INTO `mc_member_moneylog` (`member_id` , `type` , `model` , `amount` , `summary` , `date`) VALUES (1 , 'return' , '1' , 1280 , '代理返还,来自代理张三' , 1526637009) [ RunTime:0.000000s ]
[ sql ] [ SQL ] SHOW COLUMNS FROM `mc_agency_info` [ RunTime:0.010000s ]

---------------------------------------------------------------
[ 2018-05-18T17:50:12+08:00 ] [ sql ] [ DB ] CONNECT:[ UseTime:0.003000s ] mysql:dbname=db_mc;host=127.0.0.1;port=3306;charset=utf8
[ sql ] [ SQL ] SHOW COLUMNS FROM `mc_auth_rule` [ RunTime:0.001000s ]
[ sql ] [ SQL ] SELECT * FROM `mc_auth_rule` WHERE  (  status = 1 ) ORDER BY `sort` [ RunTime:0.001000s ]
[ sql ] [ SQL ] SHOW COLUMNS FROM `mc_agency` [ RunTime:0.001000s ]
[ sql ] [ SQL ] SELECT COUNT(*) AS tp_count FROM `mc_agency` WHERE  `status` = 0 LIMIT 1 [ RunTime:0.000000s ]

---------------------------------------------------------------
[ 2018-05-18T17:50:12+08:00 ] [ sql ] [ DB ] CONNECT:[ UseTime:0.002000s ] mysql:dbname=db_mc;host=127.0.0.1;port=3306;charset=utf8
[ sql ] [ SQL ] SHOW COLUMNS FROM `mc_auth_rule` [ RunTime:0.002000s ]
[ sql ] [ SQL ] SELECT * FROM `mc_auth_rule` WHERE  (  status = 1 ) ORDER BY `sort` [ RunTime:0.001000s ]
[ sql ] [ SQL ] SHOW COLUMNS FROM `mc_agency` [ RunTime:0.001000s ]
[ sql ] [ SQL ] SELECT COUNT(*) AS tp_count FROM `mc_agency` WHERE  `status` = 0 LIMIT 1 [ RunTime:0.000000s ]
[ sql ] [ SQL ] SELECT * FROM `mc_agency` WHERE  `status` = 0 LIMIT 0,10 [ RunTime:0.000000s ]
[ sql ] [ SQL ] SHOW COLUMNS FROM `mc_agency_type` [ RunTime:0.002000s ]
[ sql ] [ SQL ] SELECT `id`,`name` FROM `mc_agency_type` [ RunTime:0.000000s ]

---------------------------------------------------------------
[ 2018-05-18T17:58:20+08:00 ] [ sql ] [ DB ] CONNECT:[ UseTime:0.002000s ] mysql:dbname=db_mc;host=127.0.0.1;port=3306;charset=utf8
[ sql ] [ SQL ] SHOW COLUMNS FROM `mc_auth_rule` [ RunTime:0.001000s ]
[ sql ] [ SQL ] SELECT * FROM `mc_auth_rule` WHERE  (  status = 1 ) ORDER BY `sort` [ RunTime:0.001000s ]
[ sql ] [ SQL ] SHOW COLUMNS FROM `mc_agency` [ RunTime:0.001000s ]
[ sql ] [ SQL ] SELECT COUNT(*) AS tp_count FROM `mc_agency` WHERE  `status` = 0 LIMIT 1 [ RunTime:0.000000s ]

---------------------------------------------------------------
[ 2018-05-18T17:58:20+08:00 ] [ sql ] [ DB ] CONNECT:[ UseTime:0.001000s ] mysql:dbname=db_mc;host=127.0.0.1;port=3306;charset=utf8
[ sql ] [ SQL ] SHOW COLUMNS FROM `mc_auth_rule` [ RunTime:0.001000s ]
[ sql ] [ SQL ] SELECT * FROM `mc_auth_rule` WHERE  (  status = 1 ) ORDER BY `sort` [ RunTime:0.000000s ]
[ sql ] [ SQL ] SHOW COLUMNS FROM `mc_agency` [ RunTime:0.001000s ]
[ sql ] [ SQL ] SELECT COUNT(*) AS tp_count FROM `mc_agency` WHERE  `status` = 0 LIMIT 1 [ RunTime:0.001000s ]
[ sql ] [ SQL ] SELECT * FROM `mc_agency` WHERE  `status` = 0 LIMIT 0,10 [ RunTime:0.000000s ]
[ sql ] [ SQL ] SHOW COLUMNS FROM `mc_agency_type` [ RunTime:0.001000s ]
[ sql ] [ SQL ] SELECT `id`,`name` FROM `mc_agency_type` [ RunTime:0.000000s ]

---------------------------------------------------------------
[ 2018-05-18T17:58:21+08:00 ] [ sql ] [ DB ] CONNECT:[ UseTime:0.001000s ] mysql:dbname=db_mc;host=127.0.0.1;port=3306;charset=utf8
[ sql ] [ SQL ] SHOW COLUMNS FROM `mc_auth_rule` [ RunTime:0.000000s ]
[ sql ] [ SQL ] SELECT * FROM `mc_auth_rule` WHERE  (  status = 1 ) ORDER BY `sort` [ RunTime:0.000000s ]
[ sql ] [ SQL ] SHOW COLUMNS FROM `mc_agency` [ RunTime:0.000000s ]
[ sql ] [ SQL ] SELECT * FROM `mc_agency` WHERE  `id` = 1 LIMIT 1 [ RunTime:0.000000s ]
[ sql ] [ SQL ] SHOW COLUMNS FROM `mc_area` [ RunTime:0.001000s ]
[ sql ] [ SQL ] SELECT `code`,`name` FROM `mc_area` WHERE  `provinceCode` = '0' [ RunTime:0.001000s ]
[ sql ] [ SQL ] SELECT `code`,`name` FROM `mc_area` WHERE  `provinceCode` = '37'  AND `cityCode` = '0' [ RunTime:0.001000s ]
[ sql ] [ SQL ] SELECT `code`,`name` FROM `mc_area` WHERE  `provinceCode` = '37'  AND `cityCode` = '3703' [ RunTime:0.001000s ]
[ sql ] [ SQL ] SELECT `code`,`name` FROM `mc_area` WHERE  `provinceCode` = '37'  AND `cityCode` = '3703'  AND `areaCode` = '0' [ RunTime:0.001000s ]
[ sql ] [ SQL ] SHOW COLUMNS FROM `mc_agency_type` [ RunTime:0.000000s ]
[ sql ] [ SQL ] SELECT `id`,`name` FROM `mc_agency_type` [ RunTime:0.001000s ]
[ sql ] [ SQL ] SELECT `id`,`name` FROM `mc_agency` WHERE  `status` = 1 [ RunTime:0.000000s ]

---------------------------------------------------------------
[ 2018-05-18T17:58:28+08:00 ] [ sql ] [ DB ] CONNECT:[ UseTime:0.001000s ] mysql:dbname=db_mc;host=127.0.0.1;port=3306;charset=utf8
[ sql ] [ SQL ] SHOW COLUMNS FROM `mc_auth_rule` [ RunTime:0.000000s ]
[ sql ] [ SQL ] SELECT * FROM `mc_auth_rule` WHERE  (  status = 1 ) ORDER BY `sort` [ RunTime:0.000000s ]
[ sql ] [ SQL ] SHOW COLUMNS FROM `mc_agency` [ RunTime:0.000000s ]
[ sql ] [ SQL ] UPDATE `mc_agency`  SET `type`=1,`pid`=0,`province`='37',`city`='3703',`county`='0',`area`='0',`id`=1,`status`=1,`date_end`='1558173508'  WHERE  `id` = 1 [ RunTime:0.005000s ]
[ sql ] [ SQL ] SELECT * FROM `mc_agency` WHERE  `id` = 1 LIMIT 1 [ RunTime:0.000000s ]
[ sql ] [ SQL ] SHOW COLUMNS FROM `mc_agency_type` [ RunTime:0.001000s ]
[ sql ] [ SQL ] SELECT * FROM `mc_agency_type` WHERE  `id` = 1 LIMIT 1 [ RunTime:0.000000s ]
[ sql ] [ SQL ] SHOW COLUMNS FROM `mc_params` [ RunTime:0.002000s ]
[ sql ] [ SQL ] SELECT `key`,`value` FROM `mc_params` [ RunTime:0.000000s ]
[ sql ] [ SQL ] SHOW COLUMNS FROM `mc_member_moneylog` [ RunTime:0.001000s ]
[ sql ] [ SQL ] INSERT INTO `mc_member_moneylog` (`member_id` , `type` , `model` , `amount` , `summary` , `date`) VALUES (1 , 'return' , '1' , 1280 , '代理返还' , 1526637508) [ RunTime:0.001000s ]
[ sql ] [ SQL ] SELECT * FROM `mc_agency` WHERE  `type` = 1  AND `province` = '37'  AND `city` = '3703' LIMIT 1 [ RunTime:0.000000s ]
[ sql ] [ SQL ] INSERT INTO `mc_member_moneylog` (`member_id` , `type` , `model` , `amount` , `summary` , `date`) VALUES (1 , 'return' , '1' , 0 , '代理返还,来自代理张三' , 1526637508) [ RunTime:0.000000s ]
[ sql ] [ SQL ] SHOW COLUMNS FROM `mc_agency_info` [ RunTime:0.009000s ]

---------------------------------------------------------------
[ 2018-05-18T17:58:30+08:00 ] [ sql ] [ DB ] CONNECT:[ UseTime:0.010000s ] mysql:dbname=db_mc;host=127.0.0.1;port=3306;charset=utf8
[ sql ] [ SQL ] SHOW COLUMNS FROM `mc_auth_rule` [ RunTime:0.000000s ]
[ sql ] [ SQL ] SELECT * FROM `mc_auth_rule` WHERE  (  status = 1 ) ORDER BY `sort` [ RunTime:0.000000s ]
[ sql ] [ SQL ] SHOW COLUMNS FROM `mc_agency` [ RunTime:0.000000s ]
[ sql ] [ SQL ] SELECT COUNT(*) AS tp_count FROM `mc_agency` WHERE  `status` = 0 LIMIT 1 [ RunTime:0.000000s ]

---------------------------------------------------------------
[ 2018-05-18T17:58:30+08:00 ] [ sql ] [ DB ] CONNECT:[ UseTime:0.001000s ] mysql:dbname=db_mc;host=127.0.0.1;port=3306;charset=utf8
[ sql ] [ SQL ] SHOW COLUMNS FROM `mc_auth_rule` [ RunTime:0.001000s ]
[ sql ] [ SQL ] SELECT * FROM `mc_auth_rule` WHERE  (  status = 1 ) ORDER BY `sort` [ RunTime:0.001000s ]
[ sql ] [ SQL ] SHOW COLUMNS FROM `mc_agency` [ RunTime:0.001000s ]
[ sql ] [ SQL ] SELECT COUNT(*) AS tp_count FROM `mc_agency` WHERE  `status` = 0 LIMIT 1 [ RunTime:0.001000s ]
[ sql ] [ SQL ] SELECT * FROM `mc_agency` WHERE  `status` = 0 LIMIT 0,10 [ RunTime:0.000000s ]
[ sql ] [ SQL ] SHOW COLUMNS FROM `mc_agency_type` [ RunTime:0.001000s ]
[ sql ] [ SQL ] SELECT `id`,`name` FROM `mc_agency_type` [ RunTime:0.000000s ]

---------------------------------------------------------------
[ 2018-05-18T18:00:36+08:00 ] [ sql ] [ DB ] CONNECT:[ UseTime:0.010000s ] mysql:dbname=db_mc;host=127.0.0.1;port=3306;charset=utf8
[ sql ] [ SQL ] SHOW COLUMNS FROM `mc_auth_rule` [ RunTime:0.001000s ]
[ sql ] [ SQL ] SELECT * FROM `mc_auth_rule` WHERE  (  status = 1 ) ORDER BY `sort` [ RunTime:0.001000s ]
[ sql ] [ SQL ] SHOW COLUMNS FROM `mc_agency` [ RunTime:0.001000s ]
[ sql ] [ SQL ] SELECT COUNT(*) AS tp_count FROM `mc_agency` WHERE  `status` = 0 LIMIT 1 [ RunTime:0.001000s ]

---------------------------------------------------------------
[ 2018-05-18T18:00:36+08:00 ] [ sql ] [ DB ] CONNECT:[ UseTime:0.001000s ] mysql:dbname=db_mc;host=127.0.0.1;port=3306;charset=utf8
[ sql ] [ SQL ] SHOW COLUMNS FROM `mc_auth_rule` [ RunTime:0.001000s ]
[ sql ] [ SQL ] SELECT * FROM `mc_auth_rule` WHERE  (  status = 1 ) ORDER BY `sort` [ RunTime:0.000000s ]
[ sql ] [ SQL ] SHOW COLUMNS FROM `mc_agency` [ RunTime:0.001000s ]
[ sql ] [ SQL ] SELECT COUNT(*) AS tp_count FROM `mc_agency` WHERE  `status` = 0 LIMIT 1 [ RunTime:0.000000s ]
[ sql ] [ SQL ] SELECT * FROM `mc_agency` WHERE  `status` = 0 LIMIT 0,10 [ RunTime:0.001000s ]
[ sql ] [ SQL ] SHOW COLUMNS FROM `mc_agency_type` [ RunTime:0.001000s ]
[ sql ] [ SQL ] SELECT `id`,`name` FROM `mc_agency_type` [ RunTime:0.000000s ]

---------------------------------------------------------------
[ 2018-05-18T18:00:38+08:00 ] [ sql ] [ DB ] CONNECT:[ UseTime:0.001000s ] mysql:dbname=db_mc;host=127.0.0.1;port=3306;charset=utf8
[ sql ] [ SQL ] SHOW COLUMNS FROM `mc_auth_rule` [ RunTime:0.000000s ]
[ sql ] [ SQL ] SELECT * FROM `mc_auth_rule` WHERE  (  status = 1 ) ORDER BY `sort` [ RunTime:0.000000s ]
[ sql ] [ SQL ] SHOW COLUMNS FROM `mc_agency` [ RunTime:0.001000s ]
[ sql ] [ SQL ] SELECT * FROM `mc_agency` WHERE  `id` = 1 LIMIT 1 [ RunTime:0.001000s ]
[ sql ] [ SQL ] SHOW COLUMNS FROM `mc_area` [ RunTime:0.001000s ]
[ sql ] [ SQL ] SELECT `code`,`name` FROM `mc_area` WHERE  `provinceCode` = '0' [ RunTime:0.000000s ]
[ sql ] [ SQL ] SELECT `code`,`name` FROM `mc_area` WHERE  `provinceCode` = '37'  AND `cityCode` = '0' [ RunTime:0.001000s ]
[ sql ] [ SQL ] SELECT `code`,`name` FROM `mc_area` WHERE  `provinceCode` = '37'  AND `cityCode` = '3703' [ RunTime:0.000000s ]
[ sql ] [ SQL ] SELECT `code`,`name` FROM `mc_area` WHERE  `provinceCode` = '37'  AND `cityCode` = '3703'  AND `areaCode` = '0' [ RunTime:0.000000s ]
[ sql ] [ SQL ] SHOW COLUMNS FROM `mc_agency_type` [ RunTime:0.001000s ]
[ sql ] [ SQL ] SELECT `id`,`name` FROM `mc_agency_type` [ RunTime:0.000000s ]
[ sql ] [ SQL ] SELECT `id`,`name` FROM `mc_agency` WHERE  `status` = 1 [ RunTime:0.000000s ]

---------------------------------------------------------------
[ 2018-05-18T18:00:41+08:00 ] [ sql ] [ DB ] CONNECT:[ UseTime:0.001000s ] mysql:dbname=db_mc;host=127.0.0.1;port=3306;charset=utf8
[ sql ] [ SQL ] SHOW COLUMNS FROM `mc_auth_rule` [ RunTime:0.000000s ]
[ sql ] [ SQL ] SELECT * FROM `mc_auth_rule` WHERE  (  status = 1 ) ORDER BY `sort` [ RunTime:0.000000s ]
[ sql ] [ SQL ] SHOW COLUMNS FROM `mc_agency` [ RunTime:0.000000s ]
[ sql ] [ SQL ] UPDATE `mc_agency`  SET `type`=1,`is_pid`=1,`pid`=0,`province`='37',`city`='3703',`county`='0',`area`='0',`id`=1,`status`=1,`date_end`='1558173641'  WHERE  `id` = 1 [ RunTime:0.003000s ]
[ sql ] [ SQL ] SELECT * FROM `mc_agency` WHERE  `id` = 1 LIMIT 1 [ RunTime:0.001000s ]
[ sql ] [ SQL ] SHOW COLUMNS FROM `mc_agency_type` [ RunTime:0.001000s ]
[ sql ] [ SQL ] SELECT * FROM `mc_agency_type` WHERE  `id` = 1 LIMIT 1 [ RunTime:0.001000s ]
[ sql ] [ SQL ] SHOW COLUMNS FROM `mc_params` [ RunTime:0.001000s ]
[ sql ] [ SQL ] SELECT `key`,`value` FROM `mc_params` [ RunTime:0.000000s ]
[ sql ] [ SQL ] SHOW COLUMNS FROM `mc_member_moneylog` [ RunTime:0.001000s ]
[ sql ] [ SQL ] INSERT INTO `mc_member_moneylog` (`member_id` , `type` , `model` , `amount` , `summary` , `date`) VALUES (1 , 'return' , '1' , 1280 , '代理返还' , 1526637641) [ RunTime:0.002000s ]
[ sql ] [ SQL ] SELECT * FROM `mc_agency` WHERE  `type` = 1  AND `province` = '37'  AND `city` = '3703'  AND `id` <> 1 LIMIT 1 [ RunTime:0.001000s ]
[ sql ] [ SQL ] SHOW COLUMNS FROM `mc_agency_info` [ RunTime:0.002000s ]

---------------------------------------------------------------
[ 2018-05-18T18:00:43+08:00 ] [ sql ] [ DB ] CONNECT:[ UseTime:0.001000s ] mysql:dbname=db_mc;host=127.0.0.1;port=3306;charset=utf8
[ sql ] [ SQL ] SHOW COLUMNS FROM `mc_auth_rule` [ RunTime:0.001000s ]
[ sql ] [ SQL ] SELECT * FROM `mc_auth_rule` WHERE  (  status = 1 ) ORDER BY `sort` [ RunTime:0.001000s ]
[ sql ] [ SQL ] SHOW COLUMNS FROM `mc_agency` [ RunTime:0.001000s ]
[ sql ] [ SQL ] SELECT COUNT(*) AS tp_count FROM `mc_agency` WHERE  `status` = 0 LIMIT 1 [ RunTime:0.000000s ]

---------------------------------------------------------------
[ 2018-05-18T18:00:43+08:00 ] [ sql ] [ DB ] CONNECT:[ UseTime:0.011000s ] mysql:dbname=db_mc;host=127.0.0.1;port=3306;charset=utf8
[ sql ] [ SQL ] SHOW COLUMNS FROM `mc_auth_rule` [ RunTime:0.001000s ]
[ sql ] [ SQL ] SELECT * FROM `mc_auth_rule` WHERE  (  status = 1 ) ORDER BY `sort` [ RunTime:0.001000s ]
[ sql ] [ SQL ] SHOW COLUMNS FROM `mc_agency` [ RunTime:0.000000s ]
[ sql ] [ SQL ] SELECT COUNT(*) AS tp_count FROM `mc_agency` WHERE  `status` = 0 LIMIT 1 [ RunTime:0.000000s ]
[ sql ] [ SQL ] SELECT * FROM `mc_agency` WHERE  `status` = 0 LIMIT 0,10 [ RunTime:0.001000s ]
[ sql ] [ SQL ] SHOW COLUMNS FROM `mc_agency_type` [ RunTime:0.000000s ]
[ sql ] [ SQL ] SELECT `id`,`name` FROM `mc_agency_type` [ RunTime:0.000000s ]

---------------------------------------------------------------
