[ 2018-07-18T22:14:45+08:00 ] [ sql ] [ DB ] CONNECT:[ UseTime:0.001576s ] mysql:dbname=db_mc;host=127.0.0.1;port=3306;charset=utf8
[ sql ] [ SQL ] SHOW COLUMNS FROM `mc_agency` [ RunTime:0.002633s ]
[ sql ] [ SQL ] SELECT * FROM `mc_agency` WHERE  `username` = 'user_1'  AND `password` = 'e10adc3949ba59abbe56e057f20f883e' LIMIT 1 [ RunTime:0.000414s ]

---------------------------------------------------------------
[ 2018-07-18T22:14:51+08:00 ] [ sql ] [ DB ] CONNECT:[ UseTime:0.011801s ] mysql:dbname=db_mc;host=127.0.0.1;port=3306;charset=utf8
[ sql ] [ SQL ] SHOW COLUMNS FROM `mc_agency` [ RunTime:0.001900s ]
[ sql ] [ SQL ] SELECT * FROM `mc_agency` WHERE  `username` = 'user_1'  AND `password` = '21218cca77804d2ba1922c33e0151105' LIMIT 1 [ RunTime:0.000389s ]

---------------------------------------------------------------
[ 2018-07-18T22:14:53+08:00 ] [ sql ] [ DB ] CONNECT:[ UseTime:0.019330s ] mysql:dbname=db_mc;host=127.0.0.1;port=3306;charset=utf8
[ sql ] [ SQL ] SHOW COLUMNS FROM `mc_silder` [ RunTime:0.001953s ]
[ sql ] [ SQL ] SELECT * FROM `mc_silder` [ RunTime:0.000323s ]

---------------------------------------------------------------
[ 2018-07-18T22:14:57+08:00 ] [ sql ] [ DB ] CONNECT:[ UseTime:0.011474s ] mysql:dbname=db_mc;host=127.0.0.1;port=3306;charset=utf8
[ sql ] [ SQL ] SHOW COLUMNS FROM `mc_agency_type` [ RunTime:0.001847s ]
[ sql ] [ SQL ] SELECT * FROM `mc_agency_type` WHERE  `status` = 1 [ RunTime:0.000365s ]

---------------------------------------------------------------
[ 2018-07-18T22:15:30+08:00 ] [ sql ] [ DB ] CONNECT:[ UseTime:0.001300s ] mysql:dbname=db_mc;host=127.0.0.1;port=3306;charset=utf8
[ sql ] [ SQL ] SHOW COLUMNS FROM `mc_agency_type` [ RunTime:0.001752s ]
[ sql ] [ SQL ] SELECT * FROM `mc_agency_type` WHERE  `status` = 1 [ RunTime:0.000359s ]

---------------------------------------------------------------
[ 2018-07-18T22:15:44+08:00 ] [ sql ] [ DB ] CONNECT:[ UseTime:0.010862s ] mysql:dbname=db_mc;host=127.0.0.1;port=3306;charset=utf8
[ sql ] [ SQL ] SHOW COLUMNS FROM `mc_agency_type` [ RunTime:0.001863s ]
[ sql ] [ SQL ] SELECT * FROM `mc_agency_type` WHERE  `status` = 1 [ RunTime:0.000406s ]

---------------------------------------------------------------
[ 2018-07-18T22:15:46+08:00 ] [ sql ] [ DB ] CONNECT:[ UseTime:0.011376s ] mysql:dbname=db_mc;host=127.0.0.1;port=3306;charset=utf8
[ sql ] [ SQL ] SHOW COLUMNS FROM `mc_agency_type` [ RunTime:0.001774s ]
[ sql ] [ SQL ] SELECT * FROM `mc_agency_type` WHERE  `id` = 2 LIMIT 1 [ RunTime:0.000371s ]

---------------------------------------------------------------
[ 2018-07-18T22:31:23+08:00 ] [ sql ] [ DB ] CONNECT:[ UseTime:0.001605s ] mysql:dbname=db_mc;host=127.0.0.1;port=3306;charset=utf8
[ sql ] [ SQL ] SHOW COLUMNS FROM `mc_agency_type` [ RunTime:0.001934s ]
[ sql ] [ SQL ] SELECT * FROM `mc_agency_type` WHERE  `id` = 2 LIMIT 1 [ RunTime:0.000371s ]

---------------------------------------------------------------
[ 2018-07-18T22:31:26+08:00 ] [ sql ] [ DB ] CONNECT:[ UseTime:0.010278s ] mysql:dbname=db_mc;host=127.0.0.1;port=3306;charset=utf8
[ sql ] [ SQL ] SHOW COLUMNS FROM `mc_agency_type` [ RunTime:0.002127s ]
[ sql ] [ SQL ] SELECT * FROM `mc_agency_type` WHERE  `id` = 3 LIMIT 1 [ RunTime:0.000357s ]

---------------------------------------------------------------
[ 2018-07-18T22:31:43+08:00 ] [ sql ] [ DB ] CONNECT:[ UseTime:0.010631s ] mysql:dbname=db_mc;host=127.0.0.1;port=3306;charset=utf8
[ sql ] [ SQL ] SHOW COLUMNS FROM `mc_agency_type` [ RunTime:0.001852s ]
[ sql ] [ SQL ] SELECT * FROM `mc_agency_type` WHERE  `status` = 1 [ RunTime:0.000373s ]
[ sql ] [ SQL ] SHOW COLUMNS FROM `mc_switchs` [ RunTime:0.001594s ]
[ sql ] [ SQL ] SELECT `name`,`values` FROM `mc_switchs` [ RunTime:0.000272s ]

---------------------------------------------------------------
[ 2018-07-18T22:32:50+08:00 ] [ sql ] [ DB ] CONNECT:[ UseTime:0.001420s ] mysql:dbname=db_mc;host=127.0.0.1;port=3306;charset=utf8
[ sql ] [ SQL ] SHOW COLUMNS FROM `mc_agency_type` [ RunTime:0.001919s ]
[ sql ] [ SQL ] SELECT * FROM `mc_agency_type` WHERE  `status` = 1 [ RunTime:0.000368s ]
[ sql ] [ SQL ] SHOW COLUMNS FROM `mc_switchs` [ RunTime:0.001669s ]
[ sql ] [ SQL ] SELECT `name`,`values` FROM `mc_switchs` [ RunTime:0.000282s ]

---------------------------------------------------------------
[ 2018-07-18T22:32:52+08:00 ] [ sql ] [ DB ] CONNECT:[ UseTime:0.010356s ] mysql:dbname=db_mc;host=127.0.0.1;port=3306;charset=utf8
[ sql ] [ SQL ] SHOW COLUMNS FROM `mc_agency_type` [ RunTime:0.001744s ]
[ sql ] [ SQL ] SELECT * FROM `mc_agency_type` WHERE  `id` = 2 LIMIT 1 [ RunTime:0.000355s ]

---------------------------------------------------------------
[ 2018-07-18T22:33:21+08:00 ] [ sql ] [ DB ] CONNECT:[ UseTime:0.010590s ] mysql:dbname=db_mc;host=127.0.0.1;port=3306;charset=utf8
[ sql ] [ SQL ] SHOW COLUMNS FROM `mc_agency_type` [ RunTime:0.002113s ]
[ sql ] [ SQL ] SELECT * FROM `mc_agency_type` WHERE  `id` = 2 LIMIT 1 [ RunTime:0.000392s ]

---------------------------------------------------------------
[ 2018-07-18T22:33:24+08:00 ] [ sql ] [ DB ] CONNECT:[ UseTime:0.011852s ] mysql:dbname=db_mc;host=127.0.0.1;port=3306;charset=utf8
[ sql ] [ SQL ] SHOW COLUMNS FROM `mc_agency_type` [ RunTime:0.001925s ]
[ sql ] [ SQL ] SELECT * FROM `mc_agency_type` WHERE  `status` = 1 [ RunTime:0.000436s ]
[ sql ] [ SQL ] SHOW COLUMNS FROM `mc_switchs` [ RunTime:0.002159s ]
[ sql ] [ SQL ] SELECT `name`,`values` FROM `mc_switchs` [ RunTime:0.000283s ]

---------------------------------------------------------------
[ 2018-07-18T22:33:26+08:00 ] [ sql ] [ DB ] CONNECT:[ UseTime:0.010059s ] mysql:dbname=db_mc;host=127.0.0.1;port=3306;charset=utf8
[ sql ] [ SQL ] SHOW COLUMNS FROM `mc_agency_type` [ RunTime:0.001836s ]
[ sql ] [ SQL ] SELECT * FROM `mc_agency_type` WHERE  `id` = 1 LIMIT 1 [ RunTime:0.000347s ]

---------------------------------------------------------------
[ 2018-07-18T22:33:51+08:00 ] [ sql ] [ DB ] CONNECT:[ UseTime:0.011078s ] mysql:dbname=db_mc;host=127.0.0.1;port=3306;charset=utf8
[ sql ] [ SQL ] SHOW COLUMNS FROM `mc_agency_type` [ RunTime:0.000621s ]
[ sql ] [ SQL ] SELECT * FROM `mc_agency_type` WHERE  `status` = 1 [ RunTime:0.000250s ]
[ sql ] [ SQL ] SHOW COLUMNS FROM `mc_switchs` [ RunTime:0.000410s ]
[ sql ] [ SQL ] SELECT `name`,`values` FROM `mc_switchs` [ RunTime:0.000131s ]

---------------------------------------------------------------
[ 2018-07-18T22:34:00+08:00 ] [ sql ] [ DB ] CONNECT:[ UseTime:0.001369s ] mysql:dbname=db_mc;host=127.0.0.1;port=3306;charset=utf8
[ sql ] [ SQL ] SHOW COLUMNS FROM `mc_agency_type` [ RunTime:0.001903s ]
[ sql ] [ SQL ] SELECT * FROM `mc_agency_type` WHERE  `id` = 3 LIMIT 1 [ RunTime:0.000440s ]

---------------------------------------------------------------
[ 2018-07-18T22:34:02+08:00 ] [ sql ] [ DB ] CONNECT:[ UseTime:0.009870s ] mysql:dbname=db_mc;host=127.0.0.1;port=3306;charset=utf8
[ sql ] [ SQL ] SHOW COLUMNS FROM `mc_agency_type` [ RunTime:0.001866s ]
[ sql ] [ SQL ] SELECT * FROM `mc_agency_type` WHERE  `status` = 1 [ RunTime:0.000297s ]
[ sql ] [ SQL ] SHOW COLUMNS FROM `mc_switchs` [ RunTime:0.001640s ]
[ sql ] [ SQL ] SELECT `name`,`values` FROM `mc_switchs` [ RunTime:0.000226s ]

---------------------------------------------------------------
[ 2018-07-18T22:34:17+08:00 ] [ sql ] [ DB ] CONNECT:[ UseTime:0.012137s ] mysql:dbname=db_mc;host=127.0.0.1;port=3306;charset=utf8
[ sql ] [ SQL ] SHOW COLUMNS FROM `mc_agency_type` [ RunTime:0.002253s ]
[ sql ] [ SQL ] SELECT * FROM `mc_agency_type` WHERE  `id` = 1 LIMIT 1 [ RunTime:0.000365s ]

---------------------------------------------------------------
[ 2018-07-18T22:34:19+08:00 ] [ sql ] [ DB ] CONNECT:[ UseTime:0.010698s ] mysql:dbname=db_mc;host=127.0.0.1;port=3306;charset=utf8
[ sql ] [ SQL ] SHOW COLUMNS FROM `mc_agency_type` [ RunTime:0.000703s ]
[ sql ] [ SQL ] SELECT * FROM `mc_agency_type` WHERE  `status` = 1 [ RunTime:0.000322s ]
[ sql ] [ SQL ] SHOW COLUMNS FROM `mc_switchs` [ RunTime:0.001707s ]
[ sql ] [ SQL ] SELECT `name`,`values` FROM `mc_switchs` [ RunTime:0.000252s ]

---------------------------------------------------------------
