[ 2018-07-20T08:47:33+08:00 ] [ sql ] [ DB ] CONNECT:[ UseTime:0.007000s ] mysql:dbname=db_mc;host=127.0.0.1;port=3306;charset=utf8
[ sql ] [ SQL ] SHOW COLUMNS FROM `mc_agency` [ RunTime:0.009000s ]
[ sql ] [ SQL ] SELECT * FROM `mc_agency` WHERE  `username` = 'user_1'  AND `password` = 'e10adc3949ba59abbe56e057f20f883e' LIMIT 1 [ RunTime:0.000000s ]

---------------------------------------------------------------
[ 2018-07-20T08:47:35+08:00 ] [ sql ] [ DB ] CONNECT:[ UseTime:0.010000s ] mysql:dbname=db_mc;host=127.0.0.1;port=3306;charset=utf8
[ sql ] [ SQL ] SHOW COLUMNS FROM `mc_silder` [ RunTime:0.003000s ]
[ sql ] [ SQL ] SELECT * FROM `mc_silder` [ RunTime:0.000000s ]

---------------------------------------------------------------
[ 2018-07-20T08:47:38+08:00 ] [ sql ] [ DB ] CONNECT:[ UseTime:0.011000s ] mysql:dbname=db_mc;host=127.0.0.1;port=3306;charset=utf8
[ sql ] [ SQL ] SHOW COLUMNS FROM `mc_course_member` [ RunTime:0.001000s ]
[ sql ] [ SQL ] SELECT COUNT(*) AS tp_count FROM `mc_course_member` WHERE  `mid` = 1 LIMIT 1 [ RunTime:0.001000s ]
[ sql ] [ SQL ] SELECT `cid` FROM `mc_course_member` WHERE  `state` = 0  AND `mid` = 1 [ RunTime:0.000000s ]
[ sql ] [ SQL ] SELECT `cid` FROM `mc_course_member` WHERE  `state` = 1  AND `mid` = 1 [ RunTime:0.001000s ]
[ sql ] [ SQL ] SELECT *,1 AS model from mc_course where id in (4,1) and target like '%2%'  UNION  SELECT *,2 AS type from mc_course where id in (1,2,3,2)  order by type ASC,date desc limit 15 [ RunTime:0.002000s ]
[ sql ] [ SQL ] SHOW COLUMNS FROM `mc_course_cate` [ RunTime:0.003000s ]
[ sql ] [ SQL ] SELECT `id`,`name` FROM `mc_course_cate` [ RunTime:0.000000s ]

---------------------------------------------------------------
[ 2018-07-20T08:47:39+08:00 ] [ sql ] [ DB ] CONNECT:[ UseTime:0.001000s ] mysql:dbname=db_mc;host=127.0.0.1;port=3306;charset=utf8
[ sql ] [ SQL ] SHOW COLUMNS FROM `mc_course` [ RunTime:0.001000s ]
[ sql ] [ SQL ] SELECT * FROM `mc_course` WHERE  `id` = 2 LIMIT 1 [ RunTime:0.000000s ]
[ sql ] [ SQL ] SHOW COLUMNS FROM `mc_course_images` [ RunTime:0.001000s ]
[ sql ] [ SQL ] SELECT * FROM `mc_course_images` WHERE  `course` = 2 [ RunTime:0.000000s ]
[ sql ] [ SQL ] UPDATE `mc_course`  SET `times`=15  WHERE  `id` = 2 [ RunTime:0.003000s ]
[ sql ] [ SQL ] SHOW COLUMNS FROM `mc_course_member` [ RunTime:0.001000s ]
[ sql ] [ SQL ] UPDATE `mc_course_member`  SET `state`=1,`date`=1532047659  WHERE  `mid` = 1  AND `cid` = 2 [ RunTime:0.003000s ]
[ sql ] [ SQL ] SHOW COLUMNS FROM `mc_admin` [ RunTime:0.001000s ]
[ sql ] [ SQL ] SELECT `id`,`real_name` FROM `mc_admin` [ RunTime:0.000000s ]

---------------------------------------------------------------
[ 2018-07-20T08:47:51+08:00 ] [ sql ] [ DB ] CONNECT:[ UseTime:0.012000s ] mysql:dbname=db_mc;host=127.0.0.1;port=3306;charset=utf8
[ sql ] [ SQL ] SHOW COLUMNS FROM `mc_course` [ RunTime:0.002000s ]
[ sql ] [ SQL ] SELECT * FROM `mc_course` WHERE  `id` = 2 LIMIT 1 [ RunTime:0.001000s ]
[ sql ] [ SQL ] SHOW COLUMNS FROM `mc_course_images` [ RunTime:0.001000s ]
[ sql ] [ SQL ] SELECT * FROM `mc_course_images` WHERE  `course` = 2 [ RunTime:0.001000s ]
[ sql ] [ SQL ] UPDATE `mc_course`  SET `times`=16  WHERE  `id` = 2 [ RunTime:0.003000s ]
[ sql ] [ SQL ] SHOW COLUMNS FROM `mc_course_member` [ RunTime:0.001000s ]
[ sql ] [ SQL ] UPDATE `mc_course_member`  SET `state`=1,`date`=1532047671  WHERE  `mid` = 1  AND `cid` = 2 [ RunTime:0.003000s ]
[ sql ] [ SQL ] SHOW COLUMNS FROM `mc_admin` [ RunTime:0.001000s ]
[ sql ] [ SQL ] SELECT `id`,`real_name` FROM `mc_admin` [ RunTime:0.000000s ]

---------------------------------------------------------------
[ 2018-07-20T08:48:39+08:00 ] [ sql ] [ DB ] CONNECT:[ UseTime:0.010000s ] mysql:dbname=db_mc;host=127.0.0.1;port=3306;charset=utf8
[ sql ] [ SQL ] SHOW COLUMNS FROM `mc_course` [ RunTime:0.001000s ]
[ sql ] [ SQL ] SELECT * FROM `mc_course` WHERE  `id` = 2 LIMIT 1 [ RunTime:0.001000s ]
[ sql ] [ SQL ] SHOW COLUMNS FROM `mc_course_images` [ RunTime:0.001000s ]
[ sql ] [ SQL ] SELECT * FROM `mc_course_images` WHERE  `course` = 2 [ RunTime:0.000000s ]
[ sql ] [ SQL ] UPDATE `mc_course`  SET `times`=17  WHERE  `id` = 2 [ RunTime:0.008000s ]
[ sql ] [ SQL ] SHOW COLUMNS FROM `mc_course_member` [ RunTime:0.002000s ]
[ sql ] [ SQL ] UPDATE `mc_course_member`  SET `state`=1,`date`=1532047719  WHERE  `mid` = 1  AND `cid` = 2 [ RunTime:0.002000s ]
[ sql ] [ SQL ] SHOW COLUMNS FROM `mc_admin` [ RunTime:0.001000s ]
[ sql ] [ SQL ] SELECT `id`,`real_name` FROM `mc_admin` [ RunTime:0.000000s ]

---------------------------------------------------------------
[ 2018-07-20T08:48:53+08:00 ] [ sql ] [ DB ] CONNECT:[ UseTime:0.002000s ] mysql:dbname=db_mc;host=127.0.0.1;port=3306;charset=utf8
[ sql ] [ SQL ] SHOW COLUMNS FROM `mc_course` [ RunTime:0.002000s ]
[ sql ] [ SQL ] SELECT * FROM `mc_course` WHERE  `id` = 2 LIMIT 1 [ RunTime:0.001000s ]
[ sql ] [ SQL ] SHOW COLUMNS FROM `mc_course_images` [ RunTime:0.001000s ]
[ sql ] [ SQL ] SELECT * FROM `mc_course_images` WHERE  `course` = 2 [ RunTime:0.001000s ]
[ sql ] [ SQL ] UPDATE `mc_course`  SET `times`=18  WHERE  `id` = 2 [ RunTime:0.003000s ]
[ sql ] [ SQL ] SHOW COLUMNS FROM `mc_course_member` [ RunTime:0.001000s ]
[ sql ] [ SQL ] UPDATE `mc_course_member`  SET `state`=1,`date`=1532047733  WHERE  `mid` = 1  AND `cid` = 2 [ RunTime:0.003000s ]
[ sql ] [ SQL ] SHOW COLUMNS FROM `mc_admin` [ RunTime:0.001000s ]
[ sql ] [ SQL ] SELECT `id`,`real_name` FROM `mc_admin` [ RunTime:0.000000s ]

---------------------------------------------------------------
[ 2018-07-20T14:59:41+08:00 ] [ sql ] [ DB ] CONNECT:[ UseTime:0.049000s ] mysql:dbname=db_mc;host=127.0.0.1;port=3306;charset=utf8
[ sql ] [ SQL ] SHOW COLUMNS FROM `mc_course` [ RunTime:0.060000s ]
[ sql ] [ SQL ] SELECT * FROM `mc_course` WHERE  `id` = 2 LIMIT 1 [ RunTime:0.006000s ]
[ sql ] [ SQL ] SHOW COLUMNS FROM `mc_course_images` [ RunTime:0.003000s ]
[ sql ] [ SQL ] SELECT * FROM `mc_course_images` WHERE  `course` = 2 [ RunTime:0.001000s ]
[ sql ] [ SQL ] UPDATE `mc_course`  SET `times`=19  WHERE  `id` = 2 [ RunTime:0.008000s ]
[ sql ] [ SQL ] SHOW COLUMNS FROM `mc_course_member` [ RunTime:0.002000s ]
[ sql ] [ SQL ] UPDATE `mc_course_member`  SET `state`=1,`date`=1532069981  WHERE  `mid` = 1  AND `cid` = 2 [ RunTime:0.004000s ]
[ sql ] [ SQL ] SHOW COLUMNS FROM `mc_admin` [ RunTime:0.004000s ]
[ sql ] [ SQL ] SELECT `id`,`real_name` FROM `mc_admin` [ RunTime:0.001000s ]

---------------------------------------------------------------
[ 2018-07-20T15:00:13+08:00 ] [ sql ] [ DB ] CONNECT:[ UseTime:0.002000s ] mysql:dbname=db_mc;host=127.0.0.1;port=3306;charset=utf8
[ sql ] [ SQL ] SHOW COLUMNS FROM `mc_course` [ RunTime:0.005000s ]
[ sql ] [ SQL ] SELECT * FROM `mc_course` WHERE  `id` = 2 LIMIT 1 [ RunTime:0.000000s ]
[ sql ] [ SQL ] SHOW COLUMNS FROM `mc_course_images` [ RunTime:0.001000s ]
[ sql ] [ SQL ] SELECT * FROM `mc_course_images` WHERE  `course` = 2 [ RunTime:0.000000s ]
[ sql ] [ SQL ] UPDATE `mc_course`  SET `times`=20  WHERE  `id` = 2 [ RunTime:0.002000s ]
[ sql ] [ SQL ] SHOW COLUMNS FROM `mc_course_member` [ RunTime:0.001000s ]
[ sql ] [ SQL ] UPDATE `mc_course_member`  SET `state`=1,`date`=1532070013  WHERE  `mid` = 1  AND `cid` = 2 [ RunTime:0.003000s ]
[ sql ] [ SQL ] SHOW COLUMNS FROM `mc_admin` [ RunTime:0.000000s ]
[ sql ] [ SQL ] SELECT `id`,`real_name` FROM `mc_admin` [ RunTime:0.000000s ]

---------------------------------------------------------------
[ 2018-07-20T15:00:41+08:00 ] [ sql ] [ DB ] CONNECT:[ UseTime:0.010000s ] mysql:dbname=db_mc;host=127.0.0.1;port=3306;charset=utf8
[ sql ] [ SQL ] SHOW COLUMNS FROM `mc_course` [ RunTime:0.002000s ]
[ sql ] [ SQL ] SELECT * FROM `mc_course` WHERE  `id` = 2 LIMIT 1 [ RunTime:0.001000s ]
[ sql ] [ SQL ] SHOW COLUMNS FROM `mc_course_images` [ RunTime:0.001000s ]
[ sql ] [ SQL ] SELECT * FROM `mc_course_images` WHERE  `course` = 2 [ RunTime:0.001000s ]
[ sql ] [ SQL ] UPDATE `mc_course`  SET `times`=21  WHERE  `id` = 2 [ RunTime:0.003000s ]
[ sql ] [ SQL ] SHOW COLUMNS FROM `mc_course_member` [ RunTime:0.001000s ]
[ sql ] [ SQL ] UPDATE `mc_course_member`  SET `state`=1,`date`=1532070041  WHERE  `mid` = 1  AND `cid` = 2 [ RunTime:0.002000s ]
[ sql ] [ SQL ] SHOW COLUMNS FROM `mc_admin` [ RunTime:0.001000s ]
[ sql ] [ SQL ] SELECT `id`,`real_name` FROM `mc_admin` [ RunTime:0.001000s ]

---------------------------------------------------------------
